16-Oct-2016 03:06:49.936 INFO [main] org.apache.catalina.startup.VersionLoggerListener.log Server version:        Apache Tomcat/8.0.15
16-Oct-2016 03:06:49.938 INFO [main] org.apache.catalina.startup.VersionLoggerListener.log Server built:          Nov 2 2014 19:25:20 UTC
16-Oct-2016 03:06:49.938 INFO [main] org.apache.catalina.startup.VersionLoggerListener.log Server number:         8.0.15.0
16-Oct-2016 03:06:49.939 INFO [main] org.apache.catalina.startup.VersionLoggerListener.log OS Name:               Windows 8.1
16-Oct-2016 03:06:49.939 INFO [main] org.apache.catalina.startup.VersionLoggerListener.log OS Version:            6.3
16-Oct-2016 03:06:49.939 INFO [main] org.apache.catalina.startup.VersionLoggerListener.log Architecture:          amd64
16-Oct-2016 03:06:49.939 INFO [main] org.apache.catalina.startup.VersionLoggerListener.log JAVA_HOME:             C:\Program Files\Java\jdk1.7.0_80\jre
16-Oct-2016 03:06:49.939 INFO [main] org.apache.catalina.startup.VersionLoggerListener.log JVM Version:           1.7.0_80-b15
16-Oct-2016 03:06:49.939 INFO [main] org.apache.catalina.startup.VersionLoggerListener.log JVM Vendor:            Oracle Corporation
16-Oct-2016 03:06:49.940 INFO [main] org.apache.catalina.startup.VersionLoggerListener.log CATALINA_BASE:         C:\Users\Migueljr\Documents\NetBeansProjects\Apache Tomcat 8.0.15
16-Oct-2016 03:06:49.940 INFO [main] org.apache.catalina.startup.VersionLoggerListener.log CATALINA_HOME:         C:\Users\Migueljr\Documents\NetBeansProjects\Apache Tomcat 8.0.15
16-Oct-2016 03:06:49.940 INFO [main] org.apache.catalina.startup.VersionLoggerListener.log Command line argument: -Dhttp.proxyHost=127.0.0.1
16-Oct-2016 03:06:49.940 INFO [main] org.apache.catalina.startup.VersionLoggerListener.log Command line argument: -Dhttp.proxyPort=8080
16-Oct-2016 03:06:49.940 INFO [main] org.apache.catalina.startup.VersionLoggerListener.log Command line argument: -Dhttp.nonProxyHosts=<-loopback>
16-Oct-2016 03:06:49.941 INFO [main] org.apache.catalina.startup.VersionLoggerListener.log Command line argument: -Dhttps.proxyHost=127.0.0.1
16-Oct-2016 03:06:49.941 INFO [main] org.apache.catalina.startup.VersionLoggerListener.log Command line argument: -Dhttps.proxyPort=8080
16-Oct-2016 03:06:49.941 INFO [main] org.apache.catalina.startup.VersionLoggerListener.log Command line argument: -Djava.util.logging.config.file=C:\Users\Migueljr\Documents\NetBeansProjects\Apache Tomcat 8.0.15\conf\logging.properties
16-Oct-2016 03:06:49.941 INFO [main] org.apache.catalina.startup.VersionLoggerListener.log Command line argument: -Djava.util.logging.manager=org.apache.juli.ClassLoaderLogManager
16-Oct-2016 03:06:49.941 INFO [main] org.apache.catalina.startup.VersionLoggerListener.log Command line argument: -Djava.endorsed.dirs=C:\Users\Migueljr\Documents\NetBeansProjects\Apache Tomcat 8.0.15\endorsed
16-Oct-2016 03:06:49.941 INFO [main] org.apache.catalina.startup.VersionLoggerListener.log Command line argument: -Dcatalina.base=C:\Users\Migueljr\Documents\NetBeansProjects\Apache Tomcat 8.0.15
16-Oct-2016 03:06:49.941 INFO [main] org.apache.catalina.startup.VersionLoggerListener.log Command line argument: -Dcatalina.home=C:\Users\Migueljr\Documents\NetBeansProjects\Apache Tomcat 8.0.15
16-Oct-2016 03:06:49.942 INFO [main] org.apache.catalina.startup.VersionLoggerListener.log Command line argument: -Djava.io.tmpdir=C:\Users\Migueljr\Documents\NetBeansProjects\Apache Tomcat 8.0.15\temp
16-Oct-2016 03:06:49.942 INFO [main] org.apache.catalina.core.AprLifecycleListener.lifecycleEvent The APR based Apache Tomcat Native library which allows optimal performance in production environments was not found on the java.library.path: C:\Program Files\Java\jdk1.7.0_80\bin;C:\Windows\Sun\Java\bin;C:\Windows\system32;C:\Windows;C:\ProgramData\Oracle\Java\javapath;C:\Windows\system32;C:\Windows;C:\Windows\System32\Wbem;C:\Windows\System32\WindowsPowerShell\v1.0\;.
16-Oct-2016 03:06:50.259 INFO [main] org.apache.coyote.AbstractProtocol.init Initializing ProtocolHandler ["http-nio-1022"]
16-Oct-2016 03:06:50.348 INFO [main] org.apache.tomcat.util.net.NioSelectorPool.getSharedSelector Using a shared selector for servlet write/read
16-Oct-2016 03:06:50.353 INFO [main] org.apache.coyote.AbstractProtocol.init Initializing ProtocolHandler ["ajp-nio-8008"]
16-Oct-2016 03:06:50.358 INFO [main] org.apache.tomcat.util.net.NioSelectorPool.getSharedSelector Using a shared selector for servlet write/read
16-Oct-2016 03:06:50.359 INFO [main] org.apache.catalina.startup.Catalina.load Initialization processed in 1355 ms
16-Oct-2016 03:06:50.477 INFO [main] org.apache.catalina.core.StandardService.startInternal Starting service Catalina
16-Oct-2016 03:06:50.477 INFO [main] org.apache.catalina.core.StandardEngine.startInternal Starting Servlet Engine: Apache Tomcat/8.0.15
16-Oct-2016 03:06:50.492 INFO [localhost-startStop-1] org.apache.catalina.startup.HostConfig.deployDescriptor Deploying configuration descriptor C:\Users\Migueljr\Documents\NetBeansProjects\Apache Tomcat 8.0.15\conf\Catalina\localhost\migueljunior.xml
16-Oct-2016 03:06:58.078 INFO [localhost-startStop-1] org.apache.jasper.servlet.TldScanner.scanJars At least one JAR was scanned for TLDs yet contained no TLDs. Enable debug logging for this logger for a complete list of JARs that were scanned but no TLDs were found in them. Skipping unneeded JARs during scanning can improve startup time and JSP compilation time.
16-Oct-2016 03:07:00.626 INFO [localhost-startStop-1] org.apache.catalina.startup.HostConfig.deployDescriptor Deployment of configuration descriptor C:\Users\Migueljr\Documents\NetBeansProjects\Apache Tomcat 8.0.15\conf\Catalina\localhost\migueljunior.xml has finished in 10,134 ms
16-Oct-2016 03:07:00.626 INFO [localhost-startStop-1] org.apache.catalina.startup.HostConfig.deployDescriptor Deploying configuration descriptor C:\Users\Migueljr\Documents\NetBeansProjects\Apache Tomcat 8.0.15\conf\Catalina\localhost\mjunior1.xml
16-Oct-2016 03:07:00.626 SEVERE [localhost-startStop-1] org.apache.catalina.core.ContainerBase.addChildInternal ContainerBase.addChild: start: 
 org.apache.catalina.LifecycleException: Failed to start component [StandardEngine[Catalina].StandardHost[localhost].StandardContext[/mjunior1]]
	at org.apache.catalina.util.LifecycleBase.start(LifecycleBase.java:154)
	at org.apache.catalina.core.ContainerBase.addChildInternal(ContainerBase.java:725)
	at org.apache.catalina.core.ContainerBase.addChild(ContainerBase.java:701)
	at org.apache.catalina.core.StandardHost.addChild(StandardHost.java:714)
	at org.apache.catalina.startup.HostConfig.deployDescriptor(HostConfig.java:581)
	at org.apache.catalina.startup.HostConfig$DeployDescriptor.run(HostConfig.java:1683)
	at java.util.concurrent.Executors$RunnableAdapter.call(Executors.java:471)
	at java.util.concurrent.FutureTask.run(FutureTask.java:262)
	at java.util.concurrent.ThreadPoolExecutor.runWorker(ThreadPoolExecutor.java:1145)
	at java.util.concurrent.ThreadPoolExecutor$Worker.run(ThreadPoolExecutor.java:615)
	at java.lang.Thread.run(Thread.java:745)
Caused by: org.apache.catalina.LifecycleException: Failed to start component [org.apache.catalina.webresources.StandardRoot@6c319b83]
	at org.apache.catalina.util.LifecycleBase.start(LifecycleBase.java:154)
	at org.apache.catalina.core.StandardContext.resourcesStart(StandardContext.java:4875)
	at org.apache.catalina.core.StandardContext.startInternal(StandardContext.java:5004)
	at org.apache.catalina.util.LifecycleBase.start(LifecycleBase.java:150)
	... 10 more
Caused by: java.lang.IllegalArgumentException: The main resource set specified [C:\Users\Migueljr\Documents\NetBeansProjects\mjunior1\build\web] is not valid
	at org.apache.catalina.webresources.StandardRoot.startInternal(StandardRoot.java:670)
	at org.apache.catalina.util.LifecycleBase.start(LifecycleBase.java:150)
	... 13 more

16-Oct-2016 03:07:00.641 SEVERE [localhost-startStop-1] org.apache.catalina.startup.HostConfig.deployDescriptor Error deploying configuration descriptor C:\Users\Migueljr\Documents\NetBeansProjects\Apache Tomcat 8.0.15\conf\Catalina\localhost\mjunior1.xml
 java.lang.IllegalStateException: ContainerBase.addChild: start: org.apache.catalina.LifecycleException: Failed to start component [StandardEngine[Catalina].StandardHost[localhost].StandardContext[/mjunior1]]
	at org.apache.catalina.core.ContainerBase.addChildInternal(ContainerBase.java:728)
	at org.apache.catalina.core.ContainerBase.addChild(ContainerBase.java:701)
	at org.apache.catalina.core.StandardHost.addChild(StandardHost.java:714)
	at org.apache.catalina.startup.HostConfig.deployDescriptor(HostConfig.java:581)
	at org.apache.catalina.startup.HostConfig$DeployDescriptor.run(HostConfig.java:1683)
	at java.util.concurrent.Executors$RunnableAdapter.call(Executors.java:471)
	at java.util.concurrent.FutureTask.run(FutureTask.java:262)
	at java.util.concurrent.ThreadPoolExecutor.runWorker(ThreadPoolExecutor.java:1145)
	at java.util.concurrent.ThreadPoolExecutor$Worker.run(ThreadPoolExecutor.java:615)
	at java.lang.Thread.run(Thread.java:745)

16-Oct-2016 03:07:00.641 INFO [localhost-startStop-1] org.apache.catalina.startup.HostConfig.deployDescriptor Deployment of configuration descriptor C:\Users\Migueljr\Documents\NetBeansProjects\Apache Tomcat 8.0.15\conf\Catalina\localhost\mjunior1.xml has finished in 15 ms
16-Oct-2016 03:07:00.641 INFO [localhost-startStop-1] org.apache.catalina.startup.HostConfig.deployDescriptor Deploying configuration descriptor C:\Users\Migueljr\Documents\NetBeansProjects\Apache Tomcat 8.0.15\conf\Catalina\localhost\mjuniorr.xml
16-Oct-2016 03:07:05.527 INFO [localhost-startStop-1] org.apache.jasper.servlet.TldScanner.scanJars At least one JAR was scanned for TLDs yet contained no TLDs. Enable debug logging for this logger for a complete list of JARs that were scanned but no TLDs were found in them. Skipping unneeded JARs during scanning can improve startup time and JSP compilation time.
16-Oct-2016 03:07:05.527 INFO [localhost-startStop-1] org.apache.catalina.startup.HostConfig.deployDescriptor Deployment of configuration descriptor C:\Users\Migueljr\Documents\NetBeansProjects\Apache Tomcat 8.0.15\conf\Catalina\localhost\mjuniorr.xml has finished in 4,886 ms
16-Oct-2016 03:07:05.527 INFO [localhost-startStop-1] org.apache.catalina.startup.HostConfig.deployDescriptor Deploying configuration descriptor C:\Users\Migueljr\Documents\NetBeansProjects\Apache Tomcat 8.0.15\conf\Catalina\localhost\SGEM.xml
16-Oct-2016 03:07:06.574 INFO [localhost-startStop-1] org.apache.jasper.servlet.TldScanner.scanJars At least one JAR was scanned for TLDs yet contained no TLDs. Enable debug logging for this logger for a complete list of JARs that were scanned but no TLDs were found in them. Skipping unneeded JARs during scanning can improve startup time and JSP compilation time.
16-Oct-2016 03:07:06.574 SEVERE [localhost-startStop-1] org.apache.catalina.core.StandardContext.startInternal Error listenerStart
16-Oct-2016 03:07:06.574 SEVERE [localhost-startStop-1] org.apache.catalina.core.StandardContext.startInternal Context [/SGEM] startup failed due to previous errors
16-Oct-2016 03:07:06.621 INFO [localhost-startStop-1] org.apache.catalina.startup.HostConfig.deployDescriptor Deployment of configuration descriptor C:\Users\Migueljr\Documents\NetBeansProjects\Apache Tomcat 8.0.15\conf\Catalina\localhost\SGEM.xml has finished in 1,094 ms
16-Oct-2016 03:07:06.621 INFO [localhost-startStop-1] org.apache.catalina.startup.HostConfig.deployDescriptor Deploying configuration descriptor C:\Users\Migueljr\Documents\NetBeansProjects\Apache Tomcat 8.0.15\conf\Catalina\localhost\SGEM1.xml
16-Oct-2016 03:07:10.622 INFO [localhost-startStop-1] org.apache.jasper.servlet.TldScanner.scanJars At least one JAR was scanned for TLDs yet contained no TLDs. Enable debug logging for this logger for a complete list of JARs that were scanned but no TLDs were found in them. Skipping unneeded JARs during scanning can improve startup time and JSP compilation time.
16-Oct-2016 03:07:10.637 INFO [localhost-startStop-1] org.apache.catalina.startup.HostConfig.deployDescriptor Deployment of configuration descriptor C:\Users\Migueljr\Documents\NetBeansProjects\Apache Tomcat 8.0.15\conf\Catalina\localhost\SGEM1.xml has finished in 4,016 ms
16-Oct-2016 03:07:10.637 INFO [localhost-startStop-1] org.apache.catalina.startup.HostConfig.deployDescriptor Deploying configuration descriptor C:\Users\Migueljr\Documents\NetBeansProjects\Apache Tomcat 8.0.15\conf\Catalina\localhost\SGEM_with_data_base.xml
16-Oct-2016 03:07:14.138 INFO [localhost-startStop-1] org.apache.jasper.servlet.TldScanner.scanJars At least one JAR was scanned for TLDs yet contained no TLDs. Enable debug logging for this logger for a complete list of JARs that were scanned but no TLDs were found in them. Skipping unneeded JARs during scanning can improve startup time and JSP compilation time.
16-Oct-2016 03:07:16.389 INFO [localhost-startStop-1] org.apache.catalina.startup.HostConfig.deployDescriptor Deployment of configuration descriptor C:\Users\Migueljr\Documents\NetBeansProjects\Apache Tomcat 8.0.15\conf\Catalina\localhost\SGEM_with_data_base.xml has finished in 5,752 ms
16-Oct-2016 03:07:16.389 INFO [localhost-startStop-1] org.apache.catalina.startup.HostConfig.deployDescriptor Deploying configuration descriptor C:\Users\Migueljr\Documents\NetBeansProjects\Apache Tomcat 8.0.15\conf\Catalina\localhost\WebApplication3.xml
16-Oct-2016 03:07:16.435 INFO [localhost-startStop-1] org.apache.catalina.startup.HostConfig.deployDescriptor Deployment of configuration descriptor C:\Users\Migueljr\Documents\NetBeansProjects\Apache Tomcat 8.0.15\conf\Catalina\localhost\WebApplication3.xml has finished in 46 ms
16-Oct-2016 03:07:16.435 INFO [localhost-startStop-1] org.apache.catalina.startup.HostConfig.deployDirectory Deploying web application directory C:\Users\Migueljr\Documents\NetBeansProjects\Apache Tomcat 8.0.15\webapps\docs
16-Oct-2016 03:07:16.482 INFO [localhost-startStop-1] org.apache.catalina.startup.HostConfig.deployDirectory Deployment of web application directory C:\Users\Migueljr\Documents\NetBeansProjects\Apache Tomcat 8.0.15\webapps\docs has finished in 47 ms
16-Oct-2016 03:07:16.482 INFO [localhost-startStop-1] org.apache.catalina.startup.HostConfig.deployDirectory Deploying web application directory C:\Users\Migueljr\Documents\NetBeansProjects\Apache Tomcat 8.0.15\webapps\examples
16-Oct-2016 03:07:20.154 INFO [localhost-startStop-1] org.apache.catalina.startup.HostConfig.deployDirectory Deployment of web application directory C:\Users\Migueljr\Documents\NetBeansProjects\Apache Tomcat 8.0.15\webapps\examples has finished in 3,672 ms
16-Oct-2016 03:07:20.154 INFO [localhost-startStop-1] org.apache.catalina.startup.HostConfig.deployDirectory Deploying web application directory C:\Users\Migueljr\Documents\NetBeansProjects\Apache Tomcat 8.0.15\webapps\host-manager
16-Oct-2016 03:07:20.279 INFO [localhost-startStop-1] org.apache.catalina.startup.HostConfig.deployDirectory Deployment of web application directory C:\Users\Migueljr\Documents\NetBeansProjects\Apache Tomcat 8.0.15\webapps\host-manager has finished in 125 ms
16-Oct-2016 03:07:20.279 INFO [localhost-startStop-1] org.apache.catalina.startup.HostConfig.deployDirectory Deploying web application directory C:\Users\Migueljr\Documents\NetBeansProjects\Apache Tomcat 8.0.15\webapps\manager
16-Oct-2016 03:07:20.390 INFO [localhost-startStop-1] org.apache.catalina.startup.HostConfig.deployDirectory Deployment of web application directory C:\Users\Migueljr\Documents\NetBeansProjects\Apache Tomcat 8.0.15\webapps\manager has finished in 111 ms
16-Oct-2016 03:07:20.390 INFO [localhost-startStop-1] org.apache.catalina.startup.HostConfig.deployDirectory Deploying web application directory C:\Users\Migueljr\Documents\NetBeansProjects\Apache Tomcat 8.0.15\webapps\ROOT
16-Oct-2016 03:07:20.468 INFO [localhost-startStop-1] org.apache.catalina.startup.HostConfig.deployDirectory Deployment of web application directory C:\Users\Migueljr\Documents\NetBeansProjects\Apache Tomcat 8.0.15\webapps\ROOT has finished in 78 ms
16-Oct-2016 03:07:20.484 INFO [main] org.apache.coyote.AbstractProtocol.start Starting ProtocolHandler ["http-nio-1022"]
16-Oct-2016 03:07:20.499 INFO [main] org.apache.coyote.AbstractProtocol.start Starting ProtocolHandler ["ajp-nio-8008"]
16-Oct-2016 03:07:20.515 INFO [main] org.apache.catalina.startup.Catalina.start Server startup in 30156 ms
16-Oct-2016 03:08:37.856 INFO [main] org.apache.catalina.startup.VersionLoggerListener.log Server version:        Apache Tomcat/8.0.15
16-Oct-2016 03:08:37.856 INFO [main] org.apache.catalina.startup.VersionLoggerListener.log Server built:          Nov 2 2014 19:25:20 UTC
16-Oct-2016 03:08:37.856 INFO [main] org.apache.catalina.startup.VersionLoggerListener.log Server number:         8.0.15.0
16-Oct-2016 03:08:37.856 INFO [main] org.apache.catalina.startup.VersionLoggerListener.log OS Name:               Windows 8.1
16-Oct-2016 03:08:37.856 INFO [main] org.apache.catalina.startup.VersionLoggerListener.log OS Version:            6.3
16-Oct-2016 03:08:37.856 INFO [main] org.apache.catalina.startup.VersionLoggerListener.log Architecture:          amd64
16-Oct-2016 03:08:37.856 INFO [main] org.apache.catalina.startup.VersionLoggerListener.log JAVA_HOME:             C:\Program Files\Java\jdk1.7.0_80\jre
16-Oct-2016 03:08:37.856 INFO [main] org.apache.catalina.startup.VersionLoggerListener.log JVM Version:           1.7.0_80-b15
16-Oct-2016 03:08:37.856 INFO [main] org.apache.catalina.startup.VersionLoggerListener.log JVM Vendor:            Oracle Corporation
16-Oct-2016 03:08:37.856 INFO [main] org.apache.catalina.startup.VersionLoggerListener.log CATALINA_BASE:         C:\Users\Migueljr\Documents\NetBeansProjects\Apache Tomcat 8.0.15
16-Oct-2016 03:08:37.856 INFO [main] org.apache.catalina.startup.VersionLoggerListener.log CATALINA_HOME:         C:\Users\Migueljr\Documents\NetBeansProjects\Apache Tomcat 8.0.15
16-Oct-2016 03:08:37.872 INFO [main] org.apache.catalina.startup.VersionLoggerListener.log Command line argument: -Dhttp.proxyHost=127.0.0.1
16-Oct-2016 03:08:37.872 INFO [main] org.apache.catalina.startup.VersionLoggerListener.log Command line argument: -Dhttp.proxyPort=8080
16-Oct-2016 03:08:37.872 INFO [main] org.apache.catalina.startup.VersionLoggerListener.log Command line argument: -Dhttp.nonProxyHosts=<-loopback>
16-Oct-2016 03:08:37.872 INFO [main] org.apache.catalina.startup.VersionLoggerListener.log Command line argument: -Dhttps.proxyHost=127.0.0.1
16-Oct-2016 03:08:37.872 INFO [main] org.apache.catalina.startup.VersionLoggerListener.log Command line argument: -Dhttps.proxyPort=8080
16-Oct-2016 03:08:37.872 INFO [main] org.apache.catalina.startup.VersionLoggerListener.log Command line argument: -Djava.util.logging.config.file=C:\Users\Migueljr\Documents\NetBeansProjects\Apache Tomcat 8.0.15\conf\logging.properties
16-Oct-2016 03:08:37.872 INFO [main] org.apache.catalina.startup.VersionLoggerListener.log Command line argument: -Djava.util.logging.manager=org.apache.juli.ClassLoaderLogManager
16-Oct-2016 03:08:37.872 INFO [main] org.apache.catalina.startup.VersionLoggerListener.log Command line argument: -Djava.endorsed.dirs=C:\Users\Migueljr\Documents\NetBeansProjects\Apache Tomcat 8.0.15\endorsed
16-Oct-2016 03:08:37.872 INFO [main] org.apache.catalina.startup.VersionLoggerListener.log Command line argument: -Dcatalina.base=C:\Users\Migueljr\Documents\NetBeansProjects\Apache Tomcat 8.0.15
16-Oct-2016 03:08:37.872 INFO [main] org.apache.catalina.startup.VersionLoggerListener.log Command line argument: -Dcatalina.home=C:\Users\Migueljr\Documents\NetBeansProjects\Apache Tomcat 8.0.15
16-Oct-2016 03:08:37.872 INFO [main] org.apache.catalina.startup.VersionLoggerListener.log Command line argument: -Djava.io.tmpdir=C:\Users\Migueljr\Documents\NetBeansProjects\Apache Tomcat 8.0.15\temp
16-Oct-2016 03:08:37.872 INFO [main] org.apache.catalina.core.AprLifecycleListener.lifecycleEvent The APR based Apache Tomcat Native library which allows optimal performance in production environments was not found on the java.library.path: C:\Program Files\Java\jdk1.7.0_80\bin;C:\Windows\Sun\Java\bin;C:\Windows\system32;C:\Windows;C:\ProgramData\Oracle\Java\javapath;C:\Windows\system32;C:\Windows;C:\Windows\System32\Wbem;C:\Windows\System32\WindowsPowerShell\v1.0\;.
16-Oct-2016 03:08:38.075 INFO [main] org.apache.coyote.AbstractProtocol.init Initializing ProtocolHandler ["http-nio-1023"]
16-Oct-2016 03:08:38.122 INFO [main] org.apache.tomcat.util.net.NioSelectorPool.getSharedSelector Using a shared selector for servlet write/read
16-Oct-2016 03:08:38.122 INFO [main] org.apache.coyote.AbstractProtocol.init Initializing ProtocolHandler ["ajp-nio-8009"]
16-Oct-2016 03:08:38.138 INFO [main] org.apache.tomcat.util.net.NioSelectorPool.getSharedSelector Using a shared selector for servlet write/read
16-Oct-2016 03:08:38.138 INFO [main] org.apache.catalina.startup.Catalina.load Initialization processed in 1096 ms
16-Oct-2016 03:08:38.216 INFO [main] org.apache.catalina.core.StandardService.startInternal Starting service Catalina
16-Oct-2016 03:08:38.216 INFO [main] org.apache.catalina.core.StandardEngine.startInternal Starting Servlet Engine: Apache Tomcat/8.0.15
16-Oct-2016 03:08:38.231 INFO [localhost-startStop-1] org.apache.catalina.startup.HostConfig.deployDescriptor Deploying configuration descriptor C:\Users\Migueljr\Documents\NetBeansProjects\Apache Tomcat 8.0.15\conf\Catalina\localhost\migueljunior.xml
16-Oct-2016 03:08:43.264 INFO [localhost-startStop-1] org.apache.jasper.servlet.TldScanner.scanJars At least one JAR was scanned for TLDs yet contained no TLDs. Enable debug logging for this logger for a complete list of JARs that were scanned but no TLDs were found in them. Skipping unneeded JARs during scanning can improve startup time and JSP compilation time.
16-Oct-2016 03:08:45.895 INFO [localhost-startStop-1] org.apache.catalina.util.SessionIdGeneratorBase.createSecureRandom Creation of SecureRandom instance for session ID generation using [SHA1PRNG] took [110] milliseconds.
16-Oct-2016 03:08:45.910 INFO [localhost-startStop-1] org.apache.catalina.startup.HostConfig.deployDescriptor Deployment of configuration descriptor C:\Users\Migueljr\Documents\NetBeansProjects\Apache Tomcat 8.0.15\conf\Catalina\localhost\migueljunior.xml has finished in 7,679 ms
16-Oct-2016 03:08:45.910 INFO [localhost-startStop-1] org.apache.catalina.startup.HostConfig.deployDescriptor Deploying configuration descriptor C:\Users\Migueljr\Documents\NetBeansProjects\Apache Tomcat 8.0.15\conf\Catalina\localhost\mjunior1.xml
16-Oct-2016 03:08:45.926 SEVERE [localhost-startStop-1] org.apache.catalina.core.ContainerBase.addChildInternal ContainerBase.addChild: start: 
 org.apache.catalina.LifecycleException: Failed to start component [StandardEngine[Catalina].StandardHost[localhost].StandardContext[/mjunior1]]
	at org.apache.catalina.util.LifecycleBase.start(LifecycleBase.java:154)
	at org.apache.catalina.core.ContainerBase.addChildInternal(ContainerBase.java:725)
	at org.apache.catalina.core.ContainerBase.addChild(ContainerBase.java:701)
	at org.apache.catalina.core.StandardHost.addChild(StandardHost.java:714)
	at org.apache.catalina.startup.HostConfig.deployDescriptor(HostConfig.java:581)
	at org.apache.catalina.startup.HostConfig$DeployDescriptor.run(HostConfig.java:1683)
	at java.util.concurrent.Executors$RunnableAdapter.call(Executors.java:471)
	at java.util.concurrent.FutureTask.run(FutureTask.java:262)
	at java.util.concurrent.ThreadPoolExecutor.runWorker(ThreadPoolExecutor.java:1145)
	at java.util.concurrent.ThreadPoolExecutor$Worker.run(ThreadPoolExecutor.java:615)
	at java.lang.Thread.run(Thread.java:745)
Caused by: org.apache.catalina.LifecycleException: Failed to start component [org.apache.catalina.webresources.StandardRoot@287d5809]
	at org.apache.catalina.util.LifecycleBase.start(LifecycleBase.java:154)
	at org.apache.catalina.core.StandardContext.resourcesStart(StandardContext.java:4875)
	at org.apache.catalina.core.StandardContext.startInternal(StandardContext.java:5004)
	at org.apache.catalina.util.LifecycleBase.start(LifecycleBase.java:150)
	... 10 more
Caused by: java.lang.IllegalArgumentException: The main resource set specified [C:\Users\Migueljr\Documents\NetBeansProjects\mjunior1\build\web] is not valid
	at org.apache.catalina.webresources.StandardRoot.startInternal(StandardRoot.java:670)
	at org.apache.catalina.util.LifecycleBase.start(LifecycleBase.java:150)
	... 13 more

16-Oct-2016 03:08:45.926 SEVERE [localhost-startStop-1] org.apache.catalina.startup.HostConfig.deployDescriptor Error deploying configuration descriptor C:\Users\Migueljr\Documents\NetBeansProjects\Apache Tomcat 8.0.15\conf\Catalina\localhost\mjunior1.xml
 java.lang.IllegalStateException: ContainerBase.addChild: start: org.apache.catalina.LifecycleException: Failed to start component [StandardEngine[Catalina].StandardHost[localhost].StandardContext[/mjunior1]]
	at org.apache.catalina.core.ContainerBase.addChildInternal(ContainerBase.java:728)
	at org.apache.catalina.core.ContainerBase.addChild(ContainerBase.java:701)
	at org.apache.catalina.core.StandardHost.addChild(StandardHost.java:714)
	at org.apache.catalina.startup.HostConfig.deployDescriptor(HostConfig.java:581)
	at org.apache.catalina.startup.HostConfig$DeployDescriptor.run(HostConfig.java:1683)
	at java.util.concurrent.Executors$RunnableAdapter.call(Executors.java:471)
	at java.util.concurrent.FutureTask.run(FutureTask.java:262)
	at java.util.concurrent.ThreadPoolExecutor.runWorker(ThreadPoolExecutor.java:1145)
	at java.util.concurrent.ThreadPoolExecutor$Worker.run(ThreadPoolExecutor.java:615)
	at java.lang.Thread.run(Thread.java:745)

16-Oct-2016 03:08:45.926 INFO [localhost-startStop-1] org.apache.catalina.startup.HostConfig.deployDescriptor Deployment of configuration descriptor C:\Users\Migueljr\Documents\NetBeansProjects\Apache Tomcat 8.0.15\conf\Catalina\localhost\mjunior1.xml has finished in 16 ms
16-Oct-2016 03:08:46.082 INFO [localhost-startStop-1] org.apache.catalina.startup.HostConfig.deployDescriptor Deploying configuration descriptor C:\Users\Migueljr\Documents\NetBeansProjects\Apache Tomcat 8.0.15\conf\Catalina\localhost\mjuniorr.xml
16-Oct-2016 03:08:49.880 INFO [localhost-startStop-1] org.apache.jasper.servlet.TldScanner.scanJars At least one JAR was scanned for TLDs yet contained no TLDs. Enable debug logging for this logger for a complete list of JARs that were scanned but no TLDs were found in them. Skipping unneeded JARs during scanning can improve startup time and JSP compilation time.
16-Oct-2016 03:08:49.896 INFO [localhost-startStop-1] org.apache.catalina.startup.HostConfig.deployDescriptor Deployment of configuration descriptor C:\Users\Migueljr\Documents\NetBeansProjects\Apache Tomcat 8.0.15\conf\Catalina\localhost\mjuniorr.xml has finished in 3,814 ms
16-Oct-2016 03:08:49.896 INFO [localhost-startStop-1] org.apache.catalina.startup.HostConfig.deployDescriptor Deploying configuration descriptor C:\Users\Migueljr\Documents\NetBeansProjects\Apache Tomcat 8.0.15\conf\Catalina\localhost\SGEM.xml
16-Oct-2016 03:08:50.146 INFO [localhost-startStop-1] org.apache.jasper.servlet.TldScanner.scanJars At least one JAR was scanned for TLDs yet contained no TLDs. Enable debug logging for this logger for a complete list of JARs that were scanned but no TLDs were found in them. Skipping unneeded JARs during scanning can improve startup time and JSP compilation time.
16-Oct-2016 03:08:50.161 SEVERE [localhost-startStop-1] org.apache.catalina.core.StandardContext.startInternal Error listenerStart
16-Oct-2016 03:08:50.161 SEVERE [localhost-startStop-1] org.apache.catalina.core.StandardContext.startInternal Context [/SGEM] startup failed due to previous errors
16-Oct-2016 03:08:50.177 INFO [localhost-startStop-1] org.apache.catalina.startup.HostConfig.deployDescriptor Deployment of configuration descriptor C:\Users\Migueljr\Documents\NetBeansProjects\Apache Tomcat 8.0.15\conf\Catalina\localhost\SGEM.xml has finished in 281 ms
16-Oct-2016 03:08:50.177 INFO [localhost-startStop-1] org.apache.catalina.startup.HostConfig.deployDescriptor Deploying configuration descriptor C:\Users\Migueljr\Documents\NetBeansProjects\Apache Tomcat 8.0.15\conf\Catalina\localhost\SGEM1.xml
16-Oct-2016 03:08:53.739 INFO [localhost-startStop-1] org.apache.jasper.servlet.TldScanner.scanJars At least one JAR was scanned for TLDs yet contained no TLDs. Enable debug logging for this logger for a complete list of JARs that were scanned but no TLDs were found in them. Skipping unneeded JARs during scanning can improve startup time and JSP compilation time.
16-Oct-2016 03:08:53.755 INFO [localhost-startStop-1] org.apache.catalina.startup.HostConfig.deployDescriptor Deployment of configuration descriptor C:\Users\Migueljr\Documents\NetBeansProjects\Apache Tomcat 8.0.15\conf\Catalina\localhost\SGEM1.xml has finished in 3,578 ms
16-Oct-2016 03:08:53.755 INFO [localhost-startStop-1] org.apache.catalina.startup.HostConfig.deployDescriptor Deploying configuration descriptor C:\Users\Migueljr\Documents\NetBeansProjects\Apache Tomcat 8.0.15\conf\Catalina\localhost\SGEM_with_data_base.xml
16-Oct-2016 03:08:56.817 INFO [localhost-startStop-1] org.apache.jasper.servlet.TldScanner.scanJars At least one JAR was scanned for TLDs yet contained no TLDs. Enable debug logging for this logger for a complete list of JARs that were scanned but no TLDs were found in them. Skipping unneeded JARs during scanning can improve startup time and JSP compilation time.
16-Oct-2016 03:08:59.067 INFO [localhost-startStop-1] org.apache.catalina.startup.HostConfig.deployDescriptor Deployment of configuration descriptor C:\Users\Migueljr\Documents\NetBeansProjects\Apache Tomcat 8.0.15\conf\Catalina\localhost\SGEM_with_data_base.xml has finished in 5,312 ms
16-Oct-2016 03:08:59.067 INFO [localhost-startStop-1] org.apache.catalina.startup.HostConfig.deployDescriptor Deploying configuration descriptor C:\Users\Migueljr\Documents\NetBeansProjects\Apache Tomcat 8.0.15\conf\Catalina\localhost\WebApplication3.xml
16-Oct-2016 03:08:59.130 INFO [localhost-startStop-1] org.apache.catalina.startup.HostConfig.deployDescriptor Deployment of configuration descriptor C:\Users\Migueljr\Documents\NetBeansProjects\Apache Tomcat 8.0.15\conf\Catalina\localhost\WebApplication3.xml has finished in 63 ms
16-Oct-2016 03:08:59.130 INFO [localhost-startStop-1] org.apache.catalina.startup.HostConfig.deployDirectory Deploying web application directory C:\Users\Migueljr\Documents\NetBeansProjects\Apache Tomcat 8.0.15\webapps\docs
16-Oct-2016 03:08:59.161 INFO [localhost-startStop-1] org.apache.catalina.startup.HostConfig.deployDirectory Deployment of web application directory C:\Users\Migueljr\Documents\NetBeansProjects\Apache Tomcat 8.0.15\webapps\docs has finished in 31 ms
16-Oct-2016 03:08:59.161 INFO [localhost-startStop-1] org.apache.catalina.startup.HostConfig.deployDirectory Deploying web application directory C:\Users\Migueljr\Documents\NetBeansProjects\Apache Tomcat 8.0.15\webapps\examples
16-Oct-2016 03:08:59.911 INFO [localhost-startStop-1] org.apache.catalina.startup.HostConfig.deployDirectory Deployment of web application directory C:\Users\Migueljr\Documents\NetBeansProjects\Apache Tomcat 8.0.15\webapps\examples has finished in 750 ms
16-Oct-2016 03:08:59.911 INFO [localhost-startStop-1] org.apache.catalina.startup.HostConfig.deployDirectory Deploying web application directory C:\Users\Migueljr\Documents\NetBeansProjects\Apache Tomcat 8.0.15\webapps\host-manager
16-Oct-2016 03:08:59.958 INFO [localhost-startStop-1] org.apache.catalina.startup.HostConfig.deployDirectory Deployment of web application directory C:\Users\Migueljr\Documents\NetBeansProjects\Apache Tomcat 8.0.15\webapps\host-manager has finished in 47 ms
16-Oct-2016 03:08:59.958 INFO [localhost-startStop-1] org.apache.catalina.startup.HostConfig.deployDirectory Deploying web application directory C:\Users\Migueljr\Documents\NetBeansProjects\Apache Tomcat 8.0.15\webapps\manager
16-Oct-2016 03:09:00.005 INFO [localhost-startStop-1] org.apache.catalina.startup.HostConfig.deployDirectory Deployment of web application directory C:\Users\Migueljr\Documents\NetBeansProjects\Apache Tomcat 8.0.15\webapps\manager has finished in 47 ms
16-Oct-2016 03:09:00.005 INFO [localhost-startStop-1] org.apache.catalina.startup.HostConfig.deployDirectory Deploying web application directory C:\Users\Migueljr\Documents\NetBeansProjects\Apache Tomcat 8.0.15\webapps\ROOT
16-Oct-2016 03:09:00.052 INFO [localhost-startStop-1] org.apache.catalina.startup.HostConfig.deployDirectory Deployment of web application directory C:\Users\Migueljr\Documents\NetBeansProjects\Apache Tomcat 8.0.15\webapps\ROOT has finished in 47 ms
16-Oct-2016 03:09:00.052 INFO [main] org.apache.coyote.AbstractProtocol.start Starting ProtocolHandler ["http-nio-1023"]
16-Oct-2016 03:09:00.083 INFO [main] org.apache.coyote.AbstractProtocol.start Starting ProtocolHandler ["ajp-nio-8009"]
16-Oct-2016 03:09:00.083 INFO [main] org.apache.catalina.startup.Catalina.start Server startup in 21949 ms
16-Oct-2016 03:09:02.129 INFO [http-nio-1023-exec-5] org.apache.catalina.startup.HostConfig.undeploy Undeploying context [/SGEM_with_data_base]
16-Oct-2016 03:09:02.238 INFO [http-nio-1023-exec-7] org.apache.catalina.startup.HostConfig.deployDescriptor Deploying configuration descriptor C:\Users\Migueljr\Documents\NetBeansProjects\Apache Tomcat 8.0.15\conf\Catalina\localhost\SGEM_with_data_base.xml
16-Oct-2016 03:09:05.054 INFO [http-nio-1023-exec-7] org.apache.jasper.servlet.TldScanner.scanJars At least one JAR was scanned for TLDs yet contained no TLDs. Enable debug logging for this logger for a complete list of JARs that were scanned but no TLDs were found in them. Skipping unneeded JARs during scanning can improve startup time and JSP compilation time.
16-Oct-2016 03:09:07.257 INFO [http-nio-1023-exec-7] org.apache.catalina.startup.HostConfig.deployDescriptor Deployment of configuration descriptor C:\Users\Migueljr\Documents\NetBeansProjects\Apache Tomcat 8.0.15\conf\Catalina\localhost\SGEM_with_data_base.xml has finished in 5,019 ms
16-Oct-2016 03:09:07.273 INFO [http-nio-1023-exec-2] org.apache.catalina.util.LifecycleBase.start The start() method was called on component [StandardEngine[Catalina].StandardHost[localhost].StandardContext[/SGEM_with_data_base]] after start() had already been called. The second call will be ignored.
16-Oct-2016 03:09:10.662 INFO [ContainerBackgroundProcessor[StandardEngine[Catalina]]] org.apache.catalina.startup.HostConfig.undeploy Undeploying context [/SGEM_with_data_base]
16-Oct-2016 03:09:10.707 INFO [localhost-startStop-2] org.apache.catalina.startup.HostConfig.deployDescriptor Deploying configuration descriptor C:\Users\Migueljr\Documents\NetBeansProjects\Apache Tomcat 8.0.15\conf\Catalina\localhost\SGEM_with_data_base.xml
16-Oct-2016 03:09:13.865 INFO [localhost-startStop-2] org.apache.jasper.servlet.TldScanner.scanJars At least one JAR was scanned for TLDs yet contained no TLDs. Enable debug logging for this logger for a complete list of JARs that were scanned but no TLDs were found in them. Skipping unneeded JARs during scanning can improve startup time and JSP compilation time.
16-Oct-2016 03:09:16.190 INFO [localhost-startStop-2] org.apache.catalina.startup.HostConfig.deployDescriptor Deployment of configuration descriptor C:\Users\Migueljr\Documents\NetBeansProjects\Apache Tomcat 8.0.15\conf\Catalina\localhost\SGEM_with_data_base.xml has finished in 5,483 ms
16-Oct-2016 03:24:56.918 INFO [main] org.apache.catalina.core.StandardServer.await A valid shutdown command was received via the shutdown port. Stopping the Server instance.
16-Oct-2016 03:24:56.918 INFO [main] org.apache.coyote.AbstractProtocol.pause Pausing ProtocolHandler ["http-nio-1023"]
16-Oct-2016 03:24:56.980 INFO [main] org.apache.coyote.AbstractProtocol.pause Pausing ProtocolHandler ["ajp-nio-8009"]
16-Oct-2016 03:24:57.043 INFO [main] org.apache.catalina.core.StandardService.stopInternal Stopping service Catalina
16-Oct-2016 03:24:57.121 WARNING [localhost-startStop-2] org.apache.catalina.loader.WebappClassLoaderBase.clearReferencesThreads The web application [migueljunior] appears to have started a thread named [Abandoned connection cleanup thread] but has failed to stop it. This is very likely to create a memory leak. Stack trace of thread:
 java.lang.Object.wait(Native Method)
 java.lang.ref.ReferenceQueue.remove(ReferenceQueue.java:135)
 com.mysql.jdbc.AbandonedConnectionCleanupThread.run(AbandonedConnectionCleanupThread.java:41)
16-Oct-2016 03:24:57.168 WARNING [localhost-startStop-2] org.apache.catalina.loader.WebappClassLoaderBase.clearReferencesJdbc The web application [SGEM_with_data_base] registered the JDBC driver [com.mysql.jdbc.Driver] but failed to unregister it when the web application was stopped. To prevent a memory leak, the JDBC Driver has been forcibly unregistered.
16-Oct-2016 03:24:57.215 INFO [main] org.apache.coyote.AbstractProtocol.stop Stopping ProtocolHandler ["http-nio-1023"]
16-Oct-2016 03:24:57.215 INFO [main] org.apache.coyote.AbstractProtocol.stop Stopping ProtocolHandler ["ajp-nio-8009"]
16-Oct-2016 03:24:57.230 INFO [main] org.apache.coyote.AbstractProtocol.destroy Destroying ProtocolHandler ["http-nio-1023"]
16-Oct-2016 03:24:57.230 INFO [main] org.apache.coyote.AbstractProtocol.destroy Destroying ProtocolHandler ["ajp-nio-8009"]
