05-Nov-2016 11:48:55.797 INFO [main] org.apache.catalina.startup.VersionLoggerListener.log Server version:        Apache Tomcat/8.0.15
05-Nov-2016 11:48:55.812 INFO [main] org.apache.catalina.startup.VersionLoggerListener.log Server built:          Nov 2 2014 19:25:20 UTC
05-Nov-2016 11:48:55.812 INFO [main] org.apache.catalina.startup.VersionLoggerListener.log Server number:         8.0.15.0
05-Nov-2016 11:48:55.812 INFO [main] org.apache.catalina.startup.VersionLoggerListener.log OS Name:               Windows 8.1
05-Nov-2016 11:48:55.812 INFO [main] org.apache.catalina.startup.VersionLoggerListener.log OS Version:            6.3
05-Nov-2016 11:48:55.812 INFO [main] org.apache.catalina.startup.VersionLoggerListener.log Architecture:          amd64
05-Nov-2016 11:48:55.812 INFO [main] org.apache.catalina.startup.VersionLoggerListener.log JAVA_HOME:             C:\Program Files\Java\jdk1.7.0_80\jre
05-Nov-2016 11:48:55.812 INFO [main] org.apache.catalina.startup.VersionLoggerListener.log JVM Version:           1.7.0_80-b15
05-Nov-2016 11:48:55.812 INFO [main] org.apache.catalina.startup.VersionLoggerListener.log JVM Vendor:            Oracle Corporation
05-Nov-2016 11:48:55.812 INFO [main] org.apache.catalina.startup.VersionLoggerListener.log CATALINA_BASE:         C:\Users\Migueljr\Documents\NetBeansProjects\Apache Tomcat 8.0.15
05-Nov-2016 11:48:55.812 INFO [main] org.apache.catalina.startup.VersionLoggerListener.log CATALINA_HOME:         C:\Users\Migueljr\Documents\NetBeansProjects\Apache Tomcat 8.0.15
05-Nov-2016 11:48:55.812 INFO [main] org.apache.catalina.startup.VersionLoggerListener.log Command line argument: -Dhttp.proxyHost=127.0.0.1
05-Nov-2016 11:48:55.812 INFO [main] org.apache.catalina.startup.VersionLoggerListener.log Command line argument: -Dhttp.proxyPort=8080
05-Nov-2016 11:48:55.812 INFO [main] org.apache.catalina.startup.VersionLoggerListener.log Command line argument: -Dhttp.nonProxyHosts=<-loopback>
05-Nov-2016 11:48:55.812 INFO [main] org.apache.catalina.startup.VersionLoggerListener.log Command line argument: -Dhttps.proxyHost=127.0.0.1
05-Nov-2016 11:48:55.812 INFO [main] org.apache.catalina.startup.VersionLoggerListener.log Command line argument: -Dhttps.proxyPort=8080
05-Nov-2016 11:48:55.812 INFO [main] org.apache.catalina.startup.VersionLoggerListener.log Command line argument: -Djava.util.logging.config.file=C:\Users\Migueljr\Documents\NetBeansProjects\Apache Tomcat 8.0.15\conf\logging.properties
05-Nov-2016 11:48:55.812 INFO [main] org.apache.catalina.startup.VersionLoggerListener.log Command line argument: -Djava.util.logging.manager=org.apache.juli.ClassLoaderLogManager
05-Nov-2016 11:48:55.812 INFO [main] org.apache.catalina.startup.VersionLoggerListener.log Command line argument: -Djava.endorsed.dirs=C:\Users\Migueljr\Documents\NetBeansProjects\Apache Tomcat 8.0.15\endorsed
05-Nov-2016 11:48:55.812 INFO [main] org.apache.catalina.startup.VersionLoggerListener.log Command line argument: -Dcatalina.base=C:\Users\Migueljr\Documents\NetBeansProjects\Apache Tomcat 8.0.15
05-Nov-2016 11:48:55.812 INFO [main] org.apache.catalina.startup.VersionLoggerListener.log Command line argument: -Dcatalina.home=C:\Users\Migueljr\Documents\NetBeansProjects\Apache Tomcat 8.0.15
05-Nov-2016 11:48:55.812 INFO [main] org.apache.catalina.startup.VersionLoggerListener.log Command line argument: -Djava.io.tmpdir=C:\Users\Migueljr\Documents\NetBeansProjects\Apache Tomcat 8.0.15\temp
05-Nov-2016 11:48:55.812 INFO [main] org.apache.catalina.core.AprLifecycleListener.lifecycleEvent The APR based Apache Tomcat Native library which allows optimal performance in production environments was not found on the java.library.path: C:\Program Files\Java\jdk1.7.0_80\bin;C:\Windows\Sun\Java\bin;C:\Windows\system32;C:\Windows;C:\ProgramData\Oracle\Java\javapath;C:\Windows\system32;C:\Windows;C:\Windows\System32\Wbem;C:\Windows\System32\WindowsPowerShell\v1.0\;.
05-Nov-2016 11:48:57.062 INFO [main] org.apache.coyote.AbstractProtocol.init Initializing ProtocolHandler ["http-nio-1019"]
05-Nov-2016 11:48:57.312 INFO [main] org.apache.tomcat.util.net.NioSelectorPool.getSharedSelector Using a shared selector for servlet write/read
05-Nov-2016 11:48:57.344 INFO [main] org.apache.coyote.AbstractProtocol.init Initializing ProtocolHandler ["ajp-nio-8001"]
05-Nov-2016 11:48:57.344 INFO [main] org.apache.tomcat.util.net.NioSelectorPool.getSharedSelector Using a shared selector for servlet write/read
05-Nov-2016 11:48:57.359 INFO [main] org.apache.catalina.startup.Catalina.load Initialization processed in 2916 ms
05-Nov-2016 11:48:57.562 INFO [main] org.apache.catalina.core.StandardService.startInternal Starting service Catalina
05-Nov-2016 11:48:57.562 INFO [main] org.apache.catalina.core.StandardEngine.startInternal Starting Servlet Engine: Apache Tomcat/8.0.15
05-Nov-2016 11:48:57.594 INFO [localhost-startStop-1] org.apache.catalina.startup.HostConfig.deployDescriptor Deploying configuration descriptor C:\Users\Migueljr\Documents\NetBeansProjects\Apache Tomcat 8.0.15\conf\Catalina\localhost\migueljunior.xml
05-Nov-2016 11:49:06.134 INFO [localhost-startStop-1] org.apache.jasper.servlet.TldScanner.scanJars At least one JAR was scanned for TLDs yet contained no TLDs. Enable debug logging for this logger for a complete list of JARs that were scanned but no TLDs were found in them. Skipping unneeded JARs during scanning can improve startup time and JSP compilation time.
05-Nov-2016 11:49:08.729 INFO [localhost-startStop-1] org.apache.catalina.util.SessionIdGeneratorBase.createSecureRandom Creation of SecureRandom instance for session ID generation using [SHA1PRNG] took [141] milliseconds.
05-Nov-2016 11:49:08.885 INFO [localhost-startStop-1] org.apache.catalina.startup.HostConfig.deployDescriptor Deployment of configuration descriptor C:\Users\Migueljr\Documents\NetBeansProjects\Apache Tomcat 8.0.15\conf\Catalina\localhost\migueljunior.xml has finished in 11,291 ms
05-Nov-2016 11:49:08.885 INFO [localhost-startStop-1] org.apache.catalina.startup.HostConfig.deployDescriptor Deploying configuration descriptor C:\Users\Migueljr\Documents\NetBeansProjects\Apache Tomcat 8.0.15\conf\Catalina\localhost\mjunior1.xml
05-Nov-2016 11:49:08.916 SEVERE [localhost-startStop-1] org.apache.catalina.core.ContainerBase.addChildInternal ContainerBase.addChild: start: 
 org.apache.catalina.LifecycleException: Failed to start component [StandardEngine[Catalina].StandardHost[localhost].StandardContext[/mjunior1]]
	at org.apache.catalina.util.LifecycleBase.start(LifecycleBase.java:154)
	at org.apache.catalina.core.ContainerBase.addChildInternal(ContainerBase.java:725)
	at org.apache.catalina.core.ContainerBase.addChild(ContainerBase.java:701)
	at org.apache.catalina.core.StandardHost.addChild(StandardHost.java:714)
	at org.apache.catalina.startup.HostConfig.deployDescriptor(HostConfig.java:581)
	at org.apache.catalina.startup.HostConfig$DeployDescriptor.run(HostConfig.java:1683)
	at java.util.concurrent.Executors$RunnableAdapter.call(Executors.java:471)
	at java.util.concurrent.FutureTask.run(FutureTask.java:262)
	at java.util.concurrent.ThreadPoolExecutor.runWorker(ThreadPoolExecutor.java:1145)
	at java.util.concurrent.ThreadPoolExecutor$Worker.run(ThreadPoolExecutor.java:615)
	at java.lang.Thread.run(Thread.java:745)
Caused by: org.apache.catalina.LifecycleException: Failed to start component [org.apache.catalina.webresources.StandardRoot@226ad8bf]
	at org.apache.catalina.util.LifecycleBase.start(LifecycleBase.java:154)
	at org.apache.catalina.core.StandardContext.resourcesStart(StandardContext.java:4875)
	at org.apache.catalina.core.StandardContext.startInternal(StandardContext.java:5004)
	at org.apache.catalina.util.LifecycleBase.start(LifecycleBase.java:150)
	... 10 more
Caused by: java.lang.IllegalArgumentException: The main resource set specified [C:\Users\Migueljr\Documents\NetBeansProjects\mjunior1\build\web] is not valid
	at org.apache.catalina.webresources.StandardRoot.startInternal(StandardRoot.java:670)
	at org.apache.catalina.util.LifecycleBase.start(LifecycleBase.java:150)
	... 13 more

05-Nov-2016 11:49:08.916 SEVERE [localhost-startStop-1] org.apache.catalina.startup.HostConfig.deployDescriptor Error deploying configuration descriptor C:\Users\Migueljr\Documents\NetBeansProjects\Apache Tomcat 8.0.15\conf\Catalina\localhost\mjunior1.xml
 java.lang.IllegalStateException: ContainerBase.addChild: start: org.apache.catalina.LifecycleException: Failed to start component [StandardEngine[Catalina].StandardHost[localhost].StandardContext[/mjunior1]]
	at org.apache.catalina.core.ContainerBase.addChildInternal(ContainerBase.java:728)
	at org.apache.catalina.core.ContainerBase.addChild(ContainerBase.java:701)
	at org.apache.catalina.core.StandardHost.addChild(StandardHost.java:714)
	at org.apache.catalina.startup.HostConfig.deployDescriptor(HostConfig.java:581)
	at org.apache.catalina.startup.HostConfig$DeployDescriptor.run(HostConfig.java:1683)
	at java.util.concurrent.Executors$RunnableAdapter.call(Executors.java:471)
	at java.util.concurrent.FutureTask.run(FutureTask.java:262)
	at java.util.concurrent.ThreadPoolExecutor.runWorker(ThreadPoolExecutor.java:1145)
	at java.util.concurrent.ThreadPoolExecutor$Worker.run(ThreadPoolExecutor.java:615)
	at java.lang.Thread.run(Thread.java:745)

05-Nov-2016 11:49:08.916 INFO [localhost-startStop-1] org.apache.catalina.startup.HostConfig.deployDescriptor Deployment of configuration descriptor C:\Users\Migueljr\Documents\NetBeansProjects\Apache Tomcat 8.0.15\conf\Catalina\localhost\mjunior1.xml has finished in 31 ms
05-Nov-2016 11:49:08.916 INFO [localhost-startStop-1] org.apache.catalina.startup.HostConfig.deployDescriptor Deploying configuration descriptor C:\Users\Migueljr\Documents\NetBeansProjects\Apache Tomcat 8.0.15\conf\Catalina\localhost\mjuniorr.xml
05-Nov-2016 11:49:14.386 INFO [localhost-startStop-1] org.apache.jasper.servlet.TldScanner.scanJars At least one JAR was scanned for TLDs yet contained no TLDs. Enable debug logging for this logger for a complete list of JARs that were scanned but no TLDs were found in them. Skipping unneeded JARs during scanning can improve startup time and JSP compilation time.
05-Nov-2016 11:49:14.402 INFO [localhost-startStop-1] org.apache.catalina.startup.HostConfig.deployDescriptor Deployment of configuration descriptor C:\Users\Migueljr\Documents\NetBeansProjects\Apache Tomcat 8.0.15\conf\Catalina\localhost\mjuniorr.xml has finished in 5,486 ms
05-Nov-2016 11:49:14.402 INFO [localhost-startStop-1] org.apache.catalina.startup.HostConfig.deployDescriptor Deploying configuration descriptor C:\Users\Migueljr\Documents\NetBeansProjects\Apache Tomcat 8.0.15\conf\Catalina\localhost\SGEM.xml
05-Nov-2016 11:49:15.576 INFO [localhost-startStop-1] org.apache.jasper.servlet.TldScanner.scanJars At least one JAR was scanned for TLDs yet contained no TLDs. Enable debug logging for this logger for a complete list of JARs that were scanned but no TLDs were found in them. Skipping unneeded JARs during scanning can improve startup time and JSP compilation time.
05-Nov-2016 11:49:15.576 SEVERE [localhost-startStop-1] org.apache.catalina.core.StandardContext.startInternal Error listenerStart
05-Nov-2016 11:49:15.576 SEVERE [localhost-startStop-1] org.apache.catalina.core.StandardContext.startInternal Context [/SGEM] startup failed due to previous errors
05-Nov-2016 11:49:15.685 INFO [localhost-startStop-1] org.apache.catalina.startup.HostConfig.deployDescriptor Deployment of configuration descriptor C:\Users\Migueljr\Documents\NetBeansProjects\Apache Tomcat 8.0.15\conf\Catalina\localhost\SGEM.xml has finished in 1,283 ms
05-Nov-2016 11:49:15.685 INFO [localhost-startStop-1] org.apache.catalina.startup.HostConfig.deployDescriptor Deploying configuration descriptor C:\Users\Migueljr\Documents\NetBeansProjects\Apache Tomcat 8.0.15\conf\Catalina\localhost\SGEM1.xml
05-Nov-2016 11:49:21.027 INFO [localhost-startStop-1] org.apache.jasper.servlet.TldScanner.scanJars At least one JAR was scanned for TLDs yet contained no TLDs. Enable debug logging for this logger for a complete list of JARs that were scanned but no TLDs were found in them. Skipping unneeded JARs during scanning can improve startup time and JSP compilation time.
05-Nov-2016 11:49:21.043 INFO [localhost-startStop-1] org.apache.catalina.startup.HostConfig.deployDescriptor Deployment of configuration descriptor C:\Users\Migueljr\Documents\NetBeansProjects\Apache Tomcat 8.0.15\conf\Catalina\localhost\SGEM1.xml has finished in 5,358 ms
05-Nov-2016 11:49:21.043 INFO [localhost-startStop-1] org.apache.catalina.startup.HostConfig.deployDescriptor Deploying configuration descriptor C:\Users\Migueljr\Documents\NetBeansProjects\Apache Tomcat 8.0.15\conf\Catalina\localhost\SGEM_with_base_de_dados_final.xml
05-Nov-2016 11:49:26.278 INFO [localhost-startStop-1] org.apache.jasper.servlet.TldScanner.scanJars At least one JAR was scanned for TLDs yet contained no TLDs. Enable debug logging for this logger for a complete list of JARs that were scanned but no TLDs were found in them. Skipping unneeded JARs during scanning can improve startup time and JSP compilation time.
05-Nov-2016 11:49:29.282 INFO [localhost-startStop-1] org.apache.catalina.startup.HostConfig.deployDescriptor Deployment of configuration descriptor C:\Users\Migueljr\Documents\NetBeansProjects\Apache Tomcat 8.0.15\conf\Catalina\localhost\SGEM_with_base_de_dados_final.xml has finished in 8,239 ms
05-Nov-2016 11:49:29.282 INFO [localhost-startStop-1] org.apache.catalina.startup.HostConfig.deployDescriptor Deploying configuration descriptor C:\Users\Migueljr\Documents\NetBeansProjects\Apache Tomcat 8.0.15\conf\Catalina\localhost\SGEM_with_data_base.xml
05-Nov-2016 11:49:33.767 INFO [localhost-startStop-1] org.apache.jasper.servlet.TldScanner.scanJars At least one JAR was scanned for TLDs yet contained no TLDs. Enable debug logging for this logger for a complete list of JARs that were scanned but no TLDs were found in them. Skipping unneeded JARs during scanning can improve startup time and JSP compilation time.
05-Nov-2016 11:49:36.002 INFO [localhost-startStop-1] org.apache.catalina.startup.HostConfig.deployDescriptor Deployment of configuration descriptor C:\Users\Migueljr\Documents\NetBeansProjects\Apache Tomcat 8.0.15\conf\Catalina\localhost\SGEM_with_data_base.xml has finished in 6,720 ms
05-Nov-2016 11:49:36.002 INFO [localhost-startStop-1] org.apache.catalina.startup.HostConfig.deployDescriptor Deploying configuration descriptor C:\Users\Migueljr\Documents\NetBeansProjects\Apache Tomcat 8.0.15\conf\Catalina\localhost\WebApplication3.xml
05-Nov-2016 11:49:36.112 INFO [localhost-startStop-1] org.apache.catalina.startup.HostConfig.deployDescriptor Deployment of configuration descriptor C:\Users\Migueljr\Documents\NetBeansProjects\Apache Tomcat 8.0.15\conf\Catalina\localhost\WebApplication3.xml has finished in 110 ms
05-Nov-2016 11:49:36.128 INFO [localhost-startStop-1] org.apache.catalina.startup.HostConfig.deployDirectory Deploying web application directory C:\Users\Migueljr\Documents\NetBeansProjects\Apache Tomcat 8.0.15\webapps\docs
05-Nov-2016 11:49:36.190 INFO [localhost-startStop-1] org.apache.catalina.startup.HostConfig.deployDirectory Deployment of web application directory C:\Users\Migueljr\Documents\NetBeansProjects\Apache Tomcat 8.0.15\webapps\docs has finished in 62 ms
05-Nov-2016 11:49:36.190 INFO [localhost-startStop-1] org.apache.catalina.startup.HostConfig.deployDirectory Deploying web application directory C:\Users\Migueljr\Documents\NetBeansProjects\Apache Tomcat 8.0.15\webapps\examples
05-Nov-2016 11:49:39.879 INFO [localhost-startStop-1] org.apache.catalina.startup.HostConfig.deployDirectory Deployment of web application directory C:\Users\Migueljr\Documents\NetBeansProjects\Apache Tomcat 8.0.15\webapps\examples has finished in 3,689 ms
05-Nov-2016 11:49:39.879 INFO [localhost-startStop-1] org.apache.catalina.startup.HostConfig.deployDirectory Deploying web application directory C:\Users\Migueljr\Documents\NetBeansProjects\Apache Tomcat 8.0.15\webapps\host-manager
05-Nov-2016 11:49:40.082 INFO [localhost-startStop-1] org.apache.catalina.startup.HostConfig.deployDirectory Deployment of web application directory C:\Users\Migueljr\Documents\NetBeansProjects\Apache Tomcat 8.0.15\webapps\host-manager has finished in 203 ms
05-Nov-2016 11:49:40.082 INFO [localhost-startStop-1] org.apache.catalina.startup.HostConfig.deployDirectory Deploying web application directory C:\Users\Migueljr\Documents\NetBeansProjects\Apache Tomcat 8.0.15\webapps\manager
05-Nov-2016 11:49:40.223 INFO [localhost-startStop-1] org.apache.catalina.startup.HostConfig.deployDirectory Deployment of web application directory C:\Users\Migueljr\Documents\NetBeansProjects\Apache Tomcat 8.0.15\webapps\manager has finished in 141 ms
05-Nov-2016 11:49:40.223 INFO [localhost-startStop-1] org.apache.catalina.startup.HostConfig.deployDirectory Deploying web application directory C:\Users\Migueljr\Documents\NetBeansProjects\Apache Tomcat 8.0.15\webapps\ROOT
05-Nov-2016 11:49:40.316 INFO [localhost-startStop-1] org.apache.catalina.startup.HostConfig.deployDirectory Deployment of web application directory C:\Users\Migueljr\Documents\NetBeansProjects\Apache Tomcat 8.0.15\webapps\ROOT has finished in 93 ms
05-Nov-2016 11:49:40.316 INFO [main] org.apache.coyote.AbstractProtocol.start Starting ProtocolHandler ["http-nio-1019"]
05-Nov-2016 11:49:40.363 INFO [main] org.apache.coyote.AbstractProtocol.start Starting ProtocolHandler ["ajp-nio-8001"]
05-Nov-2016 11:49:40.363 INFO [main] org.apache.catalina.startup.Catalina.start Server startup in 43009 ms
05-Nov-2016 11:56:38.498 INFO [http-nio-1019-exec-10] org.apache.catalina.core.StandardContext.reload Reloading Context with name [/SGEM_with_base_de_dados_final] has started
05-Nov-2016 11:56:43.152 INFO [http-nio-1019-exec-10] org.apache.jasper.servlet.TldScanner.scanJars At least one JAR was scanned for TLDs yet contained no TLDs. Enable debug logging for this logger for a complete list of JARs that were scanned but no TLDs were found in them. Skipping unneeded JARs during scanning can improve startup time and JSP compilation time.
05-Nov-2016 11:56:45.262 INFO [http-nio-1019-exec-10] org.apache.catalina.core.StandardContext.reload Reloading Context with name [/SGEM_with_base_de_dados_final] is completed
05-Nov-2016 12:01:27.478 INFO [http-nio-1019-exec-7] org.apache.catalina.core.StandardContext.reload Reloading Context with name [/SGEM_with_base_de_dados_final] has started
05-Nov-2016 12:01:30.464 INFO [http-nio-1019-exec-7] org.apache.jasper.servlet.TldScanner.scanJars At least one JAR was scanned for TLDs yet contained no TLDs. Enable debug logging for this logger for a complete list of JARs that were scanned but no TLDs were found in them. Skipping unneeded JARs during scanning can improve startup time and JSP compilation time.
05-Nov-2016 12:01:32.543 INFO [http-nio-1019-exec-7] org.apache.catalina.core.StandardContext.reload Reloading Context with name [/SGEM_with_base_de_dados_final] is completed
05-Nov-2016 12:08:03.246 INFO [http-nio-1019-exec-33] org.apache.catalina.core.StandardContext.reload Reloading Context with name [/SGEM_with_base_de_dados_final] has started
05-Nov-2016 12:08:06.106 INFO [http-nio-1019-exec-33] org.apache.jasper.servlet.TldScanner.scanJars At least one JAR was scanned for TLDs yet contained no TLDs. Enable debug logging for this logger for a complete list of JARs that were scanned but no TLDs were found in them. Skipping unneeded JARs during scanning can improve startup time and JSP compilation time.
05-Nov-2016 12:08:08.185 INFO [http-nio-1019-exec-33] org.apache.catalina.core.StandardContext.reload Reloading Context with name [/SGEM_with_base_de_dados_final] is completed
05-Nov-2016 12:08:24.828 INFO [http-nio-1019-exec-34] org.apache.catalina.core.StandardContext.reload Reloading Context with name [/SGEM_with_base_de_dados_final] has started
05-Nov-2016 12:08:27.391 INFO [http-nio-1019-exec-34] org.apache.jasper.servlet.TldScanner.scanJars At least one JAR was scanned for TLDs yet contained no TLDs. Enable debug logging for this logger for a complete list of JARs that were scanned but no TLDs were found in them. Skipping unneeded JARs during scanning can improve startup time and JSP compilation time.
05-Nov-2016 12:08:29.408 INFO [http-nio-1019-exec-34] org.apache.catalina.core.StandardContext.reload Reloading Context with name [/SGEM_with_base_de_dados_final] is completed
05-Nov-2016 12:10:50.168 INFO [http-nio-1019-exec-32] org.apache.catalina.core.StandardContext.reload Reloading Context with name [/SGEM_with_base_de_dados_final] has started
05-Nov-2016 12:10:50.200 WARNING [http-nio-1019-exec-32] org.apache.catalina.loader.WebappClassLoaderBase.clearReferencesJdbc The web application [SGEM_with_base_de_dados_final] registered the JDBC driver [com.mysql.jdbc.Driver] but failed to unregister it when the web application was stopped. To prevent a memory leak, the JDBC Driver has been forcibly unregistered.
05-Nov-2016 12:10:53.239 INFO [http-nio-1019-exec-32] org.apache.jasper.servlet.TldScanner.scanJars At least one JAR was scanned for TLDs yet contained no TLDs. Enable debug logging for this logger for a complete list of JARs that were scanned but no TLDs were found in them. Skipping unneeded JARs during scanning can improve startup time and JSP compilation time.
05-Nov-2016 12:10:55.412 INFO [http-nio-1019-exec-32] org.apache.catalina.core.StandardContext.reload Reloading Context with name [/SGEM_with_base_de_dados_final] is completed
05-Nov-2016 12:11:23.715 INFO [http-nio-1019-exec-45] org.apache.catalina.core.StandardContext.reload Reloading Context with name [/SGEM_with_base_de_dados_final] has started
05-Nov-2016 12:11:26.567 INFO [http-nio-1019-exec-45] org.apache.jasper.servlet.TldScanner.scanJars At least one JAR was scanned for TLDs yet contained no TLDs. Enable debug logging for this logger for a complete list of JARs that were scanned but no TLDs were found in them. Skipping unneeded JARs during scanning can improve startup time and JSP compilation time.
05-Nov-2016 12:11:28.568 INFO [http-nio-1019-exec-45] org.apache.catalina.core.StandardContext.reload Reloading Context with name [/SGEM_with_base_de_dados_final] is completed
05-Nov-2016 12:12:35.810 INFO [http-nio-1019-exec-40] org.apache.catalina.core.StandardContext.reload Reloading Context with name [/SGEM_with_base_de_dados_final] has started
05-Nov-2016 12:12:39.327 INFO [http-nio-1019-exec-40] org.apache.jasper.servlet.TldScanner.scanJars At least one JAR was scanned for TLDs yet contained no TLDs. Enable debug logging for this logger for a complete list of JARs that were scanned but no TLDs were found in them. Skipping unneeded JARs during scanning can improve startup time and JSP compilation time.
05-Nov-2016 12:12:41.515 INFO [http-nio-1019-exec-40] org.apache.catalina.core.StandardContext.reload Reloading Context with name [/SGEM_with_base_de_dados_final] is completed
05-Nov-2016 12:27:56.148 INFO [http-nio-1019-exec-59] org.apache.catalina.core.StandardContext.reload Reloading Context with name [/SGEM_with_base_de_dados_final] has started
05-Nov-2016 12:27:58.685 INFO [http-nio-1019-exec-59] org.apache.jasper.servlet.TldScanner.scanJars At least one JAR was scanned for TLDs yet contained no TLDs. Enable debug logging for this logger for a complete list of JARs that were scanned but no TLDs were found in them. Skipping unneeded JARs during scanning can improve startup time and JSP compilation time.
05-Nov-2016 12:28:00.904 INFO [http-nio-1019-exec-59] org.apache.catalina.core.StandardContext.reload Reloading Context with name [/SGEM_with_base_de_dados_final] is completed
05-Nov-2016 12:28:41.690 SEVERE [http-nio-1019-exec-54] Servelets.cadastrarEmprestimo.doGet null
 org.apache.jasper.JasperException: An exception occurred processing JSP page /TodosEmprestimos.jsp at line 83

80:                 <%
81:                     for(int i = 0; i<clientes.size(); i++){
82:                         for(int j=0;j<emprestimos.size();j++){
83:                             if(emprestimos.get(j).getIdcliente().getIdcliente()!=0){
84:                         
85:                 %>
86:                 <tr>


Stacktrace:
	at org.apache.jasper.servlet.JspServletWrapper.handleJspException(JspServletWrapper.java:568)
	at org.apache.jasper.servlet.JspServletWrapper.service(JspServletWrapper.java:470)
	at org.apache.jasper.servlet.JspServlet.serviceJspFile(JspServlet.java:396)
	at org.apache.jasper.servlet.JspServlet.service(JspServlet.java:340)
	at javax.servlet.http.HttpServlet.service(HttpServlet.java:725)
	at org.apache.catalina.core.ApplicationFilterChain.internalDoFilter(ApplicationFilterChain.java:291)
	at org.apache.catalina.core.ApplicationFilterChain.doFilter(ApplicationFilterChain.java:206)
	at org.apache.tomcat.websocket.server.WsFilter.doFilter(WsFilter.java:52)
	at org.apache.catalina.core.ApplicationFilterChain.internalDoFilter(ApplicationFilterChain.java:239)
	at org.apache.catalina.core.ApplicationFilterChain.doFilter(ApplicationFilterChain.java:206)
	at org.apache.catalina.core.ApplicationDispatcher.invoke(ApplicationDispatcher.java:721)
	at org.apache.catalina.core.ApplicationDispatcher.processRequest(ApplicationDispatcher.java:466)
	at org.apache.catalina.core.ApplicationDispatcher.doForward(ApplicationDispatcher.java:391)
	at org.apache.catalina.core.ApplicationDispatcher.forward(ApplicationDispatcher.java:318)
	at Servelets.cadastrarEmprestimo.processRequest(cadastrarEmprestimo.java:73)
	at Servelets.cadastrarEmprestimo.doGet(cadastrarEmprestimo.java:95)
	at javax.servlet.http.HttpServlet.service(HttpServlet.java:618)
	at javax.servlet.http.HttpServlet.service(HttpServlet.java:725)
	at org.apache.catalina.core.ApplicationFilterChain.internalDoFilter(ApplicationFilterChain.java:291)
	at org.apache.catalina.core.ApplicationFilterChain.doFilter(ApplicationFilterChain.java:206)
	at org.apache.tomcat.websocket.server.WsFilter.doFilter(WsFilter.java:52)
	at org.apache.catalina.core.ApplicationFilterChain.internalDoFilter(ApplicationFilterChain.java:239)
	at org.apache.catalina.core.ApplicationFilterChain.doFilter(ApplicationFilterChain.java:206)
	at org.apache.catalina.core.StandardWrapperValve.invoke(StandardWrapperValve.java:219)
	at org.apache.catalina.core.StandardContextValve.invoke(StandardContextValve.java:106)
	at org.apache.catalina.authenticator.AuthenticatorBase.invoke(AuthenticatorBase.java:501)
	at org.apache.catalina.core.StandardHostValve.invoke(StandardHostValve.java:142)
	at org.apache.catalina.valves.ErrorReportValve.invoke(ErrorReportValve.java:79)
	at org.apache.catalina.valves.AbstractAccessLogValve.invoke(AbstractAccessLogValve.java:610)
	at org.apache.catalina.core.StandardEngineValve.invoke(StandardEngineValve.java:88)
	at org.apache.catalina.connector.CoyoteAdapter.service(CoyoteAdapter.java:537)
	at org.apache.coyote.http11.AbstractHttp11Processor.process(AbstractHttp11Processor.java:1085)
	at org.apache.coyote.AbstractProtocol$AbstractConnectionHandler.process(AbstractProtocol.java:658)
	at org.apache.coyote.http11.Http11NioProtocol$Http11ConnectionHandler.process(Http11NioProtocol.java:222)
	at org.apache.tomcat.util.net.NioEndpoint$SocketProcessor.doRun(NioEndpoint.java:1556)
	at org.apache.tomcat.util.net.NioEndpoint$SocketProcessor.run(NioEndpoint.java:1513)
	at java.util.concurrent.ThreadPoolExecutor.runWorker(ThreadPoolExecutor.java:1145)
	at java.util.concurrent.ThreadPoolExecutor$Worker.run(ThreadPoolExecutor.java:615)
	at org.apache.tomcat.util.threads.TaskThread$WrappingRunnable.run(TaskThread.java:61)
	at java.lang.Thread.run(Thread.java:745)
Caused by: java.lang.NullPointerException
	at org.apache.jsp.TodosEmprestimos_jsp._jspService(TodosEmprestimos_jsp.java:183)
	at org.apache.jasper.runtime.HttpJspBase.service(HttpJspBase.java:70)
	at javax.servlet.http.HttpServlet.service(HttpServlet.java:725)
	at org.apache.jasper.servlet.JspServletWrapper.service(JspServletWrapper.java:432)
	... 38 more

05-Nov-2016 12:29:45.715 INFO [http-nio-1019-exec-68] org.apache.catalina.core.StandardContext.reload Reloading Context with name [/SGEM_with_base_de_dados_final] has started
05-Nov-2016 12:29:45.809 WARNING [http-nio-1019-exec-68] org.apache.catalina.loader.WebappClassLoaderBase.clearReferencesJdbc The web application [SGEM_with_base_de_dados_final] registered the JDBC driver [com.mysql.jdbc.Driver] but failed to unregister it when the web application was stopped. To prevent a memory leak, the JDBC Driver has been forcibly unregistered.
05-Nov-2016 12:29:48.478 INFO [http-nio-1019-exec-68] org.apache.jasper.servlet.TldScanner.scanJars At least one JAR was scanned for TLDs yet contained no TLDs. Enable debug logging for this logger for a complete list of JARs that were scanned but no TLDs were found in them. Skipping unneeded JARs during scanning can improve startup time and JSP compilation time.
05-Nov-2016 12:29:50.633 INFO [http-nio-1019-exec-68] org.apache.catalina.core.StandardContext.reload Reloading Context with name [/SGEM_with_base_de_dados_final] is completed
05-Nov-2016 12:29:51.853 SEVERE [http-nio-1019-exec-69] Servelets.cadastrarEmprestimo.doGet null
 org.apache.jasper.JasperException: java.lang.NullPointerException
	at org.apache.jasper.servlet.JspServletWrapper.handleJspException(JspServletWrapper.java:549)
	at org.apache.jasper.servlet.JspServletWrapper.service(JspServletWrapper.java:470)
	at org.apache.jasper.servlet.JspServlet.serviceJspFile(JspServlet.java:396)
	at org.apache.jasper.servlet.JspServlet.service(JspServlet.java:340)
	at javax.servlet.http.HttpServlet.service(HttpServlet.java:725)
	at org.apache.catalina.core.ApplicationFilterChain.internalDoFilter(ApplicationFilterChain.java:291)
	at org.apache.catalina.core.ApplicationFilterChain.doFilter(ApplicationFilterChain.java:206)
	at org.apache.tomcat.websocket.server.WsFilter.doFilter(WsFilter.java:52)
	at org.apache.catalina.core.ApplicationFilterChain.internalDoFilter(ApplicationFilterChain.java:239)
	at org.apache.catalina.core.ApplicationFilterChain.doFilter(ApplicationFilterChain.java:206)
	at org.apache.catalina.core.ApplicationDispatcher.invoke(ApplicationDispatcher.java:721)
	at org.apache.catalina.core.ApplicationDispatcher.processRequest(ApplicationDispatcher.java:466)
	at org.apache.catalina.core.ApplicationDispatcher.doForward(ApplicationDispatcher.java:391)
	at org.apache.catalina.core.ApplicationDispatcher.forward(ApplicationDispatcher.java:318)
	at Servelets.cadastrarEmprestimo.processRequest(cadastrarEmprestimo.java:73)
	at Servelets.cadastrarEmprestimo.doGet(cadastrarEmprestimo.java:95)
	at javax.servlet.http.HttpServlet.service(HttpServlet.java:618)
	at javax.servlet.http.HttpServlet.service(HttpServlet.java:725)
	at org.apache.catalina.core.ApplicationFilterChain.internalDoFilter(ApplicationFilterChain.java:291)
	at org.apache.catalina.core.ApplicationFilterChain.doFilter(ApplicationFilterChain.java:206)
	at org.apache.tomcat.websocket.server.WsFilter.doFilter(WsFilter.java:52)
	at org.apache.catalina.core.ApplicationFilterChain.internalDoFilter(ApplicationFilterChain.java:239)
	at org.apache.catalina.core.ApplicationFilterChain.doFilter(ApplicationFilterChain.java:206)
	at org.apache.catalina.core.StandardWrapperValve.invoke(StandardWrapperValve.java:219)
	at org.apache.catalina.core.StandardContextValve.invoke(StandardContextValve.java:106)
	at org.apache.catalina.authenticator.AuthenticatorBase.invoke(AuthenticatorBase.java:501)
	at org.apache.catalina.core.StandardHostValve.invoke(StandardHostValve.java:142)
	at org.apache.catalina.valves.ErrorReportValve.invoke(ErrorReportValve.java:79)
	at org.apache.catalina.valves.AbstractAccessLogValve.invoke(AbstractAccessLogValve.java:610)
	at org.apache.catalina.core.StandardEngineValve.invoke(StandardEngineValve.java:88)
	at org.apache.catalina.connector.CoyoteAdapter.service(CoyoteAdapter.java:537)
	at org.apache.coyote.http11.AbstractHttp11Processor.process(AbstractHttp11Processor.java:1085)
	at org.apache.coyote.AbstractProtocol$AbstractConnectionHandler.process(AbstractProtocol.java:658)
	at org.apache.coyote.http11.Http11NioProtocol$Http11ConnectionHandler.process(Http11NioProtocol.java:222)
	at org.apache.tomcat.util.net.NioEndpoint$SocketProcessor.doRun(NioEndpoint.java:1556)
	at org.apache.tomcat.util.net.NioEndpoint$SocketProcessor.run(NioEndpoint.java:1513)
	at java.util.concurrent.ThreadPoolExecutor.runWorker(ThreadPoolExecutor.java:1145)
	at java.util.concurrent.ThreadPoolExecutor$Worker.run(ThreadPoolExecutor.java:615)
	at org.apache.tomcat.util.threads.TaskThread$WrappingRunnable.run(TaskThread.java:61)
	at java.lang.Thread.run(Thread.java:745)
Caused by: java.lang.NullPointerException
	at org.apache.jsp.TodosEmprestimos_jsp._jspService(TodosEmprestimos_jsp.java:183)
	at org.apache.jasper.runtime.HttpJspBase.service(HttpJspBase.java:70)
	at javax.servlet.http.HttpServlet.service(HttpServlet.java:725)
	at org.apache.jasper.servlet.JspServletWrapper.service(JspServletWrapper.java:432)
	... 38 more

05-Nov-2016 12:30:06.553 SEVERE [http-nio-1019-exec-65] Servelets.cadastrarEmprestimo.doGet null
 org.apache.jasper.JasperException: java.lang.NullPointerException
	at org.apache.jasper.servlet.JspServletWrapper.handleJspException(JspServletWrapper.java:549)
	at org.apache.jasper.servlet.JspServletWrapper.service(JspServletWrapper.java:470)
	at org.apache.jasper.servlet.JspServlet.serviceJspFile(JspServlet.java:396)
	at org.apache.jasper.servlet.JspServlet.service(JspServlet.java:340)
	at javax.servlet.http.HttpServlet.service(HttpServlet.java:725)
	at org.apache.catalina.core.ApplicationFilterChain.internalDoFilter(ApplicationFilterChain.java:291)
	at org.apache.catalina.core.ApplicationFilterChain.doFilter(ApplicationFilterChain.java:206)
	at org.apache.tomcat.websocket.server.WsFilter.doFilter(WsFilter.java:52)
	at org.apache.catalina.core.ApplicationFilterChain.internalDoFilter(ApplicationFilterChain.java:239)
	at org.apache.catalina.core.ApplicationFilterChain.doFilter(ApplicationFilterChain.java:206)
	at org.apache.catalina.core.ApplicationDispatcher.invoke(ApplicationDispatcher.java:721)
	at org.apache.catalina.core.ApplicationDispatcher.processRequest(ApplicationDispatcher.java:466)
	at org.apache.catalina.core.ApplicationDispatcher.doForward(ApplicationDispatcher.java:391)
	at org.apache.catalina.core.ApplicationDispatcher.forward(ApplicationDispatcher.java:318)
	at Servelets.cadastrarEmprestimo.processRequest(cadastrarEmprestimo.java:73)
	at Servelets.cadastrarEmprestimo.doGet(cadastrarEmprestimo.java:95)
	at javax.servlet.http.HttpServlet.service(HttpServlet.java:618)
	at javax.servlet.http.HttpServlet.service(HttpServlet.java:725)
	at org.apache.catalina.core.ApplicationFilterChain.internalDoFilter(ApplicationFilterChain.java:291)
	at org.apache.catalina.core.ApplicationFilterChain.doFilter(ApplicationFilterChain.java:206)
	at org.apache.tomcat.websocket.server.WsFilter.doFilter(WsFilter.java:52)
	at org.apache.catalina.core.ApplicationFilterChain.internalDoFilter(ApplicationFilterChain.java:239)
	at org.apache.catalina.core.ApplicationFilterChain.doFilter(ApplicationFilterChain.java:206)
	at org.apache.catalina.core.StandardWrapperValve.invoke(StandardWrapperValve.java:219)
	at org.apache.catalina.core.StandardContextValve.invoke(StandardContextValve.java:106)
	at org.apache.catalina.authenticator.AuthenticatorBase.invoke(AuthenticatorBase.java:501)
	at org.apache.catalina.core.StandardHostValve.invoke(StandardHostValve.java:142)
	at org.apache.catalina.valves.ErrorReportValve.invoke(ErrorReportValve.java:79)
	at org.apache.catalina.valves.AbstractAccessLogValve.invoke(AbstractAccessLogValve.java:610)
	at org.apache.catalina.core.StandardEngineValve.invoke(StandardEngineValve.java:88)
	at org.apache.catalina.connector.CoyoteAdapter.service(CoyoteAdapter.java:537)
	at org.apache.coyote.http11.AbstractHttp11Processor.process(AbstractHttp11Processor.java:1085)
	at org.apache.coyote.AbstractProtocol$AbstractConnectionHandler.process(AbstractProtocol.java:658)
	at org.apache.coyote.http11.Http11NioProtocol$Http11ConnectionHandler.process(Http11NioProtocol.java:222)
	at org.apache.tomcat.util.net.NioEndpoint$SocketProcessor.doRun(NioEndpoint.java:1556)
	at org.apache.tomcat.util.net.NioEndpoint$SocketProcessor.run(NioEndpoint.java:1513)
	at java.util.concurrent.ThreadPoolExecutor.runWorker(ThreadPoolExecutor.java:1145)
	at java.util.concurrent.ThreadPoolExecutor$Worker.run(ThreadPoolExecutor.java:615)
	at org.apache.tomcat.util.threads.TaskThread$WrappingRunnable.run(TaskThread.java:61)
	at java.lang.Thread.run(Thread.java:745)
Caused by: java.lang.NullPointerException
	at org.apache.jsp.TodosEmprestimos_jsp._jspService(TodosEmprestimos_jsp.java:183)
	at org.apache.jasper.runtime.HttpJspBase.service(HttpJspBase.java:70)
	at javax.servlet.http.HttpServlet.service(HttpServlet.java:725)
	at org.apache.jasper.servlet.JspServletWrapper.service(JspServletWrapper.java:432)
	... 38 more

05-Nov-2016 12:32:15.876 INFO [http-nio-1019-exec-70] org.apache.catalina.core.StandardContext.reload Reloading Context with name [/SGEM_with_base_de_dados_final] has started
05-Nov-2016 12:32:15.892 WARNING [http-nio-1019-exec-70] org.apache.catalina.loader.WebappClassLoaderBase.clearReferencesJdbc The web application [SGEM_with_base_de_dados_final] registered the JDBC driver [com.mysql.jdbc.Driver] but failed to unregister it when the web application was stopped. To prevent a memory leak, the JDBC Driver has been forcibly unregistered.
05-Nov-2016 12:32:18.392 INFO [http-nio-1019-exec-70] org.apache.jasper.servlet.TldScanner.scanJars At least one JAR was scanned for TLDs yet contained no TLDs. Enable debug logging for this logger for a complete list of JARs that were scanned but no TLDs were found in them. Skipping unneeded JARs during scanning can improve startup time and JSP compilation time.
05-Nov-2016 12:32:21.174 SEVERE [http-nio-1019-exec-70] org.apache.tomcat.util.net.NioEndpoint$SocketProcessor.doRun 
 java.lang.OutOfMemoryError: PermGen space
	at java.lang.ClassLoader.defineClass1(Native Method)
	at java.lang.ClassLoader.defineClass(ClassLoader.java:800)
	at java.security.SecureClassLoader.defineClass(SecureClassLoader.java:142)
	at org.apache.catalina.loader.WebappClassLoaderBase.findClassInternal(WebappClassLoaderBase.java:2452)
	at org.apache.catalina.loader.WebappClassLoaderBase.findClass(WebappClassLoaderBase.java:854)
	at org.apache.catalina.loader.WebappClassLoaderBase.loadClass(WebappClassLoaderBase.java:1264)
	at org.apache.catalina.loader.WebappClassLoaderBase.loadClass(WebappClassLoaderBase.java:1147)
	at org.eclipse.persistence.exceptions.EntityManagerSetupException.predeployFailed(EntityManagerSetupException.java:230)
	at org.eclipse.persistence.internal.jpa.EntityManagerSetupImpl.createPredeployFailedPersistenceException(EntityManagerSetupImpl.java:1954)
	at org.eclipse.persistence.internal.jpa.EntityManagerSetupImpl.predeploy(EntityManagerSetupImpl.java:1945)
	at org.eclipse.persistence.internal.jpa.deployment.JPAInitializer.callPredeploy(JPAInitializer.java:98)
	at org.eclipse.persistence.jpa.PersistenceProvider.createEntityManagerFactoryImpl(PersistenceProvider.java:96)
	at org.eclipse.persistence.jpa.PersistenceProvider.createEntityManagerFactory(PersistenceProvider.java:177)
	at javax.persistence.Persistence.createEntityManagerFactory(Persistence.java:79)
	at javax.persistence.Persistence.createEntityManagerFactory(Persistence.java:54)
	at EntityManagerContext.contextInitialized(EntityManagerContext.java:22)
	at org.apache.catalina.core.StandardContext.listenerStart(StandardContext.java:4772)
	at org.apache.catalina.core.StandardContext.startInternal(StandardContext.java:5196)
	at org.apache.catalina.util.LifecycleBase.start(LifecycleBase.java:150)
	at org.apache.catalina.core.StandardContext.reload(StandardContext.java:3796)
	at org.apache.catalina.manager.ManagerServlet.reload(ManagerServlet.java:984)
	at org.apache.catalina.manager.ManagerServlet.doGet(ManagerServlet.java:345)
	at javax.servlet.http.HttpServlet.service(HttpServlet.java:618)
	at javax.servlet.http.HttpServlet.service(HttpServlet.java:725)
	at org.apache.catalina.core.ApplicationFilterChain.internalDoFilter(ApplicationFilterChain.java:291)
	at org.apache.catalina.core.ApplicationFilterChain.doFilter(ApplicationFilterChain.java:206)
	at org.apache.tomcat.websocket.server.WsFilter.doFilter(WsFilter.java:52)
	at org.apache.catalina.core.ApplicationFilterChain.internalDoFilter(ApplicationFilterChain.java:239)
	at org.apache.catalina.core.ApplicationFilterChain.doFilter(ApplicationFilterChain.java:206)
	at org.apache.catalina.filters.SetCharacterEncodingFilter.doFilter(SetCharacterEncodingFilter.java:108)
	at org.apache.catalina.core.ApplicationFilterChain.internalDoFilter(ApplicationFilterChain.java:239)
	at org.apache.catalina.core.ApplicationFilterChain.doFilter(ApplicationFilterChain.java:206)

05-Nov-2016 12:34:46.336 INFO [Thread-5] org.apache.coyote.AbstractProtocol.pause Pausing ProtocolHandler ["http-nio-1019"]
05-Nov-2016 12:34:46.390 INFO [Thread-5] org.apache.coyote.AbstractProtocol.pause Pausing ProtocolHandler ["ajp-nio-8001"]
05-Nov-2016 12:34:46.440 INFO [Thread-5] org.apache.catalina.core.StandardService.stopInternal Stopping service Catalina
05-Nov-2016 12:35:53.779 INFO [main] org.apache.catalina.startup.VersionLoggerListener.log Server version:        Apache Tomcat/8.0.15
05-Nov-2016 12:35:53.782 INFO [main] org.apache.catalina.startup.VersionLoggerListener.log Server built:          Nov 2 2014 19:25:20 UTC
05-Nov-2016 12:35:53.783 INFO [main] org.apache.catalina.startup.VersionLoggerListener.log Server number:         8.0.15.0
05-Nov-2016 12:35:53.783 INFO [main] org.apache.catalina.startup.VersionLoggerListener.log OS Name:               Windows 8.1
05-Nov-2016 12:35:53.783 INFO [main] org.apache.catalina.startup.VersionLoggerListener.log OS Version:            6.3
05-Nov-2016 12:35:53.783 INFO [main] org.apache.catalina.startup.VersionLoggerListener.log Architecture:          amd64
05-Nov-2016 12:35:53.784 INFO [main] org.apache.catalina.startup.VersionLoggerListener.log JAVA_HOME:             C:\Program Files\Java\jdk1.7.0_80\jre
05-Nov-2016 12:35:53.784 INFO [main] org.apache.catalina.startup.VersionLoggerListener.log JVM Version:           1.7.0_80-b15
05-Nov-2016 12:35:53.784 INFO [main] org.apache.catalina.startup.VersionLoggerListener.log JVM Vendor:            Oracle Corporation
05-Nov-2016 12:35:53.784 INFO [main] org.apache.catalina.startup.VersionLoggerListener.log CATALINA_BASE:         C:\Users\Migueljr\Documents\NetBeansProjects\Apache Tomcat 8.0.15
05-Nov-2016 12:35:53.785 INFO [main] org.apache.catalina.startup.VersionLoggerListener.log CATALINA_HOME:         C:\Users\Migueljr\Documents\NetBeansProjects\Apache Tomcat 8.0.15
05-Nov-2016 12:35:53.785 INFO [main] org.apache.catalina.startup.VersionLoggerListener.log Command line argument: -Dhttp.proxyHost=127.0.0.1
05-Nov-2016 12:35:53.786 INFO [main] org.apache.catalina.startup.VersionLoggerListener.log Command line argument: -Dhttp.proxyPort=8080
05-Nov-2016 12:35:53.786 INFO [main] org.apache.catalina.startup.VersionLoggerListener.log Command line argument: -Dhttp.nonProxyHosts=<-loopback>
05-Nov-2016 12:35:53.786 INFO [main] org.apache.catalina.startup.VersionLoggerListener.log Command line argument: -Dhttps.proxyHost=127.0.0.1
05-Nov-2016 12:35:53.786 INFO [main] org.apache.catalina.startup.VersionLoggerListener.log Command line argument: -Dhttps.proxyPort=8080
05-Nov-2016 12:35:53.787 INFO [main] org.apache.catalina.startup.VersionLoggerListener.log Command line argument: -Djava.util.logging.config.file=C:\Users\Migueljr\Documents\NetBeansProjects\Apache Tomcat 8.0.15\conf\logging.properties
05-Nov-2016 12:35:53.787 INFO [main] org.apache.catalina.startup.VersionLoggerListener.log Command line argument: -Djava.util.logging.manager=org.apache.juli.ClassLoaderLogManager
05-Nov-2016 12:35:53.787 INFO [main] org.apache.catalina.startup.VersionLoggerListener.log Command line argument: -Djava.endorsed.dirs=C:\Users\Migueljr\Documents\NetBeansProjects\Apache Tomcat 8.0.15\endorsed
05-Nov-2016 12:35:53.787 INFO [main] org.apache.catalina.startup.VersionLoggerListener.log Command line argument: -Dcatalina.base=C:\Users\Migueljr\Documents\NetBeansProjects\Apache Tomcat 8.0.15
05-Nov-2016 12:35:53.788 INFO [main] org.apache.catalina.startup.VersionLoggerListener.log Command line argument: -Dcatalina.home=C:\Users\Migueljr\Documents\NetBeansProjects\Apache Tomcat 8.0.15
05-Nov-2016 12:35:53.788 INFO [main] org.apache.catalina.startup.VersionLoggerListener.log Command line argument: -Djava.io.tmpdir=C:\Users\Migueljr\Documents\NetBeansProjects\Apache Tomcat 8.0.15\temp
05-Nov-2016 12:35:53.788 INFO [main] org.apache.catalina.core.AprLifecycleListener.lifecycleEvent The APR based Apache Tomcat Native library which allows optimal performance in production environments was not found on the java.library.path: C:\Program Files\Java\jdk1.7.0_80\bin;C:\Windows\Sun\Java\bin;C:\Windows\system32;C:\Windows;C:\ProgramData\Oracle\Java\javapath;C:\Windows\system32;C:\Windows;C:\Windows\System32\Wbem;C:\Windows\System32\WindowsPowerShell\v1.0\;.
05-Nov-2016 12:35:54.112 INFO [main] org.apache.coyote.AbstractProtocol.init Initializing ProtocolHandler ["http-nio-1019"]
05-Nov-2016 12:35:54.217 INFO [main] org.apache.tomcat.util.net.NioSelectorPool.getSharedSelector Using a shared selector for servlet write/read
05-Nov-2016 12:35:54.221 INFO [main] org.apache.coyote.AbstractProtocol.init Initializing ProtocolHandler ["ajp-nio-8001"]
05-Nov-2016 12:35:54.227 INFO [main] org.apache.tomcat.util.net.NioSelectorPool.getSharedSelector Using a shared selector for servlet write/read
05-Nov-2016 12:35:54.228 INFO [main] org.apache.catalina.startup.Catalina.load Initialization processed in 1786 ms
05-Nov-2016 12:35:54.374 INFO [main] org.apache.catalina.core.StandardService.startInternal Starting service Catalina
05-Nov-2016 12:35:54.390 INFO [main] org.apache.catalina.core.StandardEngine.startInternal Starting Servlet Engine: Apache Tomcat/8.0.15
05-Nov-2016 12:35:54.421 INFO [localhost-startStop-1] org.apache.catalina.startup.HostConfig.deployDescriptor Deploying configuration descriptor C:\Users\Migueljr\Documents\NetBeansProjects\Apache Tomcat 8.0.15\conf\Catalina\localhost\migueljunior.xml
05-Nov-2016 12:35:59.523 INFO [localhost-startStop-1] org.apache.jasper.servlet.TldScanner.scanJars At least one JAR was scanned for TLDs yet contained no TLDs. Enable debug logging for this logger for a complete list of JARs that were scanned but no TLDs were found in them. Skipping unneeded JARs during scanning can improve startup time and JSP compilation time.
05-Nov-2016 12:36:01.992 INFO [localhost-startStop-1] org.apache.catalina.util.SessionIdGeneratorBase.createSecureRandom Creation of SecureRandom instance for session ID generation using [SHA1PRNG] took [125] milliseconds.
05-Nov-2016 12:36:02.023 INFO [localhost-startStop-1] org.apache.catalina.startup.HostConfig.deployDescriptor Deployment of configuration descriptor C:\Users\Migueljr\Documents\NetBeansProjects\Apache Tomcat 8.0.15\conf\Catalina\localhost\migueljunior.xml has finished in 7,602 ms
05-Nov-2016 12:36:02.023 INFO [localhost-startStop-1] org.apache.catalina.startup.HostConfig.deployDescriptor Deploying configuration descriptor C:\Users\Migueljr\Documents\NetBeansProjects\Apache Tomcat 8.0.15\conf\Catalina\localhost\mjunior1.xml
05-Nov-2016 12:36:02.023 SEVERE [localhost-startStop-1] org.apache.catalina.core.ContainerBase.addChildInternal ContainerBase.addChild: start: 
 org.apache.catalina.LifecycleException: Failed to start component [StandardEngine[Catalina].StandardHost[localhost].StandardContext[/mjunior1]]
	at org.apache.catalina.util.LifecycleBase.start(LifecycleBase.java:154)
	at org.apache.catalina.core.ContainerBase.addChildInternal(ContainerBase.java:725)
	at org.apache.catalina.core.ContainerBase.addChild(ContainerBase.java:701)
	at org.apache.catalina.core.StandardHost.addChild(StandardHost.java:714)
	at org.apache.catalina.startup.HostConfig.deployDescriptor(HostConfig.java:581)
	at org.apache.catalina.startup.HostConfig$DeployDescriptor.run(HostConfig.java:1683)
	at java.util.concurrent.Executors$RunnableAdapter.call(Executors.java:471)
	at java.util.concurrent.FutureTask.run(FutureTask.java:262)
	at java.util.concurrent.ThreadPoolExecutor.runWorker(ThreadPoolExecutor.java:1145)
	at java.util.concurrent.ThreadPoolExecutor$Worker.run(ThreadPoolExecutor.java:615)
	at java.lang.Thread.run(Thread.java:745)
Caused by: org.apache.catalina.LifecycleException: Failed to start component [org.apache.catalina.webresources.StandardRoot@4ba704c3]
	at org.apache.catalina.util.LifecycleBase.start(LifecycleBase.java:154)
	at org.apache.catalina.core.StandardContext.resourcesStart(StandardContext.java:4875)
	at org.apache.catalina.core.StandardContext.startInternal(StandardContext.java:5004)
	at org.apache.catalina.util.LifecycleBase.start(LifecycleBase.java:150)
	... 10 more
Caused by: java.lang.IllegalArgumentException: The main resource set specified [C:\Users\Migueljr\Documents\NetBeansProjects\mjunior1\build\web] is not valid
	at org.apache.catalina.webresources.StandardRoot.startInternal(StandardRoot.java:670)
	at org.apache.catalina.util.LifecycleBase.start(LifecycleBase.java:150)
	... 13 more

05-Nov-2016 12:36:02.023 SEVERE [localhost-startStop-1] org.apache.catalina.startup.HostConfig.deployDescriptor Error deploying configuration descriptor C:\Users\Migueljr\Documents\NetBeansProjects\Apache Tomcat 8.0.15\conf\Catalina\localhost\mjunior1.xml
 java.lang.IllegalStateException: ContainerBase.addChild: start: org.apache.catalina.LifecycleException: Failed to start component [StandardEngine[Catalina].StandardHost[localhost].StandardContext[/mjunior1]]
	at org.apache.catalina.core.ContainerBase.addChildInternal(ContainerBase.java:728)
	at org.apache.catalina.core.ContainerBase.addChild(ContainerBase.java:701)
	at org.apache.catalina.core.StandardHost.addChild(StandardHost.java:714)
	at org.apache.catalina.startup.HostConfig.deployDescriptor(HostConfig.java:581)
	at org.apache.catalina.startup.HostConfig$DeployDescriptor.run(HostConfig.java:1683)
	at java.util.concurrent.Executors$RunnableAdapter.call(Executors.java:471)
	at java.util.concurrent.FutureTask.run(FutureTask.java:262)
	at java.util.concurrent.ThreadPoolExecutor.runWorker(ThreadPoolExecutor.java:1145)
	at java.util.concurrent.ThreadPoolExecutor$Worker.run(ThreadPoolExecutor.java:615)
	at java.lang.Thread.run(Thread.java:745)

05-Nov-2016 12:36:02.023 INFO [localhost-startStop-1] org.apache.catalina.startup.HostConfig.deployDescriptor Deployment of configuration descriptor C:\Users\Migueljr\Documents\NetBeansProjects\Apache Tomcat 8.0.15\conf\Catalina\localhost\mjunior1.xml has finished in 0 ms
05-Nov-2016 12:36:02.086 INFO [localhost-startStop-1] org.apache.catalina.startup.HostConfig.deployDescriptor Deploying configuration descriptor C:\Users\Migueljr\Documents\NetBeansProjects\Apache Tomcat 8.0.15\conf\Catalina\localhost\mjuniorr.xml
05-Nov-2016 12:36:06.545 INFO [localhost-startStop-1] org.apache.jasper.servlet.TldScanner.scanJars At least one JAR was scanned for TLDs yet contained no TLDs. Enable debug logging for this logger for a complete list of JARs that were scanned but no TLDs were found in them. Skipping unneeded JARs during scanning can improve startup time and JSP compilation time.
05-Nov-2016 12:36:06.554 INFO [localhost-startStop-1] org.apache.catalina.startup.HostConfig.deployDescriptor Deployment of configuration descriptor C:\Users\Migueljr\Documents\NetBeansProjects\Apache Tomcat 8.0.15\conf\Catalina\localhost\mjuniorr.xml has finished in 4,467 ms
05-Nov-2016 12:36:06.554 INFO [localhost-startStop-1] org.apache.catalina.startup.HostConfig.deployDescriptor Deploying configuration descriptor C:\Users\Migueljr\Documents\NetBeansProjects\Apache Tomcat 8.0.15\conf\Catalina\localhost\SGEM.xml
05-Nov-2016 12:36:06.802 INFO [localhost-startStop-1] org.apache.jasper.servlet.TldScanner.scanJars At least one JAR was scanned for TLDs yet contained no TLDs. Enable debug logging for this logger for a complete list of JARs that were scanned but no TLDs were found in them. Skipping unneeded JARs during scanning can improve startup time and JSP compilation time.
05-Nov-2016 12:36:06.804 SEVERE [localhost-startStop-1] org.apache.catalina.core.StandardContext.startInternal Error listenerStart
05-Nov-2016 12:36:06.805 SEVERE [localhost-startStop-1] org.apache.catalina.core.StandardContext.startInternal Context [/SGEM] startup failed due to previous errors
05-Nov-2016 12:36:06.859 INFO [localhost-startStop-1] org.apache.catalina.startup.HostConfig.deployDescriptor Deployment of configuration descriptor C:\Users\Migueljr\Documents\NetBeansProjects\Apache Tomcat 8.0.15\conf\Catalina\localhost\SGEM.xml has finished in 305 ms
05-Nov-2016 12:36:06.859 INFO [localhost-startStop-1] org.apache.catalina.startup.HostConfig.deployDescriptor Deploying configuration descriptor C:\Users\Migueljr\Documents\NetBeansProjects\Apache Tomcat 8.0.15\conf\Catalina\localhost\SGEM1.xml
05-Nov-2016 12:36:10.000 INFO [localhost-startStop-1] org.apache.jasper.servlet.TldScanner.scanJars At least one JAR was scanned for TLDs yet contained no TLDs. Enable debug logging for this logger for a complete list of JARs that were scanned but no TLDs were found in them. Skipping unneeded JARs during scanning can improve startup time and JSP compilation time.
05-Nov-2016 12:36:10.000 INFO [localhost-startStop-1] org.apache.catalina.startup.HostConfig.deployDescriptor Deployment of configuration descriptor C:\Users\Migueljr\Documents\NetBeansProjects\Apache Tomcat 8.0.15\conf\Catalina\localhost\SGEM1.xml has finished in 3,141 ms
05-Nov-2016 12:36:10.000 INFO [localhost-startStop-1] org.apache.catalina.startup.HostConfig.deployDescriptor Deploying configuration descriptor C:\Users\Migueljr\Documents\NetBeansProjects\Apache Tomcat 8.0.15\conf\Catalina\localhost\SGEM_with_base_de_dados_final.xml
05-Nov-2016 12:36:13.047 INFO [localhost-startStop-1] org.apache.jasper.servlet.TldScanner.scanJars At least one JAR was scanned for TLDs yet contained no TLDs. Enable debug logging for this logger for a complete list of JARs that were scanned but no TLDs were found in them. Skipping unneeded JARs during scanning can improve startup time and JSP compilation time.
05-Nov-2016 12:36:15.188 INFO [localhost-startStop-1] org.apache.catalina.startup.HostConfig.deployDescriptor Deployment of configuration descriptor C:\Users\Migueljr\Documents\NetBeansProjects\Apache Tomcat 8.0.15\conf\Catalina\localhost\SGEM_with_base_de_dados_final.xml has finished in 5,188 ms
05-Nov-2016 12:36:15.188 INFO [localhost-startStop-1] org.apache.catalina.startup.HostConfig.deployDescriptor Deploying configuration descriptor C:\Users\Migueljr\Documents\NetBeansProjects\Apache Tomcat 8.0.15\conf\Catalina\localhost\SGEM_with_data_base.xml
05-Nov-2016 12:36:17.918 INFO [localhost-startStop-1] org.apache.jasper.servlet.TldScanner.scanJars At least one JAR was scanned for TLDs yet contained no TLDs. Enable debug logging for this logger for a complete list of JARs that were scanned but no TLDs were found in them. Skipping unneeded JARs during scanning can improve startup time and JSP compilation time.
05-Nov-2016 12:36:20.087 INFO [localhost-startStop-1] org.apache.catalina.startup.HostConfig.deployDescriptor Deployment of configuration descriptor C:\Users\Migueljr\Documents\NetBeansProjects\Apache Tomcat 8.0.15\conf\Catalina\localhost\SGEM_with_data_base.xml has finished in 4,899 ms
05-Nov-2016 12:36:20.087 INFO [localhost-startStop-1] org.apache.catalina.startup.HostConfig.deployDescriptor Deploying configuration descriptor C:\Users\Migueljr\Documents\NetBeansProjects\Apache Tomcat 8.0.15\conf\Catalina\localhost\WebApplication3.xml
05-Nov-2016 12:36:20.134 INFO [localhost-startStop-1] org.apache.catalina.startup.HostConfig.deployDescriptor Deployment of configuration descriptor C:\Users\Migueljr\Documents\NetBeansProjects\Apache Tomcat 8.0.15\conf\Catalina\localhost\WebApplication3.xml has finished in 47 ms
05-Nov-2016 12:36:20.134 INFO [localhost-startStop-1] org.apache.catalina.startup.HostConfig.deployDirectory Deploying web application directory C:\Users\Migueljr\Documents\NetBeansProjects\Apache Tomcat 8.0.15\webapps\docs
05-Nov-2016 12:36:20.165 INFO [localhost-startStop-1] org.apache.catalina.startup.HostConfig.deployDirectory Deployment of web application directory C:\Users\Migueljr\Documents\NetBeansProjects\Apache Tomcat 8.0.15\webapps\docs has finished in 31 ms
05-Nov-2016 12:36:20.165 INFO [localhost-startStop-1] org.apache.catalina.startup.HostConfig.deployDirectory Deploying web application directory C:\Users\Migueljr\Documents\NetBeansProjects\Apache Tomcat 8.0.15\webapps\examples
05-Nov-2016 12:36:20.900 INFO [localhost-startStop-1] org.apache.catalina.startup.HostConfig.deployDirectory Deployment of web application directory C:\Users\Migueljr\Documents\NetBeansProjects\Apache Tomcat 8.0.15\webapps\examples has finished in 735 ms
05-Nov-2016 12:36:20.900 INFO [localhost-startStop-1] org.apache.catalina.startup.HostConfig.deployDirectory Deploying web application directory C:\Users\Migueljr\Documents\NetBeansProjects\Apache Tomcat 8.0.15\webapps\host-manager
05-Nov-2016 12:36:20.947 INFO [localhost-startStop-1] org.apache.catalina.startup.HostConfig.deployDirectory Deployment of web application directory C:\Users\Migueljr\Documents\NetBeansProjects\Apache Tomcat 8.0.15\webapps\host-manager has finished in 47 ms
05-Nov-2016 12:36:20.947 INFO [localhost-startStop-1] org.apache.catalina.startup.HostConfig.deployDirectory Deploying web application directory C:\Users\Migueljr\Documents\NetBeansProjects\Apache Tomcat 8.0.15\webapps\manager
05-Nov-2016 12:36:21.009 INFO [localhost-startStop-1] org.apache.catalina.startup.HostConfig.deployDirectory Deployment of web application directory C:\Users\Migueljr\Documents\NetBeansProjects\Apache Tomcat 8.0.15\webapps\manager has finished in 62 ms
05-Nov-2016 12:36:21.009 INFO [localhost-startStop-1] org.apache.catalina.startup.HostConfig.deployDirectory Deploying web application directory C:\Users\Migueljr\Documents\NetBeansProjects\Apache Tomcat 8.0.15\webapps\ROOT
05-Nov-2016 12:36:21.087 INFO [localhost-startStop-1] org.apache.catalina.startup.HostConfig.deployDirectory Deployment of web application directory C:\Users\Migueljr\Documents\NetBeansProjects\Apache Tomcat 8.0.15\webapps\ROOT has finished in 78 ms
05-Nov-2016 12:36:21.103 INFO [main] org.apache.coyote.AbstractProtocol.start Starting ProtocolHandler ["http-nio-1019"]
05-Nov-2016 12:36:21.118 INFO [main] org.apache.coyote.AbstractProtocol.start Starting ProtocolHandler ["ajp-nio-8001"]
05-Nov-2016 12:36:21.118 INFO [main] org.apache.catalina.startup.Catalina.start Server startup in 26895 ms
05-Nov-2016 12:36:23.086 INFO [http-nio-1019-exec-5] org.apache.catalina.core.StandardContext.reload Reloading Context with name [/SGEM_with_base_de_dados_final] has started
05-Nov-2016 12:36:26.087 INFO [http-nio-1019-exec-5] org.apache.jasper.servlet.TldScanner.scanJars At least one JAR was scanned for TLDs yet contained no TLDs. Enable debug logging for this logger for a complete list of JARs that were scanned but no TLDs were found in them. Skipping unneeded JARs during scanning can improve startup time and JSP compilation time.
05-Nov-2016 12:36:28.197 INFO [http-nio-1019-exec-5] org.apache.catalina.core.StandardContext.reload Reloading Context with name [/SGEM_with_base_de_dados_final] is completed
05-Nov-2016 12:37:34.071 SEVERE [http-nio-1019-exec-13] null.null null
 org.apache.jasper.JasperException: java.lang.NullPointerException
	at org.apache.jasper.servlet.JspServletWrapper.handleJspException(JspServletWrapper.java:549)
	at org.apache.jasper.servlet.JspServletWrapper.service(JspServletWrapper.java:470)
	at org.apache.jasper.servlet.JspServlet.serviceJspFile(JspServlet.java:396)
	at org.apache.jasper.servlet.JspServlet.service(JspServlet.java:340)
	at javax.servlet.http.HttpServlet.service(HttpServlet.java:725)
	at org.apache.catalina.core.ApplicationFilterChain.internalDoFilter(ApplicationFilterChain.java:291)
	at org.apache.catalina.core.ApplicationFilterChain.doFilter(ApplicationFilterChain.java:206)
	at org.apache.tomcat.websocket.server.WsFilter.doFilter(WsFilter.java:52)
	at org.apache.catalina.core.ApplicationFilterChain.internalDoFilter(ApplicationFilterChain.java:239)
	at org.apache.catalina.core.ApplicationFilterChain.doFilter(ApplicationFilterChain.java:206)
	at org.apache.catalina.core.ApplicationDispatcher.invoke(ApplicationDispatcher.java:721)
	at org.apache.catalina.core.ApplicationDispatcher.processRequest(ApplicationDispatcher.java:466)
	at org.apache.catalina.core.ApplicationDispatcher.doForward(ApplicationDispatcher.java:391)
	at org.apache.catalina.core.ApplicationDispatcher.forward(ApplicationDispatcher.java:318)
	at Servelets.cadastrarEmprestimo.processRequest(cadastrarEmprestimo.java:78)
	at Servelets.cadastrarEmprestimo.doGet(cadastrarEmprestimo.java:100)
	at javax.servlet.http.HttpServlet.service(HttpServlet.java:618)
	at javax.servlet.http.HttpServlet.service(HttpServlet.java:725)
	at org.apache.catalina.core.ApplicationFilterChain.internalDoFilter(ApplicationFilterChain.java:291)
	at org.apache.catalina.core.ApplicationFilterChain.doFilter(ApplicationFilterChain.java:206)
	at org.apache.tomcat.websocket.server.WsFilter.doFilter(WsFilter.java:52)
	at org.apache.catalina.core.ApplicationFilterChain.internalDoFilter(ApplicationFilterChain.java:239)
	at org.apache.catalina.core.ApplicationFilterChain.doFilter(ApplicationFilterChain.java:206)
	at org.apache.catalina.core.StandardWrapperValve.invoke(StandardWrapperValve.java:219)
	at org.apache.catalina.core.StandardContextValve.invoke(StandardContextValve.java:106)
	at org.apache.catalina.authenticator.AuthenticatorBase.invoke(AuthenticatorBase.java:501)
	at org.apache.catalina.core.StandardHostValve.invoke(StandardHostValve.java:142)
	at org.apache.catalina.valves.ErrorReportValve.invoke(ErrorReportValve.java:79)
	at org.apache.catalina.valves.AbstractAccessLogValve.invoke(AbstractAccessLogValve.java:610)
	at org.apache.catalina.core.StandardEngineValve.invoke(StandardEngineValve.java:88)
	at org.apache.catalina.connector.CoyoteAdapter.service(CoyoteAdapter.java:537)
	at org.apache.coyote.http11.AbstractHttp11Processor.process(AbstractHttp11Processor.java:1085)
	at org.apache.coyote.AbstractProtocol$AbstractConnectionHandler.process(AbstractProtocol.java:658)
	at org.apache.coyote.http11.Http11NioProtocol$Http11ConnectionHandler.process(Http11NioProtocol.java:222)
	at org.apache.tomcat.util.net.NioEndpoint$SocketProcessor.doRun(NioEndpoint.java:1556)
	at org.apache.tomcat.util.net.NioEndpoint$SocketProcessor.run(NioEndpoint.java:1513)
	at java.util.concurrent.ThreadPoolExecutor.runWorker(ThreadPoolExecutor.java:1145)
	at java.util.concurrent.ThreadPoolExecutor$Worker.run(ThreadPoolExecutor.java:615)
	at org.apache.tomcat.util.threads.TaskThread$WrappingRunnable.run(TaskThread.java:61)
	at java.lang.Thread.run(Thread.java:745)
Caused by: java.lang.NullPointerException
	at org.apache.jsp.TodosEmprestimos_jsp._jspService(TodosEmprestimos_jsp.java:183)
	at org.apache.jasper.runtime.HttpJspBase.service(HttpJspBase.java:70)
	at javax.servlet.http.HttpServlet.service(HttpServlet.java:725)
	at org.apache.jasper.servlet.JspServletWrapper.service(JspServletWrapper.java:432)
	... 38 more

05-Nov-2016 12:47:18.871 INFO [main] org.apache.catalina.core.StandardServer.await A valid shutdown command was received via the shutdown port. Stopping the Server instance.
05-Nov-2016 12:47:18.871 INFO [main] org.apache.coyote.AbstractProtocol.pause Pausing ProtocolHandler ["http-nio-1019"]
05-Nov-2016 12:47:18.934 INFO [main] org.apache.coyote.AbstractProtocol.pause Pausing ProtocolHandler ["ajp-nio-8001"]
05-Nov-2016 12:47:18.996 INFO [main] org.apache.catalina.core.StandardService.stopInternal Stopping service Catalina
05-Nov-2016 12:47:19.074 WARNING [localhost-startStop-2] org.apache.catalina.loader.WebappClassLoaderBase.clearReferencesThreads The web application [SGEM_with_data_base] appears to have started a thread named [Abandoned connection cleanup thread] but has failed to stop it. This is very likely to create a memory leak. Stack trace of thread:
 java.lang.Object.wait(Native Method)
 java.lang.ref.ReferenceQueue.remove(ReferenceQueue.java:135)
 com.mysql.jdbc.AbandonedConnectionCleanupThread.run(AbandonedConnectionCleanupThread.java:41)
05-Nov-2016 12:47:19.137 WARNING [localhost-startStop-2] org.apache.catalina.loader.WebappClassLoaderBase.clearReferencesJdbc The web application [SGEM_with_base_de_dados_final] registered the JDBC driver [com.mysql.jdbc.Driver] but failed to unregister it when the web application was stopped. To prevent a memory leak, the JDBC Driver has been forcibly unregistered.
05-Nov-2016 12:47:19.184 INFO [main] org.apache.coyote.AbstractProtocol.stop Stopping ProtocolHandler ["http-nio-1019"]
05-Nov-2016 12:47:19.184 INFO [main] org.apache.coyote.AbstractProtocol.stop Stopping ProtocolHandler ["ajp-nio-8001"]
05-Nov-2016 12:47:19.184 INFO [main] org.apache.coyote.AbstractProtocol.destroy Destroying ProtocolHandler ["http-nio-1019"]
05-Nov-2016 12:47:19.184 INFO [main] org.apache.coyote.AbstractProtocol.destroy Destroying ProtocolHandler ["ajp-nio-8001"]
