07-Oct-2016 00:27:32.927 INFO [http-nio-1021-exec-1] org.apache.catalina.core.StandardContext.reload Reloading Context with name [/SGEM_with_data_base] has started
07-Oct-2016 00:27:33.005 WARNING [http-nio-1021-exec-1] org.apache.catalina.loader.WebappClassLoaderBase.clearReferencesJdbc The web application [SGEM_with_data_base] registered the JDBC driver [com.mysql.jdbc.Driver] but failed to unregister it when the web application was stopped. To prevent a memory leak, the JDBC Driver has been forcibly unregistered.
07-Oct-2016 00:27:36.115 INFO [http-nio-1021-exec-1] org.apache.jasper.servlet.TldScanner.scanJars At least one JAR was scanned for TLDs yet contained no TLDs. Enable debug logging for this logger for a complete list of JARs that were scanned but no TLDs were found in them. Skipping unneeded JARs during scanning can improve startup time and JSP compilation time.
07-Oct-2016 00:27:38.272 INFO [http-nio-1021-exec-1] org.apache.catalina.core.StandardContext.reload Reloading Context with name [/SGEM_with_data_base] is completed
07-Oct-2016 00:27:58.682 INFO [http-nio-1021-exec-2] org.apache.catalina.core.StandardContext.reload Reloading Context with name [/SGEM_with_data_base] has started
07-Oct-2016 00:28:01.611 INFO [http-nio-1021-exec-2] org.apache.jasper.servlet.TldScanner.scanJars At least one JAR was scanned for TLDs yet contained no TLDs. Enable debug logging for this logger for a complete list of JARs that were scanned but no TLDs were found in them. Skipping unneeded JARs during scanning can improve startup time and JSP compilation time.
07-Oct-2016 00:28:03.959 INFO [http-nio-1021-exec-2] org.apache.catalina.core.StandardContext.reload Reloading Context with name [/SGEM_with_data_base] is completed
07-Oct-2016 00:33:08.947 INFO [http-nio-1021-exec-22] org.apache.catalina.core.StandardContext.reload Reloading Context with name [/SGEM_with_data_base] has started
07-Oct-2016 00:33:08.963 WARNING [http-nio-1021-exec-22] org.apache.catalina.loader.WebappClassLoaderBase.clearReferencesJdbc The web application [SGEM_with_data_base] registered the JDBC driver [com.mysql.jdbc.Driver] but failed to unregister it when the web application was stopped. To prevent a memory leak, the JDBC Driver has been forcibly unregistered.
07-Oct-2016 00:33:11.921 INFO [http-nio-1021-exec-22] org.apache.jasper.servlet.TldScanner.scanJars At least one JAR was scanned for TLDs yet contained no TLDs. Enable debug logging for this logger for a complete list of JARs that were scanned but no TLDs were found in them. Skipping unneeded JARs during scanning can improve startup time and JSP compilation time.
07-Oct-2016 00:33:14.106 INFO [http-nio-1021-exec-22] org.apache.catalina.core.StandardContext.reload Reloading Context with name [/SGEM_with_data_base] is completed
07-Oct-2016 01:11:35.522 INFO [main] org.apache.catalina.core.StandardServer.await A valid shutdown command was received via the shutdown port. Stopping the Server instance.
07-Oct-2016 01:11:35.523 INFO [main] org.apache.coyote.AbstractProtocol.pause Pausing ProtocolHandler ["http-nio-1021"]
07-Oct-2016 01:11:35.574 INFO [main] org.apache.coyote.AbstractProtocol.pause Pausing ProtocolHandler ["ajp-nio-8007"]
07-Oct-2016 01:11:35.624 INFO [main] org.apache.catalina.core.StandardService.stopInternal Stopping service Catalina
07-Oct-2016 01:11:35.699 WARNING [localhost-startStop-2] org.apache.catalina.loader.WebappClassLoaderBase.clearReferencesThreads The web application [migueljunior] appears to have started a thread named [Abandoned connection cleanup thread] but has failed to stop it. This is very likely to create a memory leak. Stack trace of thread:
 java.lang.Object.wait(Native Method)
 java.lang.ref.ReferenceQueue.remove(ReferenceQueue.java:135)
 com.mysql.jdbc.AbandonedConnectionCleanupThread.run(AbandonedConnectionCleanupThread.java:41)
07-Oct-2016 01:11:35.734 WARNING [localhost-startStop-2] org.apache.catalina.loader.WebappClassLoaderBase.clearReferencesJdbc The web application [SGEM_with_data_base] registered the JDBC driver [com.mysql.jdbc.Driver] but failed to unregister it when the web application was stopped. To prevent a memory leak, the JDBC Driver has been forcibly unregistered.
07-Oct-2016 01:11:35.766 INFO [main] org.apache.coyote.AbstractProtocol.stop Stopping ProtocolHandler ["http-nio-1021"]
07-Oct-2016 01:11:35.769 INFO [main] org.apache.coyote.AbstractProtocol.stop Stopping ProtocolHandler ["ajp-nio-8007"]
07-Oct-2016 01:11:35.774 INFO [main] org.apache.coyote.AbstractProtocol.destroy Destroying ProtocolHandler ["http-nio-1021"]
07-Oct-2016 01:11:35.777 INFO [main] org.apache.coyote.AbstractProtocol.destroy Destroying ProtocolHandler ["ajp-nio-8007"]
