03-Nov-2016 22:54:34.001 INFO [main] org.apache.catalina.startup.VersionLoggerListener.log Server version:        Apache Tomcat/8.0.15
03-Nov-2016 22:54:34.001 INFO [main] org.apache.catalina.startup.VersionLoggerListener.log Server built:          Nov 2 2014 19:25:20 UTC
03-Nov-2016 22:54:34.001 INFO [main] org.apache.catalina.startup.VersionLoggerListener.log Server number:         8.0.15.0
03-Nov-2016 22:54:34.001 INFO [main] org.apache.catalina.startup.VersionLoggerListener.log OS Name:               Windows 8.1
03-Nov-2016 22:54:34.001 INFO [main] org.apache.catalina.startup.VersionLoggerListener.log OS Version:            6.3
03-Nov-2016 22:54:34.001 INFO [main] org.apache.catalina.startup.VersionLoggerListener.log Architecture:          amd64
03-Nov-2016 22:54:34.001 INFO [main] org.apache.catalina.startup.VersionLoggerListener.log JAVA_HOME:             C:\Program Files\Java\jdk1.7.0_80\jre
03-Nov-2016 22:54:34.001 INFO [main] org.apache.catalina.startup.VersionLoggerListener.log JVM Version:           1.7.0_80-b15
03-Nov-2016 22:54:34.001 INFO [main] org.apache.catalina.startup.VersionLoggerListener.log JVM Vendor:            Oracle Corporation
03-Nov-2016 22:54:34.001 INFO [main] org.apache.catalina.startup.VersionLoggerListener.log CATALINA_BASE:         C:\Users\Migueljr\Documents\NetBeansProjects\Apache Tomcat 8.0.15
03-Nov-2016 22:54:34.001 INFO [main] org.apache.catalina.startup.VersionLoggerListener.log CATALINA_HOME:         C:\Users\Migueljr\Documents\NetBeansProjects\Apache Tomcat 8.0.15
03-Nov-2016 22:54:34.001 INFO [main] org.apache.catalina.startup.VersionLoggerListener.log Command line argument: -Dhttp.nonProxyHosts=localhost|127.0.0.1|DELL-inspiron
03-Nov-2016 22:54:34.001 INFO [main] org.apache.catalina.startup.VersionLoggerListener.log Command line argument: -Djava.util.logging.config.file=C:\Users\Migueljr\Documents\NetBeansProjects\Apache Tomcat 8.0.15\conf\logging.properties
03-Nov-2016 22:54:34.001 INFO [main] org.apache.catalina.startup.VersionLoggerListener.log Command line argument: -Djava.util.logging.manager=org.apache.juli.ClassLoaderLogManager
03-Nov-2016 22:54:34.001 INFO [main] org.apache.catalina.startup.VersionLoggerListener.log Command line argument: -Djava.endorsed.dirs=C:\Users\Migueljr\Documents\NetBeansProjects\Apache Tomcat 8.0.15\endorsed
03-Nov-2016 22:54:34.017 INFO [main] org.apache.catalina.startup.VersionLoggerListener.log Command line argument: -Dcatalina.base=C:\Users\Migueljr\Documents\NetBeansProjects\Apache Tomcat 8.0.15
03-Nov-2016 22:54:34.017 INFO [main] org.apache.catalina.startup.VersionLoggerListener.log Command line argument: -Dcatalina.home=C:\Users\Migueljr\Documents\NetBeansProjects\Apache Tomcat 8.0.15
03-Nov-2016 22:54:34.017 INFO [main] org.apache.catalina.startup.VersionLoggerListener.log Command line argument: -Djava.io.tmpdir=C:\Users\Migueljr\Documents\NetBeansProjects\Apache Tomcat 8.0.15\temp
03-Nov-2016 22:54:34.017 INFO [main] org.apache.catalina.core.AprLifecycleListener.lifecycleEvent The APR based Apache Tomcat Native library which allows optimal performance in production environments was not found on the java.library.path: C:\Program Files\Java\jdk1.7.0_80\bin;C:\Windows\Sun\Java\bin;C:\Windows\system32;C:\Windows;C:\ProgramData\Oracle\Java\javapath;C:\Windows\system32;C:\Windows;C:\Windows\System32\Wbem;C:\Windows\System32\WindowsPowerShell\v1.0\;.
03-Nov-2016 22:54:34.580 INFO [main] org.apache.coyote.AbstractProtocol.init Initializing ProtocolHandler ["http-nio-1019"]
03-Nov-2016 22:54:34.705 INFO [main] org.apache.tomcat.util.net.NioSelectorPool.getSharedSelector Using a shared selector for servlet write/read
03-Nov-2016 22:54:34.720 INFO [main] org.apache.coyote.AbstractProtocol.init Initializing ProtocolHandler ["ajp-nio-8001"]
03-Nov-2016 22:54:34.736 INFO [main] org.apache.tomcat.util.net.NioSelectorPool.getSharedSelector Using a shared selector for servlet write/read
03-Nov-2016 22:54:34.736 INFO [main] org.apache.catalina.startup.Catalina.load Initialization processed in 1547 ms
03-Nov-2016 22:54:34.908 INFO [main] org.apache.catalina.core.StandardService.startInternal Starting service Catalina
03-Nov-2016 22:54:34.908 INFO [main] org.apache.catalina.core.StandardEngine.startInternal Starting Servlet Engine: Apache Tomcat/8.0.15
03-Nov-2016 22:54:34.923 INFO [localhost-startStop-1] org.apache.catalina.startup.HostConfig.deployDescriptor Deploying configuration descriptor C:\Users\Migueljr\Documents\NetBeansProjects\Apache Tomcat 8.0.15\conf\Catalina\localhost\migueljunior.xml
03-Nov-2016 22:54:41.412 INFO [localhost-startStop-1] org.apache.jasper.servlet.TldScanner.scanJars At least one JAR was scanned for TLDs yet contained no TLDs. Enable debug logging for this logger for a complete list of JARs that were scanned but no TLDs were found in them. Skipping unneeded JARs during scanning can improve startup time and JSP compilation time.
03-Nov-2016 22:54:43.912 INFO [localhost-startStop-1] org.apache.catalina.util.SessionIdGeneratorBase.createSecureRandom Creation of SecureRandom instance for session ID generation using [SHA1PRNG] took [125] milliseconds.
03-Nov-2016 22:54:43.944 INFO [localhost-startStop-1] org.apache.catalina.startup.HostConfig.deployDescriptor Deployment of configuration descriptor C:\Users\Migueljr\Documents\NetBeansProjects\Apache Tomcat 8.0.15\conf\Catalina\localhost\migueljunior.xml has finished in 9,021 ms
03-Nov-2016 22:54:43.944 INFO [localhost-startStop-1] org.apache.catalina.startup.HostConfig.deployDescriptor Deploying configuration descriptor C:\Users\Migueljr\Documents\NetBeansProjects\Apache Tomcat 8.0.15\conf\Catalina\localhost\mjunior1.xml
03-Nov-2016 22:54:43.975 SEVERE [localhost-startStop-1] org.apache.catalina.core.ContainerBase.addChildInternal ContainerBase.addChild: start: 
 org.apache.catalina.LifecycleException: Failed to start component [StandardEngine[Catalina].StandardHost[localhost].StandardContext[/mjunior1]]
	at org.apache.catalina.util.LifecycleBase.start(LifecycleBase.java:154)
	at org.apache.catalina.core.ContainerBase.addChildInternal(ContainerBase.java:725)
	at org.apache.catalina.core.ContainerBase.addChild(ContainerBase.java:701)
	at org.apache.catalina.core.StandardHost.addChild(StandardHost.java:714)
	at org.apache.catalina.startup.HostConfig.deployDescriptor(HostConfig.java:581)
	at org.apache.catalina.startup.HostConfig$DeployDescriptor.run(HostConfig.java:1683)
	at java.util.concurrent.Executors$RunnableAdapter.call(Executors.java:471)
	at java.util.concurrent.FutureTask.run(FutureTask.java:262)
	at java.util.concurrent.ThreadPoolExecutor.runWorker(ThreadPoolExecutor.java:1145)
	at java.util.concurrent.ThreadPoolExecutor$Worker.run(ThreadPoolExecutor.java:615)
	at java.lang.Thread.run(Thread.java:745)
Caused by: org.apache.catalina.LifecycleException: Failed to start component [org.apache.catalina.webresources.StandardRoot@4ffebedb]
	at org.apache.catalina.util.LifecycleBase.start(LifecycleBase.java:154)
	at org.apache.catalina.core.StandardContext.resourcesStart(StandardContext.java:4875)
	at org.apache.catalina.core.StandardContext.startInternal(StandardContext.java:5004)
	at org.apache.catalina.util.LifecycleBase.start(LifecycleBase.java:150)
	... 10 more
Caused by: java.lang.IllegalArgumentException: The main resource set specified [C:\Users\Migueljr\Documents\NetBeansProjects\mjunior1\build\web] is not valid
	at org.apache.catalina.webresources.StandardRoot.startInternal(StandardRoot.java:670)
	at org.apache.catalina.util.LifecycleBase.start(LifecycleBase.java:150)
	... 13 more

03-Nov-2016 22:54:43.975 SEVERE [localhost-startStop-1] org.apache.catalina.startup.HostConfig.deployDescriptor Error deploying configuration descriptor C:\Users\Migueljr\Documents\NetBeansProjects\Apache Tomcat 8.0.15\conf\Catalina\localhost\mjunior1.xml
 java.lang.IllegalStateException: ContainerBase.addChild: start: org.apache.catalina.LifecycleException: Failed to start component [StandardEngine[Catalina].StandardHost[localhost].StandardContext[/mjunior1]]
	at org.apache.catalina.core.ContainerBase.addChildInternal(ContainerBase.java:728)
	at org.apache.catalina.core.ContainerBase.addChild(ContainerBase.java:701)
	at org.apache.catalina.core.StandardHost.addChild(StandardHost.java:714)
	at org.apache.catalina.startup.HostConfig.deployDescriptor(HostConfig.java:581)
	at org.apache.catalina.startup.HostConfig$DeployDescriptor.run(HostConfig.java:1683)
	at java.util.concurrent.Executors$RunnableAdapter.call(Executors.java:471)
	at java.util.concurrent.FutureTask.run(FutureTask.java:262)
	at java.util.concurrent.ThreadPoolExecutor.runWorker(ThreadPoolExecutor.java:1145)
	at java.util.concurrent.ThreadPoolExecutor$Worker.run(ThreadPoolExecutor.java:615)
	at java.lang.Thread.run(Thread.java:745)

03-Nov-2016 22:54:43.975 INFO [localhost-startStop-1] org.apache.catalina.startup.HostConfig.deployDescriptor Deployment of configuration descriptor C:\Users\Migueljr\Documents\NetBeansProjects\Apache Tomcat 8.0.15\conf\Catalina\localhost\mjunior1.xml has finished in 31 ms
03-Nov-2016 22:54:44.006 INFO [localhost-startStop-1] org.apache.catalina.startup.HostConfig.deployDescriptor Deploying configuration descriptor C:\Users\Migueljr\Documents\NetBeansProjects\Apache Tomcat 8.0.15\conf\Catalina\localhost\mjuniorr.xml
03-Nov-2016 22:54:49.226 INFO [localhost-startStop-1] org.apache.jasper.servlet.TldScanner.scanJars At least one JAR was scanned for TLDs yet contained no TLDs. Enable debug logging for this logger for a complete list of JARs that were scanned but no TLDs were found in them. Skipping unneeded JARs during scanning can improve startup time and JSP compilation time.
03-Nov-2016 22:54:49.241 INFO [localhost-startStop-1] org.apache.catalina.startup.HostConfig.deployDescriptor Deployment of configuration descriptor C:\Users\Migueljr\Documents\NetBeansProjects\Apache Tomcat 8.0.15\conf\Catalina\localhost\mjuniorr.xml has finished in 5,235 ms
03-Nov-2016 22:54:49.241 INFO [localhost-startStop-1] org.apache.catalina.startup.HostConfig.deployDescriptor Deploying configuration descriptor C:\Users\Migueljr\Documents\NetBeansProjects\Apache Tomcat 8.0.15\conf\Catalina\localhost\SGEM.xml
03-Nov-2016 22:54:50.382 INFO [localhost-startStop-1] org.apache.jasper.servlet.TldScanner.scanJars At least one JAR was scanned for TLDs yet contained no TLDs. Enable debug logging for this logger for a complete list of JARs that were scanned but no TLDs were found in them. Skipping unneeded JARs during scanning can improve startup time and JSP compilation time.
03-Nov-2016 22:54:50.382 SEVERE [localhost-startStop-1] org.apache.catalina.core.StandardContext.startInternal Error listenerStart
03-Nov-2016 22:54:50.382 SEVERE [localhost-startStop-1] org.apache.catalina.core.StandardContext.startInternal Context [/SGEM] startup failed due to previous errors
03-Nov-2016 22:54:50.601 INFO [localhost-startStop-1] org.apache.catalina.startup.HostConfig.deployDescriptor Deployment of configuration descriptor C:\Users\Migueljr\Documents\NetBeansProjects\Apache Tomcat 8.0.15\conf\Catalina\localhost\SGEM.xml has finished in 1,360 ms
03-Nov-2016 22:54:50.601 INFO [localhost-startStop-1] org.apache.catalina.startup.HostConfig.deployDescriptor Deploying configuration descriptor C:\Users\Migueljr\Documents\NetBeansProjects\Apache Tomcat 8.0.15\conf\Catalina\localhost\SGEM1.xml
03-Nov-2016 22:54:57.169 INFO [localhost-startStop-1] org.apache.jasper.servlet.TldScanner.scanJars At least one JAR was scanned for TLDs yet contained no TLDs. Enable debug logging for this logger for a complete list of JARs that were scanned but no TLDs were found in them. Skipping unneeded JARs during scanning can improve startup time and JSP compilation time.
03-Nov-2016 22:54:57.169 INFO [localhost-startStop-1] org.apache.catalina.startup.HostConfig.deployDescriptor Deployment of configuration descriptor C:\Users\Migueljr\Documents\NetBeansProjects\Apache Tomcat 8.0.15\conf\Catalina\localhost\SGEM1.xml has finished in 6,568 ms
03-Nov-2016 22:54:57.169 INFO [localhost-startStop-1] org.apache.catalina.startup.HostConfig.deployDescriptor Deploying configuration descriptor C:\Users\Migueljr\Documents\NetBeansProjects\Apache Tomcat 8.0.15\conf\Catalina\localhost\SGEM_with_base_de_dados_final.xml
03-Nov-2016 22:55:01.154 INFO [localhost-startStop-1] org.apache.jasper.servlet.TldScanner.scanJars At least one JAR was scanned for TLDs yet contained no TLDs. Enable debug logging for this logger for a complete list of JARs that were scanned but no TLDs were found in them. Skipping unneeded JARs during scanning can improve startup time and JSP compilation time.
03-Nov-2016 22:55:03.256 INFO [localhost-startStop-1] org.apache.catalina.startup.HostConfig.deployDescriptor Deployment of configuration descriptor C:\Users\Migueljr\Documents\NetBeansProjects\Apache Tomcat 8.0.15\conf\Catalina\localhost\SGEM_with_base_de_dados_final.xml has finished in 6,087 ms
03-Nov-2016 22:55:03.256 INFO [localhost-startStop-1] org.apache.catalina.startup.HostConfig.deployDescriptor Deploying configuration descriptor C:\Users\Migueljr\Documents\NetBeansProjects\Apache Tomcat 8.0.15\conf\Catalina\localhost\SGEM_with_data_base.xml
03-Nov-2016 22:55:07.778 INFO [localhost-startStop-1] org.apache.jasper.servlet.TldScanner.scanJars At least one JAR was scanned for TLDs yet contained no TLDs. Enable debug logging for this logger for a complete list of JARs that were scanned but no TLDs were found in them. Skipping unneeded JARs during scanning can improve startup time and JSP compilation time.
03-Nov-2016 22:55:09.856 INFO [localhost-startStop-1] org.apache.catalina.startup.HostConfig.deployDescriptor Deployment of configuration descriptor C:\Users\Migueljr\Documents\NetBeansProjects\Apache Tomcat 8.0.15\conf\Catalina\localhost\SGEM_with_data_base.xml has finished in 6,600 ms
03-Nov-2016 22:55:09.856 INFO [localhost-startStop-1] org.apache.catalina.startup.HostConfig.deployDescriptor Deploying configuration descriptor C:\Users\Migueljr\Documents\NetBeansProjects\Apache Tomcat 8.0.15\conf\Catalina\localhost\WebApplication3.xml
03-Nov-2016 22:55:09.903 INFO [localhost-startStop-1] org.apache.catalina.startup.HostConfig.deployDescriptor Deployment of configuration descriptor C:\Users\Migueljr\Documents\NetBeansProjects\Apache Tomcat 8.0.15\conf\Catalina\localhost\WebApplication3.xml has finished in 47 ms
03-Nov-2016 22:55:09.903 INFO [localhost-startStop-1] org.apache.catalina.startup.HostConfig.deployDirectory Deploying web application directory C:\Users\Migueljr\Documents\NetBeansProjects\Apache Tomcat 8.0.15\webapps\docs
03-Nov-2016 22:55:10.075 INFO [localhost-startStop-1] org.apache.catalina.startup.HostConfig.deployDirectory Deployment of web application directory C:\Users\Migueljr\Documents\NetBeansProjects\Apache Tomcat 8.0.15\webapps\docs has finished in 172 ms
03-Nov-2016 22:55:10.075 INFO [localhost-startStop-1] org.apache.catalina.startup.HostConfig.deployDirectory Deploying web application directory C:\Users\Migueljr\Documents\NetBeansProjects\Apache Tomcat 8.0.15\webapps\examples
03-Nov-2016 22:55:13.185 INFO [localhost-startStop-1] org.apache.catalina.startup.HostConfig.deployDirectory Deployment of web application directory C:\Users\Migueljr\Documents\NetBeansProjects\Apache Tomcat 8.0.15\webapps\examples has finished in 3,110 ms
03-Nov-2016 22:55:13.185 INFO [localhost-startStop-1] org.apache.catalina.startup.HostConfig.deployDirectory Deploying web application directory C:\Users\Migueljr\Documents\NetBeansProjects\Apache Tomcat 8.0.15\webapps\host-manager
03-Nov-2016 22:55:13.279 INFO [localhost-startStop-1] org.apache.catalina.startup.HostConfig.deployDirectory Deployment of web application directory C:\Users\Migueljr\Documents\NetBeansProjects\Apache Tomcat 8.0.15\webapps\host-manager has finished in 94 ms
03-Nov-2016 22:55:13.279 INFO [localhost-startStop-1] org.apache.catalina.startup.HostConfig.deployDirectory Deploying web application directory C:\Users\Migueljr\Documents\NetBeansProjects\Apache Tomcat 8.0.15\webapps\manager
03-Nov-2016 22:55:13.372 INFO [localhost-startStop-1] org.apache.catalina.startup.HostConfig.deployDirectory Deployment of web application directory C:\Users\Migueljr\Documents\NetBeansProjects\Apache Tomcat 8.0.15\webapps\manager has finished in 93 ms
03-Nov-2016 22:55:13.372 INFO [localhost-startStop-1] org.apache.catalina.startup.HostConfig.deployDirectory Deploying web application directory C:\Users\Migueljr\Documents\NetBeansProjects\Apache Tomcat 8.0.15\webapps\ROOT
03-Nov-2016 22:55:13.450 INFO [localhost-startStop-1] org.apache.catalina.startup.HostConfig.deployDirectory Deployment of web application directory C:\Users\Migueljr\Documents\NetBeansProjects\Apache Tomcat 8.0.15\webapps\ROOT has finished in 78 ms
03-Nov-2016 22:55:13.466 INFO [main] org.apache.coyote.AbstractProtocol.start Starting ProtocolHandler ["http-nio-1019"]
03-Nov-2016 22:55:13.482 INFO [main] org.apache.coyote.AbstractProtocol.start Starting ProtocolHandler ["ajp-nio-8001"]
03-Nov-2016 22:55:13.482 INFO [main] org.apache.catalina.startup.Catalina.start Server startup in 38739 ms
03-Nov-2016 23:02:30.796 INFO [http-nio-1019-exec-2] org.apache.catalina.core.StandardContext.reload Reloading Context with name [/SGEM_with_base_de_dados_final] has started
03-Nov-2016 23:02:30.812 WARNING [http-nio-1019-exec-2] org.apache.catalina.loader.WebappClassLoaderBase.clearReferencesJdbc The web application [SGEM_with_base_de_dados_final] registered the JDBC driver [com.mysql.jdbc.Driver] but failed to unregister it when the web application was stopped. To prevent a memory leak, the JDBC Driver has been forcibly unregistered.
03-Nov-2016 23:02:35.006 INFO [http-nio-1019-exec-2] org.apache.jasper.servlet.TldScanner.scanJars At least one JAR was scanned for TLDs yet contained no TLDs. Enable debug logging for this logger for a complete list of JARs that were scanned but no TLDs were found in them. Skipping unneeded JARs during scanning can improve startup time and JSP compilation time.
03-Nov-2016 23:02:37.073 INFO [http-nio-1019-exec-2] org.apache.catalina.core.StandardContext.reload Reloading Context with name [/SGEM_with_base_de_dados_final] is completed
03-Nov-2016 23:02:37.120 INFO [http-nio-1019-exec-15] org.apache.catalina.core.StandardContext.reload Reloading Context with name [/SGEM_with_base_de_dados_final] has started
03-Nov-2016 23:02:39.870 INFO [http-nio-1019-exec-15] org.apache.jasper.servlet.TldScanner.scanJars At least one JAR was scanned for TLDs yet contained no TLDs. Enable debug logging for this logger for a complete list of JARs that were scanned but no TLDs were found in them. Skipping unneeded JARs during scanning can improve startup time and JSP compilation time.
03-Nov-2016 23:02:41.949 INFO [http-nio-1019-exec-15] org.apache.catalina.core.StandardContext.reload Reloading Context with name [/SGEM_with_base_de_dados_final] is completed
03-Nov-2016 23:12:02.655 INFO [http-nio-1019-exec-22] org.apache.catalina.core.StandardContext.reload Reloading Context with name [/SGEM_with_base_de_dados_final] has started
03-Nov-2016 23:12:05.061 INFO [http-nio-1019-exec-22] org.apache.jasper.servlet.TldScanner.scanJars At least one JAR was scanned for TLDs yet contained no TLDs. Enable debug logging for this logger for a complete list of JARs that were scanned but no TLDs were found in them. Skipping unneeded JARs during scanning can improve startup time and JSP compilation time.
03-Nov-2016 23:12:07.046 INFO [http-nio-1019-exec-22] org.apache.catalina.core.StandardContext.reload Reloading Context with name [/SGEM_with_base_de_dados_final] is completed
03-Nov-2016 23:38:22.983 INFO [http-nio-1019-exec-29] org.apache.catalina.core.StandardContext.reload Reloading Context with name [/SGEM_with_base_de_dados_final] has started
03-Nov-2016 23:38:22.998 WARNING [http-nio-1019-exec-29] org.apache.catalina.loader.WebappClassLoaderBase.clearReferencesJdbc The web application [SGEM_with_base_de_dados_final] registered the JDBC driver [com.mysql.jdbc.Driver] but failed to unregister it when the web application was stopped. To prevent a memory leak, the JDBC Driver has been forcibly unregistered.
03-Nov-2016 23:38:25.690 INFO [http-nio-1019-exec-29] org.apache.jasper.servlet.TldScanner.scanJars At least one JAR was scanned for TLDs yet contained no TLDs. Enable debug logging for this logger for a complete list of JARs that were scanned but no TLDs were found in them. Skipping unneeded JARs during scanning can improve startup time and JSP compilation time.
03-Nov-2016 23:38:28.033 INFO [http-nio-1019-exec-29] org.apache.catalina.core.StandardContext.reload Reloading Context with name [/SGEM_with_base_de_dados_final] is completed
