25-May-2018 08:33:16.946 INFO [localhost-startStop-1] org.apache.catalina.core.ApplicationContext.log ContextListener: contextInitialized()
25-May-2018 08:33:16.946 INFO [localhost-startStop-1] org.apache.catalina.core.ApplicationContext.log SessionListener: contextInitialized()
25-May-2018 09:43:51.972 SEVERE [http-nio-8089-exec-22] org.apache.catalina.core.StandardWrapperValve.invoke Servlet.service() for servlet [zkLoader] in context with path [] threw exception
 javax.persistence.PersistenceException: Exception [EclipseLink-4002] (Eclipse Persistence Services - 2.5.2.v20140319-9ad6abd): org.eclipse.persistence.exceptions.DatabaseException
Internal Exception: org.postgresql.util.PSQLException: FATAL: password authentication failed for user "postgres"
Error Code: 0
	at org.eclipse.persistence.internal.jpa.EntityManagerSetupImpl.deploy(EntityManagerSetupImpl.java:766)
	at org.eclipse.persistence.internal.jpa.EntityManagerFactoryDelegate.getAbstractSession(EntityManagerFactoryDelegate.java:204)
	at org.eclipse.persistence.internal.jpa.EntityManagerFactoryDelegate.getDatabaseSession(EntityManagerFactoryDelegate.java:182)
	at org.eclipse.persistence.internal.jpa.EntityManagerFactoryImpl.getDatabaseSession(EntityManagerFactoryImpl.java:527)
	at org.eclipse.persistence.jpa.PersistenceProvider.createEntityManagerFactoryImpl(PersistenceProvider.java:140)
	at org.eclipse.persistence.jpa.PersistenceProvider.createEntityManagerFactory(PersistenceProvider.java:177)
	at javax.persistence.Persistence.createEntityManagerFactory(Persistence.java:79)
	at javax.persistence.Persistence.createEntityManagerFactory(Persistence.java:54)
	at conexao.JPA.getEmf(JPA.java:24)
	at Sidebar.SidebarAjaxController.doAfterCompose(SidebarAjaxController.java:52)
	at org.zkoss.zk.ui.impl.UiEngineImpl.doAfterCompose(UiEngineImpl.java:578)
	at org.zkoss.zk.ui.impl.UiEngineImpl.execCreateChild0(UiEngineImpl.java:880)
	at org.zkoss.zk.ui.impl.UiEngineImpl.execCreateChild(UiEngineImpl.java:826)
	at org.zkoss.zk.ui.impl.UiEngineImpl.execCreate0(UiEngineImpl.java:735)
	at org.zkoss.zk.ui.impl.UiEngineImpl.execCreate(UiEngineImpl.java:699)
	at org.zkoss.zk.ui.impl.UiEngineImpl.createComponents(UiEngineImpl.java:1080)
	at org.zkoss.zk.ui.impl.AbstractExecution.createComponents0(AbstractExecution.java:251)
	at org.zkoss.zk.ui.impl.AbstractExecution.createComponents(AbstractExecution.java:243)
	at org.zkoss.zul.Include.afterCompose(Include.java:448)
	at org.zkoss.zk.ui.impl.UiEngineImpl.execCreateChild0(UiEngineImpl.java:878)
	at org.zkoss.zk.ui.impl.UiEngineImpl.execCreateChild(UiEngineImpl.java:826)
	at org.zkoss.zk.ui.impl.UiEngineImpl.execCreate0(UiEngineImpl.java:735)
	at org.zkoss.zk.ui.impl.UiEngineImpl.execCreate(UiEngineImpl.java:699)
	at org.zkoss.zk.ui.impl.UiEngineImpl.execCreateChild0(UiEngineImpl.java:872)
	at org.zkoss.zk.ui.impl.UiEngineImpl.execCreateChild(UiEngineImpl.java:826)
	at org.zkoss.zk.ui.impl.UiEngineImpl.execCreate0(UiEngineImpl.java:735)
	at org.zkoss.zk.ui.impl.UiEngineImpl.execCreate(UiEngineImpl.java:699)
	at org.zkoss.zk.ui.impl.UiEngineImpl.execCreateChild0(UiEngineImpl.java:872)
	at org.zkoss.zk.ui.impl.UiEngineImpl.execCreateChild(UiEngineImpl.java:826)
	at org.zkoss.zk.ui.impl.UiEngineImpl.execCreate0(UiEngineImpl.java:735)
	at org.zkoss.zk.ui.impl.UiEngineImpl.execCreateChild(UiEngineImpl.java:797)
	at org.zkoss.zk.ui.impl.UiEngineImpl.execCreate0(UiEngineImpl.java:757)
	at org.zkoss.zk.ui.impl.UiEngineImpl.execCreate(UiEngineImpl.java:699)
	at org.zkoss.zk.ui.impl.UiEngineImpl.createComponents(UiEngineImpl.java:1080)
	at org.zkoss.zk.ui.impl.AbstractExecution.createComponents0(AbstractExecution.java:251)
	at org.zkoss.zk.ui.impl.AbstractExecution.createComponents(AbstractExecution.java:243)
	at org.zkoss.zk.ui.util.Composition.doInit(Composition.java:92)
	at org.zkoss.zk.ui.metainfo.InitiatorInfo.doInit(InitiatorInfo.java:148)
	at org.zkoss.zk.ui.metainfo.InitiatorInfo.newInitiator(InitiatorInfo.java:143)
	at org.zkoss.zk.ui.metainfo.PageDefinition.doInit(PageDefinition.java:396)
	at org.zkoss.zk.ui.impl.Initiators.doInit(Initiators.java:55)
	at org.zkoss.zk.ui.impl.UiEngineImpl.execNewPage0(UiEngineImpl.java:422)
	at org.zkoss.zk.ui.impl.UiEngineImpl.execNewPage(UiEngineImpl.java:356)
	at org.zkoss.zk.ui.http.DHtmlLayoutServlet.process(DHtmlLayoutServlet.java:215)
	at org.zkoss.zk.ui.http.DHtmlLayoutServlet.doGet(DHtmlLayoutServlet.java:136)
	at javax.servlet.http.HttpServlet.service(HttpServlet.java:618)
	at javax.servlet.http.HttpServlet.service(HttpServlet.java:725)
	at org.apache.catalina.core.ApplicationFilterChain.internalDoFilter(ApplicationFilterChain.java:291)
	at org.apache.catalina.core.ApplicationFilterChain.doFilter(ApplicationFilterChain.java:206)
	at org.apache.tomcat.websocket.server.WsFilter.doFilter(WsFilter.java:52)
	at org.apache.catalina.core.ApplicationFilterChain.internalDoFilter(ApplicationFilterChain.java:239)
	at org.apache.catalina.core.ApplicationFilterChain.doFilter(ApplicationFilterChain.java:206)
	at org.apache.catalina.core.StandardWrapperValve.invoke(StandardWrapperValve.java:219)
	at org.apache.catalina.core.StandardContextValve.invoke(StandardContextValve.java:106)
	at org.apache.catalina.authenticator.AuthenticatorBase.invoke(AuthenticatorBase.java:501)
	at org.apache.catalina.core.StandardHostValve.invoke(StandardHostValve.java:142)
	at org.apache.catalina.valves.ErrorReportValve.invoke(ErrorReportValve.java:79)
	at org.apache.catalina.valves.AbstractAccessLogValve.invoke(AbstractAccessLogValve.java:610)
	at org.apache.catalina.core.StandardEngineValve.invoke(StandardEngineValve.java:88)
	at org.apache.catalina.connector.CoyoteAdapter.service(CoyoteAdapter.java:537)
	at org.apache.coyote.http11.AbstractHttp11Processor.process(AbstractHttp11Processor.java:1085)
	at org.apache.coyote.AbstractProtocol$AbstractConnectionHandler.process(AbstractProtocol.java:658)
	at org.apache.coyote.http11.Http11NioProtocol$Http11ConnectionHandler.process(Http11NioProtocol.java:222)
	at org.apache.tomcat.util.net.NioEndpoint$SocketProcessor.doRun(NioEndpoint.java:1556)
	at org.apache.tomcat.util.net.NioEndpoint$SocketProcessor.run(NioEndpoint.java:1513)
	at java.util.concurrent.ThreadPoolExecutor.runWorker(ThreadPoolExecutor.java:1142)
	at java.util.concurrent.ThreadPoolExecutor$Worker.run(ThreadPoolExecutor.java:617)
	at org.apache.tomcat.util.threads.TaskThread$WrappingRunnable.run(TaskThread.java:61)
	at java.lang.Thread.run(Thread.java:745)
Caused by: Exception [EclipseLink-4002] (Eclipse Persistence Services - 2.5.2.v20140319-9ad6abd): org.eclipse.persistence.exceptions.DatabaseException
Internal Exception: org.postgresql.util.PSQLException: FATAL: password authentication failed for user "postgres"
Error Code: 0
	at org.eclipse.persistence.exceptions.DatabaseException.sqlException(DatabaseException.java:331)
	at org.eclipse.persistence.exceptions.DatabaseException.sqlException(DatabaseException.java:326)
	at org.eclipse.persistence.sessions.DefaultConnector.connect(DefaultConnector.java:138)
	at org.eclipse.persistence.sessions.DatasourceLogin.connectToDatasource(DatasourceLogin.java:162)
	at org.eclipse.persistence.internal.sessions.DatabaseSessionImpl.setOrDetectDatasource(DatabaseSessionImpl.java:204)
	at org.eclipse.persistence.internal.sessions.DatabaseSessionImpl.loginAndDetectDatasource(DatabaseSessionImpl.java:741)
	at org.eclipse.persistence.internal.jpa.EntityManagerFactoryProvider.login(EntityManagerFactoryProvider.java:239)
	at org.eclipse.persistence.internal.jpa.EntityManagerSetupImpl.deploy(EntityManagerSetupImpl.java:685)
	... 68 more
Caused by: org.postgresql.util.PSQLException: FATAL: password authentication failed for user "postgres"
	at org.postgresql.core.v3.ConnectionFactoryImpl.doAuthentication(ConnectionFactoryImpl.java:398)
	at org.postgresql.core.v3.ConnectionFactoryImpl.openConnectionImpl(ConnectionFactoryImpl.java:173)
	at org.postgresql.core.ConnectionFactory.openConnection(ConnectionFactory.java:64)
	at org.postgresql.jdbc2.AbstractJdbc2Connection.<init>(AbstractJdbc2Connection.java:136)
	at org.postgresql.jdbc3.AbstractJdbc3Connection.<init>(AbstractJdbc3Connection.java:29)
	at org.postgresql.jdbc3g.AbstractJdbc3gConnection.<init>(AbstractJdbc3gConnection.java:21)
	at org.postgresql.jdbc4.AbstractJdbc4Connection.<init>(AbstractJdbc4Connection.java:31)
	at org.postgresql.jdbc4.Jdbc4Connection.<init>(Jdbc4Connection.java:24)
	at org.postgresql.Driver.makeConnection(Driver.java:393)
	at org.postgresql.Driver.connect(Driver.java:267)
	at java.sql.DriverManager.getConnection(DriverManager.java:664)
	at java.sql.DriverManager.getConnection(DriverManager.java:208)
	at org.eclipse.persistence.sessions.DefaultConnector.connect(DefaultConnector.java:98)
	... 73 more

25-May-2018 09:45:02.300 SEVERE [http-nio-8089-exec-26] org.apache.catalina.core.StandardWrapperValve.invoke Servlet.service() for servlet [zkLoader] in context with path [] threw exception
 javax.persistence.PersistenceException: Exception [EclipseLink-4002] (Eclipse Persistence Services - 2.5.2.v20140319-9ad6abd): org.eclipse.persistence.exceptions.DatabaseException
Internal Exception: org.postgresql.util.PSQLException: FATAL: password authentication failed for user "postgres"
Error Code: 0
	at org.eclipse.persistence.internal.jpa.EntityManagerSetupImpl.deploy(EntityManagerSetupImpl.java:766)
	at org.eclipse.persistence.internal.jpa.EntityManagerFactoryDelegate.getAbstractSession(EntityManagerFactoryDelegate.java:204)
	at org.eclipse.persistence.internal.jpa.EntityManagerFactoryDelegate.getDatabaseSession(EntityManagerFactoryDelegate.java:182)
	at org.eclipse.persistence.internal.jpa.EntityManagerFactoryImpl.getDatabaseSession(EntityManagerFactoryImpl.java:527)
	at org.eclipse.persistence.jpa.PersistenceProvider.createEntityManagerFactoryImpl(PersistenceProvider.java:140)
	at org.eclipse.persistence.jpa.PersistenceProvider.createEntityManagerFactory(PersistenceProvider.java:177)
	at javax.persistence.Persistence.createEntityManagerFactory(Persistence.java:79)
	at javax.persistence.Persistence.createEntityManagerFactory(Persistence.java:54)
	at conexao.JPA.getEmf(JPA.java:24)
	at Sidebar.SidebarAjaxController.doAfterCompose(SidebarAjaxController.java:52)
	at org.zkoss.zk.ui.impl.UiEngineImpl.doAfterCompose(UiEngineImpl.java:578)
	at org.zkoss.zk.ui.impl.UiEngineImpl.execCreateChild0(UiEngineImpl.java:880)
	at org.zkoss.zk.ui.impl.UiEngineImpl.execCreateChild(UiEngineImpl.java:826)
	at org.zkoss.zk.ui.impl.UiEngineImpl.execCreate0(UiEngineImpl.java:735)
	at org.zkoss.zk.ui.impl.UiEngineImpl.execCreate(UiEngineImpl.java:699)
	at org.zkoss.zk.ui.impl.UiEngineImpl.createComponents(UiEngineImpl.java:1080)
	at org.zkoss.zk.ui.impl.AbstractExecution.createComponents0(AbstractExecution.java:251)
	at org.zkoss.zk.ui.impl.AbstractExecution.createComponents(AbstractExecution.java:243)
	at org.zkoss.zul.Include.afterCompose(Include.java:448)
	at org.zkoss.zk.ui.impl.UiEngineImpl.execCreateChild0(UiEngineImpl.java:878)
	at org.zkoss.zk.ui.impl.UiEngineImpl.execCreateChild(UiEngineImpl.java:826)
	at org.zkoss.zk.ui.impl.UiEngineImpl.execCreate0(UiEngineImpl.java:735)
	at org.zkoss.zk.ui.impl.UiEngineImpl.execCreate(UiEngineImpl.java:699)
	at org.zkoss.zk.ui.impl.UiEngineImpl.execCreateChild0(UiEngineImpl.java:872)
	at org.zkoss.zk.ui.impl.UiEngineImpl.execCreateChild(UiEngineImpl.java:826)
	at org.zkoss.zk.ui.impl.UiEngineImpl.execCreate0(UiEngineImpl.java:735)
	at org.zkoss.zk.ui.impl.UiEngineImpl.execCreate(UiEngineImpl.java:699)
	at org.zkoss.zk.ui.impl.UiEngineImpl.execCreateChild0(UiEngineImpl.java:872)
	at org.zkoss.zk.ui.impl.UiEngineImpl.execCreateChild(UiEngineImpl.java:826)
	at org.zkoss.zk.ui.impl.UiEngineImpl.execCreate0(UiEngineImpl.java:735)
	at org.zkoss.zk.ui.impl.UiEngineImpl.execCreateChild(UiEngineImpl.java:797)
	at org.zkoss.zk.ui.impl.UiEngineImpl.execCreate0(UiEngineImpl.java:757)
	at org.zkoss.zk.ui.impl.UiEngineImpl.execCreate(UiEngineImpl.java:699)
	at org.zkoss.zk.ui.impl.UiEngineImpl.createComponents(UiEngineImpl.java:1080)
	at org.zkoss.zk.ui.impl.AbstractExecution.createComponents0(AbstractExecution.java:251)
	at org.zkoss.zk.ui.impl.AbstractExecution.createComponents(AbstractExecution.java:243)
	at org.zkoss.zk.ui.util.Composition.doInit(Composition.java:92)
	at org.zkoss.zk.ui.metainfo.InitiatorInfo.doInit(InitiatorInfo.java:148)
	at org.zkoss.zk.ui.metainfo.InitiatorInfo.newInitiator(InitiatorInfo.java:143)
	at org.zkoss.zk.ui.metainfo.PageDefinition.doInit(PageDefinition.java:396)
	at org.zkoss.zk.ui.impl.Initiators.doInit(Initiators.java:55)
	at org.zkoss.zk.ui.impl.UiEngineImpl.execNewPage0(UiEngineImpl.java:422)
	at org.zkoss.zk.ui.impl.UiEngineImpl.execNewPage(UiEngineImpl.java:356)
	at org.zkoss.zk.ui.http.DHtmlLayoutServlet.process(DHtmlLayoutServlet.java:215)
	at org.zkoss.zk.ui.http.DHtmlLayoutServlet.doGet(DHtmlLayoutServlet.java:136)
	at javax.servlet.http.HttpServlet.service(HttpServlet.java:618)
	at javax.servlet.http.HttpServlet.service(HttpServlet.java:725)
	at org.apache.catalina.core.ApplicationFilterChain.internalDoFilter(ApplicationFilterChain.java:291)
	at org.apache.catalina.core.ApplicationFilterChain.doFilter(ApplicationFilterChain.java:206)
	at org.apache.tomcat.websocket.server.WsFilter.doFilter(WsFilter.java:52)
	at org.apache.catalina.core.ApplicationFilterChain.internalDoFilter(ApplicationFilterChain.java:239)
	at org.apache.catalina.core.ApplicationFilterChain.doFilter(ApplicationFilterChain.java:206)
	at org.apache.catalina.core.StandardWrapperValve.invoke(StandardWrapperValve.java:219)
	at org.apache.catalina.core.StandardContextValve.invoke(StandardContextValve.java:106)
	at org.apache.catalina.authenticator.AuthenticatorBase.invoke(AuthenticatorBase.java:501)
	at org.apache.catalina.core.StandardHostValve.invoke(StandardHostValve.java:142)
	at org.apache.catalina.valves.ErrorReportValve.invoke(ErrorReportValve.java:79)
	at org.apache.catalina.valves.AbstractAccessLogValve.invoke(AbstractAccessLogValve.java:610)
	at org.apache.catalina.core.StandardEngineValve.invoke(StandardEngineValve.java:88)
	at org.apache.catalina.connector.CoyoteAdapter.service(CoyoteAdapter.java:537)
	at org.apache.coyote.http11.AbstractHttp11Processor.process(AbstractHttp11Processor.java:1085)
	at org.apache.coyote.AbstractProtocol$AbstractConnectionHandler.process(AbstractProtocol.java:658)
	at org.apache.coyote.http11.Http11NioProtocol$Http11ConnectionHandler.process(Http11NioProtocol.java:222)
	at org.apache.tomcat.util.net.NioEndpoint$SocketProcessor.doRun(NioEndpoint.java:1556)
	at org.apache.tomcat.util.net.NioEndpoint$SocketProcessor.run(NioEndpoint.java:1513)
	at java.util.concurrent.ThreadPoolExecutor.runWorker(ThreadPoolExecutor.java:1142)
	at java.util.concurrent.ThreadPoolExecutor$Worker.run(ThreadPoolExecutor.java:617)
	at org.apache.tomcat.util.threads.TaskThread$WrappingRunnable.run(TaskThread.java:61)
	at java.lang.Thread.run(Thread.java:745)
Caused by: Exception [EclipseLink-4002] (Eclipse Persistence Services - 2.5.2.v20140319-9ad6abd): org.eclipse.persistence.exceptions.DatabaseException
Internal Exception: org.postgresql.util.PSQLException: FATAL: password authentication failed for user "postgres"
Error Code: 0
	at org.eclipse.persistence.exceptions.DatabaseException.sqlException(DatabaseException.java:331)
	at org.eclipse.persistence.exceptions.DatabaseException.sqlException(DatabaseException.java:326)
	at org.eclipse.persistence.sessions.DefaultConnector.connect(DefaultConnector.java:138)
	at org.eclipse.persistence.sessions.DatasourceLogin.connectToDatasource(DatasourceLogin.java:162)
	at org.eclipse.persistence.internal.sessions.DatabaseSessionImpl.setOrDetectDatasource(DatabaseSessionImpl.java:204)
	at org.eclipse.persistence.internal.sessions.DatabaseSessionImpl.loginAndDetectDatasource(DatabaseSessionImpl.java:741)
	at org.eclipse.persistence.internal.jpa.EntityManagerFactoryProvider.login(EntityManagerFactoryProvider.java:239)
	at org.eclipse.persistence.internal.jpa.EntityManagerSetupImpl.deploy(EntityManagerSetupImpl.java:685)
	... 68 more
Caused by: org.postgresql.util.PSQLException: FATAL: password authentication failed for user "postgres"
	at org.postgresql.core.v3.ConnectionFactoryImpl.doAuthentication(ConnectionFactoryImpl.java:398)
	at org.postgresql.core.v3.ConnectionFactoryImpl.openConnectionImpl(ConnectionFactoryImpl.java:173)
	at org.postgresql.core.ConnectionFactory.openConnection(ConnectionFactory.java:64)
	at org.postgresql.jdbc2.AbstractJdbc2Connection.<init>(AbstractJdbc2Connection.java:136)
	at org.postgresql.jdbc3.AbstractJdbc3Connection.<init>(AbstractJdbc3Connection.java:29)
	at org.postgresql.jdbc3g.AbstractJdbc3gConnection.<init>(AbstractJdbc3gConnection.java:21)
	at org.postgresql.jdbc4.AbstractJdbc4Connection.<init>(AbstractJdbc4Connection.java:31)
	at org.postgresql.jdbc4.Jdbc4Connection.<init>(Jdbc4Connection.java:24)
	at org.postgresql.Driver.makeConnection(Driver.java:393)
	at org.postgresql.Driver.connect(Driver.java:267)
	at java.sql.DriverManager.getConnection(DriverManager.java:664)
	at java.sql.DriverManager.getConnection(DriverManager.java:208)
	at org.eclipse.persistence.sessions.DefaultConnector.connect(DefaultConnector.java:98)
	... 73 more

25-May-2018 09:45:52.921 SEVERE [44] org.apache.catalina.core.StandardWrapperValve.invoke Servlet.service() for servlet [zkLoader] in context with path [] threw exception
 javax.persistence.PersistenceException: Exception [EclipseLink-4002] (Eclipse Persistence Services - 2.5.2.v20140319-9ad6abd): org.eclipse.persistence.exceptions.DatabaseException
Internal Exception: org.postgresql.util.PSQLException: FATAL: password authentication failed for user "postgres"
Error Code: 0
	at org.eclipse.persistence.internal.jpa.EntityManagerSetupImpl.deploy(EntityManagerSetupImpl.java:766)
	at org.eclipse.persistence.internal.jpa.EntityManagerFactoryDelegate.getAbstractSession(EntityManagerFactoryDelegate.java:204)
	at org.eclipse.persistence.internal.jpa.EntityManagerFactoryDelegate.getDatabaseSession(EntityManagerFactoryDelegate.java:182)
	at org.eclipse.persistence.internal.jpa.EntityManagerFactoryImpl.getDatabaseSession(EntityManagerFactoryImpl.java:527)
	at org.eclipse.persistence.jpa.PersistenceProvider.createEntityManagerFactoryImpl(PersistenceProvider.java:140)
	at org.eclipse.persistence.jpa.PersistenceProvider.createEntityManagerFactory(PersistenceProvider.java:177)
	at javax.persistence.Persistence.createEntityManagerFactory(Persistence.java:79)
	at javax.persistence.Persistence.createEntityManagerFactory(Persistence.java:54)
	at conexao.JPA.getEmf(JPA.java:24)
	at Sidebar.SidebarAjaxController.doAfterCompose(SidebarAjaxController.java:52)
	at org.zkoss.zk.ui.impl.UiEngineImpl.doAfterCompose(UiEngineImpl.java:578)
	at org.zkoss.zk.ui.impl.UiEngineImpl.execCreateChild0(UiEngineImpl.java:880)
	at org.zkoss.zk.ui.impl.UiEngineImpl.execCreateChild(UiEngineImpl.java:826)
	at org.zkoss.zk.ui.impl.UiEngineImpl.execCreate0(UiEngineImpl.java:735)
	at org.zkoss.zk.ui.impl.UiEngineImpl.execCreate(UiEngineImpl.java:699)
	at org.zkoss.zk.ui.impl.UiEngineImpl.createComponents(UiEngineImpl.java:1080)
	at org.zkoss.zk.ui.impl.AbstractExecution.createComponents0(AbstractExecution.java:251)
	at org.zkoss.zk.ui.impl.AbstractExecution.createComponents(AbstractExecution.java:243)
	at org.zkoss.zul.Include.afterCompose(Include.java:448)
	at org.zkoss.zk.ui.impl.UiEngineImpl.execCreateChild0(UiEngineImpl.java:878)
	at org.zkoss.zk.ui.impl.UiEngineImpl.execCreateChild(UiEngineImpl.java:826)
	at org.zkoss.zk.ui.impl.UiEngineImpl.execCreate0(UiEngineImpl.java:735)
	at org.zkoss.zk.ui.impl.UiEngineImpl.execCreate(UiEngineImpl.java:699)
	at org.zkoss.zk.ui.impl.UiEngineImpl.execCreateChild0(UiEngineImpl.java:872)
	at org.zkoss.zk.ui.impl.UiEngineImpl.execCreateChild(UiEngineImpl.java:826)
	at org.zkoss.zk.ui.impl.UiEngineImpl.execCreate0(UiEngineImpl.java:735)
	at org.zkoss.zk.ui.impl.UiEngineImpl.execCreate(UiEngineImpl.java:699)
	at org.zkoss.zk.ui.impl.UiEngineImpl.execCreateChild0(UiEngineImpl.java:872)
	at org.zkoss.zk.ui.impl.UiEngineImpl.execCreateChild(UiEngineImpl.java:826)
	at org.zkoss.zk.ui.impl.UiEngineImpl.execCreate0(UiEngineImpl.java:735)
	at org.zkoss.zk.ui.impl.UiEngineImpl.execCreateChild(UiEngineImpl.java:797)
	at org.zkoss.zk.ui.impl.UiEngineImpl.execCreate0(UiEngineImpl.java:757)
	at org.zkoss.zk.ui.impl.UiEngineImpl.execCreate(UiEngineImpl.java:699)
	at org.zkoss.zk.ui.impl.UiEngineImpl.createComponents(UiEngineImpl.java:1080)
	at org.zkoss.zk.ui.impl.AbstractExecution.createComponents0(AbstractExecution.java:251)
	at org.zkoss.zk.ui.impl.AbstractExecution.createComponents(AbstractExecution.java:243)
	at org.zkoss.zk.ui.util.Composition.doInit(Composition.java:92)
	at org.zkoss.zk.ui.metainfo.InitiatorInfo.doInit(InitiatorInfo.java:148)
	at org.zkoss.zk.ui.metainfo.InitiatorInfo.newInitiator(InitiatorInfo.java:143)
	at org.zkoss.zk.ui.metainfo.PageDefinition.doInit(PageDefinition.java:396)
	at org.zkoss.zk.ui.impl.Initiators.doInit(Initiators.java:55)
	at org.zkoss.zk.ui.impl.UiEngineImpl.execNewPage0(UiEngineImpl.java:422)
	at org.zkoss.zk.ui.impl.UiEngineImpl.execNewPage(UiEngineImpl.java:356)
	at org.zkoss.zk.ui.http.DHtmlLayoutServlet.process(DHtmlLayoutServlet.java:215)
	at org.zkoss.zk.ui.http.DHtmlLayoutServlet.doGet(DHtmlLayoutServlet.java:136)
	at javax.servlet.http.HttpServlet.service(HttpServlet.java:618)
	at javax.servlet.http.HttpServlet.service(HttpServlet.java:725)
	at org.apache.catalina.core.ApplicationFilterChain.internalDoFilter(ApplicationFilterChain.java:291)
	at org.apache.catalina.core.ApplicationFilterChain.doFilter(ApplicationFilterChain.java:206)
	at org.apache.tomcat.websocket.server.WsFilter.doFilter(WsFilter.java:52)
	at org.apache.catalina.core.ApplicationFilterChain.internalDoFilter(ApplicationFilterChain.java:239)
	at org.apache.catalina.core.ApplicationFilterChain.doFilter(ApplicationFilterChain.java:206)
	at org.apache.catalina.core.StandardWrapperValve.invoke(StandardWrapperValve.java:219)
	at org.apache.catalina.core.StandardContextValve.invoke(StandardContextValve.java:106)
	at org.apache.catalina.authenticator.AuthenticatorBase.invoke(AuthenticatorBase.java:501)
	at org.apache.catalina.core.StandardHostValve.invoke(StandardHostValve.java:142)
	at org.apache.catalina.valves.ErrorReportValve.invoke(ErrorReportValve.java:79)
	at org.apache.catalina.valves.AbstractAccessLogValve.invoke(AbstractAccessLogValve.java:610)
	at org.apache.catalina.core.StandardEngineValve.invoke(StandardEngineValve.java:88)
	at org.apache.catalina.connector.CoyoteAdapter.service(CoyoteAdapter.java:537)
	at org.apache.coyote.http11.AbstractHttp11Processor.process(AbstractHttp11Processor.java:1085)
	at org.apache.coyote.AbstractProtocol$AbstractConnectionHandler.process(AbstractProtocol.java:658)
	at org.apache.coyote.http11.Http11NioProtocol$Http11ConnectionHandler.process(Http11NioProtocol.java:222)
	at org.apache.tomcat.util.net.NioEndpoint$SocketProcessor.doRun(NioEndpoint.java:1556)
	at org.apache.tomcat.util.net.NioEndpoint$SocketProcessor.run(NioEndpoint.java:1513)
	at java.util.concurrent.ThreadPoolExecutor.runWorker(ThreadPoolExecutor.java:1142)
	at java.util.concurrent.ThreadPoolExecutor$Worker.run(ThreadPoolExecutor.java:617)
	at org.apache.tomcat.util.threads.TaskThread$WrappingRunnable.run(TaskThread.java:61)
	at java.lang.Thread.run(Thread.java:745)
Caused by: Exception [EclipseLink-4002] (Eclipse Persistence Services - 2.5.2.v20140319-9ad6abd): org.eclipse.persistence.exceptions.DatabaseException
Internal Exception: org.postgresql.util.PSQLException: FATAL: password authentication failed for user "postgres"
Error Code: 0
	at org.eclipse.persistence.exceptions.DatabaseException.sqlException(DatabaseException.java:331)
	at org.eclipse.persistence.exceptions.DatabaseException.sqlException(DatabaseException.java:326)
	at org.eclipse.persistence.sessions.DefaultConnector.connect(DefaultConnector.java:138)
	at org.eclipse.persistence.sessions.DatasourceLogin.connectToDatasource(DatasourceLogin.java:162)
	at org.eclipse.persistence.internal.sessions.DatabaseSessionImpl.setOrDetectDatasource(DatabaseSessionImpl.java:204)
	at org.eclipse.persistence.internal.sessions.DatabaseSessionImpl.loginAndDetectDatasource(DatabaseSessionImpl.java:741)
	at org.eclipse.persistence.internal.jpa.EntityManagerFactoryProvider.login(EntityManagerFactoryProvider.java:239)
	at org.eclipse.persistence.internal.jpa.EntityManagerSetupImpl.deploy(EntityManagerSetupImpl.java:685)
	... 68 more
Caused by: org.postgresql.util.PSQLException: FATAL: password authentication failed for user "postgres"
	at org.postgresql.core.v3.ConnectionFactoryImpl.doAuthentication(ConnectionFactoryImpl.java:398)
	at org.postgresql.core.v3.ConnectionFactoryImpl.openConnectionImpl(ConnectionFactoryImpl.java:173)
	at org.postgresql.core.ConnectionFactory.openConnection(ConnectionFactory.java:64)
	at org.postgresql.jdbc2.AbstractJdbc2Connection.<init>(AbstractJdbc2Connection.java:136)
	at org.postgresql.jdbc3.AbstractJdbc3Connection.<init>(AbstractJdbc3Connection.java:29)
	at org.postgresql.jdbc3g.AbstractJdbc3gConnection.<init>(AbstractJdbc3gConnection.java:21)
	at org.postgresql.jdbc4.AbstractJdbc4Connection.<init>(AbstractJdbc4Connection.java:31)
	at org.postgresql.jdbc4.Jdbc4Connection.<init>(Jdbc4Connection.java:24)
	at org.postgresql.Driver.makeConnection(Driver.java:393)
	at org.postgresql.Driver.connect(Driver.java:267)
	at java.sql.DriverManager.getConnection(DriverManager.java:664)
	at java.sql.DriverManager.getConnection(DriverManager.java:208)
	at org.eclipse.persistence.sessions.DefaultConnector.connect(DefaultConnector.java:98)
	... 73 more

25-May-2018 09:52:51.461 SEVERE [http-nio-8089-exec-40] org.apache.catalina.core.StandardWrapperValve.invoke Servlet.service() for servlet [zkLoader] in context with path [] threw exception
 Local Exception Stack: 
Exception [EclipseLink-4002] (Eclipse Persistence Services - 2.5.2.v20140319-9ad6abd): org.eclipse.persistence.exceptions.DatabaseException
Internal Exception: org.postgresql.util.PSQLException: ERROR: cross-database references are not implemented: "bh.public.users"
  Position: 120
Error Code: 0
Call: SELECT UTILIZADOR, EMAIL, ESTADO, last_access, NOME, PASWORD, UESTUDANTE, faculdade, id_estudante, id_funcionario FROM bh.public.USERS WHERE (UTILIZADOR = ?)
	bind => [1 parameter bound]
Query: ReadObjectQuery(name="readUsers" referenceClass=Users sql="SELECT UTILIZADOR, EMAIL, ESTADO, last_access, NOME, PASWORD, UESTUDANTE, faculdade, id_estudante, id_funcionario FROM bh.public.USERS WHERE (UTILIZADOR = ?)")
	at org.eclipse.persistence.exceptions.DatabaseException.sqlException(DatabaseException.java:340)
	at org.eclipse.persistence.internal.databaseaccess.DatabaseAccessor.basicExecuteCall(DatabaseAccessor.java:682)
	at org.eclipse.persistence.internal.databaseaccess.DatabaseAccessor.executeCall(DatabaseAccessor.java:558)
	at org.eclipse.persistence.internal.sessions.AbstractSession.basicExecuteCall(AbstractSession.java:2002)
	at org.eclipse.persistence.sessions.server.ServerSession.executeCall(ServerSession.java:570)
	at org.eclipse.persistence.internal.queries.DatasourceCallQueryMechanism.executeCall(DatasourceCallQueryMechanism.java:242)
	at org.eclipse.persistence.internal.queries.DatasourceCallQueryMechanism.executeCall(DatasourceCallQueryMechanism.java:228)
	at org.eclipse.persistence.internal.queries.DatasourceCallQueryMechanism.selectOneRow(DatasourceCallQueryMechanism.java:714)
	at org.eclipse.persistence.internal.queries.ExpressionQueryMechanism.selectOneRowFromTable(ExpressionQueryMechanism.java:2801)
	at org.eclipse.persistence.internal.queries.ExpressionQueryMechanism.selectOneRow(ExpressionQueryMechanism.java:2754)
	at org.eclipse.persistence.queries.ReadObjectQuery.executeObjectLevelReadQuery(ReadObjectQuery.java:545)
	at org.eclipse.persistence.queries.ObjectLevelReadQuery.executeDatabaseQuery(ObjectLevelReadQuery.java:1168)
	at org.eclipse.persistence.queries.DatabaseQuery.execute(DatabaseQuery.java:899)
	at org.eclipse.persistence.queries.ObjectLevelReadQuery.execute(ObjectLevelReadQuery.java:1127)
	at org.eclipse.persistence.queries.ReadObjectQuery.execute(ReadObjectQuery.java:431)
	at org.eclipse.persistence.queries.ObjectLevelReadQuery.executeInUnitOfWork(ObjectLevelReadQuery.java:1215)
	at org.eclipse.persistence.internal.sessions.UnitOfWorkImpl.internalExecuteQuery(UnitOfWorkImpl.java:2896)
	at org.eclipse.persistence.internal.sessions.AbstractSession.executeQuery(AbstractSession.java:1804)
	at org.eclipse.persistence.internal.sessions.AbstractSession.executeQuery(AbstractSession.java:1786)
	at org.eclipse.persistence.internal.sessions.AbstractSession.executeQuery(AbstractSession.java:1737)
	at org.eclipse.persistence.internal.jpa.EntityManagerImpl.executeQuery(EntityManagerImpl.java:900)
	at org.eclipse.persistence.internal.jpa.EntityManagerImpl.findInternal(EntityManagerImpl.java:843)
	at org.eclipse.persistence.internal.jpa.EntityManagerImpl.find(EntityManagerImpl.java:719)
	at org.eclipse.persistence.internal.jpa.EntityManagerImpl.find(EntityManagerImpl.java:588)
	at controladores.entidades.UsersJpaController.findUsers(UsersJpaController.java:576)
	at Sidebar.SidebarAjaxController.doAfterCompose(SidebarAjaxController.java:52)
	at org.zkoss.zk.ui.impl.UiEngineImpl.doAfterCompose(UiEngineImpl.java:578)
	at org.zkoss.zk.ui.impl.UiEngineImpl.execCreateChild0(UiEngineImpl.java:880)
	at org.zkoss.zk.ui.impl.UiEngineImpl.execCreateChild(UiEngineImpl.java:826)
	at org.zkoss.zk.ui.impl.UiEngineImpl.execCreate0(UiEngineImpl.java:735)
	at org.zkoss.zk.ui.impl.UiEngineImpl.execCreate(UiEngineImpl.java:699)
	at org.zkoss.zk.ui.impl.UiEngineImpl.createComponents(UiEngineImpl.java:1080)
	at org.zkoss.zk.ui.impl.AbstractExecution.createComponents0(AbstractExecution.java:251)
	at org.zkoss.zk.ui.impl.AbstractExecution.createComponents(AbstractExecution.java:243)
	at org.zkoss.zul.Include.afterCompose(Include.java:448)
	at org.zkoss.zk.ui.impl.UiEngineImpl.execCreateChild0(UiEngineImpl.java:878)
	at org.zkoss.zk.ui.impl.UiEngineImpl.execCreateChild(UiEngineImpl.java:826)
	at org.zkoss.zk.ui.impl.UiEngineImpl.execCreate0(UiEngineImpl.java:735)
	at org.zkoss.zk.ui.impl.UiEngineImpl.execCreate(UiEngineImpl.java:699)
	at org.zkoss.zk.ui.impl.UiEngineImpl.execCreateChild0(UiEngineImpl.java:872)
	at org.zkoss.zk.ui.impl.UiEngineImpl.execCreateChild(UiEngineImpl.java:826)
	at org.zkoss.zk.ui.impl.UiEngineImpl.execCreate0(UiEngineImpl.java:735)
	at org.zkoss.zk.ui.impl.UiEngineImpl.execCreate(UiEngineImpl.java:699)
	at org.zkoss.zk.ui.impl.UiEngineImpl.execCreateChild0(UiEngineImpl.java:872)
	at org.zkoss.zk.ui.impl.UiEngineImpl.execCreateChild(UiEngineImpl.java:826)
	at org.zkoss.zk.ui.impl.UiEngineImpl.execCreate0(UiEngineImpl.java:735)
	at org.zkoss.zk.ui.impl.UiEngineImpl.execCreateChild(UiEngineImpl.java:797)
	at org.zkoss.zk.ui.impl.UiEngineImpl.execCreate0(UiEngineImpl.java:757)
	at org.zkoss.zk.ui.impl.UiEngineImpl.execCreate(UiEngineImpl.java:699)
	at org.zkoss.zk.ui.impl.UiEngineImpl.createComponents(UiEngineImpl.java:1080)
	at org.zkoss.zk.ui.impl.AbstractExecution.createComponents0(AbstractExecution.java:251)
	at org.zkoss.zk.ui.impl.AbstractExecution.createComponents(AbstractExecution.java:243)
	at org.zkoss.zk.ui.util.Composition.doInit(Composition.java:92)
	at org.zkoss.zk.ui.metainfo.InitiatorInfo.doInit(InitiatorInfo.java:148)
	at org.zkoss.zk.ui.metainfo.InitiatorInfo.newInitiator(InitiatorInfo.java:143)
	at org.zkoss.zk.ui.metainfo.PageDefinition.doInit(PageDefinition.java:396)
	at org.zkoss.zk.ui.impl.Initiators.doInit(Initiators.java:55)
	at org.zkoss.zk.ui.impl.UiEngineImpl.execNewPage0(UiEngineImpl.java:422)
	at org.zkoss.zk.ui.impl.UiEngineImpl.execNewPage(UiEngineImpl.java:356)
	at org.zkoss.zk.ui.http.DHtmlLayoutServlet.process(DHtmlLayoutServlet.java:215)
	at org.zkoss.zk.ui.http.DHtmlLayoutServlet.doGet(DHtmlLayoutServlet.java:136)
	at javax.servlet.http.HttpServlet.service(HttpServlet.java:618)
	at javax.servlet.http.HttpServlet.service(HttpServlet.java:725)
	at org.apache.catalina.core.ApplicationFilterChain.internalDoFilter(ApplicationFilterChain.java:291)
	at org.apache.catalina.core.ApplicationFilterChain.doFilter(ApplicationFilterChain.java:206)
	at org.apache.tomcat.websocket.server.WsFilter.doFilter(WsFilter.java:52)
	at org.apache.catalina.core.ApplicationFilterChain.internalDoFilter(ApplicationFilterChain.java:239)
	at org.apache.catalina.core.ApplicationFilterChain.doFilter(ApplicationFilterChain.java:206)
	at org.apache.catalina.core.StandardWrapperValve.invoke(StandardWrapperValve.java:219)
	at org.apache.catalina.core.StandardContextValve.invoke(StandardContextValve.java:106)
	at org.apache.catalina.authenticator.AuthenticatorBase.invoke(AuthenticatorBase.java:501)
	at org.apache.catalina.core.StandardHostValve.invoke(StandardHostValve.java:142)
	at org.apache.catalina.valves.ErrorReportValve.invoke(ErrorReportValve.java:79)
	at org.apache.catalina.valves.AbstractAccessLogValve.invoke(AbstractAccessLogValve.java:610)
	at org.apache.catalina.core.StandardEngineValve.invoke(StandardEngineValve.java:88)
	at org.apache.catalina.connector.CoyoteAdapter.service(CoyoteAdapter.java:537)
	at org.apache.coyote.http11.AbstractHttp11Processor.process(AbstractHttp11Processor.java:1085)
	at org.apache.coyote.AbstractProtocol$AbstractConnectionHandler.process(AbstractProtocol.java:658)
	at org.apache.coyote.http11.Http11NioProtocol$Http11ConnectionHandler.process(Http11NioProtocol.java:222)
	at org.apache.tomcat.util.net.NioEndpoint$SocketProcessor.doRun(NioEndpoint.java:1556)
	at org.apache.tomcat.util.net.NioEndpoint$SocketProcessor.run(NioEndpoint.java:1513)
	at java.util.concurrent.ThreadPoolExecutor.runWorker(ThreadPoolExecutor.java:1142)
	at java.util.concurrent.ThreadPoolExecutor$Worker.run(ThreadPoolExecutor.java:617)
	at org.apache.tomcat.util.threads.TaskThread$WrappingRunnable.run(TaskThread.java:61)
	at java.lang.Thread.run(Thread.java:745)
Caused by: org.postgresql.util.PSQLException: ERROR: cross-database references are not implemented: "bh.public.users"
  Position: 120
	at org.postgresql.core.v3.QueryExecutorImpl.receiveErrorResponse(QueryExecutorImpl.java:2157)
	at org.postgresql.core.v3.QueryExecutorImpl.processResults(QueryExecutorImpl.java:1886)
	at org.postgresql.core.v3.QueryExecutorImpl.execute(QueryExecutorImpl.java:255)
	at org.postgresql.jdbc2.AbstractJdbc2Statement.execute(AbstractJdbc2Statement.java:555)
	at org.postgresql.jdbc2.AbstractJdbc2Statement.executeWithFlags(AbstractJdbc2Statement.java:417)
	at org.postgresql.jdbc2.AbstractJdbc2Statement.executeQuery(AbstractJdbc2Statement.java:302)
	at org.eclipse.persistence.internal.databaseaccess.DatabaseAccessor.executeSelect(DatabaseAccessor.java:1007)
	at org.eclipse.persistence.internal.databaseaccess.DatabaseAccessor.basicExecuteCall(DatabaseAccessor.java:642)
	... 83 more

25-May-2018 10:37:06.054 INFO [localhost-startStop-2] org.apache.catalina.core.ApplicationContext.log SessionListener: contextDestroyed()
25-May-2018 10:37:06.055 INFO [localhost-startStop-2] org.apache.catalina.core.ApplicationContext.log ContextListener: contextDestroyed()
