08-Nov-2016 07:13:48.017 SEVERE [localhost-startStop-1] org.apache.catalina.core.StandardContext.listenerStart Error configuring application listener of class controle.EntytManegerContext
 java.lang.ClassNotFoundException: controle.EntytManegerContext
	at org.apache.catalina.loader.WebappClassLoaderBase.loadClass(WebappClassLoaderBase.java:1295)
	at org.apache.catalina.loader.WebappClassLoaderBase.loadClass(WebappClassLoaderBase.java:1147)
	at org.apache.catalina.core.DefaultInstanceManager.loadClass(DefaultInstanceManager.java:520)
	at org.apache.catalina.core.DefaultInstanceManager.loadClassMaybePrivileged(DefaultInstanceManager.java:501)
	at org.apache.catalina.core.DefaultInstanceManager.newInstance(DefaultInstanceManager.java:120)
	at org.apache.catalina.core.StandardContext.listenerStart(StandardContext.java:4693)
	at org.apache.catalina.core.StandardContext.startInternal(StandardContext.java:5196)
	at org.apache.catalina.util.LifecycleBase.start(LifecycleBase.java:150)
	at org.apache.catalina.core.ContainerBase.addChildInternal(ContainerBase.java:725)
	at org.apache.catalina.core.ContainerBase.addChild(ContainerBase.java:701)
	at org.apache.catalina.core.StandardHost.addChild(StandardHost.java:714)
	at org.apache.catalina.startup.HostConfig.deployDescriptor(HostConfig.java:581)
	at org.apache.catalina.startup.HostConfig$DeployDescriptor.run(HostConfig.java:1683)
	at java.util.concurrent.Executors$RunnableAdapter.call(Executors.java:471)
	at java.util.concurrent.FutureTask.run(FutureTask.java:262)
	at java.util.concurrent.ThreadPoolExecutor.runWorker(ThreadPoolExecutor.java:1145)
	at java.util.concurrent.ThreadPoolExecutor$Worker.run(ThreadPoolExecutor.java:615)
	at java.lang.Thread.run(Thread.java:745)

08-Nov-2016 07:13:48.017 SEVERE [localhost-startStop-1] org.apache.catalina.core.StandardContext.listenerStart Skipped installing application listeners due to previous error(s)
08-Nov-2016 07:14:30.487 INFO [localhost-startStop-1] org.apache.catalina.core.ApplicationContext.log ContextListener: contextInitialized()
08-Nov-2016 07:14:30.487 INFO [localhost-startStop-1] org.apache.catalina.core.ApplicationContext.log SessionListener: contextInitialized()
08-Nov-2016 07:15:56.771 SEVERE [http-nio-1022-exec-41] org.apache.catalina.core.StandardWrapperValve.invoke Servlet.service() for servlet [login] in context with path [/SGEM_with_base_de_dados_final] threw exception
 java.lang.IllegalStateException: Cannot forward after response has been committed
	at org.apache.catalina.core.ApplicationDispatcher.doForward(ApplicationDispatcher.java:328)
	at org.apache.catalina.core.ApplicationDispatcher.forward(ApplicationDispatcher.java:318)
	at Servelets.login.processRequest(login.java:72)
	at Servelets.login.doPost(login.java:103)
	at javax.servlet.http.HttpServlet.service(HttpServlet.java:644)
	at javax.servlet.http.HttpServlet.service(HttpServlet.java:725)
	at org.apache.catalina.core.ApplicationFilterChain.internalDoFilter(ApplicationFilterChain.java:291)
	at org.apache.catalina.core.ApplicationFilterChain.doFilter(ApplicationFilterChain.java:206)
	at org.apache.tomcat.websocket.server.WsFilter.doFilter(WsFilter.java:52)
	at org.apache.catalina.core.ApplicationFilterChain.internalDoFilter(ApplicationFilterChain.java:239)
	at org.apache.catalina.core.ApplicationFilterChain.doFilter(ApplicationFilterChain.java:206)
	at org.apache.catalina.core.StandardWrapperValve.invoke(StandardWrapperValve.java:219)
	at org.apache.catalina.core.StandardContextValve.invoke(StandardContextValve.java:106)
	at org.apache.catalina.authenticator.AuthenticatorBase.invoke(AuthenticatorBase.java:501)
	at org.apache.catalina.core.StandardHostValve.invoke(StandardHostValve.java:142)
	at org.apache.catalina.valves.ErrorReportValve.invoke(ErrorReportValve.java:79)
	at org.apache.catalina.valves.AbstractAccessLogValve.invoke(AbstractAccessLogValve.java:610)
	at org.apache.catalina.core.StandardEngineValve.invoke(StandardEngineValve.java:88)
	at org.apache.catalina.connector.CoyoteAdapter.service(CoyoteAdapter.java:537)
	at org.apache.coyote.http11.AbstractHttp11Processor.process(AbstractHttp11Processor.java:1085)
	at org.apache.coyote.AbstractProtocol$AbstractConnectionHandler.process(AbstractProtocol.java:658)
	at org.apache.coyote.http11.Http11NioProtocol$Http11ConnectionHandler.process(Http11NioProtocol.java:222)
	at org.apache.tomcat.util.net.NioEndpoint$SocketProcessor.doRun(NioEndpoint.java:1556)
	at org.apache.tomcat.util.net.NioEndpoint$SocketProcessor.run(NioEndpoint.java:1513)
	at java.util.concurrent.ThreadPoolExecutor.runWorker(ThreadPoolExecutor.java:1145)
	at java.util.concurrent.ThreadPoolExecutor$Worker.run(ThreadPoolExecutor.java:615)
	at org.apache.tomcat.util.threads.TaskThread$WrappingRunnable.run(TaskThread.java:61)
	at java.lang.Thread.run(Thread.java:745)

08-Nov-2016 11:33:03.800 SEVERE [http-nio-1022-exec-47] org.apache.tomcat.util.descriptor.web.SecurityConstraint.findUncoveredHttpMethods For security constraints with URL pattern [/principalFuncionario.jsp] only the HTTP methods [POST GET] are covered. All other methods are uncovered.
08-Nov-2016 11:33:03.800 SEVERE [http-nio-1022-exec-47] org.apache.tomcat.util.descriptor.web.SecurityConstraint.findUncoveredHttpMethods For security constraints with URL pattern [/RegistarPagamento.jsp] only the HTTP methods [POST GET] are covered. All other methods are uncovered.
08-Nov-2016 11:33:03.800 SEVERE [http-nio-1022-exec-47] org.apache.tomcat.util.descriptor.web.SecurityConstraint.findUncoveredHttpMethods For security constraints with URL pattern [/RegistarEmprestimo.jsp] only the HTTP methods [POST GET] are covered. All other methods are uncovered.
08-Nov-2016 11:33:03.800 SEVERE [http-nio-1022-exec-47] org.apache.tomcat.util.descriptor.web.SecurityConstraint.findUncoveredHttpMethods For security constraints with URL pattern [/criaCliente.jsp] only the HTTP methods [POST GET] are covered. All other methods are uncovered.
08-Nov-2016 11:33:03.800 SEVERE [http-nio-1022-exec-47] org.apache.tomcat.util.descriptor.web.SecurityConstraint.findUncoveredHttpMethods For security constraints with URL pattern [/TodosUtilizadores.jsp] only the HTTP methods [POST GET] are covered. All other methods are uncovered.
08-Nov-2016 11:47:17.497 SEVERE [http-nio-1022-exec-57] org.apache.tomcat.util.descriptor.web.SecurityConstraint.findUncoveredHttpMethods For security constraints with URL pattern [/principalFuncionario.jsp] only the HTTP methods [POST GET] are covered. All other methods are uncovered.
08-Nov-2016 11:47:17.498 SEVERE [http-nio-1022-exec-57] org.apache.tomcat.util.descriptor.web.SecurityConstraint.findUncoveredHttpMethods For security constraints with URL pattern [/RegistarPagamento.jsp] only the HTTP methods [POST GET] are covered. All other methods are uncovered.
08-Nov-2016 11:47:17.498 SEVERE [http-nio-1022-exec-57] org.apache.tomcat.util.descriptor.web.SecurityConstraint.findUncoveredHttpMethods For security constraints with URL pattern [/RegistarEmprestimo.jsp] only the HTTP methods [POST GET] are covered. All other methods are uncovered.
08-Nov-2016 11:47:17.498 SEVERE [http-nio-1022-exec-57] org.apache.tomcat.util.descriptor.web.SecurityConstraint.findUncoveredHttpMethods For security constraints with URL pattern [/criaCliente.jsp] only the HTTP methods [POST GET] are covered. All other methods are uncovered.
08-Nov-2016 11:47:17.498 SEVERE [http-nio-1022-exec-57] org.apache.tomcat.util.descriptor.web.SecurityConstraint.findUncoveredHttpMethods For security constraints with URL pattern [/TodosUtilizadores.jsp] only the HTTP methods [POST GET] are covered. All other methods are uncovered.
08-Nov-2016 11:47:44.327 INFO [localhost-startStop-2] org.apache.catalina.core.ApplicationContext.log SessionListener: contextDestroyed()
08-Nov-2016 11:47:44.327 INFO [localhost-startStop-2] org.apache.catalina.core.ApplicationContext.log ContextListener: contextDestroyed()
08-Nov-2016 11:48:06.067 SEVERE [localhost-startStop-1] org.apache.catalina.core.StandardContext.listenerStart Error configuring application listener of class controle.EntytManegerContext
 java.lang.ClassNotFoundException: controle.EntytManegerContext
	at org.apache.catalina.loader.WebappClassLoaderBase.loadClass(WebappClassLoaderBase.java:1295)
	at org.apache.catalina.loader.WebappClassLoaderBase.loadClass(WebappClassLoaderBase.java:1147)
	at org.apache.catalina.core.DefaultInstanceManager.loadClass(DefaultInstanceManager.java:520)
	at org.apache.catalina.core.DefaultInstanceManager.loadClassMaybePrivileged(DefaultInstanceManager.java:501)
	at org.apache.catalina.core.DefaultInstanceManager.newInstance(DefaultInstanceManager.java:120)
	at org.apache.catalina.core.StandardContext.listenerStart(StandardContext.java:4693)
	at org.apache.catalina.core.StandardContext.startInternal(StandardContext.java:5196)
	at org.apache.catalina.util.LifecycleBase.start(LifecycleBase.java:150)
	at org.apache.catalina.core.ContainerBase.addChildInternal(ContainerBase.java:725)
	at org.apache.catalina.core.ContainerBase.addChild(ContainerBase.java:701)
	at org.apache.catalina.core.StandardHost.addChild(StandardHost.java:714)
	at org.apache.catalina.startup.HostConfig.deployDescriptor(HostConfig.java:581)
	at org.apache.catalina.startup.HostConfig$DeployDescriptor.run(HostConfig.java:1683)
	at java.util.concurrent.Executors$RunnableAdapter.call(Executors.java:471)
	at java.util.concurrent.FutureTask.run(FutureTask.java:262)
	at java.util.concurrent.ThreadPoolExecutor.runWorker(ThreadPoolExecutor.java:1145)
	at java.util.concurrent.ThreadPoolExecutor$Worker.run(ThreadPoolExecutor.java:615)
	at java.lang.Thread.run(Thread.java:745)

08-Nov-2016 11:48:06.067 SEVERE [localhost-startStop-1] org.apache.catalina.core.StandardContext.listenerStart Skipped installing application listeners due to previous error(s)
08-Nov-2016 11:48:15.992 SEVERE [localhost-startStop-1] org.apache.tomcat.util.descriptor.web.SecurityConstraint.findUncoveredHttpMethods For security constraints with URL pattern [/principalFuncionario.jsp] only the HTTP methods [POST GET] are covered. All other methods are uncovered.
08-Nov-2016 11:48:15.992 SEVERE [localhost-startStop-1] org.apache.tomcat.util.descriptor.web.SecurityConstraint.findUncoveredHttpMethods For security constraints with URL pattern [/RegistarPagamento.jsp] only the HTTP methods [POST GET] are covered. All other methods are uncovered.
08-Nov-2016 11:48:15.993 SEVERE [localhost-startStop-1] org.apache.tomcat.util.descriptor.web.SecurityConstraint.findUncoveredHttpMethods For security constraints with URL pattern [/RegistarEmprestimo.jsp] only the HTTP methods [POST GET] are covered. All other methods are uncovered.
08-Nov-2016 11:48:15.993 SEVERE [localhost-startStop-1] org.apache.tomcat.util.descriptor.web.SecurityConstraint.findUncoveredHttpMethods For security constraints with URL pattern [/criaCliente.jsp] only the HTTP methods [POST GET] are covered. All other methods are uncovered.
08-Nov-2016 11:48:15.993 SEVERE [localhost-startStop-1] org.apache.tomcat.util.descriptor.web.SecurityConstraint.findUncoveredHttpMethods For security constraints with URL pattern [/TodosUtilizadores.jsp] only the HTTP methods [POST GET] are covered. All other methods are uncovered.
08-Nov-2016 11:48:27.102 INFO [localhost-startStop-1] org.apache.catalina.core.ApplicationContext.log ContextListener: contextInitialized()
08-Nov-2016 11:48:27.102 INFO [localhost-startStop-1] org.apache.catalina.core.ApplicationContext.log SessionListener: contextInitialized()
08-Nov-2016 11:53:14.107 INFO [localhost-startStop-2] org.apache.catalina.core.ApplicationContext.log SessionListener: contextDestroyed()
08-Nov-2016 11:53:14.107 INFO [localhost-startStop-2] org.apache.catalina.core.ApplicationContext.log ContextListener: contextDestroyed()
08-Nov-2016 11:53:32.826 SEVERE [localhost-startStop-1] org.apache.catalina.core.StandardContext.listenerStart Error configuring application listener of class controle.EntytManegerContext
 java.lang.ClassNotFoundException: controle.EntytManegerContext
	at org.apache.catalina.loader.WebappClassLoaderBase.loadClass(WebappClassLoaderBase.java:1295)
	at org.apache.catalina.loader.WebappClassLoaderBase.loadClass(WebappClassLoaderBase.java:1147)
	at org.apache.catalina.core.DefaultInstanceManager.loadClass(DefaultInstanceManager.java:520)
	at org.apache.catalina.core.DefaultInstanceManager.loadClassMaybePrivileged(DefaultInstanceManager.java:501)
	at org.apache.catalina.core.DefaultInstanceManager.newInstance(DefaultInstanceManager.java:120)
	at org.apache.catalina.core.StandardContext.listenerStart(StandardContext.java:4693)
	at org.apache.catalina.core.StandardContext.startInternal(StandardContext.java:5196)
	at org.apache.catalina.util.LifecycleBase.start(LifecycleBase.java:150)
	at org.apache.catalina.core.ContainerBase.addChildInternal(ContainerBase.java:725)
	at org.apache.catalina.core.ContainerBase.addChild(ContainerBase.java:701)
	at org.apache.catalina.core.StandardHost.addChild(StandardHost.java:714)
	at org.apache.catalina.startup.HostConfig.deployDescriptor(HostConfig.java:581)
	at org.apache.catalina.startup.HostConfig$DeployDescriptor.run(HostConfig.java:1683)
	at java.util.concurrent.Executors$RunnableAdapter.call(Executors.java:471)
	at java.util.concurrent.FutureTask.run(FutureTask.java:262)
	at java.util.concurrent.ThreadPoolExecutor.runWorker(ThreadPoolExecutor.java:1145)
	at java.util.concurrent.ThreadPoolExecutor$Worker.run(ThreadPoolExecutor.java:615)
	at java.lang.Thread.run(Thread.java:745)

08-Nov-2016 11:53:32.826 SEVERE [localhost-startStop-1] org.apache.catalina.core.StandardContext.listenerStart Skipped installing application listeners due to previous error(s)
08-Nov-2016 11:53:42.003 SEVERE [localhost-startStop-1] org.apache.tomcat.util.descriptor.web.SecurityConstraint.findUncoveredHttpMethods For security constraints with URL pattern [/principalFuncionario.jsp] only the HTTP methods [POST GET] are covered. All other methods are uncovered.
08-Nov-2016 11:53:42.003 SEVERE [localhost-startStop-1] org.apache.tomcat.util.descriptor.web.SecurityConstraint.findUncoveredHttpMethods For security constraints with URL pattern [/RegistarPagamento.jsp] only the HTTP methods [POST GET] are covered. All other methods are uncovered.
08-Nov-2016 11:53:42.003 SEVERE [localhost-startStop-1] org.apache.tomcat.util.descriptor.web.SecurityConstraint.findUncoveredHttpMethods For security constraints with URL pattern [/RegistarEmprestimo.jsp] only the HTTP methods [POST GET] are covered. All other methods are uncovered.
08-Nov-2016 11:53:42.003 SEVERE [localhost-startStop-1] org.apache.tomcat.util.descriptor.web.SecurityConstraint.findUncoveredHttpMethods For security constraints with URL pattern [/criaCliente.jsp] only the HTTP methods [POST GET] are covered. All other methods are uncovered.
08-Nov-2016 11:53:42.003 SEVERE [localhost-startStop-1] org.apache.tomcat.util.descriptor.web.SecurityConstraint.findUncoveredHttpMethods For security constraints with URL pattern [/TodosUtilizadores.jsp] only the HTTP methods [POST GET] are covered. All other methods are uncovered.
08-Nov-2016 11:53:51.059 INFO [localhost-startStop-1] org.apache.catalina.core.ApplicationContext.log ContextListener: contextInitialized()
08-Nov-2016 11:53:51.059 INFO [localhost-startStop-1] org.apache.catalina.core.ApplicationContext.log SessionListener: contextInitialized()
08-Nov-2016 11:58:52.491 INFO [localhost-startStop-2] org.apache.catalina.core.ApplicationContext.log SessionListener: contextDestroyed()
08-Nov-2016 11:58:52.491 INFO [localhost-startStop-2] org.apache.catalina.core.ApplicationContext.log ContextListener: contextDestroyed()
08-Nov-2016 11:59:11.865 SEVERE [localhost-startStop-1] org.apache.catalina.core.StandardContext.listenerStart Error configuring application listener of class controle.EntytManegerContext
 java.lang.ClassNotFoundException: controle.EntytManegerContext
	at org.apache.catalina.loader.WebappClassLoaderBase.loadClass(WebappClassLoaderBase.java:1295)
	at org.apache.catalina.loader.WebappClassLoaderBase.loadClass(WebappClassLoaderBase.java:1147)
	at org.apache.catalina.core.DefaultInstanceManager.loadClass(DefaultInstanceManager.java:520)
	at org.apache.catalina.core.DefaultInstanceManager.loadClassMaybePrivileged(DefaultInstanceManager.java:501)
	at org.apache.catalina.core.DefaultInstanceManager.newInstance(DefaultInstanceManager.java:120)
	at org.apache.catalina.core.StandardContext.listenerStart(StandardContext.java:4693)
	at org.apache.catalina.core.StandardContext.startInternal(StandardContext.java:5196)
	at org.apache.catalina.util.LifecycleBase.start(LifecycleBase.java:150)
	at org.apache.catalina.core.ContainerBase.addChildInternal(ContainerBase.java:725)
	at org.apache.catalina.core.ContainerBase.addChild(ContainerBase.java:701)
	at org.apache.catalina.core.StandardHost.addChild(StandardHost.java:714)
	at org.apache.catalina.startup.HostConfig.deployDescriptor(HostConfig.java:581)
	at org.apache.catalina.startup.HostConfig$DeployDescriptor.run(HostConfig.java:1683)
	at java.util.concurrent.Executors$RunnableAdapter.call(Executors.java:471)
	at java.util.concurrent.FutureTask.run(FutureTask.java:262)
	at java.util.concurrent.ThreadPoolExecutor.runWorker(ThreadPoolExecutor.java:1145)
	at java.util.concurrent.ThreadPoolExecutor$Worker.run(ThreadPoolExecutor.java:615)
	at java.lang.Thread.run(Thread.java:745)

08-Nov-2016 11:59:11.865 SEVERE [localhost-startStop-1] org.apache.catalina.core.StandardContext.listenerStart Skipped installing application listeners due to previous error(s)
08-Nov-2016 11:59:20.636 SEVERE [localhost-startStop-1] org.apache.tomcat.util.descriptor.web.SecurityConstraint.findUncoveredHttpMethods For security constraints with URL pattern [/principalFuncionario.jsp] only the HTTP methods [POST GET] are covered. All other methods are uncovered.
08-Nov-2016 11:59:20.636 SEVERE [localhost-startStop-1] org.apache.tomcat.util.descriptor.web.SecurityConstraint.findUncoveredHttpMethods For security constraints with URL pattern [/RegistarPagamento.jsp] only the HTTP methods [POST GET] are covered. All other methods are uncovered.
08-Nov-2016 11:59:20.636 SEVERE [localhost-startStop-1] org.apache.tomcat.util.descriptor.web.SecurityConstraint.findUncoveredHttpMethods For security constraints with URL pattern [/RegistarEmprestimo.jsp] only the HTTP methods [POST GET] are covered. All other methods are uncovered.
08-Nov-2016 11:59:20.636 SEVERE [localhost-startStop-1] org.apache.tomcat.util.descriptor.web.SecurityConstraint.findUncoveredHttpMethods For security constraints with URL pattern [/criaCliente.jsp] only the HTTP methods [POST GET] are covered. All other methods are uncovered.
08-Nov-2016 11:59:20.636 SEVERE [localhost-startStop-1] org.apache.tomcat.util.descriptor.web.SecurityConstraint.findUncoveredHttpMethods For security constraints with URL pattern [/TodosUtilizadores.jsp] only the HTTP methods [POST GET] are covered. All other methods are uncovered.
08-Nov-2016 11:59:29.460 INFO [localhost-startStop-1] org.apache.catalina.core.ApplicationContext.log ContextListener: contextInitialized()
08-Nov-2016 11:59:29.460 INFO [localhost-startStop-1] org.apache.catalina.core.ApplicationContext.log SessionListener: contextInitialized()
08-Nov-2016 12:02:08.700 SEVERE [http-nio-1022-exec-2] org.apache.tomcat.util.descriptor.web.SecurityConstraint.findUncoveredHttpMethods For security constraints with URL pattern [/principalFuncionario.jsp] only the HTTP methods [POST GET] are covered. All other methods are uncovered.
08-Nov-2016 12:02:08.701 SEVERE [http-nio-1022-exec-2] org.apache.tomcat.util.descriptor.web.SecurityConstraint.findUncoveredHttpMethods For security constraints with URL pattern [/RegistarPagamento.jsp] only the HTTP methods [POST GET] are covered. All other methods are uncovered.
08-Nov-2016 12:02:08.701 SEVERE [http-nio-1022-exec-2] org.apache.tomcat.util.descriptor.web.SecurityConstraint.findUncoveredHttpMethods For security constraints with URL pattern [/RegistarEmprestimo.jsp] only the HTTP methods [POST GET] are covered. All other methods are uncovered.
08-Nov-2016 12:02:08.701 SEVERE [http-nio-1022-exec-2] org.apache.tomcat.util.descriptor.web.SecurityConstraint.findUncoveredHttpMethods For security constraints with URL pattern [/criaCliente.jsp] only the HTTP methods [POST GET] are covered. All other methods are uncovered.
08-Nov-2016 12:02:08.701 SEVERE [http-nio-1022-exec-2] org.apache.tomcat.util.descriptor.web.SecurityConstraint.findUncoveredHttpMethods For security constraints with URL pattern [/TodosUtilizadores.jsp] only the HTTP methods [POST GET] are covered. All other methods are uncovered.
08-Nov-2016 12:02:15.868 SEVERE [ContainerBackgroundProcessor[StandardEngine[Catalina]]] org.apache.tomcat.util.descriptor.web.SecurityConstraint.findUncoveredHttpMethods For security constraints with URL pattern [/principalFuncionario.jsp] only the HTTP methods [POST GET] are covered. All other methods are uncovered.
08-Nov-2016 12:02:15.868 SEVERE [ContainerBackgroundProcessor[StandardEngine[Catalina]]] org.apache.tomcat.util.descriptor.web.SecurityConstraint.findUncoveredHttpMethods For security constraints with URL pattern [/RegistarPagamento.jsp] only the HTTP methods [POST GET] are covered. All other methods are uncovered.
08-Nov-2016 12:02:15.868 SEVERE [ContainerBackgroundProcessor[StandardEngine[Catalina]]] org.apache.tomcat.util.descriptor.web.SecurityConstraint.findUncoveredHttpMethods For security constraints with URL pattern [/RegistarEmprestimo.jsp] only the HTTP methods [POST GET] are covered. All other methods are uncovered.
08-Nov-2016 12:02:15.868 SEVERE [ContainerBackgroundProcessor[StandardEngine[Catalina]]] org.apache.tomcat.util.descriptor.web.SecurityConstraint.findUncoveredHttpMethods For security constraints with URL pattern [/criaCliente.jsp] only the HTTP methods [POST GET] are covered. All other methods are uncovered.
08-Nov-2016 12:02:15.868 SEVERE [ContainerBackgroundProcessor[StandardEngine[Catalina]]] org.apache.tomcat.util.descriptor.web.SecurityConstraint.findUncoveredHttpMethods For security constraints with URL pattern [/TodosUtilizadores.jsp] only the HTTP methods [POST GET] are covered. All other methods are uncovered.
08-Nov-2016 12:03:34.525 SEVERE [http-nio-1022-exec-19] org.apache.tomcat.util.descriptor.web.SecurityConstraint.findUncoveredHttpMethods For security constraints with URL pattern [/principalFuncionario.jsp] only the HTTP methods [POST GET] are covered. All other methods are uncovered.
08-Nov-2016 12:03:34.525 SEVERE [http-nio-1022-exec-19] org.apache.tomcat.util.descriptor.web.SecurityConstraint.findUncoveredHttpMethods For security constraints with URL pattern [/RegistarPagamento.jsp] only the HTTP methods [POST GET] are covered. All other methods are uncovered.
08-Nov-2016 12:03:34.525 SEVERE [http-nio-1022-exec-19] org.apache.tomcat.util.descriptor.web.SecurityConstraint.findUncoveredHttpMethods For security constraints with URL pattern [/RegistarEmprestimo.jsp] only the HTTP methods [POST GET] are covered. All other methods are uncovered.
08-Nov-2016 12:03:34.525 SEVERE [http-nio-1022-exec-19] org.apache.tomcat.util.descriptor.web.SecurityConstraint.findUncoveredHttpMethods For security constraints with URL pattern [/criaCliente.jsp] only the HTTP methods [POST GET] are covered. All other methods are uncovered.
08-Nov-2016 12:03:34.526 SEVERE [http-nio-1022-exec-19] org.apache.tomcat.util.descriptor.web.SecurityConstraint.findUncoveredHttpMethods For security constraints with URL pattern [/TodosUtilizadores.jsp] only the HTTP methods [POST GET] are covered. All other methods are uncovered.
08-Nov-2016 12:10:21.857 INFO [localhost-startStop-2] org.apache.catalina.core.ApplicationContext.log SessionListener: contextDestroyed()
08-Nov-2016 12:10:21.857 INFO [localhost-startStop-2] org.apache.catalina.core.ApplicationContext.log ContextListener: contextDestroyed()
08-Nov-2016 12:10:43.006 SEVERE [localhost-startStop-1] org.apache.catalina.core.StandardContext.listenerStart Error configuring application listener of class controle.EntytManegerContext
 java.lang.ClassNotFoundException: controle.EntytManegerContext
	at org.apache.catalina.loader.WebappClassLoaderBase.loadClass(WebappClassLoaderBase.java:1295)
	at org.apache.catalina.loader.WebappClassLoaderBase.loadClass(WebappClassLoaderBase.java:1147)
	at org.apache.catalina.core.DefaultInstanceManager.loadClass(DefaultInstanceManager.java:520)
	at org.apache.catalina.core.DefaultInstanceManager.loadClassMaybePrivileged(DefaultInstanceManager.java:501)
	at org.apache.catalina.core.DefaultInstanceManager.newInstance(DefaultInstanceManager.java:120)
	at org.apache.catalina.core.StandardContext.listenerStart(StandardContext.java:4693)
	at org.apache.catalina.core.StandardContext.startInternal(StandardContext.java:5196)
	at org.apache.catalina.util.LifecycleBase.start(LifecycleBase.java:150)
	at org.apache.catalina.core.ContainerBase.addChildInternal(ContainerBase.java:725)
	at org.apache.catalina.core.ContainerBase.addChild(ContainerBase.java:701)
	at org.apache.catalina.core.StandardHost.addChild(StandardHost.java:714)
	at org.apache.catalina.startup.HostConfig.deployDescriptor(HostConfig.java:581)
	at org.apache.catalina.startup.HostConfig$DeployDescriptor.run(HostConfig.java:1683)
	at java.util.concurrent.Executors$RunnableAdapter.call(Executors.java:471)
	at java.util.concurrent.FutureTask.run(FutureTask.java:262)
	at java.util.concurrent.ThreadPoolExecutor.runWorker(ThreadPoolExecutor.java:1145)
	at java.util.concurrent.ThreadPoolExecutor$Worker.run(ThreadPoolExecutor.java:615)
	at java.lang.Thread.run(Thread.java:745)

08-Nov-2016 12:10:43.006 SEVERE [localhost-startStop-1] org.apache.catalina.core.StandardContext.listenerStart Skipped installing application listeners due to previous error(s)
08-Nov-2016 12:10:52.201 SEVERE [localhost-startStop-1] org.apache.tomcat.util.descriptor.web.SecurityConstraint.findUncoveredHttpMethods For security constraints with URL pattern [/principalFuncionario.jsp] only the HTTP methods [POST GET] are covered. All other methods are uncovered.
08-Nov-2016 12:10:52.202 SEVERE [localhost-startStop-1] org.apache.tomcat.util.descriptor.web.SecurityConstraint.findUncoveredHttpMethods For security constraints with URL pattern [/RegistarPagamento.jsp] only the HTTP methods [POST GET] are covered. All other methods are uncovered.
08-Nov-2016 12:10:52.202 SEVERE [localhost-startStop-1] org.apache.tomcat.util.descriptor.web.SecurityConstraint.findUncoveredHttpMethods For security constraints with URL pattern [/RegistarEmprestimo.jsp] only the HTTP methods [POST GET] are covered. All other methods are uncovered.
08-Nov-2016 12:10:52.202 SEVERE [localhost-startStop-1] org.apache.tomcat.util.descriptor.web.SecurityConstraint.findUncoveredHttpMethods For security constraints with URL pattern [/criaCliente.jsp] only the HTTP methods [POST GET] are covered. All other methods are uncovered.
08-Nov-2016 12:10:52.202 SEVERE [localhost-startStop-1] org.apache.tomcat.util.descriptor.web.SecurityConstraint.findUncoveredHttpMethods For security constraints with URL pattern [/TodosUtilizadores.jsp] only the HTTP methods [POST GET] are covered. All other methods are uncovered.
08-Nov-2016 12:11:01.183 INFO [localhost-startStop-1] org.apache.catalina.core.ApplicationContext.log ContextListener: contextInitialized()
08-Nov-2016 12:11:01.183 INFO [localhost-startStop-1] org.apache.catalina.core.ApplicationContext.log SessionListener: contextInitialized()
08-Nov-2016 12:13:20.834 SEVERE [http-nio-1022-exec-4] org.apache.tomcat.util.descriptor.web.SecurityConstraint.findUncoveredHttpMethods For security constraints with URL pattern [/principalFuncionario.jsp] only the HTTP methods [POST GET] are covered. All other methods are uncovered.
08-Nov-2016 12:13:20.834 SEVERE [http-nio-1022-exec-4] org.apache.tomcat.util.descriptor.web.SecurityConstraint.findUncoveredHttpMethods For security constraints with URL pattern [/RegistarPagamento.jsp] only the HTTP methods [POST GET] are covered. All other methods are uncovered.
08-Nov-2016 12:13:20.834 SEVERE [http-nio-1022-exec-4] org.apache.tomcat.util.descriptor.web.SecurityConstraint.findUncoveredHttpMethods For security constraints with URL pattern [/RegistarEmprestimo.jsp] only the HTTP methods [POST GET] are covered. All other methods are uncovered.
08-Nov-2016 12:13:20.834 SEVERE [http-nio-1022-exec-4] org.apache.tomcat.util.descriptor.web.SecurityConstraint.findUncoveredHttpMethods For security constraints with URL pattern [/criaCliente.jsp] only the HTTP methods [POST GET] are covered. All other methods are uncovered.
08-Nov-2016 12:13:20.835 SEVERE [http-nio-1022-exec-4] org.apache.tomcat.util.descriptor.web.SecurityConstraint.findUncoveredHttpMethods For security constraints with URL pattern [/TodosUtilizadores.jsp] only the HTTP methods [POST GET] are covered. All other methods are uncovered.
08-Nov-2016 12:13:28.214 SEVERE [ContainerBackgroundProcessor[StandardEngine[Catalina]]] org.apache.tomcat.util.descriptor.web.SecurityConstraint.findUncoveredHttpMethods For security constraints with URL pattern [/principalFuncionario.jsp] only the HTTP methods [POST GET] are covered. All other methods are uncovered.
08-Nov-2016 12:13:28.214 SEVERE [ContainerBackgroundProcessor[StandardEngine[Catalina]]] org.apache.tomcat.util.descriptor.web.SecurityConstraint.findUncoveredHttpMethods For security constraints with URL pattern [/RegistarPagamento.jsp] only the HTTP methods [POST GET] are covered. All other methods are uncovered.
08-Nov-2016 12:13:28.214 SEVERE [ContainerBackgroundProcessor[StandardEngine[Catalina]]] org.apache.tomcat.util.descriptor.web.SecurityConstraint.findUncoveredHttpMethods For security constraints with URL pattern [/RegistarEmprestimo.jsp] only the HTTP methods [POST GET] are covered. All other methods are uncovered.
08-Nov-2016 12:13:28.215 SEVERE [ContainerBackgroundProcessor[StandardEngine[Catalina]]] org.apache.tomcat.util.descriptor.web.SecurityConstraint.findUncoveredHttpMethods For security constraints with URL pattern [/criaCliente.jsp] only the HTTP methods [POST GET] are covered. All other methods are uncovered.
08-Nov-2016 12:13:28.215 SEVERE [ContainerBackgroundProcessor[StandardEngine[Catalina]]] org.apache.tomcat.util.descriptor.web.SecurityConstraint.findUncoveredHttpMethods For security constraints with URL pattern [/TodosUtilizadores.jsp] only the HTTP methods [POST GET] are covered. All other methods are uncovered.
08-Nov-2016 12:13:33.073 SEVERE [http-nio-1022-exec-17] org.apache.tomcat.util.descriptor.web.SecurityConstraint.findUncoveredHttpMethods For security constraints with URL pattern [/principalFuncionario.jsp] only the HTTP methods [POST GET] are covered. All other methods are uncovered.
08-Nov-2016 12:13:33.073 SEVERE [http-nio-1022-exec-17] org.apache.tomcat.util.descriptor.web.SecurityConstraint.findUncoveredHttpMethods For security constraints with URL pattern [/RegistarPagamento.jsp] only the HTTP methods [POST GET] are covered. All other methods are uncovered.
08-Nov-2016 12:13:33.073 SEVERE [http-nio-1022-exec-17] org.apache.tomcat.util.descriptor.web.SecurityConstraint.findUncoveredHttpMethods For security constraints with URL pattern [/RegistarEmprestimo.jsp] only the HTTP methods [POST GET] are covered. All other methods are uncovered.
08-Nov-2016 12:13:33.073 SEVERE [http-nio-1022-exec-17] org.apache.tomcat.util.descriptor.web.SecurityConstraint.findUncoveredHttpMethods For security constraints with URL pattern [/criaCliente.jsp] only the HTTP methods [POST GET] are covered. All other methods are uncovered.
08-Nov-2016 12:13:33.073 SEVERE [http-nio-1022-exec-17] org.apache.tomcat.util.descriptor.web.SecurityConstraint.findUncoveredHttpMethods For security constraints with URL pattern [/TodosUtilizadores.jsp] only the HTTP methods [POST GET] are covered. All other methods are uncovered.
08-Nov-2016 12:21:08.133 SEVERE [http-nio-1022-exec-21] org.apache.tomcat.util.descriptor.web.SecurityConstraint.findUncoveredHttpMethods For security constraints with URL pattern [/principalFuncionario.jsp] only the HTTP methods [POST GET] are covered. All other methods are uncovered.
08-Nov-2016 12:21:08.134 SEVERE [http-nio-1022-exec-21] org.apache.tomcat.util.descriptor.web.SecurityConstraint.findUncoveredHttpMethods For security constraints with URL pattern [/RegistarPagamento.jsp] only the HTTP methods [POST GET] are covered. All other methods are uncovered.
08-Nov-2016 12:21:08.134 SEVERE [http-nio-1022-exec-21] org.apache.tomcat.util.descriptor.web.SecurityConstraint.findUncoveredHttpMethods For security constraints with URL pattern [/RegistarEmprestimo.jsp] only the HTTP methods [POST GET] are covered. All other methods are uncovered.
08-Nov-2016 12:21:08.134 SEVERE [http-nio-1022-exec-21] org.apache.tomcat.util.descriptor.web.SecurityConstraint.findUncoveredHttpMethods For security constraints with URL pattern [/criaCliente.jsp] only the HTTP methods [POST GET] are covered. All other methods are uncovered.
08-Nov-2016 12:21:08.134 SEVERE [http-nio-1022-exec-21] org.apache.tomcat.util.descriptor.web.SecurityConstraint.findUncoveredHttpMethods For security constraints with URL pattern [/TodosUtilizadores.jsp] only the HTTP methods [POST GET] are covered. All other methods are uncovered.
08-Nov-2016 12:21:14.461 SEVERE [ContainerBackgroundProcessor[StandardEngine[Catalina]]] org.apache.catalina.core.StandardContext.listenerStart Exception sending context initialized event to listener instance of class EntityManagerContext
 Local Exception Stack: 
Exception [EclipseLink-30005] (Eclipse Persistence Services - 2.5.2.v20140319-9ad6abd): org.eclipse.persistence.exceptions.PersistenceUnitLoadingException
Exception Description: An exception was thrown while searching for persistence archives with ClassLoader: WebappClassLoader
  context: SGEM_with_base_de_dados_final
  delegate: false
----------> Parent Classloader:
java.net.URLClassLoader@3a51ce0d

Internal Exception: javax.persistence.PersistenceException: Exception [EclipseLink-28018] (Eclipse Persistence Services - 2.5.2.v20140319-9ad6abd): org.eclipse.persistence.exceptions.EntityManagerSetupException
Exception Description: Predeployment of PersistenceUnit [SGEM_with_base_de_dados_finalPU] failed.
Internal Exception: java.lang.OutOfMemoryError: PermGen space
	at org.eclipse.persistence.exceptions.PersistenceUnitLoadingException.exceptionSearchingForPersistenceResources(PersistenceUnitLoadingException.java:127)
	at org.eclipse.persistence.jpa.PersistenceProvider.createEntityManagerFactoryImpl(PersistenceProvider.java:107)
	at org.eclipse.persistence.jpa.PersistenceProvider.createEntityManagerFactory(PersistenceProvider.java:177)
	at javax.persistence.Persistence.createEntityManagerFactory(Persistence.java:79)
	at javax.persistence.Persistence.createEntityManagerFactory(Persistence.java:54)
	at EntityManagerContext.contextInitialized(EntityManagerContext.java:22)
	at org.apache.catalina.core.StandardContext.listenerStart(StandardContext.java:4772)
	at org.apache.catalina.core.StandardContext.startInternal(StandardContext.java:5196)
	at org.apache.catalina.util.LifecycleBase.start(LifecycleBase.java:150)
	at org.apache.catalina.core.StandardContext.reload(StandardContext.java:3796)
	at org.apache.catalina.startup.HostConfig.reload(HostConfig.java:1304)
	at org.apache.catalina.startup.HostConfig.checkResources(HostConfig.java:1287)
	at org.apache.catalina.startup.HostConfig.check(HostConfig.java:1471)
	at org.apache.catalina.startup.HostConfig.lifecycleEvent(HostConfig.java:280)
	at org.apache.catalina.util.LifecycleSupport.fireLifecycleEvent(LifecycleSupport.java:117)
	at org.apache.catalina.util.LifecycleBase.fireLifecycleEvent(LifecycleBase.java:90)
	at org.apache.catalina.core.ContainerBase.backgroundProcess(ContainerBase.java:1142)
	at org.apache.catalina.core.ContainerBase$ContainerBackgroundProcessor.processChildren(ContainerBase.java:1378)
	at org.apache.catalina.core.ContainerBase$ContainerBackgroundProcessor.processChildren(ContainerBase.java:1382)
	at org.apache.catalina.core.ContainerBase$ContainerBackgroundProcessor.run(ContainerBase.java:1350)
	at java.lang.Thread.run(Thread.java:745)
Caused by: javax.persistence.PersistenceException: Exception [EclipseLink-28018] (Eclipse Persistence Services - 2.5.2.v20140319-9ad6abd): org.eclipse.persistence.exceptions.EntityManagerSetupException
Exception Description: Predeployment of PersistenceUnit [SGEM_with_base_de_dados_finalPU] failed.
Internal Exception: java.lang.OutOfMemoryError: PermGen space
	at org.eclipse.persistence.internal.jpa.EntityManagerSetupImpl.createPredeployFailedPersistenceException(EntityManagerSetupImpl.java:1954)
	at org.eclipse.persistence.internal.jpa.EntityManagerSetupImpl.predeploy(EntityManagerSetupImpl.java:1945)
	at org.eclipse.persistence.internal.jpa.deployment.JPAInitializer.callPredeploy(JPAInitializer.java:98)
	at org.eclipse.persistence.jpa.PersistenceProvider.createEntityManagerFactoryImpl(PersistenceProvider.java:96)
	... 19 more
Caused by: Exception [EclipseLink-28018] (Eclipse Persistence Services - 2.5.2.v20140319-9ad6abd): org.eclipse.persistence.exceptions.EntityManagerSetupException
Exception Description: Predeployment of PersistenceUnit [SGEM_with_base_de_dados_finalPU] failed.
Internal Exception: java.lang.OutOfMemoryError: PermGen space
	at org.eclipse.persistence.exceptions.EntityManagerSetupException.predeployFailed(EntityManagerSetupException.java:230)
	... 23 more
Caused by: java.lang.OutOfMemoryError: PermGen space
	at java.lang.ClassLoader.defineClass1(Native Method)
	at java.lang.ClassLoader.defineClass(ClassLoader.java:800)
	at java.security.SecureClassLoader.defineClass(SecureClassLoader.java:142)
	at org.apache.catalina.loader.WebappClassLoaderBase.findClassInternal(WebappClassLoaderBase.java:2452)
	at org.apache.catalina.loader.WebappClassLoaderBase.findClass(WebappClassLoaderBase.java:854)
	at org.apache.catalina.loader.WebappClassLoaderBase.loadClass(WebappClassLoaderBase.java:1264)
	at org.apache.catalina.loader.WebappClassLoaderBase.loadClass(WebappClassLoaderBase.java:1147)
	at org.eclipse.persistence.internal.jpa.metadata.MetadataProcessor.initPersistenceUnitClasses(MetadataProcessor.java:358)
	at org.eclipse.persistence.internal.jpa.metadata.MetadataProcessor.processEntityMappings(MetadataProcessor.java:559)
	at org.eclipse.persistence.internal.jpa.deployment.PersistenceUnitProcessor.processORMetadata(PersistenceUnitProcessor.java:581)
	at org.eclipse.persistence.internal.jpa.EntityManagerSetupImpl.predeploy(EntityManagerSetupImpl.java:1869)
	... 21 more

08-Nov-2016 12:22:18.995 SEVERE [localhost-startStop-1] org.apache.catalina.core.StandardContext.listenerStart Error configuring application listener of class controle.EntytManegerContext
 java.lang.ClassNotFoundException: controle.EntytManegerContext
	at org.apache.catalina.loader.WebappClassLoaderBase.loadClass(WebappClassLoaderBase.java:1295)
	at org.apache.catalina.loader.WebappClassLoaderBase.loadClass(WebappClassLoaderBase.java:1147)
	at org.apache.catalina.core.DefaultInstanceManager.loadClass(DefaultInstanceManager.java:520)
	at org.apache.catalina.core.DefaultInstanceManager.loadClassMaybePrivileged(DefaultInstanceManager.java:501)
	at org.apache.catalina.core.DefaultInstanceManager.newInstance(DefaultInstanceManager.java:120)
	at org.apache.catalina.core.StandardContext.listenerStart(StandardContext.java:4693)
	at org.apache.catalina.core.StandardContext.startInternal(StandardContext.java:5196)
	at org.apache.catalina.util.LifecycleBase.start(LifecycleBase.java:150)
	at org.apache.catalina.core.ContainerBase.addChildInternal(ContainerBase.java:725)
	at org.apache.catalina.core.ContainerBase.addChild(ContainerBase.java:701)
	at org.apache.catalina.core.StandardHost.addChild(StandardHost.java:714)
	at org.apache.catalina.startup.HostConfig.deployDescriptor(HostConfig.java:581)
	at org.apache.catalina.startup.HostConfig$DeployDescriptor.run(HostConfig.java:1683)
	at java.util.concurrent.Executors$RunnableAdapter.call(Executors.java:471)
	at java.util.concurrent.FutureTask.run(FutureTask.java:262)
	at java.util.concurrent.ThreadPoolExecutor.runWorker(ThreadPoolExecutor.java:1145)
	at java.util.concurrent.ThreadPoolExecutor$Worker.run(ThreadPoolExecutor.java:615)
	at java.lang.Thread.run(Thread.java:745)

08-Nov-2016 12:22:18.995 SEVERE [localhost-startStop-1] org.apache.catalina.core.StandardContext.listenerStart Skipped installing application listeners due to previous error(s)
08-Nov-2016 12:22:27.744 SEVERE [localhost-startStop-1] org.apache.tomcat.util.descriptor.web.SecurityConstraint.findUncoveredHttpMethods For security constraints with URL pattern [/principalFuncionario.jsp] only the HTTP methods [POST GET] are covered. All other methods are uncovered.
08-Nov-2016 12:22:27.745 SEVERE [localhost-startStop-1] org.apache.tomcat.util.descriptor.web.SecurityConstraint.findUncoveredHttpMethods For security constraints with URL pattern [/RegistarPagamento.jsp] only the HTTP methods [POST GET] are covered. All other methods are uncovered.
08-Nov-2016 12:22:27.745 SEVERE [localhost-startStop-1] org.apache.tomcat.util.descriptor.web.SecurityConstraint.findUncoveredHttpMethods For security constraints with URL pattern [/RegistarEmprestimo.jsp] only the HTTP methods [POST GET] are covered. All other methods are uncovered.
08-Nov-2016 12:22:27.745 SEVERE [localhost-startStop-1] org.apache.tomcat.util.descriptor.web.SecurityConstraint.findUncoveredHttpMethods For security constraints with URL pattern [/criaCliente.jsp] only the HTTP methods [POST GET] are covered. All other methods are uncovered.
08-Nov-2016 12:22:27.745 SEVERE [localhost-startStop-1] org.apache.tomcat.util.descriptor.web.SecurityConstraint.findUncoveredHttpMethods For security constraints with URL pattern [/TodosUtilizadores.jsp] only the HTTP methods [POST GET] are covered. All other methods are uncovered.
08-Nov-2016 12:22:36.473 INFO [localhost-startStop-1] org.apache.catalina.core.ApplicationContext.log ContextListener: contextInitialized()
08-Nov-2016 12:22:36.473 INFO [localhost-startStop-1] org.apache.catalina.core.ApplicationContext.log SessionListener: contextInitialized()
08-Nov-2016 12:22:53.921 SEVERE [http-nio-1022-exec-1] org.apache.tomcat.util.descriptor.web.SecurityConstraint.findUncoveredHttpMethods For security constraints with URL pattern [/principalFuncionario.jsp] only the HTTP methods [POST GET] are covered. All other methods are uncovered.
08-Nov-2016 12:22:53.922 SEVERE [http-nio-1022-exec-1] org.apache.tomcat.util.descriptor.web.SecurityConstraint.findUncoveredHttpMethods For security constraints with URL pattern [/RegistarPagamento.jsp] only the HTTP methods [POST GET] are covered. All other methods are uncovered.
08-Nov-2016 12:22:53.922 SEVERE [http-nio-1022-exec-1] org.apache.tomcat.util.descriptor.web.SecurityConstraint.findUncoveredHttpMethods For security constraints with URL pattern [/RegistarEmprestimo.jsp] only the HTTP methods [POST GET] are covered. All other methods are uncovered.
08-Nov-2016 12:22:53.922 SEVERE [http-nio-1022-exec-1] org.apache.tomcat.util.descriptor.web.SecurityConstraint.findUncoveredHttpMethods For security constraints with URL pattern [/criaCliente.jsp] only the HTTP methods [POST GET] are covered. All other methods are uncovered.
08-Nov-2016 12:22:53.922 SEVERE [http-nio-1022-exec-1] org.apache.tomcat.util.descriptor.web.SecurityConstraint.findUncoveredHttpMethods For security constraints with URL pattern [/TodosUtilizadores.jsp] only the HTTP methods [POST GET] are covered. All other methods are uncovered.
08-Nov-2016 12:23:22.817 INFO [localhost-startStop-2] org.apache.catalina.core.ApplicationContext.log SessionListener: contextDestroyed()
08-Nov-2016 12:23:22.818 INFO [localhost-startStop-2] org.apache.catalina.core.ApplicationContext.log ContextListener: contextDestroyed()
08-Nov-2016 12:33:29.318 SEVERE [localhost-startStop-1] org.apache.catalina.core.StandardContext.listenerStart Error configuring application listener of class controle.EntytManegerContext
 java.lang.ClassNotFoundException: controle.EntytManegerContext
	at org.apache.catalina.loader.WebappClassLoaderBase.loadClass(WebappClassLoaderBase.java:1295)
	at org.apache.catalina.loader.WebappClassLoaderBase.loadClass(WebappClassLoaderBase.java:1147)
	at org.apache.catalina.core.DefaultInstanceManager.loadClass(DefaultInstanceManager.java:520)
	at org.apache.catalina.core.DefaultInstanceManager.loadClassMaybePrivileged(DefaultInstanceManager.java:501)
	at org.apache.catalina.core.DefaultInstanceManager.newInstance(DefaultInstanceManager.java:120)
	at org.apache.catalina.core.StandardContext.listenerStart(StandardContext.java:4693)
	at org.apache.catalina.core.StandardContext.startInternal(StandardContext.java:5196)
	at org.apache.catalina.util.LifecycleBase.start(LifecycleBase.java:150)
	at org.apache.catalina.core.ContainerBase.addChildInternal(ContainerBase.java:725)
	at org.apache.catalina.core.ContainerBase.addChild(ContainerBase.java:701)
	at org.apache.catalina.core.StandardHost.addChild(StandardHost.java:714)
	at org.apache.catalina.startup.HostConfig.deployDescriptor(HostConfig.java:581)
	at org.apache.catalina.startup.HostConfig$DeployDescriptor.run(HostConfig.java:1683)
	at java.util.concurrent.Executors$RunnableAdapter.call(Executors.java:471)
	at java.util.concurrent.FutureTask.run(FutureTask.java:262)
	at java.util.concurrent.ThreadPoolExecutor.runWorker(ThreadPoolExecutor.java:1145)
	at java.util.concurrent.ThreadPoolExecutor$Worker.run(ThreadPoolExecutor.java:615)
	at java.lang.Thread.run(Thread.java:745)

08-Nov-2016 12:33:29.318 SEVERE [localhost-startStop-1] org.apache.catalina.core.StandardContext.listenerStart Skipped installing application listeners due to previous error(s)
08-Nov-2016 12:33:40.663 SEVERE [localhost-startStop-1] org.apache.tomcat.util.descriptor.web.SecurityConstraint.findUncoveredHttpMethods For security constraints with URL pattern [/principalFuncionario.jsp] only the HTTP methods [POST GET] are covered. All other methods are uncovered.
08-Nov-2016 12:33:40.663 SEVERE [localhost-startStop-1] org.apache.tomcat.util.descriptor.web.SecurityConstraint.findUncoveredHttpMethods For security constraints with URL pattern [/RegistarPagamento.jsp] only the HTTP methods [POST GET] are covered. All other methods are uncovered.
08-Nov-2016 12:33:40.663 SEVERE [localhost-startStop-1] org.apache.tomcat.util.descriptor.web.SecurityConstraint.findUncoveredHttpMethods For security constraints with URL pattern [/RegistarEmprestimo.jsp] only the HTTP methods [POST GET] are covered. All other methods are uncovered.
08-Nov-2016 12:33:40.663 SEVERE [localhost-startStop-1] org.apache.tomcat.util.descriptor.web.SecurityConstraint.findUncoveredHttpMethods For security constraints with URL pattern [/criaCliente.jsp] only the HTTP methods [POST GET] are covered. All other methods are uncovered.
08-Nov-2016 12:33:40.663 SEVERE [localhost-startStop-1] org.apache.tomcat.util.descriptor.web.SecurityConstraint.findUncoveredHttpMethods For security constraints with URL pattern [/TodosUtilizadores.jsp] only the HTTP methods [POST GET] are covered. All other methods are uncovered.
08-Nov-2016 12:33:51.759 INFO [localhost-startStop-1] org.apache.catalina.core.ApplicationContext.log ContextListener: contextInitialized()
08-Nov-2016 12:33:51.759 INFO [localhost-startStop-1] org.apache.catalina.core.ApplicationContext.log SessionListener: contextInitialized()
08-Nov-2016 12:36:55.368 SEVERE [http-nio-1022-exec-9] org.apache.tomcat.util.descriptor.web.SecurityConstraint.findUncoveredHttpMethods For security constraints with URL pattern [/principalFuncionario.jsp] only the HTTP methods [POST GET] are covered. All other methods are uncovered.
08-Nov-2016 12:36:55.368 SEVERE [http-nio-1022-exec-9] org.apache.tomcat.util.descriptor.web.SecurityConstraint.findUncoveredHttpMethods For security constraints with URL pattern [/RegistarPagamento.jsp] only the HTTP methods [POST GET] are covered. All other methods are uncovered.
08-Nov-2016 12:36:55.368 SEVERE [http-nio-1022-exec-9] org.apache.tomcat.util.descriptor.web.SecurityConstraint.findUncoveredHttpMethods For security constraints with URL pattern [/RegistarEmprestimo.jsp] only the HTTP methods [POST GET] are covered. All other methods are uncovered.
08-Nov-2016 12:36:55.368 SEVERE [http-nio-1022-exec-9] org.apache.tomcat.util.descriptor.web.SecurityConstraint.findUncoveredHttpMethods For security constraints with URL pattern [/criaCliente.jsp] only the HTTP methods [POST GET] are covered. All other methods are uncovered.
08-Nov-2016 12:36:55.368 SEVERE [http-nio-1022-exec-9] org.apache.tomcat.util.descriptor.web.SecurityConstraint.findUncoveredHttpMethods For security constraints with URL pattern [/TodosUtilizadores.jsp] only the HTTP methods [POST GET] are covered. All other methods are uncovered.
08-Nov-2016 12:37:08.185 SEVERE [http-nio-1022-exec-7] org.apache.tomcat.util.descriptor.web.SecurityConstraint.findUncoveredHttpMethods For security constraints with URL pattern [/principalFuncionario.jsp] only the HTTP methods [POST GET] are covered. All other methods are uncovered.
08-Nov-2016 12:37:08.185 SEVERE [http-nio-1022-exec-7] org.apache.tomcat.util.descriptor.web.SecurityConstraint.findUncoveredHttpMethods For security constraints with URL pattern [/RegistarPagamento.jsp] only the HTTP methods [POST GET] are covered. All other methods are uncovered.
08-Nov-2016 12:37:08.185 SEVERE [http-nio-1022-exec-7] org.apache.tomcat.util.descriptor.web.SecurityConstraint.findUncoveredHttpMethods For security constraints with URL pattern [/RegistarEmprestimo.jsp] only the HTTP methods [POST GET] are covered. All other methods are uncovered.
08-Nov-2016 12:37:08.185 SEVERE [http-nio-1022-exec-7] org.apache.tomcat.util.descriptor.web.SecurityConstraint.findUncoveredHttpMethods For security constraints with URL pattern [/criaCliente.jsp] only the HTTP methods [POST GET] are covered. All other methods are uncovered.
08-Nov-2016 12:37:08.185 SEVERE [http-nio-1022-exec-7] org.apache.tomcat.util.descriptor.web.SecurityConstraint.findUncoveredHttpMethods For security constraints with URL pattern [/TodosUtilizadores.jsp] only the HTTP methods [POST GET] are covered. All other methods are uncovered.
08-Nov-2016 12:39:54.453 SEVERE [http-nio-1022-exec-26] org.apache.tomcat.util.descriptor.web.SecurityConstraint.findUncoveredHttpMethods For security constraints with URL pattern [/principalFuncionario.jsp] only the HTTP methods [POST GET] are covered. All other methods are uncovered.
08-Nov-2016 12:39:54.453 SEVERE [http-nio-1022-exec-26] org.apache.tomcat.util.descriptor.web.SecurityConstraint.findUncoveredHttpMethods For security constraints with URL pattern [/RegistarPagamento.jsp] only the HTTP methods [POST GET] are covered. All other methods are uncovered.
08-Nov-2016 12:39:54.453 SEVERE [http-nio-1022-exec-26] org.apache.tomcat.util.descriptor.web.SecurityConstraint.findUncoveredHttpMethods For security constraints with URL pattern [/RegistarEmprestimo.jsp] only the HTTP methods [POST GET] are covered. All other methods are uncovered.
08-Nov-2016 12:39:54.453 SEVERE [http-nio-1022-exec-26] org.apache.tomcat.util.descriptor.web.SecurityConstraint.findUncoveredHttpMethods For security constraints with URL pattern [/criaCliente.jsp] only the HTTP methods [POST GET] are covered. All other methods are uncovered.
08-Nov-2016 12:39:54.453 SEVERE [http-nio-1022-exec-26] org.apache.tomcat.util.descriptor.web.SecurityConstraint.findUncoveredHttpMethods For security constraints with URL pattern [/TodosUtilizadores.jsp] only the HTTP methods [POST GET] are covered. All other methods are uncovered.
08-Nov-2016 12:40:00.835 SEVERE [ContainerBackgroundProcessor[StandardEngine[Catalina]]] org.apache.tomcat.util.descriptor.web.SecurityConstraint.findUncoveredHttpMethods For security constraints with URL pattern [/principalFuncionario.jsp] only the HTTP methods [POST GET] are covered. All other methods are uncovered.
08-Nov-2016 12:40:00.835 SEVERE [ContainerBackgroundProcessor[StandardEngine[Catalina]]] org.apache.tomcat.util.descriptor.web.SecurityConstraint.findUncoveredHttpMethods For security constraints with URL pattern [/RegistarPagamento.jsp] only the HTTP methods [POST GET] are covered. All other methods are uncovered.
08-Nov-2016 12:40:00.835 SEVERE [ContainerBackgroundProcessor[StandardEngine[Catalina]]] org.apache.tomcat.util.descriptor.web.SecurityConstraint.findUncoveredHttpMethods For security constraints with URL pattern [/RegistarEmprestimo.jsp] only the HTTP methods [POST GET] are covered. All other methods are uncovered.
08-Nov-2016 12:40:00.835 SEVERE [ContainerBackgroundProcessor[StandardEngine[Catalina]]] org.apache.tomcat.util.descriptor.web.SecurityConstraint.findUncoveredHttpMethods For security constraints with URL pattern [/criaCliente.jsp] only the HTTP methods [POST GET] are covered. All other methods are uncovered.
08-Nov-2016 12:40:00.835 SEVERE [ContainerBackgroundProcessor[StandardEngine[Catalina]]] org.apache.tomcat.util.descriptor.web.SecurityConstraint.findUncoveredHttpMethods For security constraints with URL pattern [/TodosUtilizadores.jsp] only the HTTP methods [POST GET] are covered. All other methods are uncovered.
08-Nov-2016 12:40:32.505 SEVERE [localhost-startStop-1] org.apache.catalina.core.StandardContext.listenerStart Error configuring application listener of class controle.EntytManegerContext
 java.lang.ClassNotFoundException: controle.EntytManegerContext
	at org.apache.catalina.loader.WebappClassLoaderBase.loadClass(WebappClassLoaderBase.java:1295)
	at org.apache.catalina.loader.WebappClassLoaderBase.loadClass(WebappClassLoaderBase.java:1147)
	at org.apache.catalina.core.DefaultInstanceManager.loadClass(DefaultInstanceManager.java:520)
	at org.apache.catalina.core.DefaultInstanceManager.loadClassMaybePrivileged(DefaultInstanceManager.java:501)
	at org.apache.catalina.core.DefaultInstanceManager.newInstance(DefaultInstanceManager.java:120)
	at org.apache.catalina.core.StandardContext.listenerStart(StandardContext.java:4693)
	at org.apache.catalina.core.StandardContext.startInternal(StandardContext.java:5196)
	at org.apache.catalina.util.LifecycleBase.start(LifecycleBase.java:150)
	at org.apache.catalina.core.ContainerBase.addChildInternal(ContainerBase.java:725)
	at org.apache.catalina.core.ContainerBase.addChild(ContainerBase.java:701)
	at org.apache.catalina.core.StandardHost.addChild(StandardHost.java:714)
	at org.apache.catalina.startup.HostConfig.deployDescriptor(HostConfig.java:581)
	at org.apache.catalina.startup.HostConfig$DeployDescriptor.run(HostConfig.java:1683)
	at java.util.concurrent.Executors$RunnableAdapter.call(Executors.java:471)
	at java.util.concurrent.FutureTask.run(FutureTask.java:262)
	at java.util.concurrent.ThreadPoolExecutor.runWorker(ThreadPoolExecutor.java:1145)
	at java.util.concurrent.ThreadPoolExecutor$Worker.run(ThreadPoolExecutor.java:615)
	at java.lang.Thread.run(Thread.java:745)

08-Nov-2016 12:40:32.505 SEVERE [localhost-startStop-1] org.apache.catalina.core.StandardContext.listenerStart Skipped installing application listeners due to previous error(s)
08-Nov-2016 12:40:40.791 SEVERE [localhost-startStop-1] org.apache.tomcat.util.descriptor.web.SecurityConstraint.findUncoveredHttpMethods For security constraints with URL pattern [/principalFuncionario.jsp] only the HTTP methods [POST GET] are covered. All other methods are uncovered.
08-Nov-2016 12:40:40.791 SEVERE [localhost-startStop-1] org.apache.tomcat.util.descriptor.web.SecurityConstraint.findUncoveredHttpMethods For security constraints with URL pattern [/RegistarPagamento.jsp] only the HTTP methods [POST GET] are covered. All other methods are uncovered.
08-Nov-2016 12:40:40.791 SEVERE [localhost-startStop-1] org.apache.tomcat.util.descriptor.web.SecurityConstraint.findUncoveredHttpMethods For security constraints with URL pattern [/RegistarEmprestimo.jsp] only the HTTP methods [POST GET] are covered. All other methods are uncovered.
08-Nov-2016 12:40:40.791 SEVERE [localhost-startStop-1] org.apache.tomcat.util.descriptor.web.SecurityConstraint.findUncoveredHttpMethods For security constraints with URL pattern [/criaCliente.jsp] only the HTTP methods [POST GET] are covered. All other methods are uncovered.
08-Nov-2016 12:40:40.791 SEVERE [localhost-startStop-1] org.apache.tomcat.util.descriptor.web.SecurityConstraint.findUncoveredHttpMethods For security constraints with URL pattern [/TodosUtilizadores.jsp] only the HTTP methods [POST GET] are covered. All other methods are uncovered.
08-Nov-2016 12:40:47.058 INFO [localhost-startStop-1] org.apache.catalina.core.ApplicationContext.log ContextListener: contextInitialized()
08-Nov-2016 12:40:47.058 INFO [localhost-startStop-1] org.apache.catalina.core.ApplicationContext.log SessionListener: contextInitialized()
08-Nov-2016 12:41:10.420 SEVERE [http-nio-1022-exec-11] org.apache.tomcat.util.descriptor.web.SecurityConstraint.findUncoveredHttpMethods For security constraints with URL pattern [/principalFuncionario.jsp] only the HTTP methods [POST GET] are covered. All other methods are uncovered.
08-Nov-2016 12:41:10.420 SEVERE [http-nio-1022-exec-11] org.apache.tomcat.util.descriptor.web.SecurityConstraint.findUncoveredHttpMethods For security constraints with URL pattern [/RegistarPagamento.jsp] only the HTTP methods [POST GET] are covered. All other methods are uncovered.
08-Nov-2016 12:41:10.420 SEVERE [http-nio-1022-exec-11] org.apache.tomcat.util.descriptor.web.SecurityConstraint.findUncoveredHttpMethods For security constraints with URL pattern [/RegistarEmprestimo.jsp] only the HTTP methods [POST GET] are covered. All other methods are uncovered.
08-Nov-2016 12:41:10.420 SEVERE [http-nio-1022-exec-11] org.apache.tomcat.util.descriptor.web.SecurityConstraint.findUncoveredHttpMethods For security constraints with URL pattern [/criaCliente.jsp] only the HTTP methods [POST GET] are covered. All other methods are uncovered.
08-Nov-2016 12:41:10.420 SEVERE [http-nio-1022-exec-11] org.apache.tomcat.util.descriptor.web.SecurityConstraint.findUncoveredHttpMethods For security constraints with URL pattern [/TodosUtilizadores.jsp] only the HTTP methods [POST GET] are covered. All other methods are uncovered.
08-Nov-2016 12:42:20.169 SEVERE [http-nio-1022-exec-18] org.apache.tomcat.util.descriptor.web.SecurityConstraint.findUncoveredHttpMethods For security constraints with URL pattern [/principalFuncionario.jsp] only the HTTP methods [POST GET] are covered. All other methods are uncovered.
08-Nov-2016 12:42:20.169 SEVERE [http-nio-1022-exec-18] org.apache.tomcat.util.descriptor.web.SecurityConstraint.findUncoveredHttpMethods For security constraints with URL pattern [/RegistarPagamento.jsp] only the HTTP methods [POST GET] are covered. All other methods are uncovered.
08-Nov-2016 12:42:20.169 SEVERE [http-nio-1022-exec-18] org.apache.tomcat.util.descriptor.web.SecurityConstraint.findUncoveredHttpMethods For security constraints with URL pattern [/RegistarEmprestimo.jsp] only the HTTP methods [POST GET] are covered. All other methods are uncovered.
08-Nov-2016 12:42:20.169 SEVERE [http-nio-1022-exec-18] org.apache.tomcat.util.descriptor.web.SecurityConstraint.findUncoveredHttpMethods For security constraints with URL pattern [/criaCliente.jsp] only the HTTP methods [POST GET] are covered. All other methods are uncovered.
08-Nov-2016 12:42:20.169 SEVERE [http-nio-1022-exec-18] org.apache.tomcat.util.descriptor.web.SecurityConstraint.findUncoveredHttpMethods For security constraints with URL pattern [/TodosUtilizadores.jsp] only the HTTP methods [POST GET] are covered. All other methods are uncovered.
08-Nov-2016 12:42:42.600 SEVERE [http-nio-1022-exec-2] org.apache.tomcat.util.descriptor.web.SecurityConstraint.findUncoveredHttpMethods For security constraints with URL pattern [/principalFuncionario.jsp] only the HTTP methods [POST GET] are covered. All other methods are uncovered.
08-Nov-2016 12:42:42.600 SEVERE [http-nio-1022-exec-2] org.apache.tomcat.util.descriptor.web.SecurityConstraint.findUncoveredHttpMethods For security constraints with URL pattern [/RegistarPagamento.jsp] only the HTTP methods [POST GET] are covered. All other methods are uncovered.
08-Nov-2016 12:42:42.600 SEVERE [http-nio-1022-exec-2] org.apache.tomcat.util.descriptor.web.SecurityConstraint.findUncoveredHttpMethods For security constraints with URL pattern [/RegistarEmprestimo.jsp] only the HTTP methods [POST GET] are covered. All other methods are uncovered.
08-Nov-2016 12:42:42.600 SEVERE [http-nio-1022-exec-2] org.apache.tomcat.util.descriptor.web.SecurityConstraint.findUncoveredHttpMethods For security constraints with URL pattern [/criaCliente.jsp] only the HTTP methods [POST GET] are covered. All other methods are uncovered.
08-Nov-2016 12:42:42.615 SEVERE [http-nio-1022-exec-2] org.apache.tomcat.util.descriptor.web.SecurityConstraint.findUncoveredHttpMethods For security constraints with URL pattern [/TodosUtilizadores.jsp] only the HTTP methods [POST GET] are covered. All other methods are uncovered.
08-Nov-2016 12:46:54.173 INFO [localhost-startStop-2] org.apache.catalina.core.ApplicationContext.log SessionListener: contextDestroyed()
08-Nov-2016 12:46:54.173 INFO [localhost-startStop-2] org.apache.catalina.core.ApplicationContext.log ContextListener: contextDestroyed()
08-Nov-2016 12:47:10.588 SEVERE [localhost-startStop-1] org.apache.catalina.core.StandardContext.listenerStart Error configuring application listener of class controle.EntytManegerContext
 java.lang.ClassNotFoundException: controle.EntytManegerContext
	at org.apache.catalina.loader.WebappClassLoaderBase.loadClass(WebappClassLoaderBase.java:1295)
	at org.apache.catalina.loader.WebappClassLoaderBase.loadClass(WebappClassLoaderBase.java:1147)
	at org.apache.catalina.core.DefaultInstanceManager.loadClass(DefaultInstanceManager.java:520)
	at org.apache.catalina.core.DefaultInstanceManager.loadClassMaybePrivileged(DefaultInstanceManager.java:501)
	at org.apache.catalina.core.DefaultInstanceManager.newInstance(DefaultInstanceManager.java:120)
	at org.apache.catalina.core.StandardContext.listenerStart(StandardContext.java:4693)
	at org.apache.catalina.core.StandardContext.startInternal(StandardContext.java:5196)
	at org.apache.catalina.util.LifecycleBase.start(LifecycleBase.java:150)
	at org.apache.catalina.core.ContainerBase.addChildInternal(ContainerBase.java:725)
	at org.apache.catalina.core.ContainerBase.addChild(ContainerBase.java:701)
	at org.apache.catalina.core.StandardHost.addChild(StandardHost.java:714)
	at org.apache.catalina.startup.HostConfig.deployDescriptor(HostConfig.java:581)
	at org.apache.catalina.startup.HostConfig$DeployDescriptor.run(HostConfig.java:1683)
	at java.util.concurrent.Executors$RunnableAdapter.call(Executors.java:471)
	at java.util.concurrent.FutureTask.run(FutureTask.java:262)
	at java.util.concurrent.ThreadPoolExecutor.runWorker(ThreadPoolExecutor.java:1145)
	at java.util.concurrent.ThreadPoolExecutor$Worker.run(ThreadPoolExecutor.java:615)
	at java.lang.Thread.run(Thread.java:745)

08-Nov-2016 12:47:10.588 SEVERE [localhost-startStop-1] org.apache.catalina.core.StandardContext.listenerStart Skipped installing application listeners due to previous error(s)
08-Nov-2016 12:47:19.715 SEVERE [localhost-startStop-1] org.apache.tomcat.util.descriptor.web.SecurityConstraint.findUncoveredHttpMethods For security constraints with URL pattern [/principalFuncionario.jsp] only the HTTP methods [POST GET] are covered. All other methods are uncovered.
08-Nov-2016 12:47:19.715 SEVERE [localhost-startStop-1] org.apache.tomcat.util.descriptor.web.SecurityConstraint.findUncoveredHttpMethods For security constraints with URL pattern [/RegistarPagamento.jsp] only the HTTP methods [POST GET] are covered. All other methods are uncovered.
08-Nov-2016 12:47:19.715 SEVERE [localhost-startStop-1] org.apache.tomcat.util.descriptor.web.SecurityConstraint.findUncoveredHttpMethods For security constraints with URL pattern [/RegistarEmprestimo.jsp] only the HTTP methods [POST GET] are covered. All other methods are uncovered.
08-Nov-2016 12:47:19.715 SEVERE [localhost-startStop-1] org.apache.tomcat.util.descriptor.web.SecurityConstraint.findUncoveredHttpMethods For security constraints with URL pattern [/criaCliente.jsp] only the HTTP methods [POST GET] are covered. All other methods are uncovered.
08-Nov-2016 12:47:19.715 SEVERE [localhost-startStop-1] org.apache.tomcat.util.descriptor.web.SecurityConstraint.findUncoveredHttpMethods For security constraints with URL pattern [/TodosUtilizadores.jsp] only the HTTP methods [POST GET] are covered. All other methods are uncovered.
08-Nov-2016 12:47:27.045 INFO [localhost-startStop-1] org.apache.catalina.core.ApplicationContext.log ContextListener: contextInitialized()
08-Nov-2016 12:47:27.045 INFO [localhost-startStop-1] org.apache.catalina.core.ApplicationContext.log SessionListener: contextInitialized()
08-Nov-2016 12:50:03.714 INFO [localhost-startStop-2] org.apache.catalina.core.ApplicationContext.log SessionListener: contextDestroyed()
08-Nov-2016 12:50:03.714 INFO [localhost-startStop-2] org.apache.catalina.core.ApplicationContext.log ContextListener: contextDestroyed()
08-Nov-2016 12:50:20.748 SEVERE [localhost-startStop-1] org.apache.catalina.core.StandardContext.listenerStart Error configuring application listener of class controle.EntytManegerContext
 java.lang.ClassNotFoundException: controle.EntytManegerContext
	at org.apache.catalina.loader.WebappClassLoaderBase.loadClass(WebappClassLoaderBase.java:1295)
	at org.apache.catalina.loader.WebappClassLoaderBase.loadClass(WebappClassLoaderBase.java:1147)
	at org.apache.catalina.core.DefaultInstanceManager.loadClass(DefaultInstanceManager.java:520)
	at org.apache.catalina.core.DefaultInstanceManager.loadClassMaybePrivileged(DefaultInstanceManager.java:501)
	at org.apache.catalina.core.DefaultInstanceManager.newInstance(DefaultInstanceManager.java:120)
	at org.apache.catalina.core.StandardContext.listenerStart(StandardContext.java:4693)
	at org.apache.catalina.core.StandardContext.startInternal(StandardContext.java:5196)
	at org.apache.catalina.util.LifecycleBase.start(LifecycleBase.java:150)
	at org.apache.catalina.core.ContainerBase.addChildInternal(ContainerBase.java:725)
	at org.apache.catalina.core.ContainerBase.addChild(ContainerBase.java:701)
	at org.apache.catalina.core.StandardHost.addChild(StandardHost.java:714)
	at org.apache.catalina.startup.HostConfig.deployDescriptor(HostConfig.java:581)
	at org.apache.catalina.startup.HostConfig$DeployDescriptor.run(HostConfig.java:1683)
	at java.util.concurrent.Executors$RunnableAdapter.call(Executors.java:471)
	at java.util.concurrent.FutureTask.run(FutureTask.java:262)
	at java.util.concurrent.ThreadPoolExecutor.runWorker(ThreadPoolExecutor.java:1145)
	at java.util.concurrent.ThreadPoolExecutor$Worker.run(ThreadPoolExecutor.java:615)
	at java.lang.Thread.run(Thread.java:745)

08-Nov-2016 12:50:20.749 SEVERE [localhost-startStop-1] org.apache.catalina.core.StandardContext.listenerStart Skipped installing application listeners due to previous error(s)
08-Nov-2016 12:50:29.257 SEVERE [localhost-startStop-1] org.apache.tomcat.util.descriptor.web.SecurityConstraint.findUncoveredHttpMethods For security constraints with URL pattern [/principalFuncionario.jsp] only the HTTP methods [POST GET] are covered. All other methods are uncovered.
08-Nov-2016 12:50:29.257 SEVERE [localhost-startStop-1] org.apache.tomcat.util.descriptor.web.SecurityConstraint.findUncoveredHttpMethods For security constraints with URL pattern [/RegistarPagamento.jsp] only the HTTP methods [POST GET] are covered. All other methods are uncovered.
08-Nov-2016 12:50:29.257 SEVERE [localhost-startStop-1] org.apache.tomcat.util.descriptor.web.SecurityConstraint.findUncoveredHttpMethods For security constraints with URL pattern [/RegistarEmprestimo.jsp] only the HTTP methods [POST GET] are covered. All other methods are uncovered.
08-Nov-2016 12:50:29.257 SEVERE [localhost-startStop-1] org.apache.tomcat.util.descriptor.web.SecurityConstraint.findUncoveredHttpMethods For security constraints with URL pattern [/criaCliente.jsp] only the HTTP methods [POST GET] are covered. All other methods are uncovered.
08-Nov-2016 12:50:29.257 SEVERE [localhost-startStop-1] org.apache.tomcat.util.descriptor.web.SecurityConstraint.findUncoveredHttpMethods For security constraints with URL pattern [/TodosUtilizadores.jsp] only the HTTP methods [POST GET] are covered. All other methods are uncovered.
08-Nov-2016 12:50:35.528 INFO [localhost-startStop-1] org.apache.catalina.core.ApplicationContext.log ContextListener: contextInitialized()
08-Nov-2016 12:50:35.528 INFO [localhost-startStop-1] org.apache.catalina.core.ApplicationContext.log SessionListener: contextInitialized()
08-Nov-2016 12:53:47.497 INFO [localhost-startStop-2] org.apache.catalina.core.ApplicationContext.log SessionListener: contextDestroyed()
08-Nov-2016 12:53:47.497 INFO [localhost-startStop-2] org.apache.catalina.core.ApplicationContext.log ContextListener: contextDestroyed()
08-Nov-2016 12:54:05.814 SEVERE [localhost-startStop-1] org.apache.catalina.core.StandardContext.listenerStart Error configuring application listener of class controle.EntytManegerContext
 java.lang.ClassNotFoundException: controle.EntytManegerContext
	at org.apache.catalina.loader.WebappClassLoaderBase.loadClass(WebappClassLoaderBase.java:1295)
	at org.apache.catalina.loader.WebappClassLoaderBase.loadClass(WebappClassLoaderBase.java:1147)
	at org.apache.catalina.core.DefaultInstanceManager.loadClass(DefaultInstanceManager.java:520)
	at org.apache.catalina.core.DefaultInstanceManager.loadClassMaybePrivileged(DefaultInstanceManager.java:501)
	at org.apache.catalina.core.DefaultInstanceManager.newInstance(DefaultInstanceManager.java:120)
	at org.apache.catalina.core.StandardContext.listenerStart(StandardContext.java:4693)
	at org.apache.catalina.core.StandardContext.startInternal(StandardContext.java:5196)
	at org.apache.catalina.util.LifecycleBase.start(LifecycleBase.java:150)
	at org.apache.catalina.core.ContainerBase.addChildInternal(ContainerBase.java:725)
	at org.apache.catalina.core.ContainerBase.addChild(ContainerBase.java:701)
	at org.apache.catalina.core.StandardHost.addChild(StandardHost.java:714)
	at org.apache.catalina.startup.HostConfig.deployDescriptor(HostConfig.java:581)
	at org.apache.catalina.startup.HostConfig$DeployDescriptor.run(HostConfig.java:1683)
	at java.util.concurrent.Executors$RunnableAdapter.call(Executors.java:471)
	at java.util.concurrent.FutureTask.run(FutureTask.java:262)
	at java.util.concurrent.ThreadPoolExecutor.runWorker(ThreadPoolExecutor.java:1145)
	at java.util.concurrent.ThreadPoolExecutor$Worker.run(ThreadPoolExecutor.java:615)
	at java.lang.Thread.run(Thread.java:745)

08-Nov-2016 12:54:05.814 SEVERE [localhost-startStop-1] org.apache.catalina.core.StandardContext.listenerStart Skipped installing application listeners due to previous error(s)
08-Nov-2016 12:54:14.245 SEVERE [localhost-startStop-1] org.apache.tomcat.util.descriptor.web.SecurityConstraint.findUncoveredHttpMethods For security constraints with URL pattern [/principalFuncionario.jsp] only the HTTP methods [POST GET] are covered. All other methods are uncovered.
08-Nov-2016 12:54:14.245 SEVERE [localhost-startStop-1] org.apache.tomcat.util.descriptor.web.SecurityConstraint.findUncoveredHttpMethods For security constraints with URL pattern [/RegistarPagamento.jsp] only the HTTP methods [POST GET] are covered. All other methods are uncovered.
08-Nov-2016 12:54:14.245 SEVERE [localhost-startStop-1] org.apache.tomcat.util.descriptor.web.SecurityConstraint.findUncoveredHttpMethods For security constraints with URL pattern [/RegistarEmprestimo.jsp] only the HTTP methods [POST GET] are covered. All other methods are uncovered.
08-Nov-2016 12:54:14.246 SEVERE [localhost-startStop-1] org.apache.tomcat.util.descriptor.web.SecurityConstraint.findUncoveredHttpMethods For security constraints with URL pattern [/criaCliente.jsp] only the HTTP methods [POST GET] are covered. All other methods are uncovered.
08-Nov-2016 12:54:14.246 SEVERE [localhost-startStop-1] org.apache.tomcat.util.descriptor.web.SecurityConstraint.findUncoveredHttpMethods For security constraints with URL pattern [/TodosUtilizadores.jsp] only the HTTP methods [POST GET] are covered. All other methods are uncovered.
08-Nov-2016 12:54:22.102 INFO [localhost-startStop-1] org.apache.catalina.core.ApplicationContext.log ContextListener: contextInitialized()
08-Nov-2016 12:54:22.102 INFO [localhost-startStop-1] org.apache.catalina.core.ApplicationContext.log SessionListener: contextInitialized()
08-Nov-2016 12:56:47.799 INFO [localhost-startStop-2] org.apache.catalina.core.ApplicationContext.log SessionListener: contextDestroyed()
08-Nov-2016 12:56:47.799 INFO [localhost-startStop-2] org.apache.catalina.core.ApplicationContext.log ContextListener: contextDestroyed()
08-Nov-2016 12:57:06.870 SEVERE [localhost-startStop-1] org.apache.catalina.core.StandardContext.listenerStart Error configuring application listener of class controle.EntytManegerContext
 java.lang.ClassNotFoundException: controle.EntytManegerContext
	at org.apache.catalina.loader.WebappClassLoaderBase.loadClass(WebappClassLoaderBase.java:1295)
	at org.apache.catalina.loader.WebappClassLoaderBase.loadClass(WebappClassLoaderBase.java:1147)
	at org.apache.catalina.core.DefaultInstanceManager.loadClass(DefaultInstanceManager.java:520)
	at org.apache.catalina.core.DefaultInstanceManager.loadClassMaybePrivileged(DefaultInstanceManager.java:501)
	at org.apache.catalina.core.DefaultInstanceManager.newInstance(DefaultInstanceManager.java:120)
	at org.apache.catalina.core.StandardContext.listenerStart(StandardContext.java:4693)
	at org.apache.catalina.core.StandardContext.startInternal(StandardContext.java:5196)
	at org.apache.catalina.util.LifecycleBase.start(LifecycleBase.java:150)
	at org.apache.catalina.core.ContainerBase.addChildInternal(ContainerBase.java:725)
	at org.apache.catalina.core.ContainerBase.addChild(ContainerBase.java:701)
	at org.apache.catalina.core.StandardHost.addChild(StandardHost.java:714)
	at org.apache.catalina.startup.HostConfig.deployDescriptor(HostConfig.java:581)
	at org.apache.catalina.startup.HostConfig$DeployDescriptor.run(HostConfig.java:1683)
	at java.util.concurrent.Executors$RunnableAdapter.call(Executors.java:471)
	at java.util.concurrent.FutureTask.run(FutureTask.java:262)
	at java.util.concurrent.ThreadPoolExecutor.runWorker(ThreadPoolExecutor.java:1145)
	at java.util.concurrent.ThreadPoolExecutor$Worker.run(ThreadPoolExecutor.java:615)
	at java.lang.Thread.run(Thread.java:745)

08-Nov-2016 12:57:06.870 SEVERE [localhost-startStop-1] org.apache.catalina.core.StandardContext.listenerStart Skipped installing application listeners due to previous error(s)
08-Nov-2016 12:57:16.297 SEVERE [localhost-startStop-1] org.apache.tomcat.util.descriptor.web.SecurityConstraint.findUncoveredHttpMethods For security constraints with URL pattern [/principalFuncionario.jsp] only the HTTP methods [POST GET] are covered. All other methods are uncovered.
08-Nov-2016 12:57:16.297 SEVERE [localhost-startStop-1] org.apache.tomcat.util.descriptor.web.SecurityConstraint.findUncoveredHttpMethods For security constraints with URL pattern [/RegistarPagamento.jsp] only the HTTP methods [POST GET] are covered. All other methods are uncovered.
08-Nov-2016 12:57:16.297 SEVERE [localhost-startStop-1] org.apache.tomcat.util.descriptor.web.SecurityConstraint.findUncoveredHttpMethods For security constraints with URL pattern [/RegistarEmprestimo.jsp] only the HTTP methods [POST GET] are covered. All other methods are uncovered.
08-Nov-2016 12:57:16.297 SEVERE [localhost-startStop-1] org.apache.tomcat.util.descriptor.web.SecurityConstraint.findUncoveredHttpMethods For security constraints with URL pattern [/criaCliente.jsp] only the HTTP methods [POST GET] are covered. All other methods are uncovered.
08-Nov-2016 12:57:22.702 INFO [localhost-startStop-1] org.apache.catalina.core.ApplicationContext.log ContextListener: contextInitialized()
08-Nov-2016 12:57:22.702 INFO [localhost-startStop-1] org.apache.catalina.core.ApplicationContext.log SessionListener: contextInitialized()
08-Nov-2016 12:59:50.356 INFO [localhost-startStop-2] org.apache.catalina.core.ApplicationContext.log SessionListener: contextDestroyed()
08-Nov-2016 12:59:50.356 INFO [localhost-startStop-2] org.apache.catalina.core.ApplicationContext.log ContextListener: contextDestroyed()
08-Nov-2016 13:00:08.468 SEVERE [localhost-startStop-1] org.apache.catalina.core.StandardContext.listenerStart Error configuring application listener of class controle.EntytManegerContext
 java.lang.ClassNotFoundException: controle.EntytManegerContext
	at org.apache.catalina.loader.WebappClassLoaderBase.loadClass(WebappClassLoaderBase.java:1295)
	at org.apache.catalina.loader.WebappClassLoaderBase.loadClass(WebappClassLoaderBase.java:1147)
	at org.apache.catalina.core.DefaultInstanceManager.loadClass(DefaultInstanceManager.java:520)
	at org.apache.catalina.core.DefaultInstanceManager.loadClassMaybePrivileged(DefaultInstanceManager.java:501)
	at org.apache.catalina.core.DefaultInstanceManager.newInstance(DefaultInstanceManager.java:120)
	at org.apache.catalina.core.StandardContext.listenerStart(StandardContext.java:4693)
	at org.apache.catalina.core.StandardContext.startInternal(StandardContext.java:5196)
	at org.apache.catalina.util.LifecycleBase.start(LifecycleBase.java:150)
	at org.apache.catalina.core.ContainerBase.addChildInternal(ContainerBase.java:725)
	at org.apache.catalina.core.ContainerBase.addChild(ContainerBase.java:701)
	at org.apache.catalina.core.StandardHost.addChild(StandardHost.java:714)
	at org.apache.catalina.startup.HostConfig.deployDescriptor(HostConfig.java:581)
	at org.apache.catalina.startup.HostConfig$DeployDescriptor.run(HostConfig.java:1683)
	at java.util.concurrent.Executors$RunnableAdapter.call(Executors.java:471)
	at java.util.concurrent.FutureTask.run(FutureTask.java:262)
	at java.util.concurrent.ThreadPoolExecutor.runWorker(ThreadPoolExecutor.java:1145)
	at java.util.concurrent.ThreadPoolExecutor$Worker.run(ThreadPoolExecutor.java:615)
	at java.lang.Thread.run(Thread.java:745)

08-Nov-2016 13:00:08.469 SEVERE [localhost-startStop-1] org.apache.catalina.core.StandardContext.listenerStart Skipped installing application listeners due to previous error(s)
08-Nov-2016 13:00:17.521 SEVERE [localhost-startStop-1] org.apache.tomcat.util.descriptor.web.SecurityConstraint.findUncoveredHttpMethods For security constraints with URL pattern [/principalFuncionario.jsp] only the HTTP methods [POST GET] are covered. All other methods are uncovered.
08-Nov-2016 13:00:17.521 SEVERE [localhost-startStop-1] org.apache.tomcat.util.descriptor.web.SecurityConstraint.findUncoveredHttpMethods For security constraints with URL pattern [/RegistarPagamento.jsp] only the HTTP methods [POST GET] are covered. All other methods are uncovered.
08-Nov-2016 13:00:17.521 SEVERE [localhost-startStop-1] org.apache.tomcat.util.descriptor.web.SecurityConstraint.findUncoveredHttpMethods For security constraints with URL pattern [/RegistarEmprestimo.jsp] only the HTTP methods [POST GET] are covered. All other methods are uncovered.
08-Nov-2016 13:00:17.521 SEVERE [localhost-startStop-1] org.apache.tomcat.util.descriptor.web.SecurityConstraint.findUncoveredHttpMethods For security constraints with URL pattern [/criaCliente.jsp] only the HTTP methods [POST GET] are covered. All other methods are uncovered.
08-Nov-2016 13:00:24.248 INFO [localhost-startStop-1] org.apache.catalina.core.ApplicationContext.log ContextListener: contextInitialized()
08-Nov-2016 13:00:24.248 INFO [localhost-startStop-1] org.apache.catalina.core.ApplicationContext.log SessionListener: contextInitialized()
08-Nov-2016 13:02:41.117 INFO [localhost-startStop-2] org.apache.catalina.core.ApplicationContext.log SessionListener: contextDestroyed()
08-Nov-2016 13:02:41.117 INFO [localhost-startStop-2] org.apache.catalina.core.ApplicationContext.log ContextListener: contextDestroyed()
08-Nov-2016 13:03:53.013 SEVERE [localhost-startStop-1] org.apache.catalina.core.StandardContext.listenerStart Error configuring application listener of class controle.EntytManegerContext
 java.lang.ClassNotFoundException: controle.EntytManegerContext
	at org.apache.catalina.loader.WebappClassLoaderBase.loadClass(WebappClassLoaderBase.java:1295)
	at org.apache.catalina.loader.WebappClassLoaderBase.loadClass(WebappClassLoaderBase.java:1147)
	at org.apache.catalina.core.DefaultInstanceManager.loadClass(DefaultInstanceManager.java:520)
	at org.apache.catalina.core.DefaultInstanceManager.loadClassMaybePrivileged(DefaultInstanceManager.java:501)
	at org.apache.catalina.core.DefaultInstanceManager.newInstance(DefaultInstanceManager.java:120)
	at org.apache.catalina.core.StandardContext.listenerStart(StandardContext.java:4693)
	at org.apache.catalina.core.StandardContext.startInternal(StandardContext.java:5196)
	at org.apache.catalina.util.LifecycleBase.start(LifecycleBase.java:150)
	at org.apache.catalina.core.ContainerBase.addChildInternal(ContainerBase.java:725)
	at org.apache.catalina.core.ContainerBase.addChild(ContainerBase.java:701)
	at org.apache.catalina.core.StandardHost.addChild(StandardHost.java:714)
	at org.apache.catalina.startup.HostConfig.deployDescriptor(HostConfig.java:581)
	at org.apache.catalina.startup.HostConfig$DeployDescriptor.run(HostConfig.java:1683)
	at java.util.concurrent.Executors$RunnableAdapter.call(Executors.java:471)
	at java.util.concurrent.FutureTask.run(FutureTask.java:262)
	at java.util.concurrent.ThreadPoolExecutor.runWorker(ThreadPoolExecutor.java:1145)
	at java.util.concurrent.ThreadPoolExecutor$Worker.run(ThreadPoolExecutor.java:615)
	at java.lang.Thread.run(Thread.java:745)

08-Nov-2016 13:03:53.013 SEVERE [localhost-startStop-1] org.apache.catalina.core.StandardContext.listenerStart Skipped installing application listeners due to previous error(s)
08-Nov-2016 13:04:01.011 SEVERE [localhost-startStop-1] org.apache.tomcat.util.descriptor.web.SecurityConstraint.findUncoveredHttpMethods For security constraints with URL pattern [/principalFuncionario.jsp] only the HTTP methods [POST GET] are covered. All other methods are uncovered.
08-Nov-2016 13:04:01.011 SEVERE [localhost-startStop-1] org.apache.tomcat.util.descriptor.web.SecurityConstraint.findUncoveredHttpMethods For security constraints with URL pattern [/RegistarPagamento.jsp] only the HTTP methods [POST GET] are covered. All other methods are uncovered.
08-Nov-2016 13:04:01.011 SEVERE [localhost-startStop-1] org.apache.tomcat.util.descriptor.web.SecurityConstraint.findUncoveredHttpMethods For security constraints with URL pattern [/RegistarEmprestimo.jsp] only the HTTP methods [POST GET] are covered. All other methods are uncovered.
08-Nov-2016 13:04:01.011 SEVERE [localhost-startStop-1] org.apache.tomcat.util.descriptor.web.SecurityConstraint.findUncoveredHttpMethods For security constraints with URL pattern [/criaCliente.jsp] only the HTTP methods [POST GET] are covered. All other methods are uncovered.
08-Nov-2016 13:04:07.569 INFO [localhost-startStop-1] org.apache.catalina.core.ApplicationContext.log ContextListener: contextInitialized()
08-Nov-2016 13:04:07.569 INFO [localhost-startStop-1] org.apache.catalina.core.ApplicationContext.log SessionListener: contextInitialized()
08-Nov-2016 13:06:01.812 SEVERE [http-nio-1022-exec-6] org.apache.tomcat.util.descriptor.web.SecurityConstraint.findUncoveredHttpMethods For security constraints with URL pattern [/principalFuncionario.jsp] only the HTTP methods [POST GET] are covered. All other methods are uncovered.
08-Nov-2016 13:06:01.812 SEVERE [http-nio-1022-exec-6] org.apache.tomcat.util.descriptor.web.SecurityConstraint.findUncoveredHttpMethods For security constraints with URL pattern [/RegistarPagamento.jsp] only the HTTP methods [POST GET] are covered. All other methods are uncovered.
08-Nov-2016 13:06:01.812 SEVERE [http-nio-1022-exec-6] org.apache.tomcat.util.descriptor.web.SecurityConstraint.findUncoveredHttpMethods For security constraints with URL pattern [/RegistarEmprestimo.jsp] only the HTTP methods [POST GET] are covered. All other methods are uncovered.
08-Nov-2016 13:06:01.812 SEVERE [http-nio-1022-exec-6] org.apache.tomcat.util.descriptor.web.SecurityConstraint.findUncoveredHttpMethods For security constraints with URL pattern [/criaCliente.jsp] only the HTTP methods [POST GET] are covered. All other methods are uncovered.
08-Nov-2016 13:16:20.912 SEVERE [http-nio-1022-exec-21] org.apache.tomcat.util.descriptor.web.SecurityConstraint.findUncoveredHttpMethods For security constraints with URL pattern [/principalFuncionario.jsp] only the HTTP methods [POST GET] are covered. All other methods are uncovered.
08-Nov-2016 13:16:20.912 SEVERE [http-nio-1022-exec-21] org.apache.tomcat.util.descriptor.web.SecurityConstraint.findUncoveredHttpMethods For security constraints with URL pattern [/RegistarPagamento.jsp] only the HTTP methods [POST GET] are covered. All other methods are uncovered.
08-Nov-2016 13:16:20.912 SEVERE [http-nio-1022-exec-21] org.apache.tomcat.util.descriptor.web.SecurityConstraint.findUncoveredHttpMethods For security constraints with URL pattern [/RegistarEmprestimo.jsp] only the HTTP methods [POST GET] are covered. All other methods are uncovered.
08-Nov-2016 13:18:45.247 SEVERE [http-nio-1022-exec-23] org.apache.tomcat.util.descriptor.web.SecurityConstraint.findUncoveredHttpMethods For security constraints with URL pattern [/principalFuncionario.jsp] only the HTTP methods [POST GET] are covered. All other methods are uncovered.
08-Nov-2016 13:18:45.247 SEVERE [http-nio-1022-exec-23] org.apache.tomcat.util.descriptor.web.SecurityConstraint.findUncoveredHttpMethods For security constraints with URL pattern [/RegistarPagamento.jsp] only the HTTP methods [POST GET] are covered. All other methods are uncovered.
08-Nov-2016 13:18:45.247 SEVERE [http-nio-1022-exec-23] org.apache.tomcat.util.descriptor.web.SecurityConstraint.findUncoveredHttpMethods For security constraints with URL pattern [/RegistarEmprestimo.jsp] only the HTTP methods [POST GET] are covered. All other methods are uncovered.
08-Nov-2016 13:29:58.503 SEVERE [localhost-startStop-1] org.apache.catalina.core.StandardContext.listenerStart Error configuring application listener of class controle.EntytManegerContext
 java.lang.ClassNotFoundException: controle.EntytManegerContext
	at org.apache.catalina.loader.WebappClassLoaderBase.loadClass(WebappClassLoaderBase.java:1295)
	at org.apache.catalina.loader.WebappClassLoaderBase.loadClass(WebappClassLoaderBase.java:1147)
	at org.apache.catalina.core.DefaultInstanceManager.loadClass(DefaultInstanceManager.java:520)
	at org.apache.catalina.core.DefaultInstanceManager.loadClassMaybePrivileged(DefaultInstanceManager.java:501)
	at org.apache.catalina.core.DefaultInstanceManager.newInstance(DefaultInstanceManager.java:120)
	at org.apache.catalina.core.StandardContext.listenerStart(StandardContext.java:4693)
	at org.apache.catalina.core.StandardContext.startInternal(StandardContext.java:5196)
	at org.apache.catalina.util.LifecycleBase.start(LifecycleBase.java:150)
	at org.apache.catalina.core.ContainerBase.addChildInternal(ContainerBase.java:725)
	at org.apache.catalina.core.ContainerBase.addChild(ContainerBase.java:701)
	at org.apache.catalina.core.StandardHost.addChild(StandardHost.java:714)
	at org.apache.catalina.startup.HostConfig.deployDescriptor(HostConfig.java:581)
	at org.apache.catalina.startup.HostConfig$DeployDescriptor.run(HostConfig.java:1683)
	at java.util.concurrent.Executors$RunnableAdapter.call(Executors.java:471)
	at java.util.concurrent.FutureTask.run(FutureTask.java:262)
	at java.util.concurrent.ThreadPoolExecutor.runWorker(ThreadPoolExecutor.java:1145)
	at java.util.concurrent.ThreadPoolExecutor$Worker.run(ThreadPoolExecutor.java:615)
	at java.lang.Thread.run(Thread.java:745)

08-Nov-2016 13:29:58.504 SEVERE [localhost-startStop-1] org.apache.catalina.core.StandardContext.listenerStart Skipped installing application listeners due to previous error(s)
08-Nov-2016 13:30:15.562 SEVERE [localhost-startStop-1] org.apache.tomcat.util.descriptor.web.SecurityConstraint.findUncoveredHttpMethods For security constraints with URL pattern [/principalFuncionario.jsp] only the HTTP methods [POST GET] are covered. All other methods are uncovered.
08-Nov-2016 13:30:15.577 SEVERE [localhost-startStop-1] org.apache.tomcat.util.descriptor.web.SecurityConstraint.findUncoveredHttpMethods For security constraints with URL pattern [/RegistarPagamento.jsp] only the HTTP methods [POST GET] are covered. All other methods are uncovered.
08-Nov-2016 13:30:15.577 SEVERE [localhost-startStop-1] org.apache.tomcat.util.descriptor.web.SecurityConstraint.findUncoveredHttpMethods For security constraints with URL pattern [/RegistarEmprestimo.jsp] only the HTTP methods [POST GET] are covered. All other methods are uncovered.
08-Nov-2016 13:30:33.100 INFO [localhost-startStop-1] org.apache.catalina.core.ApplicationContext.log ContextListener: contextInitialized()
08-Nov-2016 13:30:33.116 INFO [localhost-startStop-1] org.apache.catalina.core.ApplicationContext.log SessionListener: contextInitialized()
08-Nov-2016 13:31:14.125 SEVERE [http-nio-1023-exec-15] org.apache.tomcat.util.descriptor.web.SecurityConstraint.findUncoveredHttpMethods For security constraints with URL pattern [/principalFuncionario.jsp] only the HTTP methods [POST GET] are covered. All other methods are uncovered.
08-Nov-2016 13:31:14.125 SEVERE [http-nio-1023-exec-15] org.apache.tomcat.util.descriptor.web.SecurityConstraint.findUncoveredHttpMethods For security constraints with URL pattern [/RegistarPagamento.jsp] only the HTTP methods [POST GET] are covered. All other methods are uncovered.
08-Nov-2016 13:31:14.125 SEVERE [http-nio-1023-exec-15] org.apache.tomcat.util.descriptor.web.SecurityConstraint.findUncoveredHttpMethods For security constraints with URL pattern [/RegistarEmprestimo.jsp] only the HTTP methods [POST GET] are covered. All other methods are uncovered.
08-Nov-2016 13:33:51.814 SEVERE [http-nio-1023-exec-36] org.apache.catalina.core.StandardWrapperValve.invoke Servlet.service() for servlet [EliminarCliente] in context with path [/SGEM_with_base_de_dados_final] threw exception
 java.lang.NumberFormatException: null
	at java.lang.Integer.parseInt(Integer.java:454)
	at java.lang.Integer.parseInt(Integer.java:527)
	at Servelets.EliminarCliente.processRequest(EliminarCliente.java:40)
	at Servelets.EliminarCliente.doGet(EliminarCliente.java:76)
	at javax.servlet.http.HttpServlet.service(HttpServlet.java:618)
	at javax.servlet.http.HttpServlet.service(HttpServlet.java:725)
	at org.apache.catalina.core.ApplicationFilterChain.internalDoFilter(ApplicationFilterChain.java:291)
	at org.apache.catalina.core.ApplicationFilterChain.doFilter(ApplicationFilterChain.java:206)
	at org.apache.tomcat.websocket.server.WsFilter.doFilter(WsFilter.java:52)
	at org.apache.catalina.core.ApplicationFilterChain.internalDoFilter(ApplicationFilterChain.java:239)
	at org.apache.catalina.core.ApplicationFilterChain.doFilter(ApplicationFilterChain.java:206)
	at org.apache.catalina.core.StandardWrapperValve.invoke(StandardWrapperValve.java:219)
	at org.apache.catalina.core.StandardContextValve.invoke(StandardContextValve.java:106)
	at org.apache.catalina.authenticator.AuthenticatorBase.invoke(AuthenticatorBase.java:501)
	at org.apache.catalina.core.StandardHostValve.invoke(StandardHostValve.java:142)
	at org.apache.catalina.valves.ErrorReportValve.invoke(ErrorReportValve.java:79)
	at org.apache.catalina.valves.AbstractAccessLogValve.invoke(AbstractAccessLogValve.java:610)
	at org.apache.catalina.core.StandardEngineValve.invoke(StandardEngineValve.java:88)
	at org.apache.catalina.connector.CoyoteAdapter.service(CoyoteAdapter.java:537)
	at org.apache.coyote.http11.AbstractHttp11Processor.process(AbstractHttp11Processor.java:1085)
	at org.apache.coyote.AbstractProtocol$AbstractConnectionHandler.process(AbstractProtocol.java:658)
	at org.apache.coyote.http11.Http11NioProtocol$Http11ConnectionHandler.process(Http11NioProtocol.java:222)
	at org.apache.tomcat.util.net.NioEndpoint$SocketProcessor.doRun(NioEndpoint.java:1556)
	at org.apache.tomcat.util.net.NioEndpoint$SocketProcessor.run(NioEndpoint.java:1513)
	at java.util.concurrent.ThreadPoolExecutor.runWorker(ThreadPoolExecutor.java:1145)
	at java.util.concurrent.ThreadPoolExecutor$Worker.run(ThreadPoolExecutor.java:615)
	at org.apache.tomcat.util.threads.TaskThread$WrappingRunnable.run(TaskThread.java:61)
	at java.lang.Thread.run(Thread.java:745)

08-Nov-2016 13:33:56.791 SEVERE [http-nio-1023-exec-38] org.apache.catalina.core.StandardWrapperValve.invoke Servlet.service() for servlet [EliminarCliente] in context with path [/SGEM_with_base_de_dados_final] threw exception
 java.lang.NumberFormatException: null
	at java.lang.Integer.parseInt(Integer.java:454)
	at java.lang.Integer.parseInt(Integer.java:527)
	at Servelets.EliminarCliente.processRequest(EliminarCliente.java:40)
	at Servelets.EliminarCliente.doGet(EliminarCliente.java:76)
	at javax.servlet.http.HttpServlet.service(HttpServlet.java:618)
	at javax.servlet.http.HttpServlet.service(HttpServlet.java:725)
	at org.apache.catalina.core.ApplicationFilterChain.internalDoFilter(ApplicationFilterChain.java:291)
	at org.apache.catalina.core.ApplicationFilterChain.doFilter(ApplicationFilterChain.java:206)
	at org.apache.tomcat.websocket.server.WsFilter.doFilter(WsFilter.java:52)
	at org.apache.catalina.core.ApplicationFilterChain.internalDoFilter(ApplicationFilterChain.java:239)
	at org.apache.catalina.core.ApplicationFilterChain.doFilter(ApplicationFilterChain.java:206)
	at org.apache.catalina.core.StandardWrapperValve.invoke(StandardWrapperValve.java:219)
	at org.apache.catalina.core.StandardContextValve.invoke(StandardContextValve.java:106)
	at org.apache.catalina.authenticator.AuthenticatorBase.invoke(AuthenticatorBase.java:501)
	at org.apache.catalina.core.StandardHostValve.invoke(StandardHostValve.java:142)
	at org.apache.catalina.valves.ErrorReportValve.invoke(ErrorReportValve.java:79)
	at org.apache.catalina.valves.AbstractAccessLogValve.invoke(AbstractAccessLogValve.java:610)
	at org.apache.catalina.core.StandardEngineValve.invoke(StandardEngineValve.java:88)
	at org.apache.catalina.connector.CoyoteAdapter.service(CoyoteAdapter.java:537)
	at org.apache.coyote.http11.AbstractHttp11Processor.process(AbstractHttp11Processor.java:1085)
	at org.apache.coyote.AbstractProtocol$AbstractConnectionHandler.process(AbstractProtocol.java:658)
	at org.apache.coyote.http11.Http11NioProtocol$Http11ConnectionHandler.process(Http11NioProtocol.java:222)
	at org.apache.tomcat.util.net.NioEndpoint$SocketProcessor.doRun(NioEndpoint.java:1556)
	at org.apache.tomcat.util.net.NioEndpoint$SocketProcessor.run(NioEndpoint.java:1513)
	at java.util.concurrent.ThreadPoolExecutor.runWorker(ThreadPoolExecutor.java:1145)
	at java.util.concurrent.ThreadPoolExecutor$Worker.run(ThreadPoolExecutor.java:615)
	at org.apache.tomcat.util.threads.TaskThread$WrappingRunnable.run(TaskThread.java:61)
	at java.lang.Thread.run(Thread.java:745)

08-Nov-2016 13:34:54.845 INFO [localhost-startStop-2] org.apache.catalina.core.ApplicationContext.log SessionListener: contextDestroyed()
08-Nov-2016 13:34:54.845 INFO [localhost-startStop-2] org.apache.catalina.core.ApplicationContext.log ContextListener: contextDestroyed()
