15-Nov-2016 01:13:58.436 SEVERE [http-nio-1025-exec-47] org.apache.catalina.core.StandardWrapperValve.invoke Servlet.service() for servlet [jsp] in context with path [/SGEM_with_base_de_dados_final] threw exception [Unable to compile class for JSP: 

An error occurred at line: 58 in the jsp file: /index.jsp
Syntax error, insert "Finally" to complete TryStatement
55:                 <%
56:                     }
57: i++;
58:                     }
59:                 %>
60: 
61:             </tbody>


An error occurred at line: [160] in the generated java file: [C:\Users\Migueljr\Documents\NetBeansProjects\Apache Tomcat 8.0.15\work\Catalina\localhost\SGEM_with_base_de_dados_final\org\apache\jsp\index_jsp.java]
Syntax error on token "catch", Identifier expected

An error occurred at line: [162] in the generated java file: [C:\Users\Migueljr\Documents\NetBeansProjects\Apache Tomcat 8.0.15\work\Catalina\localhost\SGEM_with_base_de_dados_final\org\apache\jsp\index_jsp.java]
out cannot be resolved to a variable

An error occurred at line: [162] in the generated java file: [C:\Users\Migueljr\Documents\NetBeansProjects\Apache Tomcat 8.0.15\work\Catalina\localhost\SGEM_with_base_de_dados_final\org\apache\jsp\index_jsp.java]
_jspx_out cannot be resolved to a variable

An error occurred at line: [163] in the generated java file: [C:\Users\Migueljr\Documents\NetBeansProjects\Apache Tomcat 8.0.15\work\Catalina\localhost\SGEM_with_base_de_dados_final\org\apache\jsp\index_jsp.java]
out cannot be resolved to a variable

An error occurred at line: [163] in the generated java file: [C:\Users\Migueljr\Documents\NetBeansProjects\Apache Tomcat 8.0.15\work\Catalina\localhost\SGEM_with_base_de_dados_final\org\apache\jsp\index_jsp.java]
out cannot be resolved

An error occurred at line: [165] in the generated java file: [C:\Users\Migueljr\Documents\NetBeansProjects\Apache Tomcat 8.0.15\work\Catalina\localhost\SGEM_with_base_de_dados_final\org\apache\jsp\index_jsp.java]
response cannot be resolved

An error occurred at line: [166] in the generated java file: [C:\Users\Migueljr\Documents\NetBeansProjects\Apache Tomcat 8.0.15\work\Catalina\localhost\SGEM_with_base_de_dados_final\org\apache\jsp\index_jsp.java]
out cannot be resolved

An error occurred at line: [168] in the generated java file: [C:\Users\Migueljr\Documents\NetBeansProjects\Apache Tomcat 8.0.15\work\Catalina\localhost\SGEM_with_base_de_dados_final\org\apache\jsp\index_jsp.java]
out cannot be resolved

An error occurred at line: [171] in the generated java file: [C:\Users\Migueljr\Documents\NetBeansProjects\Apache Tomcat 8.0.15\work\Catalina\localhost\SGEM_with_base_de_dados_final\org\apache\jsp\index_jsp.java]
_jspx_page_context cannot be resolved to a variable

An error occurred at line: [171] in the generated java file: [C:\Users\Migueljr\Documents\NetBeansProjects\Apache Tomcat 8.0.15\work\Catalina\localhost\SGEM_with_base_de_dados_final\org\apache\jsp\index_jsp.java]
_jspx_page_context cannot be resolved

An error occurred at line: [174] in the generated java file: [C:\Users\Migueljr\Documents\NetBeansProjects\Apache Tomcat 8.0.15\work\Catalina\localhost\SGEM_with_base_de_dados_final\org\apache\jsp\index_jsp.java]
Syntax error on token "finally", { expected

An error occurred at line: [175] in the generated java file: [C:\Users\Migueljr\Documents\NetBeansProjects\Apache Tomcat 8.0.15\work\Catalina\localhost\SGEM_with_base_de_dados_final\org\apache\jsp\index_jsp.java]
_jspx_page_context cannot be resolved to a variable

Stacktrace:] with root cause
 org.apache.jasper.JasperException: Unable to compile class for JSP: 

An error occurred at line: 58 in the jsp file: /index.jsp
Syntax error, insert "Finally" to complete TryStatement
55:                 <%
56:                     }
57: i++;
58:                     }
59:                 %>
60: 
61:             </tbody>


An error occurred at line: [160] in the generated java file: [C:\Users\Migueljr\Documents\NetBeansProjects\Apache Tomcat 8.0.15\work\Catalina\localhost\SGEM_with_base_de_dados_final\org\apache\jsp\index_jsp.java]
Syntax error on token "catch", Identifier expected

An error occurred at line: [162] in the generated java file: [C:\Users\Migueljr\Documents\NetBeansProjects\Apache Tomcat 8.0.15\work\Catalina\localhost\SGEM_with_base_de_dados_final\org\apache\jsp\index_jsp.java]
out cannot be resolved to a variable

An error occurred at line: [162] in the generated java file: [C:\Users\Migueljr\Documents\NetBeansProjects\Apache Tomcat 8.0.15\work\Catalina\localhost\SGEM_with_base_de_dados_final\org\apache\jsp\index_jsp.java]
_jspx_out cannot be resolved to a variable

An error occurred at line: [163] in the generated java file: [C:\Users\Migueljr\Documents\NetBeansProjects\Apache Tomcat 8.0.15\work\Catalina\localhost\SGEM_with_base_de_dados_final\org\apache\jsp\index_jsp.java]
out cannot be resolved to a variable

An error occurred at line: [163] in the generated java file: [C:\Users\Migueljr\Documents\NetBeansProjects\Apache Tomcat 8.0.15\work\Catalina\localhost\SGEM_with_base_de_dados_final\org\apache\jsp\index_jsp.java]
out cannot be resolved

An error occurred at line: [165] in the generated java file: [C:\Users\Migueljr\Documents\NetBeansProjects\Apache Tomcat 8.0.15\work\Catalina\localhost\SGEM_with_base_de_dados_final\org\apache\jsp\index_jsp.java]
response cannot be resolved

An error occurred at line: [166] in the generated java file: [C:\Users\Migueljr\Documents\NetBeansProjects\Apache Tomcat 8.0.15\work\Catalina\localhost\SGEM_with_base_de_dados_final\org\apache\jsp\index_jsp.java]
out cannot be resolved

An error occurred at line: [168] in the generated java file: [C:\Users\Migueljr\Documents\NetBeansProjects\Apache Tomcat 8.0.15\work\Catalina\localhost\SGEM_with_base_de_dados_final\org\apache\jsp\index_jsp.java]
out cannot be resolved

An error occurred at line: [171] in the generated java file: [C:\Users\Migueljr\Documents\NetBeansProjects\Apache Tomcat 8.0.15\work\Catalina\localhost\SGEM_with_base_de_dados_final\org\apache\jsp\index_jsp.java]
_jspx_page_context cannot be resolved to a variable

An error occurred at line: [171] in the generated java file: [C:\Users\Migueljr\Documents\NetBeansProjects\Apache Tomcat 8.0.15\work\Catalina\localhost\SGEM_with_base_de_dados_final\org\apache\jsp\index_jsp.java]
_jspx_page_context cannot be resolved

An error occurred at line: [174] in the generated java file: [C:\Users\Migueljr\Documents\NetBeansProjects\Apache Tomcat 8.0.15\work\Catalina\localhost\SGEM_with_base_de_dados_final\org\apache\jsp\index_jsp.java]
Syntax error on token "finally", { expected

An error occurred at line: [175] in the generated java file: [C:\Users\Migueljr\Documents\NetBeansProjects\Apache Tomcat 8.0.15\work\Catalina\localhost\SGEM_with_base_de_dados_final\org\apache\jsp\index_jsp.java]
_jspx_page_context cannot be resolved to a variable

Stacktrace:
	at org.apache.jasper.compiler.DefaultErrorHandler.javacError(DefaultErrorHandler.java:103)
	at org.apache.jasper.compiler.ErrorDispatcher.javacError(ErrorDispatcher.java:199)
	at org.apache.jasper.compiler.JDTCompiler.generateClass(JDTCompiler.java:450)
	at org.apache.jasper.compiler.Compiler.compile(Compiler.java:361)
	at org.apache.jasper.compiler.Compiler.compile(Compiler.java:336)
	at org.apache.jasper.compiler.Compiler.compile(Compiler.java:323)
	at org.apache.jasper.JspCompilationContext.compile(JspCompilationContext.java:564)
	at org.apache.jasper.servlet.JspServletWrapper.service(JspServletWrapper.java:357)
	at org.apache.jasper.servlet.JspServlet.serviceJspFile(JspServlet.java:396)
	at org.apache.jasper.servlet.JspServlet.service(JspServlet.java:340)
	at javax.servlet.http.HttpServlet.service(HttpServlet.java:725)
	at org.apache.catalina.core.ApplicationFilterChain.internalDoFilter(ApplicationFilterChain.java:291)
	at org.apache.catalina.core.ApplicationFilterChain.doFilter(ApplicationFilterChain.java:206)
	at org.apache.tomcat.websocket.server.WsFilter.doFilter(WsFilter.java:52)
	at org.apache.catalina.core.ApplicationFilterChain.internalDoFilter(ApplicationFilterChain.java:239)
	at org.apache.catalina.core.ApplicationFilterChain.doFilter(ApplicationFilterChain.java:206)
	at org.apache.catalina.core.StandardWrapperValve.invoke(StandardWrapperValve.java:219)
	at org.apache.catalina.core.StandardContextValve.invoke(StandardContextValve.java:106)
	at org.apache.catalina.authenticator.AuthenticatorBase.invoke(AuthenticatorBase.java:501)
	at org.apache.catalina.core.StandardHostValve.invoke(StandardHostValve.java:142)
	at org.apache.catalina.valves.ErrorReportValve.invoke(ErrorReportValve.java:79)
	at org.apache.catalina.valves.AbstractAccessLogValve.invoke(AbstractAccessLogValve.java:610)
	at org.apache.catalina.core.StandardEngineValve.invoke(StandardEngineValve.java:88)
	at org.apache.catalina.connector.CoyoteAdapter.service(CoyoteAdapter.java:537)
	at org.apache.coyote.http11.AbstractHttp11Processor.process(AbstractHttp11Processor.java:1085)
	at org.apache.coyote.AbstractProtocol$AbstractConnectionHandler.process(AbstractProtocol.java:658)
	at org.apache.coyote.http11.Http11NioProtocol$Http11ConnectionHandler.process(Http11NioProtocol.java:222)
	at org.apache.tomcat.util.net.NioEndpoint$SocketProcessor.doRun(NioEndpoint.java:1556)
	at org.apache.tomcat.util.net.NioEndpoint$SocketProcessor.run(NioEndpoint.java:1513)
	at java.util.concurrent.ThreadPoolExecutor.runWorker(ThreadPoolExecutor.java:1145)
	at java.util.concurrent.ThreadPoolExecutor$Worker.run(ThreadPoolExecutor.java:615)
	at org.apache.tomcat.util.threads.TaskThread$WrappingRunnable.run(TaskThread.java:61)
	at java.lang.Thread.run(Thread.java:745)

15-Nov-2016 01:14:02.904 SEVERE [http-nio-1025-exec-50] org.apache.catalina.core.StandardWrapperValve.invoke Servlet.service() for servlet [jsp] in context with path [/SGEM_with_base_de_dados_final] threw exception [Unable to compile class for JSP: 

An error occurred at line: 58 in the jsp file: /index.jsp
Syntax error, insert "Finally" to complete TryStatement
55:                 <%
56:                     }
57: i++;
58:                     }
59:                 %>
60: 
61:             </tbody>


An error occurred at line: [160] in the generated java file: [C:\Users\Migueljr\Documents\NetBeansProjects\Apache Tomcat 8.0.15\work\Catalina\localhost\SGEM_with_base_de_dados_final\org\apache\jsp\index_jsp.java]
Syntax error on token "catch", Identifier expected

An error occurred at line: [162] in the generated java file: [C:\Users\Migueljr\Documents\NetBeansProjects\Apache Tomcat 8.0.15\work\Catalina\localhost\SGEM_with_base_de_dados_final\org\apache\jsp\index_jsp.java]
out cannot be resolved to a variable

An error occurred at line: [162] in the generated java file: [C:\Users\Migueljr\Documents\NetBeansProjects\Apache Tomcat 8.0.15\work\Catalina\localhost\SGEM_with_base_de_dados_final\org\apache\jsp\index_jsp.java]
_jspx_out cannot be resolved to a variable

An error occurred at line: [163] in the generated java file: [C:\Users\Migueljr\Documents\NetBeansProjects\Apache Tomcat 8.0.15\work\Catalina\localhost\SGEM_with_base_de_dados_final\org\apache\jsp\index_jsp.java]
out cannot be resolved to a variable

An error occurred at line: [163] in the generated java file: [C:\Users\Migueljr\Documents\NetBeansProjects\Apache Tomcat 8.0.15\work\Catalina\localhost\SGEM_with_base_de_dados_final\org\apache\jsp\index_jsp.java]
out cannot be resolved

An error occurred at line: [165] in the generated java file: [C:\Users\Migueljr\Documents\NetBeansProjects\Apache Tomcat 8.0.15\work\Catalina\localhost\SGEM_with_base_de_dados_final\org\apache\jsp\index_jsp.java]
response cannot be resolved

An error occurred at line: [166] in the generated java file: [C:\Users\Migueljr\Documents\NetBeansProjects\Apache Tomcat 8.0.15\work\Catalina\localhost\SGEM_with_base_de_dados_final\org\apache\jsp\index_jsp.java]
out cannot be resolved

An error occurred at line: [168] in the generated java file: [C:\Users\Migueljr\Documents\NetBeansProjects\Apache Tomcat 8.0.15\work\Catalina\localhost\SGEM_with_base_de_dados_final\org\apache\jsp\index_jsp.java]
out cannot be resolved

An error occurred at line: [171] in the generated java file: [C:\Users\Migueljr\Documents\NetBeansProjects\Apache Tomcat 8.0.15\work\Catalina\localhost\SGEM_with_base_de_dados_final\org\apache\jsp\index_jsp.java]
_jspx_page_context cannot be resolved to a variable

An error occurred at line: [171] in the generated java file: [C:\Users\Migueljr\Documents\NetBeansProjects\Apache Tomcat 8.0.15\work\Catalina\localhost\SGEM_with_base_de_dados_final\org\apache\jsp\index_jsp.java]
_jspx_page_context cannot be resolved

An error occurred at line: [174] in the generated java file: [C:\Users\Migueljr\Documents\NetBeansProjects\Apache Tomcat 8.0.15\work\Catalina\localhost\SGEM_with_base_de_dados_final\org\apache\jsp\index_jsp.java]
Syntax error on token "finally", { expected

An error occurred at line: [175] in the generated java file: [C:\Users\Migueljr\Documents\NetBeansProjects\Apache Tomcat 8.0.15\work\Catalina\localhost\SGEM_with_base_de_dados_final\org\apache\jsp\index_jsp.java]
_jspx_page_context cannot be resolved to a variable

Stacktrace:] with root cause
 org.apache.jasper.JasperException: Unable to compile class for JSP: 

An error occurred at line: 58 in the jsp file: /index.jsp
Syntax error, insert "Finally" to complete TryStatement
55:                 <%
56:                     }
57: i++;
58:                     }
59:                 %>
60: 
61:             </tbody>


An error occurred at line: [160] in the generated java file: [C:\Users\Migueljr\Documents\NetBeansProjects\Apache Tomcat 8.0.15\work\Catalina\localhost\SGEM_with_base_de_dados_final\org\apache\jsp\index_jsp.java]
Syntax error on token "catch", Identifier expected

An error occurred at line: [162] in the generated java file: [C:\Users\Migueljr\Documents\NetBeansProjects\Apache Tomcat 8.0.15\work\Catalina\localhost\SGEM_with_base_de_dados_final\org\apache\jsp\index_jsp.java]
out cannot be resolved to a variable

An error occurred at line: [162] in the generated java file: [C:\Users\Migueljr\Documents\NetBeansProjects\Apache Tomcat 8.0.15\work\Catalina\localhost\SGEM_with_base_de_dados_final\org\apache\jsp\index_jsp.java]
_jspx_out cannot be resolved to a variable

An error occurred at line: [163] in the generated java file: [C:\Users\Migueljr\Documents\NetBeansProjects\Apache Tomcat 8.0.15\work\Catalina\localhost\SGEM_with_base_de_dados_final\org\apache\jsp\index_jsp.java]
out cannot be resolved to a variable

An error occurred at line: [163] in the generated java file: [C:\Users\Migueljr\Documents\NetBeansProjects\Apache Tomcat 8.0.15\work\Catalina\localhost\SGEM_with_base_de_dados_final\org\apache\jsp\index_jsp.java]
out cannot be resolved

An error occurred at line: [165] in the generated java file: [C:\Users\Migueljr\Documents\NetBeansProjects\Apache Tomcat 8.0.15\work\Catalina\localhost\SGEM_with_base_de_dados_final\org\apache\jsp\index_jsp.java]
response cannot be resolved

An error occurred at line: [166] in the generated java file: [C:\Users\Migueljr\Documents\NetBeansProjects\Apache Tomcat 8.0.15\work\Catalina\localhost\SGEM_with_base_de_dados_final\org\apache\jsp\index_jsp.java]
out cannot be resolved

An error occurred at line: [168] in the generated java file: [C:\Users\Migueljr\Documents\NetBeansProjects\Apache Tomcat 8.0.15\work\Catalina\localhost\SGEM_with_base_de_dados_final\org\apache\jsp\index_jsp.java]
out cannot be resolved

An error occurred at line: [171] in the generated java file: [C:\Users\Migueljr\Documents\NetBeansProjects\Apache Tomcat 8.0.15\work\Catalina\localhost\SGEM_with_base_de_dados_final\org\apache\jsp\index_jsp.java]
_jspx_page_context cannot be resolved to a variable

An error occurred at line: [171] in the generated java file: [C:\Users\Migueljr\Documents\NetBeansProjects\Apache Tomcat 8.0.15\work\Catalina\localhost\SGEM_with_base_de_dados_final\org\apache\jsp\index_jsp.java]
_jspx_page_context cannot be resolved

An error occurred at line: [174] in the generated java file: [C:\Users\Migueljr\Documents\NetBeansProjects\Apache Tomcat 8.0.15\work\Catalina\localhost\SGEM_with_base_de_dados_final\org\apache\jsp\index_jsp.java]
Syntax error on token "finally", { expected

An error occurred at line: [175] in the generated java file: [C:\Users\Migueljr\Documents\NetBeansProjects\Apache Tomcat 8.0.15\work\Catalina\localhost\SGEM_with_base_de_dados_final\org\apache\jsp\index_jsp.java]
_jspx_page_context cannot be resolved to a variable

Stacktrace:
	at org.apache.jasper.compiler.DefaultErrorHandler.javacError(DefaultErrorHandler.java:103)
	at org.apache.jasper.compiler.ErrorDispatcher.javacError(ErrorDispatcher.java:199)
	at org.apache.jasper.compiler.JDTCompiler.generateClass(JDTCompiler.java:450)
	at org.apache.jasper.compiler.Compiler.compile(Compiler.java:361)
	at org.apache.jasper.compiler.Compiler.compile(Compiler.java:336)
	at org.apache.jasper.compiler.Compiler.compile(Compiler.java:323)
	at org.apache.jasper.JspCompilationContext.compile(JspCompilationContext.java:564)
	at org.apache.jasper.servlet.JspServletWrapper.service(JspServletWrapper.java:357)
	at org.apache.jasper.servlet.JspServlet.serviceJspFile(JspServlet.java:396)
	at org.apache.jasper.servlet.JspServlet.service(JspServlet.java:340)
	at javax.servlet.http.HttpServlet.service(HttpServlet.java:725)
	at org.apache.catalina.core.ApplicationFilterChain.internalDoFilter(ApplicationFilterChain.java:291)
	at org.apache.catalina.core.ApplicationFilterChain.doFilter(ApplicationFilterChain.java:206)
	at org.apache.tomcat.websocket.server.WsFilter.doFilter(WsFilter.java:52)
	at org.apache.catalina.core.ApplicationFilterChain.internalDoFilter(ApplicationFilterChain.java:239)
	at org.apache.catalina.core.ApplicationFilterChain.doFilter(ApplicationFilterChain.java:206)
	at org.apache.catalina.core.StandardWrapperValve.invoke(StandardWrapperValve.java:219)
	at org.apache.catalina.core.StandardContextValve.invoke(StandardContextValve.java:106)
	at org.apache.catalina.authenticator.AuthenticatorBase.invoke(AuthenticatorBase.java:501)
	at org.apache.catalina.core.StandardHostValve.invoke(StandardHostValve.java:142)
	at org.apache.catalina.valves.ErrorReportValve.invoke(ErrorReportValve.java:79)
	at org.apache.catalina.valves.AbstractAccessLogValve.invoke(AbstractAccessLogValve.java:610)
	at org.apache.catalina.core.StandardEngineValve.invoke(StandardEngineValve.java:88)
	at org.apache.catalina.connector.CoyoteAdapter.service(CoyoteAdapter.java:537)
	at org.apache.coyote.http11.AbstractHttp11Processor.process(AbstractHttp11Processor.java:1085)
	at org.apache.coyote.AbstractProtocol$AbstractConnectionHandler.process(AbstractProtocol.java:658)
	at org.apache.coyote.http11.Http11NioProtocol$Http11ConnectionHandler.process(Http11NioProtocol.java:222)
	at org.apache.tomcat.util.net.NioEndpoint$SocketProcessor.doRun(NioEndpoint.java:1556)
	at org.apache.tomcat.util.net.NioEndpoint$SocketProcessor.run(NioEndpoint.java:1513)
	at java.util.concurrent.ThreadPoolExecutor.runWorker(ThreadPoolExecutor.java:1145)
	at java.util.concurrent.ThreadPoolExecutor$Worker.run(ThreadPoolExecutor.java:615)
	at org.apache.tomcat.util.threads.TaskThread$WrappingRunnable.run(TaskThread.java:61)
	at java.lang.Thread.run(Thread.java:745)

15-Nov-2016 01:14:08.585 SEVERE [http-nio-1025-exec-47] org.apache.catalina.core.StandardWrapperValve.invoke Servlet.service() for servlet [jsp] in context with path [/SGEM_with_base_de_dados_final] threw exception [Unable to compile class for JSP: 

An error occurred at line: 58 in the jsp file: /index.jsp
Syntax error, insert "Finally" to complete TryStatement
55:                 <%
56:                     }
57: i++;
58:                     }
59:                 %>
60: 
61:             </tbody>


An error occurred at line: [160] in the generated java file: [C:\Users\Migueljr\Documents\NetBeansProjects\Apache Tomcat 8.0.15\work\Catalina\localhost\SGEM_with_base_de_dados_final\org\apache\jsp\index_jsp.java]
Syntax error on token "catch", Identifier expected

An error occurred at line: [162] in the generated java file: [C:\Users\Migueljr\Documents\NetBeansProjects\Apache Tomcat 8.0.15\work\Catalina\localhost\SGEM_with_base_de_dados_final\org\apache\jsp\index_jsp.java]
out cannot be resolved to a variable

An error occurred at line: [162] in the generated java file: [C:\Users\Migueljr\Documents\NetBeansProjects\Apache Tomcat 8.0.15\work\Catalina\localhost\SGEM_with_base_de_dados_final\org\apache\jsp\index_jsp.java]
_jspx_out cannot be resolved to a variable

An error occurred at line: [163] in the generated java file: [C:\Users\Migueljr\Documents\NetBeansProjects\Apache Tomcat 8.0.15\work\Catalina\localhost\SGEM_with_base_de_dados_final\org\apache\jsp\index_jsp.java]
out cannot be resolved to a variable

An error occurred at line: [163] in the generated java file: [C:\Users\Migueljr\Documents\NetBeansProjects\Apache Tomcat 8.0.15\work\Catalina\localhost\SGEM_with_base_de_dados_final\org\apache\jsp\index_jsp.java]
out cannot be resolved

An error occurred at line: [165] in the generated java file: [C:\Users\Migueljr\Documents\NetBeansProjects\Apache Tomcat 8.0.15\work\Catalina\localhost\SGEM_with_base_de_dados_final\org\apache\jsp\index_jsp.java]
response cannot be resolved

An error occurred at line: [166] in the generated java file: [C:\Users\Migueljr\Documents\NetBeansProjects\Apache Tomcat 8.0.15\work\Catalina\localhost\SGEM_with_base_de_dados_final\org\apache\jsp\index_jsp.java]
out cannot be resolved

An error occurred at line: [168] in the generated java file: [C:\Users\Migueljr\Documents\NetBeansProjects\Apache Tomcat 8.0.15\work\Catalina\localhost\SGEM_with_base_de_dados_final\org\apache\jsp\index_jsp.java]
out cannot be resolved

An error occurred at line: [171] in the generated java file: [C:\Users\Migueljr\Documents\NetBeansProjects\Apache Tomcat 8.0.15\work\Catalina\localhost\SGEM_with_base_de_dados_final\org\apache\jsp\index_jsp.java]
_jspx_page_context cannot be resolved to a variable

An error occurred at line: [171] in the generated java file: [C:\Users\Migueljr\Documents\NetBeansProjects\Apache Tomcat 8.0.15\work\Catalina\localhost\SGEM_with_base_de_dados_final\org\apache\jsp\index_jsp.java]
_jspx_page_context cannot be resolved

An error occurred at line: [174] in the generated java file: [C:\Users\Migueljr\Documents\NetBeansProjects\Apache Tomcat 8.0.15\work\Catalina\localhost\SGEM_with_base_de_dados_final\org\apache\jsp\index_jsp.java]
Syntax error on token "finally", { expected

An error occurred at line: [175] in the generated java file: [C:\Users\Migueljr\Documents\NetBeansProjects\Apache Tomcat 8.0.15\work\Catalina\localhost\SGEM_with_base_de_dados_final\org\apache\jsp\index_jsp.java]
_jspx_page_context cannot be resolved to a variable

Stacktrace:] with root cause
 org.apache.jasper.JasperException: Unable to compile class for JSP: 

An error occurred at line: 58 in the jsp file: /index.jsp
Syntax error, insert "Finally" to complete TryStatement
55:                 <%
56:                     }
57: i++;
58:                     }
59:                 %>
60: 
61:             </tbody>


An error occurred at line: [160] in the generated java file: [C:\Users\Migueljr\Documents\NetBeansProjects\Apache Tomcat 8.0.15\work\Catalina\localhost\SGEM_with_base_de_dados_final\org\apache\jsp\index_jsp.java]
Syntax error on token "catch", Identifier expected

An error occurred at line: [162] in the generated java file: [C:\Users\Migueljr\Documents\NetBeansProjects\Apache Tomcat 8.0.15\work\Catalina\localhost\SGEM_with_base_de_dados_final\org\apache\jsp\index_jsp.java]
out cannot be resolved to a variable

An error occurred at line: [162] in the generated java file: [C:\Users\Migueljr\Documents\NetBeansProjects\Apache Tomcat 8.0.15\work\Catalina\localhost\SGEM_with_base_de_dados_final\org\apache\jsp\index_jsp.java]
_jspx_out cannot be resolved to a variable

An error occurred at line: [163] in the generated java file: [C:\Users\Migueljr\Documents\NetBeansProjects\Apache Tomcat 8.0.15\work\Catalina\localhost\SGEM_with_base_de_dados_final\org\apache\jsp\index_jsp.java]
out cannot be resolved to a variable

An error occurred at line: [163] in the generated java file: [C:\Users\Migueljr\Documents\NetBeansProjects\Apache Tomcat 8.0.15\work\Catalina\localhost\SGEM_with_base_de_dados_final\org\apache\jsp\index_jsp.java]
out cannot be resolved

An error occurred at line: [165] in the generated java file: [C:\Users\Migueljr\Documents\NetBeansProjects\Apache Tomcat 8.0.15\work\Catalina\localhost\SGEM_with_base_de_dados_final\org\apache\jsp\index_jsp.java]
response cannot be resolved

An error occurred at line: [166] in the generated java file: [C:\Users\Migueljr\Documents\NetBeansProjects\Apache Tomcat 8.0.15\work\Catalina\localhost\SGEM_with_base_de_dados_final\org\apache\jsp\index_jsp.java]
out cannot be resolved

An error occurred at line: [168] in the generated java file: [C:\Users\Migueljr\Documents\NetBeansProjects\Apache Tomcat 8.0.15\work\Catalina\localhost\SGEM_with_base_de_dados_final\org\apache\jsp\index_jsp.java]
out cannot be resolved

An error occurred at line: [171] in the generated java file: [C:\Users\Migueljr\Documents\NetBeansProjects\Apache Tomcat 8.0.15\work\Catalina\localhost\SGEM_with_base_de_dados_final\org\apache\jsp\index_jsp.java]
_jspx_page_context cannot be resolved to a variable

An error occurred at line: [171] in the generated java file: [C:\Users\Migueljr\Documents\NetBeansProjects\Apache Tomcat 8.0.15\work\Catalina\localhost\SGEM_with_base_de_dados_final\org\apache\jsp\index_jsp.java]
_jspx_page_context cannot be resolved

An error occurred at line: [174] in the generated java file: [C:\Users\Migueljr\Documents\NetBeansProjects\Apache Tomcat 8.0.15\work\Catalina\localhost\SGEM_with_base_de_dados_final\org\apache\jsp\index_jsp.java]
Syntax error on token "finally", { expected

An error occurred at line: [175] in the generated java file: [C:\Users\Migueljr\Documents\NetBeansProjects\Apache Tomcat 8.0.15\work\Catalina\localhost\SGEM_with_base_de_dados_final\org\apache\jsp\index_jsp.java]
_jspx_page_context cannot be resolved to a variable

Stacktrace:
	at org.apache.jasper.compiler.DefaultErrorHandler.javacError(DefaultErrorHandler.java:103)
	at org.apache.jasper.compiler.ErrorDispatcher.javacError(ErrorDispatcher.java:199)
	at org.apache.jasper.compiler.JDTCompiler.generateClass(JDTCompiler.java:450)
	at org.apache.jasper.compiler.Compiler.compile(Compiler.java:361)
	at org.apache.jasper.compiler.Compiler.compile(Compiler.java:336)
	at org.apache.jasper.compiler.Compiler.compile(Compiler.java:323)
	at org.apache.jasper.JspCompilationContext.compile(JspCompilationContext.java:564)
	at org.apache.jasper.servlet.JspServletWrapper.service(JspServletWrapper.java:357)
	at org.apache.jasper.servlet.JspServlet.serviceJspFile(JspServlet.java:396)
	at org.apache.jasper.servlet.JspServlet.service(JspServlet.java:340)
	at javax.servlet.http.HttpServlet.service(HttpServlet.java:725)
	at org.apache.catalina.core.ApplicationFilterChain.internalDoFilter(ApplicationFilterChain.java:291)
	at org.apache.catalina.core.ApplicationFilterChain.doFilter(ApplicationFilterChain.java:206)
	at org.apache.tomcat.websocket.server.WsFilter.doFilter(WsFilter.java:52)
	at org.apache.catalina.core.ApplicationFilterChain.internalDoFilter(ApplicationFilterChain.java:239)
	at org.apache.catalina.core.ApplicationFilterChain.doFilter(ApplicationFilterChain.java:206)
	at org.apache.catalina.core.StandardWrapperValve.invoke(StandardWrapperValve.java:219)
	at org.apache.catalina.core.StandardContextValve.invoke(StandardContextValve.java:106)
	at org.apache.catalina.authenticator.AuthenticatorBase.invoke(AuthenticatorBase.java:501)
	at org.apache.catalina.core.StandardHostValve.invoke(StandardHostValve.java:142)
	at org.apache.catalina.valves.ErrorReportValve.invoke(ErrorReportValve.java:79)
	at org.apache.catalina.valves.AbstractAccessLogValve.invoke(AbstractAccessLogValve.java:610)
	at org.apache.catalina.core.StandardEngineValve.invoke(StandardEngineValve.java:88)
	at org.apache.catalina.connector.CoyoteAdapter.service(CoyoteAdapter.java:537)
	at org.apache.coyote.http11.AbstractHttp11Processor.process(AbstractHttp11Processor.java:1085)
	at org.apache.coyote.AbstractProtocol$AbstractConnectionHandler.process(AbstractProtocol.java:658)
	at org.apache.coyote.http11.Http11NioProtocol$Http11ConnectionHandler.process(Http11NioProtocol.java:222)
	at org.apache.tomcat.util.net.NioEndpoint$SocketProcessor.doRun(NioEndpoint.java:1556)
	at org.apache.tomcat.util.net.NioEndpoint$SocketProcessor.run(NioEndpoint.java:1513)
	at java.util.concurrent.ThreadPoolExecutor.runWorker(ThreadPoolExecutor.java:1145)
	at java.util.concurrent.ThreadPoolExecutor$Worker.run(ThreadPoolExecutor.java:615)
	at org.apache.tomcat.util.threads.TaskThread$WrappingRunnable.run(TaskThread.java:61)
	at java.lang.Thread.run(Thread.java:745)

15-Nov-2016 01:14:13.134 SEVERE [http-nio-1025-exec-46] org.apache.catalina.core.StandardWrapperValve.invoke Servlet.service() for servlet [jsp] in context with path [/SGEM_with_base_de_dados_final] threw exception [Unable to compile class for JSP: 

An error occurred at line: 58 in the jsp file: /index.jsp
Syntax error, insert "Finally" to complete TryStatement
55:                 <%
56:                     }
57: i++;
58:                     }
59:                 %>
60: 
61:             </tbody>


An error occurred at line: [160] in the generated java file: [C:\Users\Migueljr\Documents\NetBeansProjects\Apache Tomcat 8.0.15\work\Catalina\localhost\SGEM_with_base_de_dados_final\org\apache\jsp\index_jsp.java]
Syntax error on token "catch", Identifier expected

An error occurred at line: [162] in the generated java file: [C:\Users\Migueljr\Documents\NetBeansProjects\Apache Tomcat 8.0.15\work\Catalina\localhost\SGEM_with_base_de_dados_final\org\apache\jsp\index_jsp.java]
out cannot be resolved to a variable

An error occurred at line: [162] in the generated java file: [C:\Users\Migueljr\Documents\NetBeansProjects\Apache Tomcat 8.0.15\work\Catalina\localhost\SGEM_with_base_de_dados_final\org\apache\jsp\index_jsp.java]
_jspx_out cannot be resolved to a variable

An error occurred at line: [163] in the generated java file: [C:\Users\Migueljr\Documents\NetBeansProjects\Apache Tomcat 8.0.15\work\Catalina\localhost\SGEM_with_base_de_dados_final\org\apache\jsp\index_jsp.java]
out cannot be resolved to a variable

An error occurred at line: [163] in the generated java file: [C:\Users\Migueljr\Documents\NetBeansProjects\Apache Tomcat 8.0.15\work\Catalina\localhost\SGEM_with_base_de_dados_final\org\apache\jsp\index_jsp.java]
out cannot be resolved

An error occurred at line: [165] in the generated java file: [C:\Users\Migueljr\Documents\NetBeansProjects\Apache Tomcat 8.0.15\work\Catalina\localhost\SGEM_with_base_de_dados_final\org\apache\jsp\index_jsp.java]
response cannot be resolved

An error occurred at line: [166] in the generated java file: [C:\Users\Migueljr\Documents\NetBeansProjects\Apache Tomcat 8.0.15\work\Catalina\localhost\SGEM_with_base_de_dados_final\org\apache\jsp\index_jsp.java]
out cannot be resolved

An error occurred at line: [168] in the generated java file: [C:\Users\Migueljr\Documents\NetBeansProjects\Apache Tomcat 8.0.15\work\Catalina\localhost\SGEM_with_base_de_dados_final\org\apache\jsp\index_jsp.java]
out cannot be resolved

An error occurred at line: [171] in the generated java file: [C:\Users\Migueljr\Documents\NetBeansProjects\Apache Tomcat 8.0.15\work\Catalina\localhost\SGEM_with_base_de_dados_final\org\apache\jsp\index_jsp.java]
_jspx_page_context cannot be resolved to a variable

An error occurred at line: [171] in the generated java file: [C:\Users\Migueljr\Documents\NetBeansProjects\Apache Tomcat 8.0.15\work\Catalina\localhost\SGEM_with_base_de_dados_final\org\apache\jsp\index_jsp.java]
_jspx_page_context cannot be resolved

An error occurred at line: [174] in the generated java file: [C:\Users\Migueljr\Documents\NetBeansProjects\Apache Tomcat 8.0.15\work\Catalina\localhost\SGEM_with_base_de_dados_final\org\apache\jsp\index_jsp.java]
Syntax error on token "finally", { expected

An error occurred at line: [175] in the generated java file: [C:\Users\Migueljr\Documents\NetBeansProjects\Apache Tomcat 8.0.15\work\Catalina\localhost\SGEM_with_base_de_dados_final\org\apache\jsp\index_jsp.java]
_jspx_page_context cannot be resolved to a variable

Stacktrace:] with root cause
 org.apache.jasper.JasperException: Unable to compile class for JSP: 

An error occurred at line: 58 in the jsp file: /index.jsp
Syntax error, insert "Finally" to complete TryStatement
55:                 <%
56:                     }
57: i++;
58:                     }
59:                 %>
60: 
61:             </tbody>


An error occurred at line: [160] in the generated java file: [C:\Users\Migueljr\Documents\NetBeansProjects\Apache Tomcat 8.0.15\work\Catalina\localhost\SGEM_with_base_de_dados_final\org\apache\jsp\index_jsp.java]
Syntax error on token "catch", Identifier expected

An error occurred at line: [162] in the generated java file: [C:\Users\Migueljr\Documents\NetBeansProjects\Apache Tomcat 8.0.15\work\Catalina\localhost\SGEM_with_base_de_dados_final\org\apache\jsp\index_jsp.java]
out cannot be resolved to a variable

An error occurred at line: [162] in the generated java file: [C:\Users\Migueljr\Documents\NetBeansProjects\Apache Tomcat 8.0.15\work\Catalina\localhost\SGEM_with_base_de_dados_final\org\apache\jsp\index_jsp.java]
_jspx_out cannot be resolved to a variable

An error occurred at line: [163] in the generated java file: [C:\Users\Migueljr\Documents\NetBeansProjects\Apache Tomcat 8.0.15\work\Catalina\localhost\SGEM_with_base_de_dados_final\org\apache\jsp\index_jsp.java]
out cannot be resolved to a variable

An error occurred at line: [163] in the generated java file: [C:\Users\Migueljr\Documents\NetBeansProjects\Apache Tomcat 8.0.15\work\Catalina\localhost\SGEM_with_base_de_dados_final\org\apache\jsp\index_jsp.java]
out cannot be resolved

An error occurred at line: [165] in the generated java file: [C:\Users\Migueljr\Documents\NetBeansProjects\Apache Tomcat 8.0.15\work\Catalina\localhost\SGEM_with_base_de_dados_final\org\apache\jsp\index_jsp.java]
response cannot be resolved

An error occurred at line: [166] in the generated java file: [C:\Users\Migueljr\Documents\NetBeansProjects\Apache Tomcat 8.0.15\work\Catalina\localhost\SGEM_with_base_de_dados_final\org\apache\jsp\index_jsp.java]
out cannot be resolved

An error occurred at line: [168] in the generated java file: [C:\Users\Migueljr\Documents\NetBeansProjects\Apache Tomcat 8.0.15\work\Catalina\localhost\SGEM_with_base_de_dados_final\org\apache\jsp\index_jsp.java]
out cannot be resolved

An error occurred at line: [171] in the generated java file: [C:\Users\Migueljr\Documents\NetBeansProjects\Apache Tomcat 8.0.15\work\Catalina\localhost\SGEM_with_base_de_dados_final\org\apache\jsp\index_jsp.java]
_jspx_page_context cannot be resolved to a variable

An error occurred at line: [171] in the generated java file: [C:\Users\Migueljr\Documents\NetBeansProjects\Apache Tomcat 8.0.15\work\Catalina\localhost\SGEM_with_base_de_dados_final\org\apache\jsp\index_jsp.java]
_jspx_page_context cannot be resolved

An error occurred at line: [174] in the generated java file: [C:\Users\Migueljr\Documents\NetBeansProjects\Apache Tomcat 8.0.15\work\Catalina\localhost\SGEM_with_base_de_dados_final\org\apache\jsp\index_jsp.java]
Syntax error on token "finally", { expected

An error occurred at line: [175] in the generated java file: [C:\Users\Migueljr\Documents\NetBeansProjects\Apache Tomcat 8.0.15\work\Catalina\localhost\SGEM_with_base_de_dados_final\org\apache\jsp\index_jsp.java]
_jspx_page_context cannot be resolved to a variable

Stacktrace:
	at org.apache.jasper.compiler.DefaultErrorHandler.javacError(DefaultErrorHandler.java:103)
	at org.apache.jasper.compiler.ErrorDispatcher.javacError(ErrorDispatcher.java:199)
	at org.apache.jasper.compiler.JDTCompiler.generateClass(JDTCompiler.java:450)
	at org.apache.jasper.compiler.Compiler.compile(Compiler.java:361)
	at org.apache.jasper.compiler.Compiler.compile(Compiler.java:336)
	at org.apache.jasper.compiler.Compiler.compile(Compiler.java:323)
	at org.apache.jasper.JspCompilationContext.compile(JspCompilationContext.java:564)
	at org.apache.jasper.servlet.JspServletWrapper.service(JspServletWrapper.java:357)
	at org.apache.jasper.servlet.JspServlet.serviceJspFile(JspServlet.java:396)
	at org.apache.jasper.servlet.JspServlet.service(JspServlet.java:340)
	at javax.servlet.http.HttpServlet.service(HttpServlet.java:725)
	at org.apache.catalina.core.ApplicationFilterChain.internalDoFilter(ApplicationFilterChain.java:291)
	at org.apache.catalina.core.ApplicationFilterChain.doFilter(ApplicationFilterChain.java:206)
	at org.apache.tomcat.websocket.server.WsFilter.doFilter(WsFilter.java:52)
	at org.apache.catalina.core.ApplicationFilterChain.internalDoFilter(ApplicationFilterChain.java:239)
	at org.apache.catalina.core.ApplicationFilterChain.doFilter(ApplicationFilterChain.java:206)
	at org.apache.catalina.core.StandardWrapperValve.invoke(StandardWrapperValve.java:219)
	at org.apache.catalina.core.StandardContextValve.invoke(StandardContextValve.java:106)
	at org.apache.catalina.authenticator.AuthenticatorBase.invoke(AuthenticatorBase.java:501)
	at org.apache.catalina.core.StandardHostValve.invoke(StandardHostValve.java:142)
	at org.apache.catalina.valves.ErrorReportValve.invoke(ErrorReportValve.java:79)
	at org.apache.catalina.valves.AbstractAccessLogValve.invoke(AbstractAccessLogValve.java:610)
	at org.apache.catalina.core.StandardEngineValve.invoke(StandardEngineValve.java:88)
	at org.apache.catalina.connector.CoyoteAdapter.service(CoyoteAdapter.java:537)
	at org.apache.coyote.http11.AbstractHttp11Processor.process(AbstractHttp11Processor.java:1085)
	at org.apache.coyote.AbstractProtocol$AbstractConnectionHandler.process(AbstractProtocol.java:658)
	at org.apache.coyote.http11.Http11NioProtocol$Http11ConnectionHandler.process(Http11NioProtocol.java:222)
	at org.apache.tomcat.util.net.NioEndpoint$SocketProcessor.doRun(NioEndpoint.java:1556)
	at org.apache.tomcat.util.net.NioEndpoint$SocketProcessor.run(NioEndpoint.java:1513)
	at java.util.concurrent.ThreadPoolExecutor.runWorker(ThreadPoolExecutor.java:1145)
	at java.util.concurrent.ThreadPoolExecutor$Worker.run(ThreadPoolExecutor.java:615)
	at org.apache.tomcat.util.threads.TaskThread$WrappingRunnable.run(TaskThread.java:61)
	at java.lang.Thread.run(Thread.java:745)

15-Nov-2016 01:14:27.057 SEVERE [http-nio-1025-exec-47] org.apache.catalina.core.StandardWrapperValve.invoke Servlet.service() for servlet [jsp] in context with path [/SGEM_with_base_de_dados_final] threw exception [Unable to compile class for JSP: 

An error occurred at line: 58 in the jsp file: /index.jsp
Syntax error, insert "Finally" to complete TryStatement
55:                 <%
56:                     }
57: i++;
58:                     }
59:                 %>
60: 
61:             </tbody>


An error occurred at line: [160] in the generated java file: [C:\Users\Migueljr\Documents\NetBeansProjects\Apache Tomcat 8.0.15\work\Catalina\localhost\SGEM_with_base_de_dados_final\org\apache\jsp\index_jsp.java]
Syntax error on token "catch", Identifier expected

An error occurred at line: [162] in the generated java file: [C:\Users\Migueljr\Documents\NetBeansProjects\Apache Tomcat 8.0.15\work\Catalina\localhost\SGEM_with_base_de_dados_final\org\apache\jsp\index_jsp.java]
out cannot be resolved to a variable

An error occurred at line: [162] in the generated java file: [C:\Users\Migueljr\Documents\NetBeansProjects\Apache Tomcat 8.0.15\work\Catalina\localhost\SGEM_with_base_de_dados_final\org\apache\jsp\index_jsp.java]
_jspx_out cannot be resolved to a variable

An error occurred at line: [163] in the generated java file: [C:\Users\Migueljr\Documents\NetBeansProjects\Apache Tomcat 8.0.15\work\Catalina\localhost\SGEM_with_base_de_dados_final\org\apache\jsp\index_jsp.java]
out cannot be resolved to a variable

An error occurred at line: [163] in the generated java file: [C:\Users\Migueljr\Documents\NetBeansProjects\Apache Tomcat 8.0.15\work\Catalina\localhost\SGEM_with_base_de_dados_final\org\apache\jsp\index_jsp.java]
out cannot be resolved

An error occurred at line: [165] in the generated java file: [C:\Users\Migueljr\Documents\NetBeansProjects\Apache Tomcat 8.0.15\work\Catalina\localhost\SGEM_with_base_de_dados_final\org\apache\jsp\index_jsp.java]
response cannot be resolved

An error occurred at line: [166] in the generated java file: [C:\Users\Migueljr\Documents\NetBeansProjects\Apache Tomcat 8.0.15\work\Catalina\localhost\SGEM_with_base_de_dados_final\org\apache\jsp\index_jsp.java]
out cannot be resolved

An error occurred at line: [168] in the generated java file: [C:\Users\Migueljr\Documents\NetBeansProjects\Apache Tomcat 8.0.15\work\Catalina\localhost\SGEM_with_base_de_dados_final\org\apache\jsp\index_jsp.java]
out cannot be resolved

An error occurred at line: [171] in the generated java file: [C:\Users\Migueljr\Documents\NetBeansProjects\Apache Tomcat 8.0.15\work\Catalina\localhost\SGEM_with_base_de_dados_final\org\apache\jsp\index_jsp.java]
_jspx_page_context cannot be resolved to a variable

An error occurred at line: [171] in the generated java file: [C:\Users\Migueljr\Documents\NetBeansProjects\Apache Tomcat 8.0.15\work\Catalina\localhost\SGEM_with_base_de_dados_final\org\apache\jsp\index_jsp.java]
_jspx_page_context cannot be resolved

An error occurred at line: [174] in the generated java file: [C:\Users\Migueljr\Documents\NetBeansProjects\Apache Tomcat 8.0.15\work\Catalina\localhost\SGEM_with_base_de_dados_final\org\apache\jsp\index_jsp.java]
Syntax error on token "finally", { expected

An error occurred at line: [175] in the generated java file: [C:\Users\Migueljr\Documents\NetBeansProjects\Apache Tomcat 8.0.15\work\Catalina\localhost\SGEM_with_base_de_dados_final\org\apache\jsp\index_jsp.java]
_jspx_page_context cannot be resolved to a variable

Stacktrace:] with root cause
 org.apache.jasper.JasperException: Unable to compile class for JSP: 

An error occurred at line: 58 in the jsp file: /index.jsp
Syntax error, insert "Finally" to complete TryStatement
55:                 <%
56:                     }
57: i++;
58:                     }
59:                 %>
60: 
61:             </tbody>


An error occurred at line: [160] in the generated java file: [C:\Users\Migueljr\Documents\NetBeansProjects\Apache Tomcat 8.0.15\work\Catalina\localhost\SGEM_with_base_de_dados_final\org\apache\jsp\index_jsp.java]
Syntax error on token "catch", Identifier expected

An error occurred at line: [162] in the generated java file: [C:\Users\Migueljr\Documents\NetBeansProjects\Apache Tomcat 8.0.15\work\Catalina\localhost\SGEM_with_base_de_dados_final\org\apache\jsp\index_jsp.java]
out cannot be resolved to a variable

An error occurred at line: [162] in the generated java file: [C:\Users\Migueljr\Documents\NetBeansProjects\Apache Tomcat 8.0.15\work\Catalina\localhost\SGEM_with_base_de_dados_final\org\apache\jsp\index_jsp.java]
_jspx_out cannot be resolved to a variable

An error occurred at line: [163] in the generated java file: [C:\Users\Migueljr\Documents\NetBeansProjects\Apache Tomcat 8.0.15\work\Catalina\localhost\SGEM_with_base_de_dados_final\org\apache\jsp\index_jsp.java]
out cannot be resolved to a variable

An error occurred at line: [163] in the generated java file: [C:\Users\Migueljr\Documents\NetBeansProjects\Apache Tomcat 8.0.15\work\Catalina\localhost\SGEM_with_base_de_dados_final\org\apache\jsp\index_jsp.java]
out cannot be resolved

An error occurred at line: [165] in the generated java file: [C:\Users\Migueljr\Documents\NetBeansProjects\Apache Tomcat 8.0.15\work\Catalina\localhost\SGEM_with_base_de_dados_final\org\apache\jsp\index_jsp.java]
response cannot be resolved

An error occurred at line: [166] in the generated java file: [C:\Users\Migueljr\Documents\NetBeansProjects\Apache Tomcat 8.0.15\work\Catalina\localhost\SGEM_with_base_de_dados_final\org\apache\jsp\index_jsp.java]
out cannot be resolved

An error occurred at line: [168] in the generated java file: [C:\Users\Migueljr\Documents\NetBeansProjects\Apache Tomcat 8.0.15\work\Catalina\localhost\SGEM_with_base_de_dados_final\org\apache\jsp\index_jsp.java]
out cannot be resolved

An error occurred at line: [171] in the generated java file: [C:\Users\Migueljr\Documents\NetBeansProjects\Apache Tomcat 8.0.15\work\Catalina\localhost\SGEM_with_base_de_dados_final\org\apache\jsp\index_jsp.java]
_jspx_page_context cannot be resolved to a variable

An error occurred at line: [171] in the generated java file: [C:\Users\Migueljr\Documents\NetBeansProjects\Apache Tomcat 8.0.15\work\Catalina\localhost\SGEM_with_base_de_dados_final\org\apache\jsp\index_jsp.java]
_jspx_page_context cannot be resolved

An error occurred at line: [174] in the generated java file: [C:\Users\Migueljr\Documents\NetBeansProjects\Apache Tomcat 8.0.15\work\Catalina\localhost\SGEM_with_base_de_dados_final\org\apache\jsp\index_jsp.java]
Syntax error on token "finally", { expected

An error occurred at line: [175] in the generated java file: [C:\Users\Migueljr\Documents\NetBeansProjects\Apache Tomcat 8.0.15\work\Catalina\localhost\SGEM_with_base_de_dados_final\org\apache\jsp\index_jsp.java]
_jspx_page_context cannot be resolved to a variable

Stacktrace:
	at org.apache.jasper.compiler.DefaultErrorHandler.javacError(DefaultErrorHandler.java:103)
	at org.apache.jasper.compiler.ErrorDispatcher.javacError(ErrorDispatcher.java:199)
	at org.apache.jasper.compiler.JDTCompiler.generateClass(JDTCompiler.java:450)
	at org.apache.jasper.compiler.Compiler.compile(Compiler.java:361)
	at org.apache.jasper.compiler.Compiler.compile(Compiler.java:336)
	at org.apache.jasper.compiler.Compiler.compile(Compiler.java:323)
	at org.apache.jasper.JspCompilationContext.compile(JspCompilationContext.java:564)
	at org.apache.jasper.servlet.JspServletWrapper.service(JspServletWrapper.java:357)
	at org.apache.jasper.servlet.JspServlet.serviceJspFile(JspServlet.java:396)
	at org.apache.jasper.servlet.JspServlet.service(JspServlet.java:340)
	at javax.servlet.http.HttpServlet.service(HttpServlet.java:725)
	at org.apache.catalina.core.ApplicationFilterChain.internalDoFilter(ApplicationFilterChain.java:291)
	at org.apache.catalina.core.ApplicationFilterChain.doFilter(ApplicationFilterChain.java:206)
	at org.apache.tomcat.websocket.server.WsFilter.doFilter(WsFilter.java:52)
	at org.apache.catalina.core.ApplicationFilterChain.internalDoFilter(ApplicationFilterChain.java:239)
	at org.apache.catalina.core.ApplicationFilterChain.doFilter(ApplicationFilterChain.java:206)
	at org.apache.catalina.core.StandardWrapperValve.invoke(StandardWrapperValve.java:219)
	at org.apache.catalina.core.StandardContextValve.invoke(StandardContextValve.java:106)
	at org.apache.catalina.authenticator.AuthenticatorBase.invoke(AuthenticatorBase.java:501)
	at org.apache.catalina.core.StandardHostValve.invoke(StandardHostValve.java:142)
	at org.apache.catalina.valves.ErrorReportValve.invoke(ErrorReportValve.java:79)
	at org.apache.catalina.valves.AbstractAccessLogValve.invoke(AbstractAccessLogValve.java:610)
	at org.apache.catalina.core.StandardEngineValve.invoke(StandardEngineValve.java:88)
	at org.apache.catalina.connector.CoyoteAdapter.service(CoyoteAdapter.java:537)
	at org.apache.coyote.http11.AbstractHttp11Processor.process(AbstractHttp11Processor.java:1085)
	at org.apache.coyote.AbstractProtocol$AbstractConnectionHandler.process(AbstractProtocol.java:658)
	at org.apache.coyote.http11.Http11NioProtocol$Http11ConnectionHandler.process(Http11NioProtocol.java:222)
	at org.apache.tomcat.util.net.NioEndpoint$SocketProcessor.doRun(NioEndpoint.java:1556)
	at org.apache.tomcat.util.net.NioEndpoint$SocketProcessor.run(NioEndpoint.java:1513)
	at java.util.concurrent.ThreadPoolExecutor.runWorker(ThreadPoolExecutor.java:1145)
	at java.util.concurrent.ThreadPoolExecutor$Worker.run(ThreadPoolExecutor.java:615)
	at org.apache.tomcat.util.threads.TaskThread$WrappingRunnable.run(TaskThread.java:61)
	at java.lang.Thread.run(Thread.java:745)

15-Nov-2016 01:17:43.460 SEVERE [http-nio-1025-exec-42] org.apache.catalina.core.StandardWrapperValve.invoke Servlet.service() for servlet [jsp] in context with path [/SGEM_with_base_de_dados_final] threw exception [Unable to compile class for JSP: 

An error occurred at line: 58 in the jsp file: /index.jsp
Syntax error, insert "Finally" to complete TryStatement
55:                 <%
56:                     }
57: i++;
58:                     }
59:                 %>
60: 
61:             </tbody>


An error occurred at line: [160] in the generated java file: [C:\Users\Migueljr\Documents\NetBeansProjects\Apache Tomcat 8.0.15\work\Catalina\localhost\SGEM_with_base_de_dados_final\org\apache\jsp\index_jsp.java]
Syntax error on token "catch", Identifier expected

An error occurred at line: [162] in the generated java file: [C:\Users\Migueljr\Documents\NetBeansProjects\Apache Tomcat 8.0.15\work\Catalina\localhost\SGEM_with_base_de_dados_final\org\apache\jsp\index_jsp.java]
out cannot be resolved to a variable

An error occurred at line: [162] in the generated java file: [C:\Users\Migueljr\Documents\NetBeansProjects\Apache Tomcat 8.0.15\work\Catalina\localhost\SGEM_with_base_de_dados_final\org\apache\jsp\index_jsp.java]
_jspx_out cannot be resolved to a variable

An error occurred at line: [163] in the generated java file: [C:\Users\Migueljr\Documents\NetBeansProjects\Apache Tomcat 8.0.15\work\Catalina\localhost\SGEM_with_base_de_dados_final\org\apache\jsp\index_jsp.java]
out cannot be resolved to a variable

An error occurred at line: [163] in the generated java file: [C:\Users\Migueljr\Documents\NetBeansProjects\Apache Tomcat 8.0.15\work\Catalina\localhost\SGEM_with_base_de_dados_final\org\apache\jsp\index_jsp.java]
out cannot be resolved

An error occurred at line: [165] in the generated java file: [C:\Users\Migueljr\Documents\NetBeansProjects\Apache Tomcat 8.0.15\work\Catalina\localhost\SGEM_with_base_de_dados_final\org\apache\jsp\index_jsp.java]
response cannot be resolved

An error occurred at line: [166] in the generated java file: [C:\Users\Migueljr\Documents\NetBeansProjects\Apache Tomcat 8.0.15\work\Catalina\localhost\SGEM_with_base_de_dados_final\org\apache\jsp\index_jsp.java]
out cannot be resolved

An error occurred at line: [168] in the generated java file: [C:\Users\Migueljr\Documents\NetBeansProjects\Apache Tomcat 8.0.15\work\Catalina\localhost\SGEM_with_base_de_dados_final\org\apache\jsp\index_jsp.java]
out cannot be resolved

An error occurred at line: [171] in the generated java file: [C:\Users\Migueljr\Documents\NetBeansProjects\Apache Tomcat 8.0.15\work\Catalina\localhost\SGEM_with_base_de_dados_final\org\apache\jsp\index_jsp.java]
_jspx_page_context cannot be resolved to a variable

An error occurred at line: [171] in the generated java file: [C:\Users\Migueljr\Documents\NetBeansProjects\Apache Tomcat 8.0.15\work\Catalina\localhost\SGEM_with_base_de_dados_final\org\apache\jsp\index_jsp.java]
_jspx_page_context cannot be resolved

An error occurred at line: [174] in the generated java file: [C:\Users\Migueljr\Documents\NetBeansProjects\Apache Tomcat 8.0.15\work\Catalina\localhost\SGEM_with_base_de_dados_final\org\apache\jsp\index_jsp.java]
Syntax error on token "finally", { expected

An error occurred at line: [175] in the generated java file: [C:\Users\Migueljr\Documents\NetBeansProjects\Apache Tomcat 8.0.15\work\Catalina\localhost\SGEM_with_base_de_dados_final\org\apache\jsp\index_jsp.java]
_jspx_page_context cannot be resolved to a variable

Stacktrace:] with root cause
 org.apache.jasper.JasperException: Unable to compile class for JSP: 

An error occurred at line: 58 in the jsp file: /index.jsp
Syntax error, insert "Finally" to complete TryStatement
55:                 <%
56:                     }
57: i++;
58:                     }
59:                 %>
60: 
61:             </tbody>


An error occurred at line: [160] in the generated java file: [C:\Users\Migueljr\Documents\NetBeansProjects\Apache Tomcat 8.0.15\work\Catalina\localhost\SGEM_with_base_de_dados_final\org\apache\jsp\index_jsp.java]
Syntax error on token "catch", Identifier expected

An error occurred at line: [162] in the generated java file: [C:\Users\Migueljr\Documents\NetBeansProjects\Apache Tomcat 8.0.15\work\Catalina\localhost\SGEM_with_base_de_dados_final\org\apache\jsp\index_jsp.java]
out cannot be resolved to a variable

An error occurred at line: [162] in the generated java file: [C:\Users\Migueljr\Documents\NetBeansProjects\Apache Tomcat 8.0.15\work\Catalina\localhost\SGEM_with_base_de_dados_final\org\apache\jsp\index_jsp.java]
_jspx_out cannot be resolved to a variable

An error occurred at line: [163] in the generated java file: [C:\Users\Migueljr\Documents\NetBeansProjects\Apache Tomcat 8.0.15\work\Catalina\localhost\SGEM_with_base_de_dados_final\org\apache\jsp\index_jsp.java]
out cannot be resolved to a variable

An error occurred at line: [163] in the generated java file: [C:\Users\Migueljr\Documents\NetBeansProjects\Apache Tomcat 8.0.15\work\Catalina\localhost\SGEM_with_base_de_dados_final\org\apache\jsp\index_jsp.java]
out cannot be resolved

An error occurred at line: [165] in the generated java file: [C:\Users\Migueljr\Documents\NetBeansProjects\Apache Tomcat 8.0.15\work\Catalina\localhost\SGEM_with_base_de_dados_final\org\apache\jsp\index_jsp.java]
response cannot be resolved

An error occurred at line: [166] in the generated java file: [C:\Users\Migueljr\Documents\NetBeansProjects\Apache Tomcat 8.0.15\work\Catalina\localhost\SGEM_with_base_de_dados_final\org\apache\jsp\index_jsp.java]
out cannot be resolved

An error occurred at line: [168] in the generated java file: [C:\Users\Migueljr\Documents\NetBeansProjects\Apache Tomcat 8.0.15\work\Catalina\localhost\SGEM_with_base_de_dados_final\org\apache\jsp\index_jsp.java]
out cannot be resolved

An error occurred at line: [171] in the generated java file: [C:\Users\Migueljr\Documents\NetBeansProjects\Apache Tomcat 8.0.15\work\Catalina\localhost\SGEM_with_base_de_dados_final\org\apache\jsp\index_jsp.java]
_jspx_page_context cannot be resolved to a variable

An error occurred at line: [171] in the generated java file: [C:\Users\Migueljr\Documents\NetBeansProjects\Apache Tomcat 8.0.15\work\Catalina\localhost\SGEM_with_base_de_dados_final\org\apache\jsp\index_jsp.java]
_jspx_page_context cannot be resolved

An error occurred at line: [174] in the generated java file: [C:\Users\Migueljr\Documents\NetBeansProjects\Apache Tomcat 8.0.15\work\Catalina\localhost\SGEM_with_base_de_dados_final\org\apache\jsp\index_jsp.java]
Syntax error on token "finally", { expected

An error occurred at line: [175] in the generated java file: [C:\Users\Migueljr\Documents\NetBeansProjects\Apache Tomcat 8.0.15\work\Catalina\localhost\SGEM_with_base_de_dados_final\org\apache\jsp\index_jsp.java]
_jspx_page_context cannot be resolved to a variable

Stacktrace:
	at org.apache.jasper.compiler.DefaultErrorHandler.javacError(DefaultErrorHandler.java:103)
	at org.apache.jasper.compiler.ErrorDispatcher.javacError(ErrorDispatcher.java:199)
	at org.apache.jasper.compiler.JDTCompiler.generateClass(JDTCompiler.java:450)
	at org.apache.jasper.compiler.Compiler.compile(Compiler.java:361)
	at org.apache.jasper.compiler.Compiler.compile(Compiler.java:336)
	at org.apache.jasper.compiler.Compiler.compile(Compiler.java:323)
	at org.apache.jasper.JspCompilationContext.compile(JspCompilationContext.java:564)
	at org.apache.jasper.servlet.JspServletWrapper.service(JspServletWrapper.java:357)
	at org.apache.jasper.servlet.JspServlet.serviceJspFile(JspServlet.java:396)
	at org.apache.jasper.servlet.JspServlet.service(JspServlet.java:340)
	at javax.servlet.http.HttpServlet.service(HttpServlet.java:725)
	at org.apache.catalina.core.ApplicationFilterChain.internalDoFilter(ApplicationFilterChain.java:291)
	at org.apache.catalina.core.ApplicationFilterChain.doFilter(ApplicationFilterChain.java:206)
	at org.apache.tomcat.websocket.server.WsFilter.doFilter(WsFilter.java:52)
	at org.apache.catalina.core.ApplicationFilterChain.internalDoFilter(ApplicationFilterChain.java:239)
	at org.apache.catalina.core.ApplicationFilterChain.doFilter(ApplicationFilterChain.java:206)
	at org.apache.catalina.core.StandardWrapperValve.invoke(StandardWrapperValve.java:219)
	at org.apache.catalina.core.StandardContextValve.invoke(StandardContextValve.java:106)
	at org.apache.catalina.authenticator.AuthenticatorBase.invoke(AuthenticatorBase.java:501)
	at org.apache.catalina.core.StandardHostValve.invoke(StandardHostValve.java:142)
	at org.apache.catalina.valves.ErrorReportValve.invoke(ErrorReportValve.java:79)
	at org.apache.catalina.valves.AbstractAccessLogValve.invoke(AbstractAccessLogValve.java:610)
	at org.apache.catalina.core.StandardEngineValve.invoke(StandardEngineValve.java:88)
	at org.apache.catalina.connector.CoyoteAdapter.service(CoyoteAdapter.java:537)
	at org.apache.coyote.http11.AbstractHttp11Processor.process(AbstractHttp11Processor.java:1085)
	at org.apache.coyote.AbstractProtocol$AbstractConnectionHandler.process(AbstractProtocol.java:658)
	at org.apache.coyote.http11.Http11NioProtocol$Http11ConnectionHandler.process(Http11NioProtocol.java:222)
	at org.apache.tomcat.util.net.NioEndpoint$SocketProcessor.doRun(NioEndpoint.java:1556)
	at org.apache.tomcat.util.net.NioEndpoint$SocketProcessor.run(NioEndpoint.java:1513)
	at java.util.concurrent.ThreadPoolExecutor.runWorker(ThreadPoolExecutor.java:1145)
	at java.util.concurrent.ThreadPoolExecutor$Worker.run(ThreadPoolExecutor.java:615)
	at org.apache.tomcat.util.threads.TaskThread$WrappingRunnable.run(TaskThread.java:61)
	at java.lang.Thread.run(Thread.java:745)

15-Nov-2016 01:22:26.302 SEVERE [http-nio-1025-exec-45] org.apache.catalina.core.StandardWrapperValve.invoke Servlet.service() for servlet [jsp] in context with path [/SGEM_with_base_de_dados_final] threw exception [Unable to compile class for JSP: 

An error occurred at line: 58 in the jsp file: /index.jsp
Syntax error, insert "Finally" to complete TryStatement
55:                 <%
56:                     }
57: i++;
58:                     }
59:                 %>
60: 
61:             </tbody>


An error occurred at line: [160] in the generated java file: [C:\Users\Migueljr\Documents\NetBeansProjects\Apache Tomcat 8.0.15\work\Catalina\localhost\SGEM_with_base_de_dados_final\org\apache\jsp\index_jsp.java]
Syntax error on token "catch", Identifier expected

An error occurred at line: [162] in the generated java file: [C:\Users\Migueljr\Documents\NetBeansProjects\Apache Tomcat 8.0.15\work\Catalina\localhost\SGEM_with_base_de_dados_final\org\apache\jsp\index_jsp.java]
out cannot be resolved to a variable

An error occurred at line: [162] in the generated java file: [C:\Users\Migueljr\Documents\NetBeansProjects\Apache Tomcat 8.0.15\work\Catalina\localhost\SGEM_with_base_de_dados_final\org\apache\jsp\index_jsp.java]
_jspx_out cannot be resolved to a variable

An error occurred at line: [163] in the generated java file: [C:\Users\Migueljr\Documents\NetBeansProjects\Apache Tomcat 8.0.15\work\Catalina\localhost\SGEM_with_base_de_dados_final\org\apache\jsp\index_jsp.java]
out cannot be resolved to a variable

An error occurred at line: [163] in the generated java file: [C:\Users\Migueljr\Documents\NetBeansProjects\Apache Tomcat 8.0.15\work\Catalina\localhost\SGEM_with_base_de_dados_final\org\apache\jsp\index_jsp.java]
out cannot be resolved

An error occurred at line: [165] in the generated java file: [C:\Users\Migueljr\Documents\NetBeansProjects\Apache Tomcat 8.0.15\work\Catalina\localhost\SGEM_with_base_de_dados_final\org\apache\jsp\index_jsp.java]
response cannot be resolved

An error occurred at line: [166] in the generated java file: [C:\Users\Migueljr\Documents\NetBeansProjects\Apache Tomcat 8.0.15\work\Catalina\localhost\SGEM_with_base_de_dados_final\org\apache\jsp\index_jsp.java]
out cannot be resolved

An error occurred at line: [168] in the generated java file: [C:\Users\Migueljr\Documents\NetBeansProjects\Apache Tomcat 8.0.15\work\Catalina\localhost\SGEM_with_base_de_dados_final\org\apache\jsp\index_jsp.java]
out cannot be resolved

An error occurred at line: [171] in the generated java file: [C:\Users\Migueljr\Documents\NetBeansProjects\Apache Tomcat 8.0.15\work\Catalina\localhost\SGEM_with_base_de_dados_final\org\apache\jsp\index_jsp.java]
_jspx_page_context cannot be resolved to a variable

An error occurred at line: [171] in the generated java file: [C:\Users\Migueljr\Documents\NetBeansProjects\Apache Tomcat 8.0.15\work\Catalina\localhost\SGEM_with_base_de_dados_final\org\apache\jsp\index_jsp.java]
_jspx_page_context cannot be resolved

An error occurred at line: [174] in the generated java file: [C:\Users\Migueljr\Documents\NetBeansProjects\Apache Tomcat 8.0.15\work\Catalina\localhost\SGEM_with_base_de_dados_final\org\apache\jsp\index_jsp.java]
Syntax error on token "finally", { expected

An error occurred at line: [175] in the generated java file: [C:\Users\Migueljr\Documents\NetBeansProjects\Apache Tomcat 8.0.15\work\Catalina\localhost\SGEM_with_base_de_dados_final\org\apache\jsp\index_jsp.java]
_jspx_page_context cannot be resolved to a variable

Stacktrace:] with root cause
 org.apache.jasper.JasperException: Unable to compile class for JSP: 

An error occurred at line: 58 in the jsp file: /index.jsp
Syntax error, insert "Finally" to complete TryStatement
55:                 <%
56:                     }
57: i++;
58:                     }
59:                 %>
60: 
61:             </tbody>


An error occurred at line: [160] in the generated java file: [C:\Users\Migueljr\Documents\NetBeansProjects\Apache Tomcat 8.0.15\work\Catalina\localhost\SGEM_with_base_de_dados_final\org\apache\jsp\index_jsp.java]
Syntax error on token "catch", Identifier expected

An error occurred at line: [162] in the generated java file: [C:\Users\Migueljr\Documents\NetBeansProjects\Apache Tomcat 8.0.15\work\Catalina\localhost\SGEM_with_base_de_dados_final\org\apache\jsp\index_jsp.java]
out cannot be resolved to a variable

An error occurred at line: [162] in the generated java file: [C:\Users\Migueljr\Documents\NetBeansProjects\Apache Tomcat 8.0.15\work\Catalina\localhost\SGEM_with_base_de_dados_final\org\apache\jsp\index_jsp.java]
_jspx_out cannot be resolved to a variable

An error occurred at line: [163] in the generated java file: [C:\Users\Migueljr\Documents\NetBeansProjects\Apache Tomcat 8.0.15\work\Catalina\localhost\SGEM_with_base_de_dados_final\org\apache\jsp\index_jsp.java]
out cannot be resolved to a variable

An error occurred at line: [163] in the generated java file: [C:\Users\Migueljr\Documents\NetBeansProjects\Apache Tomcat 8.0.15\work\Catalina\localhost\SGEM_with_base_de_dados_final\org\apache\jsp\index_jsp.java]
out cannot be resolved

An error occurred at line: [165] in the generated java file: [C:\Users\Migueljr\Documents\NetBeansProjects\Apache Tomcat 8.0.15\work\Catalina\localhost\SGEM_with_base_de_dados_final\org\apache\jsp\index_jsp.java]
response cannot be resolved

An error occurred at line: [166] in the generated java file: [C:\Users\Migueljr\Documents\NetBeansProjects\Apache Tomcat 8.0.15\work\Catalina\localhost\SGEM_with_base_de_dados_final\org\apache\jsp\index_jsp.java]
out cannot be resolved

An error occurred at line: [168] in the generated java file: [C:\Users\Migueljr\Documents\NetBeansProjects\Apache Tomcat 8.0.15\work\Catalina\localhost\SGEM_with_base_de_dados_final\org\apache\jsp\index_jsp.java]
out cannot be resolved

An error occurred at line: [171] in the generated java file: [C:\Users\Migueljr\Documents\NetBeansProjects\Apache Tomcat 8.0.15\work\Catalina\localhost\SGEM_with_base_de_dados_final\org\apache\jsp\index_jsp.java]
_jspx_page_context cannot be resolved to a variable

An error occurred at line: [171] in the generated java file: [C:\Users\Migueljr\Documents\NetBeansProjects\Apache Tomcat 8.0.15\work\Catalina\localhost\SGEM_with_base_de_dados_final\org\apache\jsp\index_jsp.java]
_jspx_page_context cannot be resolved

An error occurred at line: [174] in the generated java file: [C:\Users\Migueljr\Documents\NetBeansProjects\Apache Tomcat 8.0.15\work\Catalina\localhost\SGEM_with_base_de_dados_final\org\apache\jsp\index_jsp.java]
Syntax error on token "finally", { expected

An error occurred at line: [175] in the generated java file: [C:\Users\Migueljr\Documents\NetBeansProjects\Apache Tomcat 8.0.15\work\Catalina\localhost\SGEM_with_base_de_dados_final\org\apache\jsp\index_jsp.java]
_jspx_page_context cannot be resolved to a variable

Stacktrace:
	at org.apache.jasper.compiler.DefaultErrorHandler.javacError(DefaultErrorHandler.java:103)
	at org.apache.jasper.compiler.ErrorDispatcher.javacError(ErrorDispatcher.java:199)
	at org.apache.jasper.compiler.JDTCompiler.generateClass(JDTCompiler.java:450)
	at org.apache.jasper.compiler.Compiler.compile(Compiler.java:361)
	at org.apache.jasper.compiler.Compiler.compile(Compiler.java:336)
	at org.apache.jasper.compiler.Compiler.compile(Compiler.java:323)
	at org.apache.jasper.JspCompilationContext.compile(JspCompilationContext.java:564)
	at org.apache.jasper.servlet.JspServletWrapper.service(JspServletWrapper.java:357)
	at org.apache.jasper.servlet.JspServlet.serviceJspFile(JspServlet.java:396)
	at org.apache.jasper.servlet.JspServlet.service(JspServlet.java:340)
	at javax.servlet.http.HttpServlet.service(HttpServlet.java:725)
	at org.apache.catalina.core.ApplicationFilterChain.internalDoFilter(ApplicationFilterChain.java:291)
	at org.apache.catalina.core.ApplicationFilterChain.doFilter(ApplicationFilterChain.java:206)
	at org.apache.tomcat.websocket.server.WsFilter.doFilter(WsFilter.java:52)
	at org.apache.catalina.core.ApplicationFilterChain.internalDoFilter(ApplicationFilterChain.java:239)
	at org.apache.catalina.core.ApplicationFilterChain.doFilter(ApplicationFilterChain.java:206)
	at org.apache.catalina.core.StandardWrapperValve.invoke(StandardWrapperValve.java:219)
	at org.apache.catalina.core.StandardContextValve.invoke(StandardContextValve.java:106)
	at org.apache.catalina.authenticator.AuthenticatorBase.invoke(AuthenticatorBase.java:501)
	at org.apache.catalina.core.StandardHostValve.invoke(StandardHostValve.java:142)
	at org.apache.catalina.valves.ErrorReportValve.invoke(ErrorReportValve.java:79)
	at org.apache.catalina.valves.AbstractAccessLogValve.invoke(AbstractAccessLogValve.java:610)
	at org.apache.catalina.core.StandardEngineValve.invoke(StandardEngineValve.java:88)
	at org.apache.catalina.connector.CoyoteAdapter.service(CoyoteAdapter.java:537)
	at org.apache.coyote.http11.AbstractHttp11Processor.process(AbstractHttp11Processor.java:1085)
	at org.apache.coyote.AbstractProtocol$AbstractConnectionHandler.process(AbstractProtocol.java:658)
	at org.apache.coyote.http11.Http11NioProtocol$Http11ConnectionHandler.process(Http11NioProtocol.java:222)
	at org.apache.tomcat.util.net.NioEndpoint$SocketProcessor.doRun(NioEndpoint.java:1556)
	at org.apache.tomcat.util.net.NioEndpoint$SocketProcessor.run(NioEndpoint.java:1513)
	at java.util.concurrent.ThreadPoolExecutor.runWorker(ThreadPoolExecutor.java:1145)
	at java.util.concurrent.ThreadPoolExecutor$Worker.run(ThreadPoolExecutor.java:615)
	at org.apache.tomcat.util.threads.TaskThread$WrappingRunnable.run(TaskThread.java:61)
	at java.lang.Thread.run(Thread.java:745)

15-Nov-2016 01:39:16.075 SEVERE [http-nio-1025-exec-51] org.apache.tomcat.util.descriptor.web.SecurityConstraint.findUncoveredHttpMethods For security constraints with URL pattern [] only the HTTP methods [POST GET] are covered. All other methods are uncovered.
15-Nov-2016 03:42:31.928 SEVERE [localhost-startStop-1] org.apache.catalina.core.StandardContext.listenerStart Error configuring application listener of class controle.EntytManegerContext
 java.lang.ClassNotFoundException: controle.EntytManegerContext
	at org.apache.catalina.loader.WebappClassLoaderBase.loadClass(WebappClassLoaderBase.java:1295)
	at org.apache.catalina.loader.WebappClassLoaderBase.loadClass(WebappClassLoaderBase.java:1147)
	at org.apache.catalina.core.DefaultInstanceManager.loadClass(DefaultInstanceManager.java:520)
	at org.apache.catalina.core.DefaultInstanceManager.loadClassMaybePrivileged(DefaultInstanceManager.java:501)
	at org.apache.catalina.core.DefaultInstanceManager.newInstance(DefaultInstanceManager.java:120)
	at org.apache.catalina.core.StandardContext.listenerStart(StandardContext.java:4693)
	at org.apache.catalina.core.StandardContext.startInternal(StandardContext.java:5196)
	at org.apache.catalina.util.LifecycleBase.start(LifecycleBase.java:150)
	at org.apache.catalina.core.ContainerBase.addChildInternal(ContainerBase.java:725)
	at org.apache.catalina.core.ContainerBase.addChild(ContainerBase.java:701)
	at org.apache.catalina.core.StandardHost.addChild(StandardHost.java:714)
	at org.apache.catalina.startup.HostConfig.deployDescriptor(HostConfig.java:581)
	at org.apache.catalina.startup.HostConfig$DeployDescriptor.run(HostConfig.java:1683)
	at java.util.concurrent.Executors$RunnableAdapter.call(Executors.java:471)
	at java.util.concurrent.FutureTask.run(FutureTask.java:262)
	at java.util.concurrent.ThreadPoolExecutor.runWorker(ThreadPoolExecutor.java:1145)
	at java.util.concurrent.ThreadPoolExecutor$Worker.run(ThreadPoolExecutor.java:615)
	at java.lang.Thread.run(Thread.java:745)

15-Nov-2016 03:42:31.928 SEVERE [localhost-startStop-1] org.apache.catalina.core.StandardContext.listenerStart Skipped installing application listeners due to previous error(s)
15-Nov-2016 03:42:50.711 SEVERE [localhost-startStop-1] org.apache.tomcat.util.descriptor.web.SecurityConstraint.findUncoveredHttpMethods For security constraints with URL pattern [] only the HTTP methods [POST GET] are covered. All other methods are uncovered.
15-Nov-2016 03:43:03.180 INFO [localhost-startStop-1] org.apache.catalina.core.ApplicationContext.log ContextListener: contextInitialized()
15-Nov-2016 03:43:03.180 INFO [localhost-startStop-1] org.apache.catalina.core.ApplicationContext.log SessionListener: contextInitialized()
15-Nov-2016 03:43:11.656 SEVERE [http-nio-1025-exec-2] org.apache.tomcat.util.descriptor.web.SecurityConstraint.findUncoveredHttpMethods For security constraints with URL pattern [] only the HTTP methods [POST GET] are covered. All other methods are uncovered.
15-Nov-2016 03:46:20.888 SEVERE [http-nio-1025-exec-1] org.apache.tomcat.util.descriptor.web.SecurityConstraint.findUncoveredHttpMethods For security constraints with URL pattern [] only the HTTP methods [POST GET] are covered. All other methods are uncovered.
15-Nov-2016 03:46:26.509 SEVERE [http-nio-1025-exec-21] org.apache.tomcat.util.descriptor.web.SecurityConstraint.findUncoveredHttpMethods For security constraints with URL pattern [] only the HTTP methods [POST GET] are covered. All other methods are uncovered.
15-Nov-2016 03:50:34.397 SEVERE [localhost-startStop-1] org.apache.catalina.core.StandardContext.listenerStart Error configuring application listener of class controle.EntytManegerContext
 java.lang.ClassNotFoundException: controle.EntytManegerContext
	at org.apache.catalina.loader.WebappClassLoaderBase.loadClass(WebappClassLoaderBase.java:1295)
	at org.apache.catalina.loader.WebappClassLoaderBase.loadClass(WebappClassLoaderBase.java:1147)
	at org.apache.catalina.core.DefaultInstanceManager.loadClass(DefaultInstanceManager.java:520)
	at org.apache.catalina.core.DefaultInstanceManager.loadClassMaybePrivileged(DefaultInstanceManager.java:501)
	at org.apache.catalina.core.DefaultInstanceManager.newInstance(DefaultInstanceManager.java:120)
	at org.apache.catalina.core.StandardContext.listenerStart(StandardContext.java:4693)
	at org.apache.catalina.core.StandardContext.startInternal(StandardContext.java:5196)
	at org.apache.catalina.util.LifecycleBase.start(LifecycleBase.java:150)
	at org.apache.catalina.core.ContainerBase.addChildInternal(ContainerBase.java:725)
	at org.apache.catalina.core.ContainerBase.addChild(ContainerBase.java:701)
	at org.apache.catalina.core.StandardHost.addChild(StandardHost.java:714)
	at org.apache.catalina.startup.HostConfig.deployDescriptor(HostConfig.java:581)
	at org.apache.catalina.startup.HostConfig$DeployDescriptor.run(HostConfig.java:1683)
	at java.util.concurrent.Executors$RunnableAdapter.call(Executors.java:471)
	at java.util.concurrent.FutureTask.run(FutureTask.java:262)
	at java.util.concurrent.ThreadPoolExecutor.runWorker(ThreadPoolExecutor.java:1145)
	at java.util.concurrent.ThreadPoolExecutor$Worker.run(ThreadPoolExecutor.java:615)
	at java.lang.Thread.run(Thread.java:745)

15-Nov-2016 03:50:34.397 SEVERE [localhost-startStop-1] org.apache.catalina.core.StandardContext.listenerStart Skipped installing application listeners due to previous error(s)
15-Nov-2016 03:50:51.667 SEVERE [localhost-startStop-1] org.apache.tomcat.util.descriptor.web.SecurityConstraint.findUncoveredHttpMethods For security constraints with URL pattern [] only the HTTP methods [POST GET] are covered. All other methods are uncovered.
15-Nov-2016 03:51:08.413 INFO [localhost-startStop-1] org.apache.catalina.core.ApplicationContext.log ContextListener: contextInitialized()
15-Nov-2016 03:51:08.428 INFO [localhost-startStop-1] org.apache.catalina.core.ApplicationContext.log SessionListener: contextInitialized()
15-Nov-2016 03:51:40.192 SEVERE [http-nio-1026-exec-12] org.apache.tomcat.util.descriptor.web.SecurityConstraint.findUncoveredHttpMethods For security constraints with URL pattern [] only the HTTP methods [POST GET] are covered. All other methods are uncovered.
15-Nov-2016 04:16:40.534 SEVERE [http-nio-1026-exec-37] org.apache.tomcat.util.descriptor.web.SecurityConstraint.findUncoveredHttpMethods For security constraints with URL pattern [] only the HTTP methods [POST GET] are covered. All other methods are uncovered.
15-Nov-2016 04:17:08.842 SEVERE [http-nio-1026-exec-32] org.apache.tomcat.util.descriptor.web.SecurityConstraint.findUncoveredHttpMethods For security constraints with URL pattern [] only the HTTP methods [POST GET] are covered. All other methods are uncovered.
15-Nov-2016 04:24:40.061 INFO [localhost-startStop-2] org.apache.catalina.core.ApplicationContext.log SessionListener: contextDestroyed()
15-Nov-2016 04:24:40.061 INFO [localhost-startStop-2] org.apache.catalina.core.ApplicationContext.log ContextListener: contextDestroyed()
15-Nov-2016 04:25:12.359 SEVERE [localhost-startStop-1] org.apache.catalina.core.StandardContext.listenerStart Error configuring application listener of class controle.EntytManegerContext
 java.lang.ClassNotFoundException: controle.EntytManegerContext
	at org.apache.catalina.loader.WebappClassLoaderBase.loadClass(WebappClassLoaderBase.java:1295)
	at org.apache.catalina.loader.WebappClassLoaderBase.loadClass(WebappClassLoaderBase.java:1147)
	at org.apache.catalina.core.DefaultInstanceManager.loadClass(DefaultInstanceManager.java:520)
	at org.apache.catalina.core.DefaultInstanceManager.loadClassMaybePrivileged(DefaultInstanceManager.java:501)
	at org.apache.catalina.core.DefaultInstanceManager.newInstance(DefaultInstanceManager.java:120)
	at org.apache.catalina.core.StandardContext.listenerStart(StandardContext.java:4693)
	at org.apache.catalina.core.StandardContext.startInternal(StandardContext.java:5196)
	at org.apache.catalina.util.LifecycleBase.start(LifecycleBase.java:150)
	at org.apache.catalina.core.ContainerBase.addChildInternal(ContainerBase.java:725)
	at org.apache.catalina.core.ContainerBase.addChild(ContainerBase.java:701)
	at org.apache.catalina.core.StandardHost.addChild(StandardHost.java:714)
	at org.apache.catalina.startup.HostConfig.deployDescriptor(HostConfig.java:581)
	at org.apache.catalina.startup.HostConfig$DeployDescriptor.run(HostConfig.java:1683)
	at java.util.concurrent.Executors$RunnableAdapter.call(Executors.java:471)
	at java.util.concurrent.FutureTask.run(FutureTask.java:262)
	at java.util.concurrent.ThreadPoolExecutor.runWorker(ThreadPoolExecutor.java:1145)
	at java.util.concurrent.ThreadPoolExecutor$Worker.run(ThreadPoolExecutor.java:615)
	at java.lang.Thread.run(Thread.java:745)

15-Nov-2016 04:25:12.359 SEVERE [localhost-startStop-1] org.apache.catalina.core.StandardContext.listenerStart Skipped installing application listeners due to previous error(s)
15-Nov-2016 04:25:28.603 SEVERE [localhost-startStop-1] org.apache.tomcat.util.descriptor.web.SecurityConstraint.findUncoveredHttpMethods For security constraints with URL pattern [] only the HTTP methods [POST GET] are covered. All other methods are uncovered.
15-Nov-2016 04:25:43.578 INFO [localhost-startStop-1] org.apache.catalina.core.ApplicationContext.log ContextListener: contextInitialized()
15-Nov-2016 04:25:43.578 INFO [localhost-startStop-1] org.apache.catalina.core.ApplicationContext.log SessionListener: contextInitialized()
15-Nov-2016 04:26:34.678 SEVERE [http-nio-1026-exec-1] org.apache.tomcat.util.descriptor.web.SecurityConstraint.findUncoveredHttpMethods For security constraints with URL pattern [] only the HTTP methods [POST GET] are covered. All other methods are uncovered.
15-Nov-2016 04:30:40.507 SEVERE [http-nio-1026-exec-30] org.apache.catalina.core.StandardWrapperValve.invoke Servlet.service() for servlet [jsp] in context with path [/SGEM_with_base_de_dados_final] threw exception [Unable to compile class for JSP: 

An error occurred at line: 58 in the jsp file: /index.jsp
Syntax error, insert "Finally" to complete TryStatement
55:                 <%
56:                     }
57: i++;
58:                     }
59:                 %>
60:                 
61:                


An error occurred at line: [162] in the generated java file: [C:\Users\Migueljr\Documents\NetBeansProjects\Apache Tomcat 8.0.15\work\Catalina\localhost\SGEM_with_base_de_dados_final\org\apache\jsp\index_jsp.java]
Syntax error on token "catch", Identifier expected

An error occurred at line: [164] in the generated java file: [C:\Users\Migueljr\Documents\NetBeansProjects\Apache Tomcat 8.0.15\work\Catalina\localhost\SGEM_with_base_de_dados_final\org\apache\jsp\index_jsp.java]
out cannot be resolved to a variable

An error occurred at line: [164] in the generated java file: [C:\Users\Migueljr\Documents\NetBeansProjects\Apache Tomcat 8.0.15\work\Catalina\localhost\SGEM_with_base_de_dados_final\org\apache\jsp\index_jsp.java]
_jspx_out cannot be resolved to a variable

An error occurred at line: [165] in the generated java file: [C:\Users\Migueljr\Documents\NetBeansProjects\Apache Tomcat 8.0.15\work\Catalina\localhost\SGEM_with_base_de_dados_final\org\apache\jsp\index_jsp.java]
out cannot be resolved to a variable

An error occurred at line: [165] in the generated java file: [C:\Users\Migueljr\Documents\NetBeansProjects\Apache Tomcat 8.0.15\work\Catalina\localhost\SGEM_with_base_de_dados_final\org\apache\jsp\index_jsp.java]
out cannot be resolved

An error occurred at line: [167] in the generated java file: [C:\Users\Migueljr\Documents\NetBeansProjects\Apache Tomcat 8.0.15\work\Catalina\localhost\SGEM_with_base_de_dados_final\org\apache\jsp\index_jsp.java]
response cannot be resolved

An error occurred at line: [168] in the generated java file: [C:\Users\Migueljr\Documents\NetBeansProjects\Apache Tomcat 8.0.15\work\Catalina\localhost\SGEM_with_base_de_dados_final\org\apache\jsp\index_jsp.java]
out cannot be resolved

An error occurred at line: [170] in the generated java file: [C:\Users\Migueljr\Documents\NetBeansProjects\Apache Tomcat 8.0.15\work\Catalina\localhost\SGEM_with_base_de_dados_final\org\apache\jsp\index_jsp.java]
out cannot be resolved

An error occurred at line: [173] in the generated java file: [C:\Users\Migueljr\Documents\NetBeansProjects\Apache Tomcat 8.0.15\work\Catalina\localhost\SGEM_with_base_de_dados_final\org\apache\jsp\index_jsp.java]
_jspx_page_context cannot be resolved to a variable

An error occurred at line: [173] in the generated java file: [C:\Users\Migueljr\Documents\NetBeansProjects\Apache Tomcat 8.0.15\work\Catalina\localhost\SGEM_with_base_de_dados_final\org\apache\jsp\index_jsp.java]
The method handlePageException(Throwable) is undefined for the type _jspx_page_context

An error occurred at line: [176] in the generated java file: [C:\Users\Migueljr\Documents\NetBeansProjects\Apache Tomcat 8.0.15\work\Catalina\localhost\SGEM_with_base_de_dados_final\org\apache\jsp\index_jsp.java]
Syntax error on token "finally", { expected

An error occurred at line: [177] in the generated java file: [C:\Users\Migueljr\Documents\NetBeansProjects\Apache Tomcat 8.0.15\work\Catalina\localhost\SGEM_with_base_de_dados_final\org\apache\jsp\index_jsp.java]
_jspx_page_context cannot be resolved to a variable

Stacktrace:] with root cause
 org.apache.jasper.JasperException: Unable to compile class for JSP: 

An error occurred at line: 58 in the jsp file: /index.jsp
Syntax error, insert "Finally" to complete TryStatement
55:                 <%
56:                     }
57: i++;
58:                     }
59:                 %>
60:                 
61:                


An error occurred at line: [162] in the generated java file: [C:\Users\Migueljr\Documents\NetBeansProjects\Apache Tomcat 8.0.15\work\Catalina\localhost\SGEM_with_base_de_dados_final\org\apache\jsp\index_jsp.java]
Syntax error on token "catch", Identifier expected

An error occurred at line: [164] in the generated java file: [C:\Users\Migueljr\Documents\NetBeansProjects\Apache Tomcat 8.0.15\work\Catalina\localhost\SGEM_with_base_de_dados_final\org\apache\jsp\index_jsp.java]
out cannot be resolved to a variable

An error occurred at line: [164] in the generated java file: [C:\Users\Migueljr\Documents\NetBeansProjects\Apache Tomcat 8.0.15\work\Catalina\localhost\SGEM_with_base_de_dados_final\org\apache\jsp\index_jsp.java]
_jspx_out cannot be resolved to a variable

An error occurred at line: [165] in the generated java file: [C:\Users\Migueljr\Documents\NetBeansProjects\Apache Tomcat 8.0.15\work\Catalina\localhost\SGEM_with_base_de_dados_final\org\apache\jsp\index_jsp.java]
out cannot be resolved to a variable

An error occurred at line: [165] in the generated java file: [C:\Users\Migueljr\Documents\NetBeansProjects\Apache Tomcat 8.0.15\work\Catalina\localhost\SGEM_with_base_de_dados_final\org\apache\jsp\index_jsp.java]
out cannot be resolved

An error occurred at line: [167] in the generated java file: [C:\Users\Migueljr\Documents\NetBeansProjects\Apache Tomcat 8.0.15\work\Catalina\localhost\SGEM_with_base_de_dados_final\org\apache\jsp\index_jsp.java]
response cannot be resolved

An error occurred at line: [168] in the generated java file: [C:\Users\Migueljr\Documents\NetBeansProjects\Apache Tomcat 8.0.15\work\Catalina\localhost\SGEM_with_base_de_dados_final\org\apache\jsp\index_jsp.java]
out cannot be resolved

An error occurred at line: [170] in the generated java file: [C:\Users\Migueljr\Documents\NetBeansProjects\Apache Tomcat 8.0.15\work\Catalina\localhost\SGEM_with_base_de_dados_final\org\apache\jsp\index_jsp.java]
out cannot be resolved

An error occurred at line: [173] in the generated java file: [C:\Users\Migueljr\Documents\NetBeansProjects\Apache Tomcat 8.0.15\work\Catalina\localhost\SGEM_with_base_de_dados_final\org\apache\jsp\index_jsp.java]
_jspx_page_context cannot be resolved to a variable

An error occurred at line: [173] in the generated java file: [C:\Users\Migueljr\Documents\NetBeansProjects\Apache Tomcat 8.0.15\work\Catalina\localhost\SGEM_with_base_de_dados_final\org\apache\jsp\index_jsp.java]
The method handlePageException(Throwable) is undefined for the type _jspx_page_context

An error occurred at line: [176] in the generated java file: [C:\Users\Migueljr\Documents\NetBeansProjects\Apache Tomcat 8.0.15\work\Catalina\localhost\SGEM_with_base_de_dados_final\org\apache\jsp\index_jsp.java]
Syntax error on token "finally", { expected

An error occurred at line: [177] in the generated java file: [C:\Users\Migueljr\Documents\NetBeansProjects\Apache Tomcat 8.0.15\work\Catalina\localhost\SGEM_with_base_de_dados_final\org\apache\jsp\index_jsp.java]
_jspx_page_context cannot be resolved to a variable

Stacktrace:
	at org.apache.jasper.compiler.DefaultErrorHandler.javacError(DefaultErrorHandler.java:103)
	at org.apache.jasper.compiler.ErrorDispatcher.javacError(ErrorDispatcher.java:199)
	at org.apache.jasper.compiler.JDTCompiler.generateClass(JDTCompiler.java:450)
	at org.apache.jasper.compiler.Compiler.compile(Compiler.java:361)
	at org.apache.jasper.compiler.Compiler.compile(Compiler.java:336)
	at org.apache.jasper.compiler.Compiler.compile(Compiler.java:323)
	at org.apache.jasper.JspCompilationContext.compile(JspCompilationContext.java:564)
	at org.apache.jasper.servlet.JspServletWrapper.service(JspServletWrapper.java:357)
	at org.apache.jasper.servlet.JspServlet.serviceJspFile(JspServlet.java:396)
	at org.apache.jasper.servlet.JspServlet.service(JspServlet.java:340)
	at javax.servlet.http.HttpServlet.service(HttpServlet.java:725)
	at org.apache.catalina.core.ApplicationFilterChain.internalDoFilter(ApplicationFilterChain.java:291)
	at org.apache.catalina.core.ApplicationFilterChain.doFilter(ApplicationFilterChain.java:206)
	at org.apache.tomcat.websocket.server.WsFilter.doFilter(WsFilter.java:52)
	at org.apache.catalina.core.ApplicationFilterChain.internalDoFilter(ApplicationFilterChain.java:239)
	at org.apache.catalina.core.ApplicationFilterChain.doFilter(ApplicationFilterChain.java:206)
	at org.apache.catalina.core.StandardWrapperValve.invoke(StandardWrapperValve.java:219)
	at org.apache.catalina.core.StandardContextValve.invoke(StandardContextValve.java:106)
	at org.apache.catalina.authenticator.AuthenticatorBase.invoke(AuthenticatorBase.java:501)
	at org.apache.catalina.core.StandardHostValve.invoke(StandardHostValve.java:142)
	at org.apache.catalina.valves.ErrorReportValve.invoke(ErrorReportValve.java:79)
	at org.apache.catalina.valves.AbstractAccessLogValve.invoke(AbstractAccessLogValve.java:610)
	at org.apache.catalina.core.StandardEngineValve.invoke(StandardEngineValve.java:88)
	at org.apache.catalina.connector.CoyoteAdapter.service(CoyoteAdapter.java:537)
	at org.apache.coyote.http11.AbstractHttp11Processor.process(AbstractHttp11Processor.java:1085)
	at org.apache.coyote.AbstractProtocol$AbstractConnectionHandler.process(AbstractProtocol.java:658)
	at org.apache.coyote.http11.Http11NioProtocol$Http11ConnectionHandler.process(Http11NioProtocol.java:222)
	at org.apache.tomcat.util.net.NioEndpoint$SocketProcessor.doRun(NioEndpoint.java:1556)
	at org.apache.tomcat.util.net.NioEndpoint$SocketProcessor.run(NioEndpoint.java:1513)
	at java.util.concurrent.ThreadPoolExecutor.runWorker(ThreadPoolExecutor.java:1145)
	at java.util.concurrent.ThreadPoolExecutor$Worker.run(ThreadPoolExecutor.java:615)
	at org.apache.tomcat.util.threads.TaskThread$WrappingRunnable.run(TaskThread.java:61)
	at java.lang.Thread.run(Thread.java:745)

15-Nov-2016 23:44:03.555 SEVERE [http-nio-1026-exec-29] org.apache.tomcat.util.descriptor.web.SecurityConstraint.findUncoveredHttpMethods For security constraints with URL pattern [] only the HTTP methods [POST GET] are covered. All other methods are uncovered.
15-Nov-2016 23:44:16.087 SEVERE [http-nio-1026-exec-30] org.apache.tomcat.util.descriptor.web.SecurityConstraint.findUncoveredHttpMethods For security constraints with URL pattern [] only the HTTP methods [POST GET] are covered. All other methods are uncovered.
15-Nov-2016 23:52:46.282 SEVERE [localhost-startStop-1] org.apache.catalina.core.StandardContext.listenerStart Error configuring application listener of class controle.EntytManegerContext
 java.lang.ClassNotFoundException: controle.EntytManegerContext
	at org.apache.catalina.loader.WebappClassLoaderBase.loadClass(WebappClassLoaderBase.java:1295)
	at org.apache.catalina.loader.WebappClassLoaderBase.loadClass(WebappClassLoaderBase.java:1147)
	at org.apache.catalina.core.DefaultInstanceManager.loadClass(DefaultInstanceManager.java:520)
	at org.apache.catalina.core.DefaultInstanceManager.loadClassMaybePrivileged(DefaultInstanceManager.java:501)
	at org.apache.catalina.core.DefaultInstanceManager.newInstance(DefaultInstanceManager.java:120)
	at org.apache.catalina.core.StandardContext.listenerStart(StandardContext.java:4693)
	at org.apache.catalina.core.StandardContext.startInternal(StandardContext.java:5196)
	at org.apache.catalina.util.LifecycleBase.start(LifecycleBase.java:150)
	at org.apache.catalina.core.ContainerBase.addChildInternal(ContainerBase.java:725)
	at org.apache.catalina.core.ContainerBase.addChild(ContainerBase.java:701)
	at org.apache.catalina.core.StandardHost.addChild(StandardHost.java:714)
	at org.apache.catalina.startup.HostConfig.deployDescriptor(HostConfig.java:581)
	at org.apache.catalina.startup.HostConfig$DeployDescriptor.run(HostConfig.java:1683)
	at java.util.concurrent.Executors$RunnableAdapter.call(Executors.java:471)
	at java.util.concurrent.FutureTask.run(FutureTask.java:262)
	at java.util.concurrent.ThreadPoolExecutor.runWorker(ThreadPoolExecutor.java:1145)
	at java.util.concurrent.ThreadPoolExecutor$Worker.run(ThreadPoolExecutor.java:615)
	at java.lang.Thread.run(Thread.java:745)

15-Nov-2016 23:52:46.282 SEVERE [localhost-startStop-1] org.apache.catalina.core.StandardContext.listenerStart Skipped installing application listeners due to previous error(s)
15-Nov-2016 23:53:03.845 SEVERE [localhost-startStop-1] org.apache.tomcat.util.descriptor.web.SecurityConstraint.findUncoveredHttpMethods For security constraints with URL pattern [] only the HTTP methods [POST GET] are covered. All other methods are uncovered.
15-Nov-2016 23:53:22.769 INFO [localhost-startStop-1] org.apache.catalina.core.ApplicationContext.log ContextListener: contextInitialized()
15-Nov-2016 23:53:22.769 INFO [localhost-startStop-1] org.apache.catalina.core.ApplicationContext.log SessionListener: contextInitialized()
15-Nov-2016 23:53:40.052 SEVERE [http-nio-1026-exec-9] org.apache.tomcat.util.descriptor.web.SecurityConstraint.findUncoveredHttpMethods For security constraints with URL pattern [] only the HTTP methods [POST GET] are covered. All other methods are uncovered.
15-Nov-2016 23:54:10.694 SEVERE [http-nio-1026-exec-8] org.apache.tomcat.util.descriptor.web.SecurityConstraint.findUncoveredHttpMethods For security constraints with URL pattern [] only the HTTP methods [POST GET] are covered. All other methods are uncovered.
15-Nov-2016 23:59:56.934 INFO [localhost-startStop-2] org.apache.catalina.core.ApplicationContext.log SessionListener: contextDestroyed()
15-Nov-2016 23:59:56.934 INFO [localhost-startStop-2] org.apache.catalina.core.ApplicationContext.log ContextListener: contextDestroyed()
