27-Sep-2016 07:16:17.789 INFO [http-nio-8085-exec-3] org.apache.catalina.core.ApplicationContext.log Manager: init: Associated with Deployer 'Catalina:type=Deployer,host=localhost'
27-Sep-2016 07:16:17.789 INFO [http-nio-8085-exec-3] org.apache.catalina.core.ApplicationContext.log Manager: init: Global resources are available
27-Sep-2016 07:16:17.789 INFO [http-nio-8085-exec-3] org.apache.catalina.core.ApplicationContext.log Manager: list: Listing contexts for virtual host 'localhost'
27-Sep-2016 07:16:17.820 INFO [http-nio-8085-exec-1] org.apache.catalina.core.ApplicationContext.log Manager: list: Listing contexts for virtual host 'localhost'
27-Sep-2016 07:16:17.883 INFO [http-nio-8085-exec-2] org.apache.catalina.core.ApplicationContext.log Manager: install: Installing context configuration at 'file:/C:/Users/Migueljr/AppData/Local/Temp/context6489048777407282668.xml'
27-Sep-2016 07:17:05.418 INFO [http-nio-8085-exec-1] org.apache.catalina.core.ApplicationContext.log Manager: list: Listing contexts for virtual host 'localhost'
27-Sep-2016 07:17:05.434 INFO [http-nio-8085-exec-2] org.apache.catalina.core.ApplicationContext.log Manager: undeploy: Undeploying web application at '/SGEM'
27-Sep-2016 07:17:05.965 INFO [http-nio-8085-exec-4] org.apache.catalina.core.ApplicationContext.log Manager: install: Installing context configuration at 'file:/C:/Users/Migueljr/AppData/Local/Temp/context346494461852477328.xml'
27-Sep-2016 07:17:34.449 INFO [http-nio-8085-exec-2] org.apache.catalina.core.ApplicationContext.log Manager: list: Listing contexts for virtual host 'localhost'
27-Sep-2016 07:17:34.465 INFO [http-nio-8085-exec-4] org.apache.catalina.core.ApplicationContext.log Manager: undeploy: Undeploying web application at '/SGEM'
27-Sep-2016 07:17:34.996 INFO [http-nio-8085-exec-7] org.apache.catalina.core.ApplicationContext.log Manager: install: Installing context configuration at 'file:/C:/Users/Migueljr/AppData/Local/Temp/context195977626101177861.xml'
27-Sep-2016 07:18:56.123 INFO [http-nio-8085-exec-4] org.apache.catalina.core.ApplicationContext.log Manager: list: Listing contexts for virtual host 'localhost'
27-Sep-2016 07:18:56.139 INFO [http-nio-8085-exec-7] org.apache.catalina.core.ApplicationContext.log Manager: list: Listing contexts for virtual host 'localhost'
27-Sep-2016 07:18:56.155 INFO [http-nio-8085-exec-6] org.apache.catalina.core.ApplicationContext.log Manager: install: Installing context configuration at 'file:/C:/Users/Migueljr/AppData/Local/Temp/context8713134874451074629.xml'
27-Sep-2016 07:18:56.264 INFO [http-nio-8085-exec-5] org.apache.catalina.core.ApplicationContext.log Manager: start: Starting web application '/WebApplication3'
27-Sep-2016 07:19:11.808 INFO [http-nio-8085-exec-9] org.apache.catalina.core.ApplicationContext.log Manager: list: Listing contexts for virtual host 'localhost'
27-Sep-2016 07:19:11.824 INFO [http-nio-8085-exec-10] org.apache.catalina.core.ApplicationContext.log Manager: undeploy: Undeploying web application at '/SGEM'
27-Sep-2016 07:19:12.355 INFO [http-nio-8085-exec-3] org.apache.catalina.core.ApplicationContext.log Manager: install: Installing context configuration at 'file:/C:/Users/Migueljr/AppData/Local/Temp/context9132991326769205656.xml'
27-Sep-2016 07:19:47.154 INFO [http-nio-8085-exec-8] org.apache.catalina.core.ApplicationContext.log Manager: list: Listing contexts for virtual host 'localhost'
27-Sep-2016 07:19:53.088 INFO [http-nio-8085-exec-5] org.apache.catalina.core.ApplicationContext.log Manager: list: Listing contexts for virtual host 'localhost'
27-Sep-2016 07:19:56.854 INFO [http-nio-8085-exec-8] org.apache.catalina.core.ApplicationContext.log Manager: list: Listing contexts for virtual host 'localhost'
27-Sep-2016 07:19:56.854 INFO [http-nio-8085-exec-9] org.apache.catalina.core.ApplicationContext.log Manager: list: Listing contexts for virtual host 'localhost'
27-Sep-2016 07:20:36.224 INFO [http-nio-8085-exec-8] org.apache.catalina.core.ApplicationContext.log Manager: list: Listing contexts for virtual host 'localhost'
27-Sep-2016 07:20:43.429 INFO [http-nio-8085-exec-9] org.apache.catalina.core.ApplicationContext.log Manager: list: Listing contexts for virtual host 'localhost'
27-Sep-2016 07:20:43.429 INFO [http-nio-8085-exec-10] org.apache.catalina.core.ApplicationContext.log Manager: list: Listing contexts for virtual host 'localhost'
27-Sep-2016 10:00:37.096 INFO [http-nio-8085-exec-1] org.apache.catalina.core.ApplicationContext.log Manager: init: Associated with Deployer 'Catalina:type=Deployer,host=localhost'
27-Sep-2016 10:00:37.096 INFO [http-nio-8085-exec-1] org.apache.catalina.core.ApplicationContext.log Manager: init: Global resources are available
27-Sep-2016 10:00:37.098 INFO [http-nio-8085-exec-1] org.apache.catalina.core.ApplicationContext.log Manager: list: Listing contexts for virtual host 'localhost'
27-Sep-2016 10:00:37.118 INFO [http-nio-8085-exec-2] org.apache.catalina.core.ApplicationContext.log Manager: list: Listing contexts for virtual host 'localhost'
27-Sep-2016 10:00:37.146 INFO [http-nio-8085-exec-3] org.apache.catalina.core.ApplicationContext.log Manager: install: Installing context configuration at 'file:/C:/Users/Migueljr/AppData/Local/Temp/context2570302653253799413.xml'
27-Sep-2016 10:00:37.218 INFO [http-nio-8085-exec-4] org.apache.catalina.core.ApplicationContext.log Manager: start: Starting web application '/SGEM_with_data_base'
27-Sep-2016 10:02:29.778 INFO [http-nio-8085-exec-2] org.apache.catalina.core.ApplicationContext.log Manager: list: Listing contexts for virtual host 'localhost'
27-Sep-2016 10:02:44.271 INFO [http-nio-8085-exec-10] org.apache.catalina.core.ApplicationContext.log Manager: list: Listing contexts for virtual host 'localhost'
27-Sep-2016 10:06:08.881 INFO [http-nio-8085-exec-8] org.apache.catalina.core.ApplicationContext.log Manager: list: Listing contexts for virtual host 'localhost'
27-Sep-2016 10:07:11.251 INFO [http-nio-8085-exec-1] org.apache.catalina.core.ApplicationContext.log Manager: list: Listing contexts for virtual host 'localhost'
27-Sep-2016 10:09:03.134 INFO [http-nio-8085-exec-6] org.apache.catalina.core.ApplicationContext.log Manager: list: Listing contexts for virtual host 'localhost'
27-Sep-2016 10:12:57.190 INFO [http-nio-8085-exec-1] org.apache.catalina.core.ApplicationContext.log Manager: list: Listing contexts for virtual host 'localhost'
27-Sep-2016 10:13:45.048 INFO [http-nio-8085-exec-2] org.apache.catalina.core.ApplicationContext.log Manager: list: Listing contexts for virtual host 'localhost'
27-Sep-2016 10:16:50.536 INFO [http-nio-8085-exec-5] org.apache.catalina.core.ApplicationContext.log Manager: list: Listing contexts for virtual host 'localhost'
27-Sep-2016 10:17:09.830 INFO [http-nio-8085-exec-2] org.apache.catalina.core.ApplicationContext.log Manager: list: Listing contexts for virtual host 'localhost'
27-Sep-2016 10:17:26.025 INFO [http-nio-8085-exec-7] org.apache.catalina.core.ApplicationContext.log Manager: list: Listing contexts for virtual host 'localhost'
27-Sep-2016 10:17:37.604 INFO [http-nio-8085-exec-10] org.apache.catalina.core.ApplicationContext.log Manager: list: Listing contexts for virtual host 'localhost'
27-Sep-2016 10:17:48.166 INFO [http-nio-8085-exec-5] org.apache.catalina.core.ApplicationContext.log Manager: list: Listing contexts for virtual host 'localhost'
27-Sep-2016 10:18:01.606 INFO [http-nio-8085-exec-3] org.apache.catalina.core.ApplicationContext.log Manager: list: Listing contexts for virtual host 'localhost'
27-Sep-2016 10:18:19.072 INFO [http-nio-8085-exec-1] org.apache.catalina.core.ApplicationContext.log Manager: list: Listing contexts for virtual host 'localhost'
27-Sep-2016 10:18:36.377 INFO [http-nio-8085-exec-6] org.apache.catalina.core.ApplicationContext.log Manager: list: Listing contexts for virtual host 'localhost'
27-Sep-2016 10:19:24.906 INFO [http-nio-8085-exec-8] org.apache.catalina.core.ApplicationContext.log Manager: list: Listing contexts for virtual host 'localhost'
27-Sep-2016 10:19:53.813 INFO [http-nio-8085-exec-10] org.apache.catalina.core.ApplicationContext.log Manager: list: Listing contexts for virtual host 'localhost'
27-Sep-2016 10:21:11.049 INFO [http-nio-8085-exec-2] org.apache.catalina.core.ApplicationContext.log Manager: list: Listing contexts for virtual host 'localhost'
27-Sep-2016 10:21:44.149 INFO [http-nio-8085-exec-3] org.apache.catalina.core.ApplicationContext.log Manager: list: Listing contexts for virtual host 'localhost'
27-Sep-2016 10:25:04.875 INFO [http-nio-8085-exec-6] org.apache.catalina.core.ApplicationContext.log Manager: list: Listing contexts for virtual host 'localhost'
27-Sep-2016 10:26:15.719 INFO [http-nio-8085-exec-9] org.apache.catalina.core.ApplicationContext.log Manager: list: Listing contexts for virtual host 'localhost'
27-Sep-2016 10:27:31.890 INFO [http-nio-8085-exec-10] org.apache.catalina.core.ApplicationContext.log Manager: list: Listing contexts for virtual host 'localhost'
27-Sep-2016 10:28:14.940 INFO [http-nio-8085-exec-4] org.apache.catalina.core.ApplicationContext.log Manager: list: Listing contexts for virtual host 'localhost'
27-Sep-2016 10:28:40.095 INFO [http-nio-8085-exec-10] org.apache.catalina.core.ApplicationContext.log Manager: list: Listing contexts for virtual host 'localhost'
27-Sep-2016 10:28:54.158 INFO [http-nio-8085-exec-2] org.apache.catalina.core.ApplicationContext.log Manager: list: Listing contexts for virtual host 'localhost'
27-Sep-2016 10:29:30.340 INFO [http-nio-8085-exec-5] org.apache.catalina.core.ApplicationContext.log Manager: list: Listing contexts for virtual host 'localhost'
27-Sep-2016 10:29:56.316 INFO [http-nio-8085-exec-3] org.apache.catalina.core.ApplicationContext.log Manager: list: Listing contexts for virtual host 'localhost'
27-Sep-2016 10:31:02.108 INFO [http-nio-8085-exec-9] org.apache.catalina.core.ApplicationContext.log Manager: list: Listing contexts for virtual host 'localhost'
27-Sep-2016 10:32:55.655 INFO [http-nio-8085-exec-5] org.apache.catalina.core.ApplicationContext.log Manager: list: Listing contexts for virtual host 'localhost'
27-Sep-2016 10:33:17.548 INFO [http-nio-8085-exec-1] org.apache.catalina.core.ApplicationContext.log Manager: list: Listing contexts for virtual host 'localhost'
27-Sep-2016 10:33:22.517 INFO [http-nio-8085-exec-9] org.apache.catalina.core.ApplicationContext.log Manager: list: Listing contexts for virtual host 'localhost'
27-Sep-2016 10:33:59.144 INFO [http-nio-8085-exec-6] org.apache.catalina.core.ApplicationContext.log Manager: list: Listing contexts for virtual host 'localhost'
27-Sep-2016 10:34:15.526 INFO [http-nio-8085-exec-9] org.apache.catalina.core.ApplicationContext.log Manager: list: Listing contexts for virtual host 'localhost'
27-Sep-2016 10:34:32.146 INFO [http-nio-8085-exec-4] org.apache.catalina.core.ApplicationContext.log Manager: list: Listing contexts for virtual host 'localhost'
27-Sep-2016 10:38:29.064 INFO [http-nio-8085-exec-8] org.apache.catalina.core.ApplicationContext.log Manager: list: Listing contexts for virtual host 'localhost'
27-Sep-2016 10:39:19.957 INFO [http-nio-8085-exec-7] org.apache.catalina.core.ApplicationContext.log Manager: list: Listing contexts for virtual host 'localhost'
27-Sep-2016 10:40:21.481 INFO [http-nio-8085-exec-9] org.apache.catalina.core.ApplicationContext.log Manager: list: Listing contexts for virtual host 'localhost'
27-Sep-2016 12:28:33.076 INFO [http-nio-8085-exec-5] org.apache.catalina.core.ApplicationContext.log Manager: list: Listing contexts for virtual host 'localhost'
27-Sep-2016 12:29:30.155 INFO [http-nio-8085-exec-6] org.apache.catalina.core.ApplicationContext.log Manager: list: Listing contexts for virtual host 'localhost'
27-Sep-2016 12:29:45.768 INFO [http-nio-8085-exec-4] org.apache.catalina.core.ApplicationContext.log Manager: list: Listing contexts for virtual host 'localhost'
27-Sep-2016 12:30:16.339 INFO [http-nio-8085-exec-7] org.apache.catalina.core.ApplicationContext.log Manager: list: Listing contexts for virtual host 'localhost'
27-Sep-2016 12:30:34.542 INFO [http-nio-8085-exec-10] org.apache.catalina.core.ApplicationContext.log Manager: list: Listing contexts for virtual host 'localhost'
27-Sep-2016 12:30:54.760 INFO [http-nio-8085-exec-9] org.apache.catalina.core.ApplicationContext.log Manager: list: Listing contexts for virtual host 'localhost'
27-Sep-2016 12:31:26.551 INFO [http-nio-8085-exec-2] org.apache.catalina.core.ApplicationContext.log Manager: list: Listing contexts for virtual host 'localhost'
27-Sep-2016 12:32:21.133 INFO [http-nio-8085-exec-3] org.apache.catalina.core.ApplicationContext.log Manager: list: Listing contexts for virtual host 'localhost'
27-Sep-2016 12:32:52.735 INFO [http-nio-8085-exec-2] org.apache.catalina.core.ApplicationContext.log Manager: list: Listing contexts for virtual host 'localhost'
27-Sep-2016 12:33:02.964 INFO [http-nio-8085-exec-9] org.apache.catalina.core.ApplicationContext.log Manager: list: Listing contexts for virtual host 'localhost'
27-Sep-2016 12:33:36.452 INFO [http-nio-8085-exec-5] org.apache.catalina.core.ApplicationContext.log Manager: list: Listing contexts for virtual host 'localhost'
27-Sep-2016 12:33:46.652 INFO [http-nio-8085-exec-10] org.apache.catalina.core.ApplicationContext.log Manager: list: Listing contexts for virtual host 'localhost'
27-Sep-2016 12:33:56.050 INFO [http-nio-8085-exec-1] org.apache.catalina.core.ApplicationContext.log Manager: list: Listing contexts for virtual host 'localhost'
27-Sep-2016 12:34:03.317 INFO [http-nio-8085-exec-7] org.apache.catalina.core.ApplicationContext.log Manager: list: Listing contexts for virtual host 'localhost'
27-Sep-2016 12:34:09.864 INFO [http-nio-8085-exec-3] org.apache.catalina.core.ApplicationContext.log Manager: list: Listing contexts for virtual host 'localhost'
27-Sep-2016 12:34:17.324 INFO [http-nio-8085-exec-2] org.apache.catalina.core.ApplicationContext.log Manager: list: Listing contexts for virtual host 'localhost'
27-Sep-2016 12:37:47.460 INFO [http-nio-8085-exec-3] org.apache.catalina.core.ApplicationContext.log Manager: list: Listing contexts for virtual host 'localhost'
27-Sep-2016 12:38:23.062 INFO [http-nio-8085-exec-10] org.apache.catalina.core.ApplicationContext.log Manager: list: Listing contexts for virtual host 'localhost'
27-Sep-2016 12:39:43.592 INFO [http-nio-8085-exec-5] org.apache.catalina.core.ApplicationContext.log Manager: list: Listing contexts for virtual host 'localhost'
27-Sep-2016 12:41:02.761 INFO [http-nio-8085-exec-2] org.apache.catalina.core.ApplicationContext.log Manager: list: Listing contexts for virtual host 'localhost'
27-Sep-2016 12:42:07.060 INFO [http-nio-8085-exec-2] org.apache.catalina.core.ApplicationContext.log Manager: list: Listing contexts for virtual host 'localhost'
27-Sep-2016 12:43:00.963 INFO [http-nio-8085-exec-9] org.apache.catalina.core.ApplicationContext.log Manager: list: Listing contexts for virtual host 'localhost'
27-Sep-2016 12:43:18.232 INFO [http-nio-8085-exec-8] org.apache.catalina.core.ApplicationContext.log Manager: list: Listing contexts for virtual host 'localhost'
27-Sep-2016 12:43:54.593 INFO [http-nio-8085-exec-3] org.apache.catalina.core.ApplicationContext.log Manager: list: Listing contexts for virtual host 'localhost'
27-Sep-2016 12:44:58.344 INFO [http-nio-8085-exec-5] org.apache.catalina.core.ApplicationContext.log Manager: list: Listing contexts for virtual host 'localhost'
27-Sep-2016 12:45:58.958 INFO [http-nio-8085-exec-2] org.apache.catalina.core.ApplicationContext.log Manager: list: Listing contexts for virtual host 'localhost'
27-Sep-2016 12:46:11.550 INFO [http-nio-8085-exec-7] org.apache.catalina.core.ApplicationContext.log Manager: list: Listing contexts for virtual host 'localhost'
27-Sep-2016 12:46:37.076 INFO [http-nio-8085-exec-6] org.apache.catalina.core.ApplicationContext.log Manager: list: Listing contexts for virtual host 'localhost'
27-Sep-2016 12:46:44.937 INFO [http-nio-8085-exec-4] org.apache.catalina.core.ApplicationContext.log Manager: list: Listing contexts for virtual host 'localhost'
27-Sep-2016 12:47:01.545 INFO [http-nio-8085-exec-10] org.apache.catalina.core.ApplicationContext.log Manager: list: Listing contexts for virtual host 'localhost'
27-Sep-2016 12:47:16.048 INFO [http-nio-8085-exec-3] org.apache.catalina.core.ApplicationContext.log Manager: list: Listing contexts for virtual host 'localhost'
27-Sep-2016 12:49:31.331 INFO [http-nio-8085-exec-5] org.apache.catalina.core.ApplicationContext.log Manager: list: Listing contexts for virtual host 'localhost'
27-Sep-2016 12:50:26.818 INFO [http-nio-8085-exec-2] org.apache.catalina.core.ApplicationContext.log Manager: list: Listing contexts for virtual host 'localhost'
27-Sep-2016 12:51:07.375 INFO [http-nio-8085-exec-2] org.apache.catalina.core.ApplicationContext.log Manager: list: Listing contexts for virtual host 'localhost'
27-Sep-2016 12:51:18.700 INFO [http-nio-8085-exec-6] org.apache.catalina.core.ApplicationContext.log Manager: list: Listing contexts for virtual host 'localhost'
27-Sep-2016 12:51:47.533 INFO [http-nio-8085-exec-1] org.apache.catalina.core.ApplicationContext.log Manager: list: Listing contexts for virtual host 'localhost'
27-Sep-2016 12:56:00.196 INFO [http-nio-8085-exec-6] org.apache.catalina.core.ApplicationContext.log Manager: list: Listing contexts for virtual host 'localhost'
27-Sep-2016 12:56:03.509 INFO [http-nio-8085-exec-7] org.apache.catalina.core.ApplicationContext.log Manager: list: Listing contexts for virtual host 'localhost'
27-Sep-2016 12:56:03.509 INFO [http-nio-8085-exec-9] org.apache.catalina.core.ApplicationContext.log Manager: list: Listing contexts for virtual host 'localhost'
27-Sep-2016 12:56:42.562 INFO [http-nio-8085-exec-7] org.apache.catalina.core.ApplicationContext.log Manager: list: Listing contexts for virtual host 'localhost'
27-Sep-2016 12:58:15.096 INFO [http-nio-8085-exec-7] org.apache.catalina.core.ApplicationContext.log Manager: list: Listing contexts for virtual host 'localhost'
27-Sep-2016 12:58:31.080 INFO [http-nio-8085-exec-2] org.apache.catalina.core.ApplicationContext.log Manager: list: Listing contexts for virtual host 'localhost'
27-Sep-2016 12:59:48.755 INFO [http-nio-8085-exec-8] org.apache.catalina.core.ApplicationContext.log Manager: list: Listing contexts for virtual host 'localhost'
27-Sep-2016 12:59:56.356 INFO [http-nio-8085-exec-7] org.apache.catalina.core.ApplicationContext.log Manager: list: Listing contexts for virtual host 'localhost'
27-Sep-2016 12:59:56.356 INFO [http-nio-8085-exec-8] org.apache.catalina.core.ApplicationContext.log Manager: list: Listing contexts for virtual host 'localhost'
27-Sep-2016 13:00:16.332 INFO [http-nio-8085-exec-5] org.apache.catalina.core.ApplicationContext.log Manager: list: Listing contexts for virtual host 'localhost'
27-Sep-2016 13:01:36.836 INFO [http-nio-8085-exec-2] org.apache.catalina.core.ApplicationContext.log Manager: list: Listing contexts for virtual host 'localhost'
27-Sep-2016 13:01:44.165 INFO [http-nio-8085-exec-3] org.apache.catalina.core.ApplicationContext.log Manager: list: Listing contexts for virtual host 'localhost'
27-Sep-2016 13:02:40.109 INFO [http-nio-8085-exec-8] org.apache.catalina.core.ApplicationContext.log Manager: list: Listing contexts for virtual host 'localhost'
27-Sep-2016 13:02:40.124 INFO [http-nio-8085-exec-10] org.apache.catalina.core.ApplicationContext.log Manager: list: Listing contexts for virtual host 'localhost'
27-Sep-2016 13:03:33.951 INFO [http-nio-8085-exec-1] org.apache.catalina.core.ApplicationContext.log Manager: list: Listing contexts for virtual host 'localhost'
27-Sep-2016 13:06:31.997 INFO [http-nio-8085-exec-8] org.apache.catalina.core.ApplicationContext.log Manager: list: Listing contexts for virtual host 'localhost'
27-Sep-2016 13:07:43.110 INFO [http-nio-8085-exec-3] org.apache.catalina.core.ApplicationContext.log Manager: list: Listing contexts for virtual host 'localhost'
27-Sep-2016 13:08:00.399 INFO [http-nio-8085-exec-4] org.apache.catalina.core.ApplicationContext.log Manager: list: Listing contexts for virtual host 'localhost'
27-Sep-2016 13:08:37.309 INFO [http-nio-8085-exec-3] org.apache.catalina.core.ApplicationContext.log Manager: list: Listing contexts for virtual host 'localhost'
27-Sep-2016 13:09:07.407 INFO [http-nio-8085-exec-3] org.apache.catalina.core.ApplicationContext.log Manager: list: Listing contexts for virtual host 'localhost'
27-Sep-2016 13:09:28.577 INFO [http-nio-8085-exec-4] org.apache.catalina.core.ApplicationContext.log Manager: list: Listing contexts for virtual host 'localhost'
27-Sep-2016 13:10:11.521 INFO [http-nio-8085-exec-6] org.apache.catalina.core.ApplicationContext.log Manager: list: Listing contexts for virtual host 'localhost'
27-Sep-2016 13:10:15.773 INFO [http-nio-8085-exec-9] org.apache.catalina.core.ApplicationContext.log Manager: list: Listing contexts for virtual host 'localhost'
27-Sep-2016 13:10:29.252 INFO [http-nio-8085-exec-2] org.apache.catalina.core.ApplicationContext.log Manager: list: Listing contexts for virtual host 'localhost'
27-Sep-2016 13:11:10.043 INFO [http-nio-8085-exec-5] org.apache.catalina.core.ApplicationContext.log Manager: list: Listing contexts for virtual host 'localhost'
27-Sep-2016 13:12:22.544 INFO [http-nio-8085-exec-1] org.apache.catalina.core.ApplicationContext.log Manager: list: Listing contexts for virtual host 'localhost'
27-Sep-2016 13:12:37.176 INFO [http-nio-8085-exec-3] org.apache.catalina.core.ApplicationContext.log Manager: list: Listing contexts for virtual host 'localhost'
27-Sep-2016 13:13:04.162 INFO [http-nio-8085-exec-1] org.apache.catalina.core.ApplicationContext.log Manager: list: Listing contexts for virtual host 'localhost'
27-Sep-2016 13:14:32.666 INFO [http-nio-8085-exec-4] org.apache.catalina.core.ApplicationContext.log Manager: list: Listing contexts for virtual host 'localhost'
27-Sep-2016 13:15:02.861 INFO [http-nio-8085-exec-3] org.apache.catalina.core.ApplicationContext.log Manager: list: Listing contexts for virtual host 'localhost'
27-Sep-2016 13:18:32.125 INFO [http-nio-8085-exec-10] org.apache.catalina.core.ApplicationContext.log Manager: list: Listing contexts for virtual host 'localhost'
27-Sep-2016 13:19:08.897 INFO [http-nio-8085-exec-6] org.apache.catalina.core.ApplicationContext.log Manager: list: Listing contexts for virtual host 'localhost'
27-Sep-2016 13:19:08.897 INFO [http-nio-8085-exec-10] org.apache.catalina.core.ApplicationContext.log Manager: list: Listing contexts for virtual host 'localhost'
27-Sep-2016 13:20:48.524 INFO [http-nio-8085-exec-8] org.apache.catalina.core.ApplicationContext.log Manager: list: Listing contexts for virtual host 'localhost'
27-Sep-2016 13:21:09.528 INFO [http-nio-8085-exec-4] org.apache.catalina.core.ApplicationContext.log Manager: list: Listing contexts for virtual host 'localhost'
27-Sep-2016 13:21:29.522 INFO [http-nio-8085-exec-10] org.apache.catalina.core.ApplicationContext.log Manager: list: Listing contexts for virtual host 'localhost'
27-Sep-2016 13:21:47.382 INFO [http-nio-8085-exec-6] org.apache.catalina.core.ApplicationContext.log Manager: list: Listing contexts for virtual host 'localhost'
27-Sep-2016 13:22:32.397 INFO [http-nio-8085-exec-5] org.apache.catalina.core.ApplicationContext.log Manager: list: Listing contexts for virtual host 'localhost'
27-Sep-2016 13:23:21.149 INFO [http-nio-8085-exec-3] org.apache.catalina.core.ApplicationContext.log Manager: list: Listing contexts for virtual host 'localhost'
27-Sep-2016 13:33:57.792 INFO [http-nio-8085-exec-4] org.apache.catalina.core.ApplicationContext.log Manager: list: Listing contexts for virtual host 'localhost'
27-Sep-2016 13:33:57.824 INFO [http-nio-8085-exec-3] org.apache.catalina.core.ApplicationContext.log Manager: restart: Reloading web application '/SGEM_with_data_base'
27-Sep-2016 13:34:06.587 INFO [http-nio-8085-exec-10] org.apache.catalina.core.ApplicationContext.log Manager: list: Listing contexts for virtual host 'localhost'
27-Sep-2016 13:34:06.680 INFO [http-nio-8085-exec-2] org.apache.catalina.core.ApplicationContext.log Manager: restart: Reloading web application '/SGEM_with_data_base'
27-Sep-2016 13:34:16.453 INFO [http-nio-8085-exec-7] org.apache.catalina.core.ApplicationContext.log Manager: list: Listing contexts for virtual host 'localhost'
27-Sep-2016 13:34:16.516 INFO [http-nio-8085-exec-12] org.apache.catalina.core.ApplicationContext.log Manager: restart: Reloading web application '/SGEM_with_data_base'
27-Sep-2016 13:34:20.706 INFO [http-nio-8085-exec-4] org.apache.catalina.core.ApplicationContext.log Manager: list: Listing contexts for virtual host 'localhost'
27-Sep-2016 13:34:20.738 INFO [http-nio-8085-exec-1] org.apache.catalina.core.ApplicationContext.log Manager: restart: Reloading web application '/SGEM_with_data_base'
27-Sep-2016 13:34:24.257 INFO [http-nio-8085-exec-6] org.apache.catalina.core.ApplicationContext.log Manager: list: Listing contexts for virtual host 'localhost'
27-Sep-2016 13:34:24.288 INFO [http-nio-8085-exec-4] org.apache.catalina.core.ApplicationContext.log Manager: restart: Reloading web application '/SGEM_with_data_base'
27-Sep-2016 13:34:49.649 INFO [http-nio-8085-exec-10] org.apache.catalina.core.ApplicationContext.log Manager: list: Listing contexts for virtual host 'localhost'
27-Sep-2016 13:34:49.665 INFO [http-nio-8085-exec-16] org.apache.catalina.core.ApplicationContext.log Manager: restart: Reloading web application '/SGEM_with_data_base'
27-Sep-2016 13:34:55.173 INFO [http-nio-8085-exec-7] org.apache.catalina.core.ApplicationContext.log Manager: list: Listing contexts for virtual host 'localhost'
27-Sep-2016 13:34:55.189 INFO [http-nio-8085-exec-10] org.apache.catalina.core.ApplicationContext.log Manager: restart: Reloading web application '/SGEM_with_data_base'
27-Sep-2016 13:35:00.333 INFO [http-nio-8085-exec-18] org.apache.catalina.core.ApplicationContext.log Manager: list: Listing contexts for virtual host 'localhost'
27-Sep-2016 13:35:00.348 INFO [http-nio-8085-exec-8] org.apache.catalina.core.ApplicationContext.log Manager: restart: Reloading web application '/SGEM_with_data_base'
27-Sep-2016 13:35:04.385 INFO [http-nio-8085-exec-17] org.apache.catalina.core.ApplicationContext.log Manager: list: Listing contexts for virtual host 'localhost'
27-Sep-2016 13:35:04.401 INFO [http-nio-8085-exec-18] org.apache.catalina.core.ApplicationContext.log Manager: restart: Reloading web application '/SGEM_with_data_base'
27-Sep-2016 13:35:07.495 INFO [http-nio-8085-exec-19] org.apache.catalina.core.ApplicationContext.log Manager: list: Listing contexts for virtual host 'localhost'
27-Sep-2016 13:35:07.510 INFO [http-nio-8085-exec-20] org.apache.catalina.core.ApplicationContext.log Manager: restart: Reloading web application '/SGEM_with_data_base'
27-Sep-2016 13:36:48.214 INFO [http-nio-8085-exec-11] org.apache.catalina.core.ApplicationContext.log Manager: list: Listing contexts for virtual host 'localhost'
27-Sep-2016 13:36:48.229 INFO [http-nio-8085-exec-23] org.apache.catalina.core.ApplicationContext.log Manager: stop: Stopping web application '/SGEM_with_data_base'
27-Sep-2016 13:36:48.292 INFO [http-nio-8085-exec-22] org.apache.catalina.core.ApplicationContext.log Manager: start: Starting web application '/SGEM_with_data_base'
27-Sep-2016 13:36:51.856 INFO [http-nio-8085-exec-21] org.apache.catalina.core.ApplicationContext.log Manager: list: Listing contexts for virtual host 'localhost'
27-Sep-2016 13:36:51.871 INFO [http-nio-8085-exec-17] org.apache.catalina.core.ApplicationContext.log Manager: stop: Stopping web application '/SGEM_with_data_base'
27-Sep-2016 13:36:51.887 INFO [http-nio-8085-exec-9] org.apache.catalina.core.ApplicationContext.log Manager: start: Starting web application '/SGEM_with_data_base'
27-Sep-2016 13:43:57.488 INFO [http-nio-8085-exec-33] org.apache.catalina.core.ApplicationContext.log Manager: list: Listing contexts for virtual host 'localhost'
27-Sep-2016 13:43:57.550 INFO [http-nio-8085-exec-34] org.apache.catalina.core.ApplicationContext.log Manager: restart: Reloading web application '/SGEM_with_data_base'
27-Sep-2016 13:44:29.735 INFO [http-nio-8085-exec-35] org.apache.catalina.core.ApplicationContext.log Manager: list: Listing contexts for virtual host 'localhost'
27-Sep-2016 13:44:29.751 INFO [http-nio-8085-exec-37] org.apache.catalina.core.ApplicationContext.log Manager: restart: Reloading web application '/SGEM_with_data_base'
27-Sep-2016 13:44:29.751 SEVERE [http-nio-8085-exec-37] org.apache.catalina.core.ApplicationContext.log Manager: ManagerServlet.reload[/SGEM_with_data_base]
 java.lang.IllegalStateException: Context with name [/SGEM_with_data_base] has not yet been started
	at org.apache.catalina.core.StandardContext.reload(StandardContext.java:3778)
	at org.apache.catalina.manager.ManagerServlet.reload(ManagerServlet.java:984)
	at org.apache.catalina.manager.ManagerServlet.doGet(ManagerServlet.java:345)
	at javax.servlet.http.HttpServlet.service(HttpServlet.java:618)
	at javax.servlet.http.HttpServlet.service(HttpServlet.java:725)
	at org.apache.catalina.core.ApplicationFilterChain.internalDoFilter(ApplicationFilterChain.java:291)
	at org.apache.catalina.core.ApplicationFilterChain.doFilter(ApplicationFilterChain.java:206)
	at org.apache.tomcat.websocket.server.WsFilter.doFilter(WsFilter.java:52)
	at org.apache.catalina.core.ApplicationFilterChain.internalDoFilter(ApplicationFilterChain.java:239)
	at org.apache.catalina.core.ApplicationFilterChain.doFilter(ApplicationFilterChain.java:206)
	at org.apache.catalina.filters.SetCharacterEncodingFilter.doFilter(SetCharacterEncodingFilter.java:108)
	at org.apache.catalina.core.ApplicationFilterChain.internalDoFilter(ApplicationFilterChain.java:239)
	at org.apache.catalina.core.ApplicationFilterChain.doFilter(ApplicationFilterChain.java:206)
	at org.apache.catalina.core.StandardWrapperValve.invoke(StandardWrapperValve.java:219)
	at org.apache.catalina.core.StandardContextValve.invoke(StandardContextValve.java:106)
	at org.apache.catalina.authenticator.AuthenticatorBase.invoke(AuthenticatorBase.java:613)
	at org.apache.catalina.core.StandardHostValve.invoke(StandardHostValve.java:142)
	at org.apache.catalina.valves.ErrorReportValve.invoke(ErrorReportValve.java:79)
	at org.apache.catalina.valves.AbstractAccessLogValve.invoke(AbstractAccessLogValve.java:610)
	at org.apache.catalina.core.StandardEngineValve.invoke(StandardEngineValve.java:88)
	at org.apache.catalina.connector.CoyoteAdapter.service(CoyoteAdapter.java:537)
	at org.apache.coyote.http11.AbstractHttp11Processor.process(AbstractHttp11Processor.java:1085)
	at org.apache.coyote.AbstractProtocol$AbstractConnectionHandler.process(AbstractProtocol.java:658)
	at org.apache.coyote.http11.Http11NioProtocol$Http11ConnectionHandler.process(Http11NioProtocol.java:222)
	at org.apache.tomcat.util.net.NioEndpoint$SocketProcessor.doRun(NioEndpoint.java:1556)
	at org.apache.tomcat.util.net.NioEndpoint$SocketProcessor.run(NioEndpoint.java:1513)
	at java.util.concurrent.ThreadPoolExecutor.runWorker(ThreadPoolExecutor.java:1145)
	at java.util.concurrent.ThreadPoolExecutor$Worker.run(ThreadPoolExecutor.java:615)
	at org.apache.tomcat.util.threads.TaskThread$WrappingRunnable.run(TaskThread.java:61)
	at java.lang.Thread.run(Thread.java:745)

27-Sep-2016 13:44:42.204 INFO [http-nio-8085-exec-35] org.apache.catalina.core.ApplicationContext.log Manager: list: Listing contexts for virtual host 'localhost'
27-Sep-2016 13:44:42.204 INFO [http-nio-8085-exec-37] org.apache.catalina.core.ApplicationContext.log Manager: list: Listing contexts for virtual host 'localhost'
27-Sep-2016 13:44:42.220 INFO [http-nio-8085-exec-33] org.apache.catalina.core.ApplicationContext.log Manager: undeploy: Undeploying web application at '/SGEM_with_data_base'
27-Sep-2016 13:44:42.829 INFO [http-nio-8085-exec-39] org.apache.catalina.core.ApplicationContext.log Manager: install: Installing context configuration at 'file:/C:/Users/Migueljr/AppData/Local/Temp/context1812748620161600076.xml'
27-Sep-2016 13:52:15.509 INFO [http-nio-8085-exec-43] org.apache.catalina.core.ApplicationContext.log Manager: list: Listing contexts for virtual host 'localhost'
27-Sep-2016 13:52:15.525 INFO [http-nio-8085-exec-46] org.apache.catalina.core.ApplicationContext.log Manager: list: Listing contexts for virtual host 'localhost'
27-Sep-2016 13:52:15.540 INFO [http-nio-8085-exec-38] org.apache.catalina.core.ApplicationContext.log Manager: undeploy: Undeploying web application at '/SGEM_with_data_base'
27-Sep-2016 13:52:16.087 INFO [http-nio-8085-exec-37] org.apache.catalina.core.ApplicationContext.log Manager: install: Installing context configuration at 'file:/C:/Users/Migueljr/AppData/Local/Temp/context3023946934717088208.xml'
27-Sep-2016 13:52:18.805 INFO [http-nio-8085-exec-46] org.apache.catalina.core.ApplicationContext.log Manager: list: Listing contexts for virtual host 'localhost'
27-Sep-2016 13:52:18.805 INFO [http-nio-8085-exec-37] org.apache.catalina.core.ApplicationContext.log Manager: list: Listing contexts for virtual host 'localhost'
27-Sep-2016 13:52:18.837 INFO [http-nio-8085-exec-39] org.apache.catalina.core.ApplicationContext.log Manager: undeploy: Undeploying web application at '/SGEM_with_data_base'
27-Sep-2016 13:52:19.352 INFO [http-nio-8085-exec-40] org.apache.catalina.core.ApplicationContext.log Manager: install: Installing context configuration at 'file:/C:/Users/Migueljr/AppData/Local/Temp/context1838599811317402891.xml'
27-Sep-2016 13:52:52.790 INFO [http-nio-8085-exec-39] org.apache.catalina.core.ApplicationContext.log Manager: list: Listing contexts for virtual host 'localhost'
27-Sep-2016 13:52:52.790 INFO [http-nio-8085-exec-40] org.apache.catalina.core.ApplicationContext.log Manager: list: Listing contexts for virtual host 'localhost'
27-Sep-2016 13:52:52.805 INFO [http-nio-8085-exec-41] org.apache.catalina.core.ApplicationContext.log Manager: undeploy: Undeploying web application at '/SGEM_with_data_base'
27-Sep-2016 13:52:53.321 INFO [http-nio-8085-exec-42] org.apache.catalina.core.ApplicationContext.log Manager: install: Installing context configuration at 'file:/C:/Users/Migueljr/AppData/Local/Temp/context6841653197734320926.xml'
27-Sep-2016 13:52:56.859 INFO [http-nio-8085-exec-41] org.apache.catalina.core.ApplicationContext.log Manager: list: Listing contexts for virtual host 'localhost'
27-Sep-2016 13:52:56.859 INFO [http-nio-8085-exec-42] org.apache.catalina.core.ApplicationContext.log Manager: list: Listing contexts for virtual host 'localhost'
27-Sep-2016 13:52:56.891 INFO [http-nio-8085-exec-44] org.apache.catalina.core.ApplicationContext.log Manager: undeploy: Undeploying web application at '/SGEM_with_data_base'
27-Sep-2016 13:52:57.410 INFO [http-nio-8085-exec-45] org.apache.catalina.core.ApplicationContext.log Manager: install: Installing context configuration at 'file:/C:/Users/Migueljr/AppData/Local/Temp/context9020438099540330542.xml'
27-Sep-2016 13:53:02.012 INFO [http-nio-8085-exec-39] org.apache.catalina.core.ApplicationContext.log Manager: list: Listing contexts for virtual host 'localhost'
27-Sep-2016 13:53:02.012 INFO [http-nio-8085-exec-45] org.apache.catalina.core.ApplicationContext.log Manager: list: Listing contexts for virtual host 'localhost'
27-Sep-2016 13:53:02.027 INFO [http-nio-8085-exec-43] org.apache.catalina.core.ApplicationContext.log Manager: undeploy: Undeploying web application at '/SGEM_with_data_base'
27-Sep-2016 13:53:02.527 INFO [http-nio-8085-exec-38] org.apache.catalina.core.ApplicationContext.log Manager: install: Installing context configuration at 'file:/C:/Users/Migueljr/AppData/Local/Temp/context3188475812654737417.xml'
27-Sep-2016 13:53:05.778 INFO [http-nio-8085-exec-41] org.apache.catalina.core.ApplicationContext.log Manager: list: Listing contexts for virtual host 'localhost'
27-Sep-2016 13:53:05.793 INFO [http-nio-8085-exec-44] org.apache.catalina.core.ApplicationContext.log Manager: list: Listing contexts for virtual host 'localhost'
27-Sep-2016 13:53:05.809 INFO [http-nio-8085-exec-46] org.apache.catalina.core.ApplicationContext.log Manager: undeploy: Undeploying web application at '/SGEM_with_data_base'
27-Sep-2016 13:53:06.341 INFO [http-nio-8085-exec-37] org.apache.catalina.core.ApplicationContext.log Manager: install: Installing context configuration at 'file:/C:/Users/Migueljr/AppData/Local/Temp/context3364664032194421738.xml'
27-Sep-2016 13:53:22.823 INFO [http-nio-8085-exec-45] org.apache.catalina.core.ApplicationContext.log Manager: list: Listing contexts for virtual host 'localhost'
27-Sep-2016 13:53:22.823 INFO [http-nio-8085-exec-37] org.apache.catalina.core.ApplicationContext.log Manager: list: Listing contexts for virtual host 'localhost'
27-Sep-2016 13:53:22.838 INFO [http-nio-8085-exec-40] org.apache.catalina.core.ApplicationContext.log Manager: undeploy: Undeploying web application at '/SGEM_with_data_base'
27-Sep-2016 13:53:23.367 INFO [http-nio-8085-exec-41] org.apache.catalina.core.ApplicationContext.log Manager: install: Installing context configuration at 'file:/C:/Users/Migueljr/AppData/Local/Temp/context8407770984249121514.xml'
27-Sep-2016 13:53:26.607 INFO [http-nio-8085-exec-37] org.apache.catalina.core.ApplicationContext.log Manager: list: Listing contexts for virtual host 'localhost'
27-Sep-2016 13:53:26.607 INFO [http-nio-8085-exec-41] org.apache.catalina.core.ApplicationContext.log Manager: list: Listing contexts for virtual host 'localhost'
27-Sep-2016 13:53:26.622 INFO [http-nio-8085-exec-42] org.apache.catalina.core.ApplicationContext.log Manager: undeploy: Undeploying web application at '/SGEM_with_data_base'
27-Sep-2016 13:53:27.154 INFO [http-nio-8085-exec-39] org.apache.catalina.core.ApplicationContext.log Manager: install: Installing context configuration at 'file:/C:/Users/Migueljr/AppData/Local/Temp/context7327079076998629600.xml'
27-Sep-2016 13:53:30.841 INFO [http-nio-8085-exec-38] org.apache.catalina.core.ApplicationContext.log Manager: list: Listing contexts for virtual host 'localhost'
27-Sep-2016 13:53:30.841 INFO [http-nio-8085-exec-40] org.apache.catalina.core.ApplicationContext.log Manager: list: Listing contexts for virtual host 'localhost'
27-Sep-2016 13:53:30.856 INFO [http-nio-8085-exec-44] org.apache.catalina.core.ApplicationContext.log Manager: undeploy: Undeploying web application at '/SGEM_with_data_base'
27-Sep-2016 13:53:31.403 INFO [http-nio-8085-exec-45] org.apache.catalina.core.ApplicationContext.log Manager: install: Installing context configuration at 'file:/C:/Users/Migueljr/AppData/Local/Temp/context1427050525513124460.xml'
27-Sep-2016 13:53:34.873 INFO [http-nio-8085-exec-42] org.apache.catalina.core.ApplicationContext.log Manager: list: Listing contexts for virtual host 'localhost'
27-Sep-2016 13:53:34.873 INFO [http-nio-8085-exec-45] org.apache.catalina.core.ApplicationContext.log Manager: list: Listing contexts for virtual host 'localhost'
27-Sep-2016 13:53:34.889 INFO [http-nio-8085-exec-43] org.apache.catalina.core.ApplicationContext.log Manager: undeploy: Undeploying web application at '/SGEM_with_data_base'
27-Sep-2016 13:53:35.404 INFO [http-nio-8085-exec-46] org.apache.catalina.core.ApplicationContext.log Manager: install: Installing context configuration at 'file:/C:/Users/Migueljr/AppData/Local/Temp/context8407363868736874666.xml'
27-Sep-2016 13:54:14.497 INFO [http-nio-8085-exec-43] org.apache.catalina.core.ApplicationContext.log Manager: list: Listing contexts for virtual host 'localhost'
27-Sep-2016 13:54:14.512 INFO [http-nio-8085-exec-46] org.apache.catalina.core.ApplicationContext.log Manager: list: Listing contexts for virtual host 'localhost'
27-Sep-2016 13:54:14.512 INFO [http-nio-8085-exec-38] org.apache.catalina.core.ApplicationContext.log Manager: undeploy: Undeploying web application at '/SGEM_with_data_base'
27-Sep-2016 13:54:15.043 INFO [http-nio-8085-exec-40] org.apache.catalina.core.ApplicationContext.log Manager: install: Installing context configuration at 'file:/C:/Users/Migueljr/AppData/Local/Temp/context2829406865755658295.xml'
27-Sep-2016 22:47:09.647 INFO [http-nio-8085-exec-40] org.apache.catalina.core.ApplicationContext.log Manager: list: Listing contexts for virtual host 'localhost'
27-Sep-2016 22:47:09.663 INFO [http-nio-8085-exec-37] org.apache.catalina.core.ApplicationContext.log Manager: list: Listing contexts for virtual host 'localhost'
27-Sep-2016 22:47:09.725 INFO [http-nio-8085-exec-41] org.apache.catalina.core.ApplicationContext.log Manager: stop: Stopping web application '/SGEM_with_data_base'
27-Sep-2016 22:47:09.725 INFO [http-nio-8085-exec-39] org.apache.catalina.core.ApplicationContext.log Manager: start: Starting web application '/SGEM_with_data_base'
27-Sep-2016 22:52:59.321 INFO [http-nio-8085-exec-43] org.apache.catalina.core.ApplicationContext.log Manager: list: Listing contexts for virtual host 'localhost'
27-Sep-2016 22:52:59.336 INFO [http-nio-8085-exec-46] org.apache.catalina.core.ApplicationContext.log Manager: list: Listing contexts for virtual host 'localhost'
27-Sep-2016 23:12:20.946 INFO [http-nio-8085-exec-39] org.apache.catalina.core.ApplicationContext.log Manager: list: Listing contexts for virtual host 'localhost'
27-Sep-2016 23:12:21.015 INFO [http-nio-8085-exec-44] org.apache.catalina.core.ApplicationContext.log Manager: list: Listing contexts for virtual host 'localhost'
27-Sep-2016 23:12:21.031 INFO [http-nio-8085-exec-42] org.apache.catalina.core.ApplicationContext.log Manager: undeploy: Undeploying web application at '/SGEM_with_data_base'
27-Sep-2016 23:12:21.693 INFO [http-nio-8085-exec-45] org.apache.catalina.core.ApplicationContext.log Manager: install: Installing context configuration at 'file:/C:/Users/Migueljr/AppData/Local/Temp/context787844970917613116.xml'
27-Sep-2016 23:12:27.822 INFO [http-nio-8085-exec-43] org.apache.catalina.core.ApplicationContext.log Manager: start: Starting web application '/SGEM_with_data_base'
27-Sep-2016 23:18:28.454 INFO [http-nio-8085-exec-53] org.apache.catalina.core.ApplicationContext.log Manager: list: Listing contexts for virtual host 'localhost'
27-Sep-2016 23:20:54.762 INFO [http-nio-8085-exec-52] org.apache.catalina.core.ApplicationContext.log Manager: list: Listing contexts for virtual host 'localhost'
27-Sep-2016 23:22:34.969 INFO [http-nio-8085-exec-50] org.apache.catalina.core.ApplicationContext.log Manager: list: Listing contexts for virtual host 'localhost'
27-Sep-2016 23:23:34.695 INFO [http-nio-8085-exec-49] org.apache.catalina.core.ApplicationContext.log Manager: list: Listing contexts for virtual host 'localhost'
27-Sep-2016 23:24:00.394 INFO [http-nio-8085-exec-50] org.apache.catalina.core.ApplicationContext.log Manager: list: Listing contexts for virtual host 'localhost'
27-Sep-2016 23:25:56.463 INFO [http-nio-8085-exec-48] org.apache.catalina.core.ApplicationContext.log Manager: list: Listing contexts for virtual host 'localhost'
27-Sep-2016 23:26:44.534 INFO [http-nio-8085-exec-50] org.apache.catalina.core.ApplicationContext.log Manager: list: Listing contexts for virtual host 'localhost'
27-Sep-2016 23:28:33.880 INFO [http-nio-8085-exec-53] org.apache.catalina.core.ApplicationContext.log Manager: list: Listing contexts for virtual host 'localhost'
27-Sep-2016 23:31:37.694 INFO [http-nio-8085-exec-47] org.apache.catalina.core.ApplicationContext.log Manager: list: Listing contexts for virtual host 'localhost'
27-Sep-2016 23:31:37.756 INFO [http-nio-8085-exec-48] org.apache.catalina.core.ApplicationContext.log Manager: restart: Reloading web application '/SGEM_with_data_base'
27-Sep-2016 23:31:44.006 INFO [http-nio-8085-exec-53] org.apache.catalina.core.ApplicationContext.log Manager: list: Listing contexts for virtual host 'localhost'
27-Sep-2016 23:31:44.021 INFO [http-nio-8085-exec-49] org.apache.catalina.core.ApplicationContext.log Manager: restart: Reloading web application '/SGEM_with_data_base'
27-Sep-2016 23:32:32.969 INFO [http-nio-8085-exec-54] org.apache.catalina.core.ApplicationContext.log Manager: list: Listing contexts for virtual host 'localhost'
27-Sep-2016 23:37:22.728 INFO [http-nio-8085-exec-64] org.apache.catalina.core.ApplicationContext.log Manager: list: Listing contexts for virtual host 'localhost'
