25-May-2018 08:34:25.163 INFO [http-nio-8089-exec-3] org.apache.catalina.core.ApplicationContext.log Manager: init: Associated with Deployer 'Catalina:type=Deployer,host=localhost'
25-May-2018 08:34:25.163 INFO [http-nio-8089-exec-3] org.apache.catalina.core.ApplicationContext.log Manager: init: Global resources are available
25-May-2018 08:34:25.166 INFO [http-nio-8089-exec-3] org.apache.catalina.core.ApplicationContext.log Manager: list: Listing contexts for virtual host 'localhost'
25-May-2018 08:34:25.227 INFO [http-nio-8089-exec-10] org.apache.catalina.core.ApplicationContext.log Manager: list: Listing contexts for virtual host 'localhost'
25-May-2018 08:34:32.807 INFO [32] org.apache.catalina.core.ApplicationContext.log Manager: start: Starting web application '/SGEM'
25-May-2018 08:34:32.814 SEVERE [32] org.apache.catalina.core.ApplicationContext.log FAIL - Application at context path /SGEM could not be started
 org.apache.catalina.LifecycleException: Failed to start component [StandardEngine[Catalina].StandardHost[localhost].StandardContext[/SGEM]]
	at org.apache.catalina.util.LifecycleBase.start(LifecycleBase.java:154)
	at org.apache.catalina.manager.ManagerServlet.start(ManagerServlet.java:1265)
	at org.apache.catalina.manager.ManagerServlet.doGet(ManagerServlet.java:357)
	at javax.servlet.http.HttpServlet.service(HttpServlet.java:618)
	at javax.servlet.http.HttpServlet.service(HttpServlet.java:725)
	at org.apache.catalina.core.ApplicationFilterChain.internalDoFilter(ApplicationFilterChain.java:291)
	at org.apache.catalina.core.ApplicationFilterChain.doFilter(ApplicationFilterChain.java:206)
	at org.apache.tomcat.websocket.server.WsFilter.doFilter(WsFilter.java:52)
	at org.apache.catalina.core.ApplicationFilterChain.internalDoFilter(ApplicationFilterChain.java:239)
	at org.apache.catalina.core.ApplicationFilterChain.doFilter(ApplicationFilterChain.java:206)
	at org.apache.catalina.filters.SetCharacterEncodingFilter.doFilter(SetCharacterEncodingFilter.java:108)
	at org.apache.catalina.core.ApplicationFilterChain.internalDoFilter(ApplicationFilterChain.java:239)
	at org.apache.catalina.core.ApplicationFilterChain.doFilter(ApplicationFilterChain.java:206)
	at org.apache.catalina.core.StandardWrapperValve.invoke(StandardWrapperValve.java:219)
	at org.apache.catalina.core.StandardContextValve.invoke(StandardContextValve.java:106)
	at org.apache.catalina.authenticator.AuthenticatorBase.invoke(AuthenticatorBase.java:613)
	at org.apache.catalina.core.StandardHostValve.invoke(StandardHostValve.java:142)
	at org.apache.catalina.valves.ErrorReportValve.invoke(ErrorReportValve.java:79)
	at org.apache.catalina.valves.AbstractAccessLogValve.invoke(AbstractAccessLogValve.java:610)
	at org.apache.catalina.core.StandardEngineValve.invoke(StandardEngineValve.java:88)
	at org.apache.catalina.connector.CoyoteAdapter.service(CoyoteAdapter.java:537)
	at org.apache.coyote.http11.AbstractHttp11Processor.process(AbstractHttp11Processor.java:1085)
	at org.apache.coyote.AbstractProtocol$AbstractConnectionHandler.process(AbstractProtocol.java:658)
	at org.apache.coyote.http11.Http11NioProtocol$Http11ConnectionHandler.process(Http11NioProtocol.java:222)
	at org.apache.tomcat.util.net.NioEndpoint$SocketProcessor.doRun(NioEndpoint.java:1556)
	at org.apache.tomcat.util.net.NioEndpoint$SocketProcessor.run(NioEndpoint.java:1513)
	at java.util.concurrent.ThreadPoolExecutor.runWorker(ThreadPoolExecutor.java:1142)
	at java.util.concurrent.ThreadPoolExecutor$Worker.run(ThreadPoolExecutor.java:617)
	at org.apache.tomcat.util.threads.TaskThread$WrappingRunnable.run(TaskThread.java:61)
	at java.lang.Thread.run(Thread.java:745)
Caused by: org.apache.catalina.LifecycleException: Failed to start component [org.apache.catalina.webresources.StandardRoot@4ec202a6]
	at org.apache.catalina.util.LifecycleBase.start(LifecycleBase.java:154)
	at org.apache.catalina.core.StandardContext.resourcesStart(StandardContext.java:4875)
	at org.apache.catalina.core.StandardContext.startInternal(StandardContext.java:5004)
	at org.apache.catalina.util.LifecycleBase.start(LifecycleBase.java:150)
	... 29 more
Caused by: java.lang.IllegalArgumentException: The main resource set specified [C:\Users\Migueljr\Documents\NetBeansProjects\SGEM\build\web] is not valid
	at org.apache.catalina.webresources.StandardRoot.startInternal(StandardRoot.java:670)
	at org.apache.catalina.util.LifecycleBase.start(LifecycleBase.java:150)
	... 32 more

25-May-2018 09:43:15.387 INFO [http-nio-8089-exec-14] org.apache.catalina.core.ApplicationContext.log Manager: list: Listing contexts for virtual host 'localhost'
25-May-2018 09:43:15.456 INFO [http-nio-8089-exec-15] org.apache.catalina.core.ApplicationContext.log Manager: undeploy: Undeploying web application at '/'
25-May-2018 09:43:16.112 INFO [http-nio-8089-exec-16] org.apache.catalina.core.ApplicationContext.log Manager: install: Installing context configuration at 'file:/C:/Users/ACS/AppData/Local/Temp/context133747315942550269.xml'
25-May-2018 09:43:39.457 INFO [http-nio-8089-exec-14] org.apache.catalina.core.ApplicationContext.log Manager: start: Starting web application '/'
25-May-2018 09:44:35.039 INFO [http-nio-8089-exec-27] org.apache.catalina.core.ApplicationContext.log Manager: list: Listing contexts for virtual host 'localhost'
25-May-2018 09:44:35.113 INFO [http-nio-8089-exec-19] org.apache.catalina.core.ApplicationContext.log Manager: restart: Reloading web application '/'
25-May-2018 09:45:25.741 INFO [http-nio-8089-exec-31] org.apache.catalina.core.ApplicationContext.log Manager: list: Listing contexts for virtual host 'localhost'
25-May-2018 09:45:25.753 INFO [http-nio-8089-exec-32] org.apache.catalina.core.ApplicationContext.log Manager: list: Listing contexts for virtual host 'localhost'
25-May-2018 09:45:26.292 INFO [http-nio-8089-exec-27] org.apache.catalina.core.ApplicationContext.log Manager: restart: Reloading web application '/'
25-May-2018 09:51:23.398 INFO [http-nio-8089-exec-40] org.apache.catalina.core.ApplicationContext.log Manager: list: Listing contexts for virtual host 'localhost'
25-May-2018 09:51:23.420 INFO [http-nio-8089-exec-41] org.apache.catalina.core.ApplicationContext.log Manager: restart: Reloading web application '/'
25-May-2018 09:51:39.276 INFO [http-nio-8089-exec-39] org.apache.catalina.core.ApplicationContext.log Manager: list: Listing contexts for virtual host 'localhost'
25-May-2018 09:51:39.294 INFO [http-nio-8089-exec-35] org.apache.catalina.core.ApplicationContext.log Manager: restart: Reloading web application '/'
25-May-2018 09:52:23.811 INFO [http-nio-8089-exec-39] org.apache.catalina.core.ApplicationContext.log Manager: list: Listing contexts for virtual host 'localhost'
25-May-2018 09:52:23.821 INFO [http-nio-8089-exec-45] org.apache.catalina.core.ApplicationContext.log Manager: list: Listing contexts for virtual host 'localhost'
25-May-2018 09:52:24.293 INFO [http-nio-8089-exec-38] org.apache.catalina.core.ApplicationContext.log Manager: stop: Stopping web application '/'
25-May-2018 09:52:24.328 INFO [http-nio-8089-exec-38] org.apache.catalina.core.ApplicationContext.log Manager: start: Starting web application '/'
25-May-2018 10:02:46.397 INFO [http-nio-8089-exec-54] org.apache.catalina.core.ApplicationContext.log Manager: list: Listing contexts for virtual host 'localhost'
25-May-2018 10:02:46.430 INFO [http-nio-8089-exec-55] org.apache.catalina.core.ApplicationContext.log Manager: restart: Reloading web application '/'
25-May-2018 10:03:32.397 INFO [http-nio-8089-exec-52] org.apache.catalina.core.ApplicationContext.log Manager: list: Listing contexts for virtual host 'localhost'
25-May-2018 10:03:32.405 INFO [http-nio-8089-exec-59] org.apache.catalina.core.ApplicationContext.log Manager: list: Listing contexts for virtual host 'localhost'
25-May-2018 10:03:32.926 INFO [http-nio-8089-exec-56] org.apache.catalina.core.ApplicationContext.log Manager: stop: Stopping web application '/'
25-May-2018 10:03:32.952 INFO [http-nio-8089-exec-50] org.apache.catalina.core.ApplicationContext.log Manager: start: Starting web application '/'
25-May-2018 10:14:32.365 INFO [http-nio-8089-exec-66] org.apache.catalina.core.ApplicationContext.log Manager: list: Listing contexts for virtual host 'localhost'
25-May-2018 10:14:32.391 INFO [http-nio-8089-exec-65] org.apache.catalina.core.ApplicationContext.log Manager: restart: Reloading web application '/'
25-May-2018 10:15:35.742 INFO [http-nio-8089-exec-74] org.apache.catalina.core.ApplicationContext.log Manager: list: Listing contexts for virtual host 'localhost'
25-May-2018 10:16:05.817 INFO [http-nio-8089-exec-74] org.apache.catalina.core.ApplicationContext.log Manager: list: Listing contexts for virtual host 'localhost'
25-May-2018 10:16:58.953 INFO [http-nio-8089-exec-74] org.apache.catalina.core.ApplicationContext.log Manager: list: Listing contexts for virtual host 'localhost'
25-May-2018 10:16:58.987 INFO [http-nio-8089-exec-63] org.apache.catalina.core.ApplicationContext.log Manager: restart: Reloading web application '/'
25-May-2018 10:17:16.183 INFO [http-nio-8089-exec-64] org.apache.catalina.core.ApplicationContext.log Manager: list: Listing contexts for virtual host 'localhost'
25-May-2018 10:17:16.208 INFO [http-nio-8089-exec-76] org.apache.catalina.core.ApplicationContext.log Manager: restart: Reloading web application '/'
25-May-2018 10:19:54.213 INFO [http-nio-8089-exec-64] org.apache.catalina.core.ApplicationContext.log Manager: list: Listing contexts for virtual host 'localhost'
25-May-2018 10:19:54.367 INFO [http-nio-8089-exec-72] org.apache.catalina.core.ApplicationContext.log Manager: restart: Reloading web application '/'
25-May-2018 10:20:17.951 INFO [http-nio-8089-exec-88] org.apache.catalina.core.ApplicationContext.log Manager: list: Listing contexts for virtual host 'localhost'
25-May-2018 10:20:17.974 INFO [http-nio-8089-exec-87] org.apache.catalina.core.ApplicationContext.log Manager: restart: Reloading web application '/'
25-May-2018 10:20:34.107 INFO [http-nio-8089-exec-88] org.apache.catalina.core.ApplicationContext.log Manager: list: Listing contexts for virtual host 'localhost'
25-May-2018 10:20:34.123 INFO [http-nio-8089-exec-89] org.apache.catalina.core.ApplicationContext.log Manager: restart: Reloading web application '/'
25-May-2018 10:20:52.165 INFO [http-nio-8089-exec-88] org.apache.catalina.core.ApplicationContext.log Manager: list: Listing contexts for virtual host 'localhost'
25-May-2018 10:20:52.210 INFO [http-nio-8089-exec-92] org.apache.catalina.core.ApplicationContext.log Manager: restart: Reloading web application '/'
25-May-2018 10:21:09.666 INFO [http-nio-8089-exec-93] org.apache.catalina.core.ApplicationContext.log Manager: list: Listing contexts for virtual host 'localhost'
25-May-2018 10:21:09.685 INFO [http-nio-8089-exec-91] org.apache.catalina.core.ApplicationContext.log Manager: restart: Reloading web application '/'
25-May-2018 10:22:11.284 INFO [http-nio-8089-exec-82] org.apache.catalina.core.ApplicationContext.log Manager: list: Listing contexts for virtual host 'localhost'
25-May-2018 10:22:11.308 INFO [http-nio-8089-exec-84] org.apache.catalina.core.ApplicationContext.log Manager: restart: Reloading web application '/'
25-May-2018 10:22:45.059 INFO [http-nio-8089-exec-99] org.apache.catalina.core.ApplicationContext.log Manager: list: Listing contexts for virtual host 'localhost'
25-May-2018 10:22:45.095 INFO [http-nio-8089-exec-98] org.apache.catalina.core.ApplicationContext.log Manager: restart: Reloading web application '/'
25-May-2018 10:25:57.083 INFO [http-nio-8089-exec-109] org.apache.catalina.core.ApplicationContext.log Manager: list: Listing contexts for virtual host 'localhost'
25-May-2018 10:25:57.094 INFO [http-nio-8089-exec-110] org.apache.catalina.core.ApplicationContext.log Manager: list: Listing contexts for virtual host 'localhost'
25-May-2018 10:25:57.743 INFO [http-nio-8089-exec-106] org.apache.catalina.core.ApplicationContext.log Manager: restart: Reloading web application '/'
