15-Oct-2016 02:22:07.368 INFO [http-nio-1022-exec-8] org.apache.catalina.core.ApplicationContext.log Manager: init: Associated with Deployer 'Catalina:type=Deployer,host=localhost'
15-Oct-2016 02:22:07.368 INFO [http-nio-1022-exec-8] org.apache.catalina.core.ApplicationContext.log Manager: init: Global resources are available
15-Oct-2016 02:22:07.368 INFO [http-nio-1022-exec-8] org.apache.catalina.core.ApplicationContext.log Manager: list: Listing contexts for virtual host 'localhost'
15-Oct-2016 02:22:07.400 INFO [http-nio-1022-exec-6] org.apache.catalina.core.ApplicationContext.log Manager: list: Listing contexts for virtual host 'localhost'
15-Oct-2016 02:22:07.478 INFO [http-nio-1022-exec-10] org.apache.catalina.core.ApplicationContext.log Manager: undeploy: Undeploying web application at '/SGEM_with_data_base'
15-Oct-2016 02:22:08.322 INFO [http-nio-1022-exec-7] org.apache.catalina.core.ApplicationContext.log Manager: install: Installing context configuration at 'file:/C:/Users/Migueljr/AppData/Local/Temp/context7431263581740890958.xml'
15-Oct-2016 02:22:13.587 INFO [http-nio-1022-exec-11] org.apache.catalina.core.ApplicationContext.log Manager: list: Listing contexts for virtual host 'localhost'
15-Oct-2016 02:22:13.587 INFO [http-nio-1022-exec-12] org.apache.catalina.core.ApplicationContext.log Manager: list: Listing contexts for virtual host 'localhost'
15-Oct-2016 02:22:15.764 INFO [http-nio-1022-exec-4] org.apache.catalina.core.ApplicationContext.log Manager: undeploy: Undeploying web application at '/SGEM_with_data_base'
15-Oct-2016 02:22:16.284 INFO [http-nio-1022-exec-13] org.apache.catalina.core.ApplicationContext.log Manager: start: Starting web application '/SGEM_with_data_base'
15-Oct-2016 02:22:16.300 INFO [http-nio-1022-exec-12] org.apache.catalina.core.ApplicationContext.log Manager: install: Installing context configuration at 'file:/C:/Users/Migueljr/AppData/Local/Temp/context2634488340593952006.xml'
15-Oct-2016 02:22:22.264 INFO [http-nio-1022-exec-2] org.apache.catalina.core.ApplicationContext.log Manager: start: Starting web application '/SGEM_with_data_base'
15-Oct-2016 02:23:11.271 INFO [http-nio-1022-exec-9] org.apache.catalina.core.ApplicationContext.log Manager: list: Listing contexts for virtual host 'localhost'
15-Oct-2016 02:25:29.633 INFO [http-nio-1022-exec-20] org.apache.catalina.core.ApplicationContext.log Manager: list: Listing contexts for virtual host 'localhost'
15-Oct-2016 02:27:02.207 INFO [http-nio-1022-exec-15] org.apache.catalina.core.ApplicationContext.log Manager: list: Listing contexts for virtual host 'localhost'
15-Oct-2016 02:28:47.669 INFO [http-nio-1022-exec-23] org.apache.catalina.core.ApplicationContext.log Manager: list: Listing contexts for virtual host 'localhost'
15-Oct-2016 02:29:06.974 INFO [http-nio-1022-exec-23] org.apache.catalina.core.ApplicationContext.log Manager: list: Listing contexts for virtual host 'localhost'
15-Oct-2016 02:29:21.668 INFO [http-nio-1022-exec-18] org.apache.catalina.core.ApplicationContext.log Manager: list: Listing contexts for virtual host 'localhost'
15-Oct-2016 02:29:45.484 INFO [http-nio-1022-exec-14] org.apache.catalina.core.ApplicationContext.log Manager: list: Listing contexts for virtual host 'localhost'
15-Oct-2016 02:29:58.606 INFO [http-nio-1022-exec-21] org.apache.catalina.core.ApplicationContext.log Manager: list: Listing contexts for virtual host 'localhost'
15-Oct-2016 02:30:07.670 INFO [http-nio-1022-exec-14] org.apache.catalina.core.ApplicationContext.log Manager: list: Listing contexts for virtual host 'localhost'
15-Oct-2016 02:30:18.280 INFO [http-nio-1022-exec-22] org.apache.catalina.core.ApplicationContext.log Manager: list: Listing contexts for virtual host 'localhost'
15-Oct-2016 02:30:28.698 INFO [http-nio-1022-exec-19] org.apache.catalina.core.ApplicationContext.log Manager: list: Listing contexts for virtual host 'localhost'
15-Oct-2016 02:30:41.413 INFO [http-nio-1022-exec-22] org.apache.catalina.core.ApplicationContext.log Manager: list: Listing contexts for virtual host 'localhost'
15-Oct-2016 02:31:01.745 INFO [http-nio-1022-exec-21] org.apache.catalina.core.ApplicationContext.log Manager: list: Listing contexts for virtual host 'localhost'
15-Oct-2016 02:32:14.952 INFO [http-nio-1022-exec-16] org.apache.catalina.core.ApplicationContext.log Manager: list: Listing contexts for virtual host 'localhost'
15-Oct-2016 02:32:38.643 INFO [http-nio-1022-exec-20] org.apache.catalina.core.ApplicationContext.log Manager: list: Listing contexts for virtual host 'localhost'
15-Oct-2016 02:32:50.689 INFO [http-nio-1022-exec-22] org.apache.catalina.core.ApplicationContext.log Manager: list: Listing contexts for virtual host 'localhost'
15-Oct-2016 02:33:32.356 INFO [http-nio-1022-exec-23] org.apache.catalina.core.ApplicationContext.log Manager: list: Listing contexts for virtual host 'localhost'
15-Oct-2016 02:33:44.372 INFO [http-nio-1022-exec-14] org.apache.catalina.core.ApplicationContext.log Manager: list: Listing contexts for virtual host 'localhost'
15-Oct-2016 02:34:48.553 INFO [http-nio-1022-exec-17] org.apache.catalina.core.ApplicationContext.log Manager: list: Listing contexts for virtual host 'localhost'
15-Oct-2016 02:34:58.397 INFO [http-nio-1022-exec-19] org.apache.catalina.core.ApplicationContext.log Manager: list: Listing contexts for virtual host 'localhost'
15-Oct-2016 02:35:36.014 INFO [http-nio-1022-exec-22] org.apache.catalina.core.ApplicationContext.log Manager: list: Listing contexts for virtual host 'localhost'
15-Oct-2016 02:35:59.208 INFO [http-nio-1022-exec-19] org.apache.catalina.core.ApplicationContext.log Manager: list: Listing contexts for virtual host 'localhost'
15-Oct-2016 02:36:09.423 INFO [http-nio-1022-exec-16] org.apache.catalina.core.ApplicationContext.log Manager: list: Listing contexts for virtual host 'localhost'
15-Oct-2016 02:36:17.201 INFO [http-nio-1022-exec-15] org.apache.catalina.core.ApplicationContext.log Manager: list: Listing contexts for virtual host 'localhost'
15-Oct-2016 02:36:34.287 INFO [http-nio-1022-exec-20] org.apache.catalina.core.ApplicationContext.log Manager: list: Listing contexts for virtual host 'localhost'
15-Oct-2016 02:36:47.872 INFO [http-nio-1022-exec-18] org.apache.catalina.core.ApplicationContext.log Manager: list: Listing contexts for virtual host 'localhost'
15-Oct-2016 02:37:21.683 INFO [http-nio-1022-exec-23] org.apache.catalina.core.ApplicationContext.log Manager: list: Listing contexts for virtual host 'localhost'
15-Oct-2016 02:38:05.510 INFO [http-nio-1022-exec-14] org.apache.catalina.core.ApplicationContext.log Manager: list: Listing contexts for virtual host 'localhost'
15-Oct-2016 02:39:22.023 INFO [http-nio-1022-exec-18] org.apache.catalina.core.ApplicationContext.log Manager: list: Listing contexts for virtual host 'localhost'
15-Oct-2016 02:40:05.520 INFO [http-nio-1022-exec-23] org.apache.catalina.core.ApplicationContext.log Manager: list: Listing contexts for virtual host 'localhost'
15-Oct-2016 02:41:56.684 INFO [http-nio-1022-exec-16] org.apache.catalina.core.ApplicationContext.log Manager: list: Listing contexts for virtual host 'localhost'
15-Oct-2016 02:42:23.271 INFO [http-nio-1022-exec-23] org.apache.catalina.core.ApplicationContext.log Manager: list: Listing contexts for virtual host 'localhost'
15-Oct-2016 02:42:36.115 INFO [http-nio-1022-exec-19] org.apache.catalina.core.ApplicationContext.log Manager: list: Listing contexts for virtual host 'localhost'
15-Oct-2016 02:42:50.188 INFO [http-nio-1022-exec-14] org.apache.catalina.core.ApplicationContext.log Manager: list: Listing contexts for virtual host 'localhost'
15-Oct-2016 02:43:15.740 INFO [http-nio-1022-exec-17] org.apache.catalina.core.ApplicationContext.log Manager: list: Listing contexts for virtual host 'localhost'
15-Oct-2016 02:43:29.563 INFO [http-nio-1022-exec-16] org.apache.catalina.core.ApplicationContext.log Manager: list: Listing contexts for virtual host 'localhost'
15-Oct-2016 02:43:44.523 INFO [http-nio-1022-exec-22] org.apache.catalina.core.ApplicationContext.log Manager: list: Listing contexts for virtual host 'localhost'
15-Oct-2016 02:44:02.090 INFO [http-nio-1022-exec-20] org.apache.catalina.core.ApplicationContext.log Manager: list: Listing contexts for virtual host 'localhost'
15-Oct-2016 02:44:49.461 INFO [http-nio-1022-exec-18] org.apache.catalina.core.ApplicationContext.log Manager: list: Listing contexts for virtual host 'localhost'
15-Oct-2016 02:44:58.539 INFO [http-nio-1022-exec-19] org.apache.catalina.core.ApplicationContext.log Manager: list: Listing contexts for virtual host 'localhost'
15-Oct-2016 02:45:37.018 INFO [http-nio-1022-exec-16] org.apache.catalina.core.ApplicationContext.log Manager: list: Listing contexts for virtual host 'localhost'
15-Oct-2016 02:45:50.759 INFO [http-nio-1022-exec-23] org.apache.catalina.core.ApplicationContext.log Manager: list: Listing contexts for virtual host 'localhost'
15-Oct-2016 02:46:30.223 INFO [http-nio-1022-exec-21] org.apache.catalina.core.ApplicationContext.log Manager: list: Listing contexts for virtual host 'localhost'
15-Oct-2016 02:47:04.308 INFO [http-nio-1022-exec-14] org.apache.catalina.core.ApplicationContext.log Manager: list: Listing contexts for virtual host 'localhost'
15-Oct-2016 02:47:54.336 INFO [http-nio-1022-exec-15] org.apache.catalina.core.ApplicationContext.log Manager: list: Listing contexts for virtual host 'localhost'
15-Oct-2016 02:48:14.032 INFO [http-nio-1022-exec-16] org.apache.catalina.core.ApplicationContext.log Manager: list: Listing contexts for virtual host 'localhost'
15-Oct-2016 02:48:36.557 INFO [http-nio-1022-exec-23] org.apache.catalina.core.ApplicationContext.log Manager: list: Listing contexts for virtual host 'localhost'
15-Oct-2016 02:48:57.700 INFO [http-nio-1022-exec-20] org.apache.catalina.core.ApplicationContext.log Manager: list: Listing contexts for virtual host 'localhost'
15-Oct-2016 02:49:39.690 INFO [http-nio-1022-exec-14] org.apache.catalina.core.ApplicationContext.log Manager: list: Listing contexts for virtual host 'localhost'
15-Oct-2016 02:50:16.961 INFO [http-nio-1022-exec-19] org.apache.catalina.core.ApplicationContext.log Manager: list: Listing contexts for virtual host 'localhost'
15-Oct-2016 02:50:18.962 INFO [http-nio-1022-exec-17] org.apache.catalina.core.ApplicationContext.log Manager: list: Listing contexts for virtual host 'localhost'
15-Oct-2016 02:50:52.216 INFO [http-nio-1022-exec-22] org.apache.catalina.core.ApplicationContext.log Manager: list: Listing contexts for virtual host 'localhost'
15-Oct-2016 02:51:05.870 INFO [http-nio-1022-exec-17] org.apache.catalina.core.ApplicationContext.log Manager: list: Listing contexts for virtual host 'localhost'
15-Oct-2016 02:51:29.981 INFO [http-nio-1022-exec-16] org.apache.catalina.core.ApplicationContext.log Manager: list: Listing contexts for virtual host 'localhost'
15-Oct-2016 02:52:05.318 INFO [http-nio-1022-exec-23] org.apache.catalina.core.ApplicationContext.log Manager: list: Listing contexts for virtual host 'localhost'
15-Oct-2016 02:52:21.100 INFO [http-nio-1022-exec-21] org.apache.catalina.core.ApplicationContext.log Manager: list: Listing contexts for virtual host 'localhost'
15-Oct-2016 02:52:39.231 INFO [http-nio-1022-exec-23] org.apache.catalina.core.ApplicationContext.log Manager: list: Listing contexts for virtual host 'localhost'
15-Oct-2016 02:52:51.931 INFO [http-nio-1022-exec-19] org.apache.catalina.core.ApplicationContext.log Manager: list: Listing contexts for virtual host 'localhost'
15-Oct-2016 02:53:41.469 INFO [http-nio-1022-exec-21] org.apache.catalina.core.ApplicationContext.log Manager: list: Listing contexts for virtual host 'localhost'
15-Oct-2016 02:53:57.662 INFO [http-nio-1022-exec-23] org.apache.catalina.core.ApplicationContext.log Manager: list: Listing contexts for virtual host 'localhost'
15-Oct-2016 02:54:12.414 INFO [http-nio-1022-exec-15] org.apache.catalina.core.ApplicationContext.log Manager: list: Listing contexts for virtual host 'localhost'
15-Oct-2016 02:54:22.227 INFO [http-nio-1022-exec-14] org.apache.catalina.core.ApplicationContext.log Manager: list: Listing contexts for virtual host 'localhost'
15-Oct-2016 02:54:42.441 INFO [http-nio-1022-exec-15] org.apache.catalina.core.ApplicationContext.log Manager: list: Listing contexts for virtual host 'localhost'
15-Oct-2016 02:55:31.716 INFO [http-nio-1022-exec-19] org.apache.catalina.core.ApplicationContext.log Manager: list: Listing contexts for virtual host 'localhost'
15-Oct-2016 02:56:04.354 INFO [http-nio-1022-exec-22] org.apache.catalina.core.ApplicationContext.log Manager: list: Listing contexts for virtual host 'localhost'
15-Oct-2016 02:57:10.586 INFO [http-nio-1022-exec-21] org.apache.catalina.core.ApplicationContext.log Manager: list: Listing contexts for virtual host 'localhost'
15-Oct-2016 02:57:46.398 INFO [http-nio-1022-exec-14] org.apache.catalina.core.ApplicationContext.log Manager: list: Listing contexts for virtual host 'localhost'
15-Oct-2016 02:58:04.056 INFO [http-nio-1022-exec-15] org.apache.catalina.core.ApplicationContext.log Manager: list: Listing contexts for virtual host 'localhost'
15-Oct-2016 02:58:11.223 INFO [http-nio-1022-exec-19] org.apache.catalina.core.ApplicationContext.log Manager: list: Listing contexts for virtual host 'localhost'
15-Oct-2016 02:58:18.914 INFO [http-nio-1022-exec-22] org.apache.catalina.core.ApplicationContext.log Manager: list: Listing contexts for virtual host 'localhost'
15-Oct-2016 02:58:27.240 INFO [http-nio-1022-exec-21] org.apache.catalina.core.ApplicationContext.log Manager: list: Listing contexts for virtual host 'localhost'
15-Oct-2016 02:58:36.854 INFO [http-nio-1022-exec-22] org.apache.catalina.core.ApplicationContext.log Manager: list: Listing contexts for virtual host 'localhost'
15-Oct-2016 02:59:13.308 INFO [http-nio-1022-exec-21] org.apache.catalina.core.ApplicationContext.log Manager: list: Listing contexts for virtual host 'localhost'
15-Oct-2016 03:00:29.396 INFO [http-nio-1022-exec-19] org.apache.catalina.core.ApplicationContext.log Manager: list: Listing contexts for virtual host 'localhost'
15-Oct-2016 03:01:02.045 INFO [http-nio-1022-exec-21] org.apache.catalina.core.ApplicationContext.log Manager: list: Listing contexts for virtual host 'localhost'
15-Oct-2016 03:01:29.494 INFO [http-nio-1022-exec-17] org.apache.catalina.core.ApplicationContext.log Manager: list: Listing contexts for virtual host 'localhost'
15-Oct-2016 03:02:32.963 INFO [http-nio-1022-exec-16] org.apache.catalina.core.ApplicationContext.log Manager: list: Listing contexts for virtual host 'localhost'
15-Oct-2016 03:02:44.574 INFO [http-nio-1022-exec-18] org.apache.catalina.core.ApplicationContext.log Manager: list: Listing contexts for virtual host 'localhost'
15-Oct-2016 03:02:54.804 INFO [http-nio-1022-exec-14] org.apache.catalina.core.ApplicationContext.log Manager: list: Listing contexts for virtual host 'localhost'
15-Oct-2016 03:03:29.740 INFO [http-nio-1022-exec-21] org.apache.catalina.core.ApplicationContext.log Manager: list: Listing contexts for virtual host 'localhost'
15-Oct-2016 03:03:44.510 INFO [http-nio-1022-exec-17] org.apache.catalina.core.ApplicationContext.log Manager: list: Listing contexts for virtual host 'localhost'
15-Oct-2016 03:04:25.405 INFO [http-nio-1022-exec-20] org.apache.catalina.core.ApplicationContext.log Manager: list: Listing contexts for virtual host 'localhost'
15-Oct-2016 03:04:38.171 INFO [http-nio-1022-exec-20] org.apache.catalina.core.ApplicationContext.log Manager: list: Listing contexts for virtual host 'localhost'
15-Oct-2016 03:05:06.563 INFO [http-nio-1022-exec-15] org.apache.catalina.core.ApplicationContext.log Manager: list: Listing contexts for virtual host 'localhost'
15-Oct-2016 03:05:32.040 INFO [http-nio-1022-exec-16] org.apache.catalina.core.ApplicationContext.log Manager: list: Listing contexts for virtual host 'localhost'
15-Oct-2016 03:05:58.075 INFO [http-nio-1022-exec-23] org.apache.catalina.core.ApplicationContext.log Manager: list: Listing contexts for virtual host 'localhost'
15-Oct-2016 03:12:00.565 INFO [http-nio-1022-exec-17] org.apache.catalina.core.ApplicationContext.log Manager: list: Listing contexts for virtual host 'localhost'
15-Oct-2016 03:12:31.124 INFO [http-nio-1022-exec-16] org.apache.catalina.core.ApplicationContext.log Manager: list: Listing contexts for virtual host 'localhost'
15-Oct-2016 03:12:50.917 INFO [http-nio-1022-exec-17] org.apache.catalina.core.ApplicationContext.log Manager: list: Listing contexts for virtual host 'localhost'
15-Oct-2016 03:12:50.917 INFO [http-nio-1022-exec-19] org.apache.catalina.core.ApplicationContext.log Manager: list: Listing contexts for virtual host 'localhost'
15-Oct-2016 03:13:44.971 INFO [http-nio-1022-exec-16] org.apache.catalina.core.ApplicationContext.log Manager: list: Listing contexts for virtual host 'localhost'
15-Oct-2016 03:13:48.673 INFO [http-nio-1022-exec-17] org.apache.catalina.core.ApplicationContext.log Manager: list: Listing contexts for virtual host 'localhost'
15-Oct-2016 03:13:48.689 INFO [http-nio-1022-exec-19] org.apache.catalina.core.ApplicationContext.log Manager: list: Listing contexts for virtual host 'localhost'
15-Oct-2016 03:14:28.823 INFO [http-nio-1022-exec-17] org.apache.catalina.core.ApplicationContext.log Manager: list: Listing contexts for virtual host 'localhost'
15-Oct-2016 03:14:42.387 INFO [http-nio-1022-exec-19] org.apache.catalina.core.ApplicationContext.log Manager: list: Listing contexts for virtual host 'localhost'
15-Oct-2016 03:14:42.387 INFO [http-nio-1022-exec-18] org.apache.catalina.core.ApplicationContext.log Manager: list: Listing contexts for virtual host 'localhost'
15-Oct-2016 03:15:52.247 INFO [http-nio-1022-exec-18] org.apache.catalina.core.ApplicationContext.log Manager: list: Listing contexts for virtual host 'localhost'
15-Oct-2016 03:17:03.905 INFO [http-nio-1022-exec-19] org.apache.catalina.core.ApplicationContext.log Manager: list: Listing contexts for virtual host 'localhost'
15-Oct-2016 03:18:09.092 INFO [http-nio-1022-exec-22] org.apache.catalina.core.ApplicationContext.log Manager: list: Listing contexts for virtual host 'localhost'
15-Oct-2016 03:18:37.722 INFO [http-nio-1022-exec-22] org.apache.catalina.core.ApplicationContext.log Manager: list: Listing contexts for virtual host 'localhost'
15-Oct-2016 03:18:44.551 INFO [http-nio-1022-exec-17] org.apache.catalina.core.ApplicationContext.log Manager: list: Listing contexts for virtual host 'localhost'
15-Oct-2016 03:19:00.198 INFO [http-nio-1022-exec-14] org.apache.catalina.core.ApplicationContext.log Manager: list: Listing contexts for virtual host 'localhost'
15-Oct-2016 03:19:10.369 INFO [http-nio-1022-exec-23] org.apache.catalina.core.ApplicationContext.log Manager: list: Listing contexts for virtual host 'localhost'
15-Oct-2016 03:19:23.975 INFO [http-nio-1022-exec-16] org.apache.catalina.core.ApplicationContext.log Manager: list: Listing contexts for virtual host 'localhost'
15-Oct-2016 03:23:34.621 INFO [http-nio-1022-exec-16] org.apache.catalina.core.ApplicationContext.log Manager: list: Listing contexts for virtual host 'localhost'
15-Oct-2016 03:23:37.778 INFO [http-nio-1022-exec-20] org.apache.catalina.core.ApplicationContext.log Manager: list: Listing contexts for virtual host 'localhost'
15-Oct-2016 03:23:37.793 INFO [http-nio-1022-exec-23] org.apache.catalina.core.ApplicationContext.log Manager: list: Listing contexts for virtual host 'localhost'
15-Oct-2016 03:26:51.718 INFO [http-nio-1022-exec-20] org.apache.catalina.core.ApplicationContext.log Manager: list: Listing contexts for virtual host 'localhost'
15-Oct-2016 03:26:54.539 INFO [http-nio-1022-exec-23] org.apache.catalina.core.ApplicationContext.log Manager: list: Listing contexts for virtual host 'localhost'
15-Oct-2016 03:26:54.554 INFO [http-nio-1022-exec-19] org.apache.catalina.core.ApplicationContext.log Manager: list: Listing contexts for virtual host 'localhost'
15-Oct-2016 03:27:43.362 INFO [http-nio-1022-exec-23] org.apache.catalina.core.ApplicationContext.log Manager: list: Listing contexts for virtual host 'localhost'
15-Oct-2016 03:29:31.231 INFO [http-nio-1022-exec-18] org.apache.catalina.core.ApplicationContext.log Manager: list: Listing contexts for virtual host 'localhost'
15-Oct-2016 03:29:50.291 INFO [http-nio-1022-exec-21] org.apache.catalina.core.ApplicationContext.log Manager: list: Listing contexts for virtual host 'localhost'
15-Oct-2016 03:30:05.980 INFO [http-nio-1022-exec-16] org.apache.catalina.core.ApplicationContext.log Manager: list: Listing contexts for virtual host 'localhost'
15-Oct-2016 03:30:19.734 INFO [http-nio-1022-exec-17] org.apache.catalina.core.ApplicationContext.log Manager: list: Listing contexts for virtual host 'localhost'
15-Oct-2016 03:30:46.684 INFO [http-nio-1022-exec-23] org.apache.catalina.core.ApplicationContext.log Manager: list: Listing contexts for virtual host 'localhost'
15-Oct-2016 03:31:09.679 INFO [http-nio-1022-exec-18] org.apache.catalina.core.ApplicationContext.log Manager: list: Listing contexts for virtual host 'localhost'
15-Oct-2016 03:31:21.363 INFO [http-nio-1022-exec-14] org.apache.catalina.core.ApplicationContext.log Manager: list: Listing contexts for virtual host 'localhost'
15-Oct-2016 03:32:26.303 INFO [http-nio-1022-exec-20] org.apache.catalina.core.ApplicationContext.log Manager: list: Listing contexts for virtual host 'localhost'
15-Oct-2016 03:32:56.150 INFO [http-nio-1022-exec-17] org.apache.catalina.core.ApplicationContext.log Manager: list: Listing contexts for virtual host 'localhost'
15-Oct-2016 03:33:13.121 INFO [http-nio-1022-exec-19] org.apache.catalina.core.ApplicationContext.log Manager: list: Listing contexts for virtual host 'localhost'
15-Oct-2016 03:33:25.505 INFO [http-nio-1022-exec-16] org.apache.catalina.core.ApplicationContext.log Manager: list: Listing contexts for virtual host 'localhost'
15-Oct-2016 03:33:39.329 INFO [http-nio-1022-exec-19] org.apache.catalina.core.ApplicationContext.log Manager: list: Listing contexts for virtual host 'localhost'
15-Oct-2016 03:34:04.129 INFO [http-nio-1022-exec-21] org.apache.catalina.core.ApplicationContext.log Manager: list: Listing contexts for virtual host 'localhost'
15-Oct-2016 03:34:25.954 INFO [http-nio-1022-exec-15] org.apache.catalina.core.ApplicationContext.log Manager: list: Listing contexts for virtual host 'localhost'
15-Oct-2016 03:34:42.552 INFO [http-nio-1022-exec-14] org.apache.catalina.core.ApplicationContext.log Manager: list: Listing contexts for virtual host 'localhost'
15-Oct-2016 03:37:33.799 INFO [http-nio-1022-exec-16] org.apache.catalina.core.ApplicationContext.log Manager: list: Listing contexts for virtual host 'localhost'
15-Oct-2016 03:40:03.229 INFO [http-nio-1022-exec-17] org.apache.catalina.core.ApplicationContext.log Manager: list: Listing contexts for virtual host 'localhost'
15-Oct-2016 03:40:06.534 INFO [http-nio-1022-exec-16] org.apache.catalina.core.ApplicationContext.log Manager: list: Listing contexts for virtual host 'localhost'
15-Oct-2016 03:40:06.534 INFO [http-nio-1022-exec-18] org.apache.catalina.core.ApplicationContext.log Manager: list: Listing contexts for virtual host 'localhost'
15-Oct-2016 03:41:34.674 INFO [http-nio-1022-exec-16] org.apache.catalina.core.ApplicationContext.log Manager: list: Listing contexts for virtual host 'localhost'
15-Oct-2016 03:42:21.569 INFO [http-nio-1022-exec-18] org.apache.catalina.core.ApplicationContext.log Manager: list: Listing contexts for virtual host 'localhost'
15-Oct-2016 03:42:41.801 INFO [http-nio-1022-exec-19] org.apache.catalina.core.ApplicationContext.log Manager: list: Listing contexts for virtual host 'localhost'
15-Oct-2016 03:42:51.470 INFO [http-nio-1022-exec-21] org.apache.catalina.core.ApplicationContext.log Manager: list: Listing contexts for virtual host 'localhost'
