28-Sep-2016 00:33:00.945 INFO [http-nio-8085-exec-64] org.apache.catalina.core.ApplicationContext.log Manager: list: Listing contexts for virtual host 'localhost'
28-Sep-2016 00:33:00.965 INFO [http-nio-8085-exec-65] org.apache.catalina.core.ApplicationContext.log Manager: restart: Reloading web application '/SGEM_with_data_base'
28-Sep-2016 00:33:09.144 INFO [http-nio-8085-exec-63] org.apache.catalina.core.ApplicationContext.log Manager: list: Listing contexts for virtual host 'localhost'
28-Sep-2016 00:33:09.164 INFO [http-nio-8085-exec-66] org.apache.catalina.core.ApplicationContext.log Manager: restart: Reloading web application '/SGEM_with_data_base'
28-Sep-2016 00:36:35.234 INFO [http-nio-8085-exec-64] org.apache.catalina.core.ApplicationContext.log Manager: list: Listing contexts for virtual host 'localhost'
28-Sep-2016 00:36:37.191 INFO [http-nio-8085-exec-72] org.apache.catalina.core.ApplicationContext.log Manager: list: Listing contexts for virtual host 'localhost'
28-Sep-2016 00:36:37.206 INFO [http-nio-8085-exec-73] org.apache.catalina.core.ApplicationContext.log Manager: restart: Reloading web application '/SGEM_with_data_base'
28-Sep-2016 00:39:26.431 INFO [http-nio-8085-exec-72] org.apache.catalina.core.ApplicationContext.log Manager: list: Listing contexts for virtual host 'localhost'
28-Sep-2016 00:39:26.451 INFO [http-nio-8085-exec-71] org.apache.catalina.core.ApplicationContext.log Manager: restart: Reloading web application '/SGEM_with_data_base'
28-Sep-2016 00:46:45.915 INFO [http-nio-8085-exec-88] org.apache.catalina.core.ApplicationContext.log Manager: list: Listing contexts for virtual host 'localhost'
28-Sep-2016 01:02:41.011 INFO [http-nio-8085-exec-87] org.apache.catalina.core.ApplicationContext.log Manager: list: Listing contexts for virtual host 'localhost'
28-Sep-2016 01:02:42.012 INFO [http-nio-8085-exec-84] org.apache.catalina.core.ApplicationContext.log Manager: list: Listing contexts for virtual host 'localhost'
28-Sep-2016 01:02:42.077 INFO [http-nio-8085-exec-85] org.apache.catalina.core.ApplicationContext.log Manager: restart: Reloading web application '/SGEM_with_data_base'
28-Sep-2016 01:02:57.026 INFO [http-nio-8085-exec-83] org.apache.catalina.core.ApplicationContext.log Manager: list: Listing contexts for virtual host 'localhost'
28-Sep-2016 01:02:57.046 INFO [http-nio-8085-exec-92] org.apache.catalina.core.ApplicationContext.log Manager: restart: Reloading web application '/SGEM_with_data_base'
28-Sep-2016 01:03:25.882 INFO [http-nio-8085-exec-93] org.apache.catalina.core.ApplicationContext.log Manager: list: Listing contexts for virtual host 'localhost'
28-Sep-2016 01:03:25.907 INFO [http-nio-8085-exec-94] org.apache.catalina.core.ApplicationContext.log Manager: restart: Reloading web application '/SGEM_with_data_base'
28-Sep-2016 01:03:55.003 INFO [http-nio-8085-exec-93] org.apache.catalina.core.ApplicationContext.log Manager: list: Listing contexts for virtual host 'localhost'
28-Sep-2016 01:03:55.023 INFO [http-nio-8085-exec-96] org.apache.catalina.core.ApplicationContext.log Manager: restart: Reloading web application '/SGEM_with_data_base'
28-Sep-2016 01:04:02.024 INFO [http-nio-8085-exec-90] org.apache.catalina.core.ApplicationContext.log Manager: list: Listing contexts for virtual host 'localhost'
28-Sep-2016 01:04:02.039 INFO [http-nio-8085-exec-83] org.apache.catalina.core.ApplicationContext.log Manager: restart: Reloading web application '/SGEM_with_data_base'
28-Sep-2016 01:12:45.654 INFO [http-nio-8085-exec-105] org.apache.catalina.core.ApplicationContext.log Manager: list: Listing contexts for virtual host 'localhost'
28-Sep-2016 01:12:45.674 INFO [http-nio-8085-exec-106] org.apache.catalina.core.ApplicationContext.log Manager: restart: Reloading web application '/SGEM_with_data_base'
28-Sep-2016 01:13:21.384 INFO [http-nio-8085-exec-101] org.apache.catalina.core.ApplicationContext.log Manager: list: Listing contexts for virtual host 'localhost'
28-Sep-2016 01:13:21.404 INFO [http-nio-8085-exec-109] org.apache.catalina.core.ApplicationContext.log Manager: restart: Reloading web application '/SGEM_with_data_base'
28-Sep-2016 01:24:20.123 INFO [http-nio-8085-exec-117] org.apache.catalina.core.ApplicationContext.log Manager: list: Listing contexts for virtual host 'localhost'
28-Sep-2016 01:24:20.158 INFO [http-nio-8085-exec-114] org.apache.catalina.core.ApplicationContext.log Manager: list: Listing contexts for virtual host 'localhost'
28-Sep-2016 01:24:20.173 INFO [http-nio-8085-exec-115] org.apache.catalina.core.ApplicationContext.log Manager: restart: Reloading web application '/SGEM_with_data_base'
28-Sep-2016 01:24:42.164 INFO [http-nio-8085-exec-119] org.apache.catalina.core.ApplicationContext.log Manager: list: Listing contexts for virtual host 'localhost'
28-Sep-2016 01:24:42.179 INFO [http-nio-8085-exec-121] org.apache.catalina.core.ApplicationContext.log Manager: restart: Reloading web application '/SGEM_with_data_base'
28-Sep-2016 01:35:03.933 INFO [http-nio-8085-exec-129] org.apache.catalina.core.ApplicationContext.log Manager: list: Listing contexts for virtual host 'localhost'
28-Sep-2016 01:53:39.295 INFO [http-nio-8085-exec-123] org.apache.catalina.core.ApplicationContext.log Manager: list: Listing contexts for virtual host 'localhost'
28-Sep-2016 01:53:39.315 INFO [http-nio-8085-exec-125] org.apache.catalina.core.ApplicationContext.log Manager: restart: Reloading web application '/SGEM_with_data_base'
28-Sep-2016 01:55:53.300 INFO [http-nio-8085-exec-123] org.apache.catalina.core.ApplicationContext.log Manager: list: Listing contexts for virtual host 'localhost'
28-Sep-2016 01:55:53.320 INFO [http-nio-8085-exec-127] org.apache.catalina.core.ApplicationContext.log Manager: restart: Reloading web application '/SGEM_with_data_base'
28-Sep-2016 01:57:40.960 INFO [http-nio-8085-exec-133] org.apache.catalina.core.ApplicationContext.log Manager: list: Listing contexts for virtual host 'localhost'
28-Sep-2016 02:00:19.345 INFO [http-nio-8085-exec-128] org.apache.catalina.core.ApplicationContext.log Manager: list: Listing contexts for virtual host 'localhost'
28-Sep-2016 02:00:46.145 INFO [http-nio-8085-exec-145] org.apache.catalina.core.ApplicationContext.log Manager: list: Listing contexts for virtual host 'localhost'
28-Sep-2016 02:01:21.736 INFO [http-nio-8085-exec-146] org.apache.catalina.core.ApplicationContext.log Manager: list: Listing contexts for virtual host 'localhost'
28-Sep-2016 02:03:10.855 INFO [http-nio-8085-exec-140] org.apache.catalina.core.ApplicationContext.log Manager: list: Listing contexts for virtual host 'localhost'
28-Sep-2016 02:04:36.747 INFO [http-nio-8085-exec-142] org.apache.catalina.core.ApplicationContext.log Manager: list: Listing contexts for virtual host 'localhost'
28-Sep-2016 02:18:13.276 INFO [http-nio-8085-exec-148] org.apache.catalina.core.ApplicationContext.log Manager: list: Listing contexts for virtual host 'localhost'
28-Sep-2016 02:18:14.596 INFO [http-nio-8085-exec-146] org.apache.catalina.core.ApplicationContext.log Manager: list: Listing contexts for virtual host 'localhost'
28-Sep-2016 02:18:14.616 INFO [http-nio-8085-exec-147] org.apache.catalina.core.ApplicationContext.log Manager: restart: Reloading web application '/SGEM_with_data_base'
28-Sep-2016 02:33:52.764 INFO [http-nio-8085-exec-155] org.apache.catalina.core.ApplicationContext.log Manager: list: Listing contexts for virtual host 'localhost'
28-Sep-2016 02:33:52.809 INFO [http-nio-8085-exec-156] org.apache.catalina.core.ApplicationContext.log Manager: restart: Reloading web application '/SGEM_with_data_base'
28-Sep-2016 02:34:00.279 INFO [http-nio-8085-exec-157] org.apache.catalina.core.ApplicationContext.log Manager: list: Listing contexts for virtual host 'localhost'
28-Sep-2016 02:34:00.294 INFO [http-nio-8085-exec-155] org.apache.catalina.core.ApplicationContext.log Manager: restart: Reloading web application '/SGEM_with_data_base'
28-Sep-2016 02:34:17.722 INFO [http-nio-8085-exec-149] org.apache.catalina.core.ApplicationContext.log Manager: list: Listing contexts for virtual host 'localhost'
28-Sep-2016 03:40:44.738 INFO [http-nio-8085-exec-7] org.apache.catalina.core.ApplicationContext.log Manager: init: Associated with Deployer 'Catalina:type=Deployer,host=localhost'
28-Sep-2016 03:40:44.738 INFO [http-nio-8085-exec-7] org.apache.catalina.core.ApplicationContext.log Manager: init: Global resources are available
28-Sep-2016 03:40:44.738 INFO [http-nio-8085-exec-7] org.apache.catalina.core.ApplicationContext.log Manager: list: Listing contexts for virtual host 'localhost'
28-Sep-2016 03:40:44.769 INFO [http-nio-8085-exec-9] org.apache.catalina.core.ApplicationContext.log Manager: list: Listing contexts for virtual host 'localhost'
28-Sep-2016 03:40:44.894 INFO [http-nio-8085-exec-8] org.apache.catalina.core.ApplicationContext.log Manager: restart: Reloading web application '/SGEM_with_data_base'
28-Sep-2016 03:44:06.366 INFO [http-nio-8085-exec-17] org.apache.catalina.core.ApplicationContext.log Manager: list: Listing contexts for virtual host 'localhost'
28-Sep-2016 03:44:47.957 INFO [http-nio-8085-exec-16] org.apache.catalina.core.ApplicationContext.log Manager: list: Listing contexts for virtual host 'localhost'
28-Sep-2016 03:44:58.924 INFO [http-nio-8085-exec-15] org.apache.catalina.core.ApplicationContext.log Manager: list: Listing contexts for virtual host 'localhost'
28-Sep-2016 03:45:54.885 INFO [http-nio-8085-exec-13] org.apache.catalina.core.ApplicationContext.log Manager: list: Listing contexts for virtual host 'localhost'
28-Sep-2016 03:47:54.163 INFO [http-nio-8085-exec-14] org.apache.catalina.core.ApplicationContext.log Manager: list: Listing contexts for virtual host 'localhost'
28-Sep-2016 03:48:11.298 INFO [http-nio-8085-exec-12] org.apache.catalina.core.ApplicationContext.log Manager: list: Listing contexts for virtual host 'localhost'
28-Sep-2016 03:51:44.449 INFO [http-nio-8085-exec-20] org.apache.catalina.core.ApplicationContext.log Manager: list: Listing contexts for virtual host 'localhost'
28-Sep-2016 03:51:55.005 INFO [http-nio-8085-exec-12] org.apache.catalina.core.ApplicationContext.log Manager: list: Listing contexts for virtual host 'localhost'
28-Sep-2016 03:54:00.059 INFO [http-nio-8085-exec-14] org.apache.catalina.core.ApplicationContext.log Manager: list: Listing contexts for virtual host 'localhost'
28-Sep-2016 03:54:00.090 INFO [http-nio-8085-exec-13] org.apache.catalina.core.ApplicationContext.log Manager: restart: Reloading web application '/SGEM_with_data_base'
28-Sep-2016 03:54:15.763 INFO [http-nio-8085-exec-11] org.apache.catalina.core.ApplicationContext.log Manager: list: Listing contexts for virtual host 'localhost'
28-Sep-2016 03:54:15.779 INFO [http-nio-8085-exec-19] org.apache.catalina.core.ApplicationContext.log Manager: restart: Reloading web application '/SGEM_with_data_base'
28-Sep-2016 03:54:36.376 INFO [http-nio-8085-exec-16] org.apache.catalina.core.ApplicationContext.log Manager: list: Listing contexts for virtual host 'localhost'
28-Sep-2016 03:54:36.376 INFO [http-nio-8085-exec-11] org.apache.catalina.core.ApplicationContext.log Manager: list: Listing contexts for virtual host 'localhost'
28-Sep-2016 03:54:36.454 INFO [http-nio-8085-exec-26] org.apache.catalina.core.ApplicationContext.log Manager: restart: Reloading web application '/SGEM_with_data_base'
28-Sep-2016 03:57:30.980 INFO [http-nio-8085-exec-14] org.apache.catalina.core.ApplicationContext.log Manager: list: Listing contexts for virtual host 'localhost'
28-Sep-2016 03:57:30.996 INFO [http-nio-8085-exec-25] org.apache.catalina.core.ApplicationContext.log Manager: restart: Reloading web application '/SGEM_with_data_base'
28-Sep-2016 03:58:00.556 INFO [http-nio-8085-exec-33] org.apache.catalina.core.ApplicationContext.log Manager: list: Listing contexts for virtual host 'localhost'
28-Sep-2016 03:58:00.572 INFO [http-nio-8085-exec-35] org.apache.catalina.core.ApplicationContext.log Manager: restart: Reloading web application '/SGEM_with_data_base'
28-Sep-2016 03:58:07.874 INFO [http-nio-8085-exec-23] org.apache.catalina.core.ApplicationContext.log Manager: restart: Reloading web application '/SGEM_with_data_base'
28-Sep-2016 03:58:07.874 SEVERE [http-nio-8085-exec-23] org.apache.catalina.core.ApplicationContext.log Manager: ManagerServlet.reload[/SGEM_with_data_base]
 java.lang.IllegalStateException: Context with name [/SGEM_with_data_base] has not yet been started
	at org.apache.catalina.core.StandardContext.reload(StandardContext.java:3778)
	at org.apache.catalina.manager.ManagerServlet.reload(ManagerServlet.java:984)
	at org.apache.catalina.manager.ManagerServlet.doGet(ManagerServlet.java:345)
	at javax.servlet.http.HttpServlet.service(HttpServlet.java:618)
	at javax.servlet.http.HttpServlet.service(HttpServlet.java:725)
	at org.apache.catalina.core.ApplicationFilterChain.internalDoFilter(ApplicationFilterChain.java:291)
	at org.apache.catalina.core.ApplicationFilterChain.doFilter(ApplicationFilterChain.java:206)
	at org.apache.tomcat.websocket.server.WsFilter.doFilter(WsFilter.java:52)
	at org.apache.catalina.core.ApplicationFilterChain.internalDoFilter(ApplicationFilterChain.java:239)
	at org.apache.catalina.core.ApplicationFilterChain.doFilter(ApplicationFilterChain.java:206)
	at org.apache.catalina.filters.SetCharacterEncodingFilter.doFilter(SetCharacterEncodingFilter.java:108)
	at org.apache.catalina.core.ApplicationFilterChain.internalDoFilter(ApplicationFilterChain.java:239)
	at org.apache.catalina.core.ApplicationFilterChain.doFilter(ApplicationFilterChain.java:206)
	at org.apache.catalina.core.StandardWrapperValve.invoke(StandardWrapperValve.java:219)
	at org.apache.catalina.core.StandardContextValve.invoke(StandardContextValve.java:106)
	at org.apache.catalina.authenticator.AuthenticatorBase.invoke(AuthenticatorBase.java:613)
	at org.apache.catalina.core.StandardHostValve.invoke(StandardHostValve.java:142)
	at org.apache.catalina.valves.ErrorReportValve.invoke(ErrorReportValve.java:79)
	at org.apache.catalina.valves.AbstractAccessLogValve.invoke(AbstractAccessLogValve.java:610)
	at org.apache.catalina.core.StandardEngineValve.invoke(StandardEngineValve.java:88)
	at org.apache.catalina.connector.CoyoteAdapter.service(CoyoteAdapter.java:537)
	at org.apache.coyote.http11.AbstractHttp11Processor.process(AbstractHttp11Processor.java:1085)
	at org.apache.coyote.AbstractProtocol$AbstractConnectionHandler.process(AbstractProtocol.java:658)
	at org.apache.coyote.http11.Http11NioProtocol$Http11ConnectionHandler.process(Http11NioProtocol.java:222)
	at org.apache.tomcat.util.net.NioEndpoint$SocketProcessor.doRun(NioEndpoint.java:1556)
	at org.apache.tomcat.util.net.NioEndpoint$SocketProcessor.run(NioEndpoint.java:1513)
	at java.util.concurrent.ThreadPoolExecutor.runWorker(ThreadPoolExecutor.java:1145)
	at java.util.concurrent.ThreadPoolExecutor$Worker.run(ThreadPoolExecutor.java:615)
	at org.apache.tomcat.util.threads.TaskThread$WrappingRunnable.run(TaskThread.java:61)
	at java.lang.Thread.run(Thread.java:745)

28-Sep-2016 12:27:42.910 INFO [http-nio-9090-exec-5] org.apache.catalina.core.ApplicationContext.log Manager: init: Associated with Deployer 'Catalina:type=Deployer,host=localhost'
28-Sep-2016 12:27:42.910 INFO [http-nio-9090-exec-5] org.apache.catalina.core.ApplicationContext.log Manager: init: Global resources are available
28-Sep-2016 12:27:42.910 INFO [http-nio-9090-exec-5] org.apache.catalina.core.ApplicationContext.log Manager: list: Listing contexts for virtual host 'localhost'
28-Sep-2016 12:45:41.819 INFO [http-nio-9090-exec-3] org.apache.catalina.core.ApplicationContext.log Manager: list: Listing contexts for virtual host 'localhost'
28-Sep-2016 12:45:53.214 INFO [http-nio-9090-exec-2] org.apache.catalina.core.ApplicationContext.log Manager: list: Listing contexts for virtual host 'localhost'
28-Sep-2016 12:45:53.214 INFO [http-nio-9090-exec-3] org.apache.catalina.core.ApplicationContext.log Manager: list: Listing contexts for virtual host 'localhost'
28-Sep-2016 12:45:53.245 INFO [http-nio-9090-exec-6] org.apache.catalina.core.ApplicationContext.log Manager: undeploy: Undeploying web application at '/SGEM_with_data_base'
28-Sep-2016 12:45:53.823 INFO [http-nio-9090-exec-1] org.apache.catalina.core.ApplicationContext.log Manager: install: Installing context configuration at 'file:/C:/Users/Migueljr/AppData/Local/Temp/context4550704260491763578.xml'
28-Sep-2016 12:46:03.828 INFO [http-nio-9090-exec-9] org.apache.catalina.core.ApplicationContext.log Manager: start: Starting web application '/SGEM_with_data_base'
28-Sep-2016 12:48:07.395 INFO [http-nio-9090-exec-3] org.apache.catalina.core.ApplicationContext.log Manager: list: Listing contexts for virtual host 'localhost'
28-Sep-2016 12:48:32.113 INFO [http-nio-9090-exec-16] org.apache.catalina.core.ApplicationContext.log Manager: list: Listing contexts for virtual host 'localhost'
28-Sep-2016 12:48:54.072 INFO [http-nio-9090-exec-18] org.apache.catalina.core.ApplicationContext.log Manager: list: Listing contexts for virtual host 'localhost'
28-Sep-2016 12:50:05.371 INFO [http-nio-9090-exec-19] org.apache.catalina.core.ApplicationContext.log Manager: list: Listing contexts for virtual host 'localhost'
28-Sep-2016 12:50:26.466 INFO [http-nio-9090-exec-11] org.apache.catalina.core.ApplicationContext.log Manager: list: Listing contexts for virtual host 'localhost'
28-Sep-2016 12:50:42.652 INFO [http-nio-9090-exec-12] org.apache.catalina.core.ApplicationContext.log Manager: list: Listing contexts for virtual host 'localhost'
28-Sep-2016 12:51:13.433 INFO [http-nio-9090-exec-17] org.apache.catalina.core.ApplicationContext.log Manager: list: Listing contexts for virtual host 'localhost'
28-Sep-2016 13:09:50.657 INFO [http-nio-9090-exec-18] org.apache.catalina.core.ApplicationContext.log Manager: list: Listing contexts for virtual host 'localhost'
28-Sep-2016 13:09:50.829 INFO [http-nio-9090-exec-16] org.apache.catalina.core.ApplicationContext.log Manager: restart: Reloading web application '/SGEM_with_data_base'
28-Sep-2016 13:10:02.062 INFO [http-nio-9090-exec-20] org.apache.catalina.core.ApplicationContext.log Manager: list: Listing contexts for virtual host 'localhost'
28-Sep-2016 13:10:02.109 INFO [http-nio-9090-exec-12] org.apache.catalina.core.ApplicationContext.log Manager: restart: Reloading web application '/SGEM_with_data_base'
28-Sep-2016 13:13:00.950 INFO [http-nio-9090-exec-18] org.apache.catalina.core.ApplicationContext.log Manager: list: Listing contexts for virtual host 'localhost'
28-Sep-2016 13:13:01.685 INFO [http-nio-9090-exec-27] org.apache.catalina.core.ApplicationContext.log Manager: list: Listing contexts for virtual host 'localhost'
28-Sep-2016 13:13:01.700 INFO [http-nio-9090-exec-21] org.apache.catalina.core.ApplicationContext.log Manager: restart: Reloading web application '/SGEM_with_data_base'
