16-Oct-2016 03:09:01.504 INFO [http-nio-1023-exec-8] org.apache.catalina.core.ApplicationContext.log Manager: init: Associated with Deployer 'Catalina:type=Deployer,host=localhost'
16-Oct-2016 03:09:01.504 INFO [http-nio-1023-exec-8] org.apache.catalina.core.ApplicationContext.log Manager: init: Global resources are available
16-Oct-2016 03:09:01.504 INFO [http-nio-1023-exec-8] org.apache.catalina.core.ApplicationContext.log Manager: list: Listing contexts for virtual host 'localhost'
16-Oct-2016 03:09:01.566 INFO [http-nio-1023-exec-3] org.apache.catalina.core.ApplicationContext.log Manager: list: Listing contexts for virtual host 'localhost'
16-Oct-2016 03:09:01.597 INFO [http-nio-1023-exec-5] org.apache.catalina.core.ApplicationContext.log Manager: undeploy: Undeploying web application at '/SGEM_with_data_base'
16-Oct-2016 03:09:02.238 INFO [http-nio-1023-exec-7] org.apache.catalina.core.ApplicationContext.log Manager: install: Installing context configuration at 'file:/C:/Users/Migueljr/AppData/Local/Temp/context2058561766684681158.xml'
16-Oct-2016 03:09:07.273 INFO [http-nio-1023-exec-2] org.apache.catalina.core.ApplicationContext.log Manager: start: Starting web application '/SGEM_with_data_base'
16-Oct-2016 03:09:23.596 INFO [http-nio-1023-exec-13] org.apache.catalina.core.ApplicationContext.log Manager: list: Listing contexts for virtual host 'localhost'
16-Oct-2016 03:09:23.596 INFO [http-nio-1023-exec-3] org.apache.catalina.core.ApplicationContext.log Manager: list: Listing contexts for virtual host 'localhost'
16-Oct-2016 03:10:03.052 INFO [http-nio-1023-exec-3] org.apache.catalina.core.ApplicationContext.log Manager: list: Listing contexts for virtual host 'localhost'
16-Oct-2016 03:11:08.837 INFO [http-nio-1023-exec-12] org.apache.catalina.core.ApplicationContext.log Manager: list: Listing contexts for virtual host 'localhost'
16-Oct-2016 03:11:17.299 INFO [http-nio-1023-exec-13] org.apache.catalina.core.ApplicationContext.log Manager: list: Listing contexts for virtual host 'localhost'
16-Oct-2016 03:11:17.315 INFO [http-nio-1023-exec-19] org.apache.catalina.core.ApplicationContext.log Manager: list: Listing contexts for virtual host 'localhost'
16-Oct-2016 03:11:41.932 INFO [http-nio-1023-exec-12] org.apache.catalina.core.ApplicationContext.log Manager: list: Listing contexts for virtual host 'localhost'
16-Oct-2016 03:11:47.966 INFO [http-nio-1023-exec-13] org.apache.catalina.core.ApplicationContext.log Manager: list: Listing contexts for virtual host 'localhost'
16-Oct-2016 03:11:47.982 INFO [http-nio-1023-exec-19] org.apache.catalina.core.ApplicationContext.log Manager: list: Listing contexts for virtual host 'localhost'
16-Oct-2016 03:12:20.338 INFO [http-nio-1023-exec-12] org.apache.catalina.core.ApplicationContext.log Manager: list: Listing contexts for virtual host 'localhost'
16-Oct-2016 03:12:27.761 INFO [http-nio-1023-exec-19] org.apache.catalina.core.ApplicationContext.log Manager: list: Listing contexts for virtual host 'localhost'
16-Oct-2016 03:12:27.761 INFO [http-nio-1023-exec-13] org.apache.catalina.core.ApplicationContext.log Manager: list: Listing contexts for virtual host 'localhost'
16-Oct-2016 03:14:21.130 INFO [http-nio-1023-exec-16] org.apache.catalina.core.ApplicationContext.log Manager: list: Listing contexts for virtual host 'localhost'
16-Oct-2016 03:14:24.458 INFO [http-nio-1023-exec-14] org.apache.catalina.core.ApplicationContext.log Manager: list: Listing contexts for virtual host 'localhost'
16-Oct-2016 03:14:24.458 INFO [http-nio-1023-exec-18] org.apache.catalina.core.ApplicationContext.log Manager: list: Listing contexts for virtual host 'localhost'
16-Oct-2016 03:15:13.495 INFO [http-nio-1023-exec-16] org.apache.catalina.core.ApplicationContext.log Manager: list: Listing contexts for virtual host 'localhost'
16-Oct-2016 03:15:26.561 INFO [http-nio-1023-exec-11] org.apache.catalina.core.ApplicationContext.log Manager: list: Listing contexts for virtual host 'localhost'
16-Oct-2016 03:15:30.804 INFO [http-nio-1023-exec-17] org.apache.catalina.core.ApplicationContext.log Manager: list: Listing contexts for virtual host 'localhost'
16-Oct-2016 03:15:30.819 INFO [http-nio-1023-exec-19] org.apache.catalina.core.ApplicationContext.log Manager: list: Listing contexts for virtual host 'localhost'
16-Oct-2016 03:16:38.804 INFO [http-nio-1023-exec-13] org.apache.catalina.core.ApplicationContext.log Manager: list: Listing contexts for virtual host 'localhost'
16-Oct-2016 03:21:49.786 INFO [http-nio-1023-exec-11] org.apache.catalina.core.ApplicationContext.log Manager: list: Listing contexts for virtual host 'localhost'
16-Oct-2016 03:24:51.807 INFO [http-nio-1023-exec-17] org.apache.catalina.core.ApplicationContext.log Manager: list: Listing contexts for virtual host 'localhost'
