05-Nov-2016 11:56:38.404 INFO [http-nio-1019-exec-5] org.apache.catalina.core.ApplicationContext.log Manager: init: Associated with Deployer 'Catalina:type=Deployer,host=localhost'
05-Nov-2016 11:56:38.404 INFO [http-nio-1019-exec-5] org.apache.catalina.core.ApplicationContext.log Manager: init: Global resources are available
05-Nov-2016 11:56:38.404 INFO [http-nio-1019-exec-5] org.apache.catalina.core.ApplicationContext.log Manager: list: Listing contexts for virtual host 'localhost'
05-Nov-2016 11:56:38.498 INFO [http-nio-1019-exec-10] org.apache.catalina.core.ApplicationContext.log Manager: restart: Reloading web application '/SGEM_with_base_de_dados_final'
05-Nov-2016 12:01:27.463 INFO [http-nio-1019-exec-16] org.apache.catalina.core.ApplicationContext.log Manager: list: Listing contexts for virtual host 'localhost'
05-Nov-2016 12:01:27.478 INFO [http-nio-1019-exec-7] org.apache.catalina.core.ApplicationContext.log Manager: restart: Reloading web application '/SGEM_with_base_de_dados_final'
05-Nov-2016 12:08:03.231 INFO [http-nio-1019-exec-32] org.apache.catalina.core.ApplicationContext.log Manager: list: Listing contexts for virtual host 'localhost'
05-Nov-2016 12:08:03.246 INFO [http-nio-1019-exec-33] org.apache.catalina.core.ApplicationContext.log Manager: restart: Reloading web application '/SGEM_with_base_de_dados_final'
05-Nov-2016 12:08:24.641 INFO [http-nio-1019-exec-28] org.apache.catalina.core.ApplicationContext.log Manager: list: Listing contexts for virtual host 'localhost'
05-Nov-2016 12:08:24.641 INFO [http-nio-1019-exec-31] org.apache.catalina.core.ApplicationContext.log Manager: list: Listing contexts for virtual host 'localhost'
05-Nov-2016 12:08:24.828 INFO [http-nio-1019-exec-34] org.apache.catalina.core.ApplicationContext.log Manager: restart: Reloading web application '/SGEM_with_base_de_dados_final'
05-Nov-2016 12:10:50.153 INFO [http-nio-1019-exec-43] org.apache.catalina.core.ApplicationContext.log Manager: list: Listing contexts for virtual host 'localhost'
05-Nov-2016 12:10:50.168 INFO [http-nio-1019-exec-32] org.apache.catalina.core.ApplicationContext.log Manager: restart: Reloading web application '/SGEM_with_base_de_dados_final'
05-Nov-2016 12:11:23.700 INFO [http-nio-1019-exec-36] org.apache.catalina.core.ApplicationContext.log Manager: list: Listing contexts for virtual host 'localhost'
05-Nov-2016 12:11:23.715 INFO [http-nio-1019-exec-45] org.apache.catalina.core.ApplicationContext.log Manager: restart: Reloading web application '/SGEM_with_base_de_dados_final'
05-Nov-2016 12:12:35.794 INFO [http-nio-1019-exec-48] org.apache.catalina.core.ApplicationContext.log Manager: list: Listing contexts for virtual host 'localhost'
05-Nov-2016 12:12:35.810 INFO [http-nio-1019-exec-40] org.apache.catalina.core.ApplicationContext.log Manager: restart: Reloading web application '/SGEM_with_base_de_dados_final'
05-Nov-2016 12:13:07.482 INFO [http-nio-1019-exec-46] org.apache.catalina.core.ApplicationContext.log Manager: list: Listing contexts for virtual host 'localhost'
05-Nov-2016 12:15:34.038 INFO [http-nio-1019-exec-57] org.apache.catalina.core.ApplicationContext.log Manager: list: Listing contexts for virtual host 'localhost'
05-Nov-2016 12:26:34.074 INFO [http-nio-1019-exec-57] org.apache.catalina.core.ApplicationContext.log Manager: list: Listing contexts for virtual host 'localhost'
05-Nov-2016 12:27:53.480 INFO [http-nio-1019-exec-56] org.apache.catalina.core.ApplicationContext.log Manager: list: Listing contexts for virtual host 'localhost'
05-Nov-2016 12:27:56.054 INFO [http-nio-1019-exec-58] org.apache.catalina.core.ApplicationContext.log Manager: list: Listing contexts for virtual host 'localhost'
05-Nov-2016 12:27:56.070 INFO [http-nio-1019-exec-57] org.apache.catalina.core.ApplicationContext.log Manager: list: Listing contexts for virtual host 'localhost'
05-Nov-2016 12:27:56.148 INFO [http-nio-1019-exec-59] org.apache.catalina.core.ApplicationContext.log Manager: restart: Reloading web application '/SGEM_with_base_de_dados_final'
05-Nov-2016 12:29:45.699 INFO [http-nio-1019-exec-67] org.apache.catalina.core.ApplicationContext.log Manager: list: Listing contexts for virtual host 'localhost'
05-Nov-2016 12:29:45.715 INFO [http-nio-1019-exec-68] org.apache.catalina.core.ApplicationContext.log Manager: restart: Reloading web application '/SGEM_with_base_de_dados_final'
05-Nov-2016 12:32:15.798 INFO [http-nio-1019-exec-62] org.apache.catalina.core.ApplicationContext.log Manager: list: Listing contexts for virtual host 'localhost'
05-Nov-2016 12:32:15.814 INFO [http-nio-1019-exec-77] org.apache.catalina.core.ApplicationContext.log Manager: list: Listing contexts for virtual host 'localhost'
05-Nov-2016 12:32:15.876 INFO [http-nio-1019-exec-70] org.apache.catalina.core.ApplicationContext.log Manager: restart: Reloading web application '/SGEM_with_base_de_dados_final'
05-Nov-2016 12:32:21.190 INFO [http-nio-1019-exec-73] org.apache.catalina.core.ApplicationContext.log Manager: restart: Reloading web application '/SGEM_with_base_de_dados_final'
05-Nov-2016 12:32:21.190 SEVERE [http-nio-1019-exec-73] org.apache.catalina.core.ApplicationContext.log Manager: ManagerServlet.reload[/SGEM_with_base_de_dados_final]
 java.lang.IllegalStateException: Context with name [/SGEM_with_base_de_dados_final] has not yet been started
	at org.apache.catalina.core.StandardContext.reload(StandardContext.java:3778)
	at org.apache.catalina.manager.ManagerServlet.reload(ManagerServlet.java:984)
	at org.apache.catalina.manager.ManagerServlet.doGet(ManagerServlet.java:345)
	at javax.servlet.http.HttpServlet.service(HttpServlet.java:618)
	at javax.servlet.http.HttpServlet.service(HttpServlet.java:725)
	at org.apache.catalina.core.ApplicationFilterChain.internalDoFilter(ApplicationFilterChain.java:291)
	at org.apache.catalina.core.ApplicationFilterChain.doFilter(ApplicationFilterChain.java:206)
	at org.apache.tomcat.websocket.server.WsFilter.doFilter(WsFilter.java:52)
	at org.apache.catalina.core.ApplicationFilterChain.internalDoFilter(ApplicationFilterChain.java:239)
	at org.apache.catalina.core.ApplicationFilterChain.doFilter(ApplicationFilterChain.java:206)
	at org.apache.catalina.filters.SetCharacterEncodingFilter.doFilter(SetCharacterEncodingFilter.java:108)
	at org.apache.catalina.core.ApplicationFilterChain.internalDoFilter(ApplicationFilterChain.java:239)
	at org.apache.catalina.core.ApplicationFilterChain.doFilter(ApplicationFilterChain.java:206)
	at org.apache.catalina.core.StandardWrapperValve.invoke(StandardWrapperValve.java:219)
	at org.apache.catalina.core.StandardContextValve.invoke(StandardContextValve.java:106)
	at org.apache.catalina.authenticator.AuthenticatorBase.invoke(AuthenticatorBase.java:613)
	at org.apache.catalina.core.StandardHostValve.invoke(StandardHostValve.java:142)
	at org.apache.catalina.valves.ErrorReportValve.invoke(ErrorReportValve.java:79)
	at org.apache.catalina.valves.AbstractAccessLogValve.invoke(AbstractAccessLogValve.java:610)
	at org.apache.catalina.core.StandardEngineValve.invoke(StandardEngineValve.java:88)
	at org.apache.catalina.connector.CoyoteAdapter.service(CoyoteAdapter.java:537)
	at org.apache.coyote.http11.AbstractHttp11Processor.process(AbstractHttp11Processor.java:1085)
	at org.apache.coyote.AbstractProtocol$AbstractConnectionHandler.process(AbstractProtocol.java:658)
	at org.apache.coyote.http11.Http11NioProtocol$Http11ConnectionHandler.process(Http11NioProtocol.java:222)
	at org.apache.tomcat.util.net.NioEndpoint$SocketProcessor.doRun(NioEndpoint.java:1556)
	at org.apache.tomcat.util.net.NioEndpoint$SocketProcessor.run(NioEndpoint.java:1513)
	at java.util.concurrent.ThreadPoolExecutor.runWorker(ThreadPoolExecutor.java:1145)
	at java.util.concurrent.ThreadPoolExecutor$Worker.run(ThreadPoolExecutor.java:615)
	at org.apache.tomcat.util.threads.TaskThread$WrappingRunnable.run(TaskThread.java:61)
	at java.lang.Thread.run(Thread.java:745)

05-Nov-2016 12:33:06.883 INFO [http-nio-1019-exec-62] org.apache.catalina.core.ApplicationContext.log Manager: list: Listing contexts for virtual host 'localhost'
05-Nov-2016 12:33:06.898 INFO [http-nio-1019-exec-75] org.apache.catalina.core.ApplicationContext.log Manager: restart: Reloading web application '/SGEM_with_base_de_dados_final'
05-Nov-2016 12:33:06.898 SEVERE [http-nio-1019-exec-75] org.apache.catalina.core.ApplicationContext.log Manager: ManagerServlet.reload[/SGEM_with_base_de_dados_final]
 java.lang.IllegalStateException: Context with name [/SGEM_with_base_de_dados_final] has not yet been started
	at org.apache.catalina.core.StandardContext.reload(StandardContext.java:3778)
	at org.apache.catalina.manager.ManagerServlet.reload(ManagerServlet.java:984)
	at org.apache.catalina.manager.ManagerServlet.doGet(ManagerServlet.java:345)
	at javax.servlet.http.HttpServlet.service(HttpServlet.java:618)
	at javax.servlet.http.HttpServlet.service(HttpServlet.java:725)
	at org.apache.catalina.core.ApplicationFilterChain.internalDoFilter(ApplicationFilterChain.java:291)
	at org.apache.catalina.core.ApplicationFilterChain.doFilter(ApplicationFilterChain.java:206)
	at org.apache.tomcat.websocket.server.WsFilter.doFilter(WsFilter.java:52)
	at org.apache.catalina.core.ApplicationFilterChain.internalDoFilter(ApplicationFilterChain.java:239)
	at org.apache.catalina.core.ApplicationFilterChain.doFilter(ApplicationFilterChain.java:206)
	at org.apache.catalina.filters.SetCharacterEncodingFilter.doFilter(SetCharacterEncodingFilter.java:108)
	at org.apache.catalina.core.ApplicationFilterChain.internalDoFilter(ApplicationFilterChain.java:239)
	at org.apache.catalina.core.ApplicationFilterChain.doFilter(ApplicationFilterChain.java:206)
	at org.apache.catalina.core.StandardWrapperValve.invoke(StandardWrapperValve.java:219)
	at org.apache.catalina.core.StandardContextValve.invoke(StandardContextValve.java:106)
	at org.apache.catalina.authenticator.AuthenticatorBase.invoke(AuthenticatorBase.java:613)
	at org.apache.catalina.core.StandardHostValve.invoke(StandardHostValve.java:142)
	at org.apache.catalina.valves.ErrorReportValve.invoke(ErrorReportValve.java:79)
	at org.apache.catalina.valves.AbstractAccessLogValve.invoke(AbstractAccessLogValve.java:610)
	at org.apache.catalina.core.StandardEngineValve.invoke(StandardEngineValve.java:88)
	at org.apache.catalina.connector.CoyoteAdapter.service(CoyoteAdapter.java:537)
	at org.apache.coyote.http11.AbstractHttp11Processor.process(AbstractHttp11Processor.java:1085)
	at org.apache.coyote.AbstractProtocol$AbstractConnectionHandler.process(AbstractProtocol.java:658)
	at org.apache.coyote.http11.Http11NioProtocol$Http11ConnectionHandler.process(Http11NioProtocol.java:222)
	at org.apache.tomcat.util.net.NioEndpoint$SocketProcessor.doRun(NioEndpoint.java:1556)
	at org.apache.tomcat.util.net.NioEndpoint$SocketProcessor.run(NioEndpoint.java:1513)
	at java.util.concurrent.ThreadPoolExecutor.runWorker(ThreadPoolExecutor.java:1145)
	at java.util.concurrent.ThreadPoolExecutor$Worker.run(ThreadPoolExecutor.java:615)
	at org.apache.tomcat.util.threads.TaskThread$WrappingRunnable.run(TaskThread.java:61)
	at java.lang.Thread.run(Thread.java:745)

05-Nov-2016 12:33:52.350 INFO [http-nio-1019-exec-75] org.apache.catalina.core.ApplicationContext.log Manager: list: Listing contexts for virtual host 'localhost'
05-Nov-2016 12:33:52.610 INFO [http-nio-1019-exec-82] org.apache.catalina.core.ApplicationContext.log Manager: list: Listing contexts for virtual host 'localhost'
05-Nov-2016 12:33:52.678 INFO [http-nio-1019-exec-79] org.apache.catalina.core.ApplicationContext.log Manager: restart: Reloading web application '/SGEM_with_base_de_dados_final'
05-Nov-2016 12:33:52.678 SEVERE [http-nio-1019-exec-79] org.apache.catalina.core.ApplicationContext.log Manager: ManagerServlet.reload[/SGEM_with_base_de_dados_final]
 java.lang.IllegalStateException: Context with name [/SGEM_with_base_de_dados_final] has not yet been started
	at org.apache.catalina.core.StandardContext.reload(StandardContext.java:3778)
	at org.apache.catalina.manager.ManagerServlet.reload(ManagerServlet.java:984)
	at org.apache.catalina.manager.ManagerServlet.doGet(ManagerServlet.java:345)
	at javax.servlet.http.HttpServlet.service(HttpServlet.java:618)
	at javax.servlet.http.HttpServlet.service(HttpServlet.java:725)
	at org.apache.catalina.core.ApplicationFilterChain.internalDoFilter(ApplicationFilterChain.java:291)
	at org.apache.catalina.core.ApplicationFilterChain.doFilter(ApplicationFilterChain.java:206)
	at org.apache.tomcat.websocket.server.WsFilter.doFilter(WsFilter.java:52)
	at org.apache.catalina.core.ApplicationFilterChain.internalDoFilter(ApplicationFilterChain.java:239)
	at org.apache.catalina.core.ApplicationFilterChain.doFilter(ApplicationFilterChain.java:206)
	at org.apache.catalina.filters.SetCharacterEncodingFilter.doFilter(SetCharacterEncodingFilter.java:108)
	at org.apache.catalina.core.ApplicationFilterChain.internalDoFilter(ApplicationFilterChain.java:239)
	at org.apache.catalina.core.ApplicationFilterChain.doFilter(ApplicationFilterChain.java:206)
	at org.apache.catalina.core.StandardWrapperValve.invoke(StandardWrapperValve.java:219)
	at org.apache.catalina.core.StandardContextValve.invoke(StandardContextValve.java:106)
	at org.apache.catalina.authenticator.AuthenticatorBase.invoke(AuthenticatorBase.java:613)
	at org.apache.catalina.core.StandardHostValve.invoke(StandardHostValve.java:142)
	at org.apache.catalina.valves.ErrorReportValve.invoke(ErrorReportValve.java:79)
	at org.apache.catalina.valves.AbstractAccessLogValve.invoke(AbstractAccessLogValve.java:610)
	at org.apache.catalina.core.StandardEngineValve.invoke(StandardEngineValve.java:88)
	at org.apache.catalina.connector.CoyoteAdapter.service(CoyoteAdapter.java:537)
	at org.apache.coyote.http11.AbstractHttp11Processor.process(AbstractHttp11Processor.java:1085)
	at org.apache.coyote.AbstractProtocol$AbstractConnectionHandler.process(AbstractProtocol.java:658)
	at org.apache.coyote.http11.Http11NioProtocol$Http11ConnectionHandler.process(Http11NioProtocol.java:222)
	at org.apache.tomcat.util.net.NioEndpoint$SocketProcessor.doRun(NioEndpoint.java:1556)
	at org.apache.tomcat.util.net.NioEndpoint$SocketProcessor.run(NioEndpoint.java:1513)
	at java.util.concurrent.ThreadPoolExecutor.runWorker(ThreadPoolExecutor.java:1145)
	at java.util.concurrent.ThreadPoolExecutor$Worker.run(ThreadPoolExecutor.java:615)
	at org.apache.tomcat.util.threads.TaskThread$WrappingRunnable.run(TaskThread.java:61)
	at java.lang.Thread.run(Thread.java:745)

05-Nov-2016 12:34:25.649 INFO [http-nio-1019-exec-82] org.apache.catalina.core.ApplicationContext.log Manager: list: Listing contexts for virtual host 'localhost'
05-Nov-2016 12:34:25.656 INFO [http-nio-1019-exec-79] org.apache.catalina.core.ApplicationContext.log Manager: list: Listing contexts for virtual host 'localhost'
05-Nov-2016 12:34:25.738 INFO [http-nio-1019-exec-81] org.apache.catalina.core.ApplicationContext.log Manager: restart: Reloading web application '/SGEM_with_base_de_dados_final'
05-Nov-2016 12:34:25.738 SEVERE [http-nio-1019-exec-81] org.apache.catalina.core.ApplicationContext.log Manager: ManagerServlet.reload[/SGEM_with_base_de_dados_final]
 java.lang.IllegalStateException: Context with name [/SGEM_with_base_de_dados_final] has not yet been started
	at org.apache.catalina.core.StandardContext.reload(StandardContext.java:3778)
	at org.apache.catalina.manager.ManagerServlet.reload(ManagerServlet.java:984)
	at org.apache.catalina.manager.ManagerServlet.doGet(ManagerServlet.java:345)
	at javax.servlet.http.HttpServlet.service(HttpServlet.java:618)
	at javax.servlet.http.HttpServlet.service(HttpServlet.java:725)
	at org.apache.catalina.core.ApplicationFilterChain.internalDoFilter(ApplicationFilterChain.java:291)
	at org.apache.catalina.core.ApplicationFilterChain.doFilter(ApplicationFilterChain.java:206)
	at org.apache.tomcat.websocket.server.WsFilter.doFilter(WsFilter.java:52)
	at org.apache.catalina.core.ApplicationFilterChain.internalDoFilter(ApplicationFilterChain.java:239)
	at org.apache.catalina.core.ApplicationFilterChain.doFilter(ApplicationFilterChain.java:206)
	at org.apache.catalina.filters.SetCharacterEncodingFilter.doFilter(SetCharacterEncodingFilter.java:108)
	at org.apache.catalina.core.ApplicationFilterChain.internalDoFilter(ApplicationFilterChain.java:239)
	at org.apache.catalina.core.ApplicationFilterChain.doFilter(ApplicationFilterChain.java:206)
	at org.apache.catalina.core.StandardWrapperValve.invoke(StandardWrapperValve.java:219)
	at org.apache.catalina.core.StandardContextValve.invoke(StandardContextValve.java:106)
	at org.apache.catalina.authenticator.AuthenticatorBase.invoke(AuthenticatorBase.java:613)
	at org.apache.catalina.core.StandardHostValve.invoke(StandardHostValve.java:142)
	at org.apache.catalina.valves.ErrorReportValve.invoke(ErrorReportValve.java:79)
	at org.apache.catalina.valves.AbstractAccessLogValve.invoke(AbstractAccessLogValve.java:610)
	at org.apache.catalina.core.StandardEngineValve.invoke(StandardEngineValve.java:88)
	at org.apache.catalina.connector.CoyoteAdapter.service(CoyoteAdapter.java:537)
	at org.apache.coyote.http11.AbstractHttp11Processor.process(AbstractHttp11Processor.java:1085)
	at org.apache.coyote.AbstractProtocol$AbstractConnectionHandler.process(AbstractProtocol.java:658)
	at org.apache.coyote.http11.Http11NioProtocol$Http11ConnectionHandler.process(Http11NioProtocol.java:222)
	at org.apache.tomcat.util.net.NioEndpoint$SocketProcessor.doRun(NioEndpoint.java:1556)
	at org.apache.tomcat.util.net.NioEndpoint$SocketProcessor.run(NioEndpoint.java:1513)
	at java.util.concurrent.ThreadPoolExecutor.runWorker(ThreadPoolExecutor.java:1145)
	at java.util.concurrent.ThreadPoolExecutor$Worker.run(ThreadPoolExecutor.java:615)
	at org.apache.tomcat.util.threads.TaskThread$WrappingRunnable.run(TaskThread.java:61)
	at java.lang.Thread.run(Thread.java:745)

05-Nov-2016 12:36:22.977 INFO [http-nio-1019-exec-3] org.apache.catalina.core.ApplicationContext.log Manager: init: Associated with Deployer 'Catalina:type=Deployer,host=localhost'
05-Nov-2016 12:36:22.977 INFO [http-nio-1019-exec-3] org.apache.catalina.core.ApplicationContext.log Manager: init: Global resources are available
05-Nov-2016 12:36:22.977 INFO [http-nio-1019-exec-3] org.apache.catalina.core.ApplicationContext.log Manager: list: Listing contexts for virtual host 'localhost'
05-Nov-2016 12:36:22.992 INFO [http-nio-1019-exec-8] org.apache.catalina.core.ApplicationContext.log Manager: list: Listing contexts for virtual host 'localhost'
05-Nov-2016 12:36:23.086 INFO [http-nio-1019-exec-5] org.apache.catalina.core.ApplicationContext.log Manager: restart: Reloading web application '/SGEM_with_base_de_dados_final'
05-Nov-2016 12:39:05.685 INFO [http-nio-1019-exec-18] org.apache.catalina.core.ApplicationContext.log Manager: list: Listing contexts for virtual host 'localhost'
05-Nov-2016 12:42:00.518 INFO [http-nio-1019-exec-14] org.apache.catalina.core.ApplicationContext.log Manager: list: Listing contexts for virtual host 'localhost'
05-Nov-2016 12:42:00.518 INFO [http-nio-1019-exec-12] org.apache.catalina.core.ApplicationContext.log Manager: list: Listing contexts for virtual host 'localhost'
05-Nov-2016 12:43:11.934 INFO [http-nio-1019-exec-20] org.apache.catalina.core.ApplicationContext.log Manager: list: Listing contexts for virtual host 'localhost'
05-Nov-2016 12:43:43.374 INFO [http-nio-1019-exec-14] org.apache.catalina.core.ApplicationContext.log Manager: list: Listing contexts for virtual host 'localhost'
05-Nov-2016 12:44:53.617 INFO [http-nio-1019-exec-12] org.apache.catalina.core.ApplicationContext.log Manager: list: Listing contexts for virtual host 'localhost'
05-Nov-2016 12:46:03.026 INFO [http-nio-1019-exec-14] org.apache.catalina.core.ApplicationContext.log Manager: list: Listing contexts for virtual host 'localhost'
05-Nov-2016 12:46:23.955 INFO [http-nio-1019-exec-20] org.apache.catalina.core.ApplicationContext.log Manager: list: Listing contexts for virtual host 'localhost'
05-Nov-2016 12:46:29.978 INFO [http-nio-1019-exec-14] org.apache.catalina.core.ApplicationContext.log Manager: list: Listing contexts for virtual host 'localhost'
05-Nov-2016 12:46:29.993 INFO [http-nio-1019-exec-12] org.apache.catalina.core.ApplicationContext.log Manager: list: Listing contexts for virtual host 'localhost'
