25-Nov-2016 00:00:29.187 INFO [http-nio-8082-exec-52] org.apache.catalina.core.ApplicationContext.log Manager: list: Listing contexts for virtual host 'localhost'
25-Nov-2016 00:00:29.218 INFO [http-nio-8082-exec-53] org.apache.catalina.core.ApplicationContext.log Manager: list: Listing contexts for virtual host 'localhost'
25-Nov-2016 00:00:29.265 INFO [http-nio-8082-exec-54] org.apache.catalina.core.ApplicationContext.log Manager: undeploy: Undeploying web application at '/SGEM_with_base_de_dados_final'
25-Nov-2016 00:00:31.875 INFO [http-nio-8082-exec-48] org.apache.catalina.core.ApplicationContext.log Manager: install: Installing context configuration at 'file:/C:/Users/Migueljr/AppData/Local/Temp/context5187484037044171220.xml'
25-Nov-2016 00:01:06.962 INFO [70] org.apache.catalina.core.ApplicationContext.log Manager: start: Starting web application '/SGEM_with_base_de_dados_final'
25-Nov-2016 00:01:34.446 INFO [http-nio-8082-exec-42] org.apache.catalina.core.ApplicationContext.log Manager: list: Listing contexts for virtual host 'localhost'
25-Nov-2016 00:01:34.509 INFO [http-nio-8082-exec-56] org.apache.catalina.core.ApplicationContext.log Manager: stop: Stopping web application '/SGEM_with_base_de_dados_final'
25-Nov-2016 00:02:00.391 INFO [http-nio-8082-exec-47] org.apache.catalina.core.ApplicationContext.log Manager: start: Starting web application '/SGEM_with_base_de_dados_final'
25-Nov-2016 00:03:03.236 INFO [http-nio-8082-exec-63] org.apache.catalina.core.ApplicationContext.log Manager: list: Listing contexts for virtual host 'localhost'
25-Nov-2016 00:03:03.767 INFO [http-nio-8082-exec-55] org.apache.catalina.core.ApplicationContext.log Manager: list: Listing contexts for virtual host 'localhost'
25-Nov-2016 00:03:03.939 INFO [http-nio-8082-exec-60] org.apache.catalina.core.ApplicationContext.log Manager: stop: Stopping web application '/SGEM_with_base_de_dados_final'
25-Nov-2016 00:03:03.970 INFO [http-nio-8082-exec-65] org.apache.catalina.core.ApplicationContext.log Manager: start: Starting web application '/SGEM_with_base_de_dados_final'
25-Nov-2016 00:05:21.788 INFO [http-nio-8082-exec-74] org.apache.catalina.core.ApplicationContext.log Manager: list: Listing contexts for virtual host 'localhost'
25-Nov-2016 00:07:25.376 INFO [http-nio-8082-exec-68] org.apache.catalina.core.ApplicationContext.log Manager: list: Listing contexts for virtual host 'localhost'
25-Nov-2016 00:07:28.419 INFO [http-nio-8082-exec-70] org.apache.catalina.core.ApplicationContext.log Manager: restart: Reloading web application '/SGEM_with_base_de_dados_final'
25-Nov-2016 00:07:59.278 INFO [http-nio-8082-exec-69] org.apache.catalina.core.ApplicationContext.log Manager: list: Listing contexts for virtual host 'localhost'
25-Nov-2016 00:07:59.306 INFO [http-nio-8082-exec-66] org.apache.catalina.core.ApplicationContext.log Manager: restart: Reloading web application '/SGEM_with_base_de_dados_final'
25-Nov-2016 00:12:26.286 INFO [http-nio-8082-exec-47] org.apache.catalina.core.ApplicationContext.log Manager: init: Associated with Deployer 'Catalina:type=Deployer,host=localhost'
25-Nov-2016 00:12:26.286 INFO [http-nio-8082-exec-47] org.apache.catalina.core.ApplicationContext.log Manager: init: Global resources are available
25-Nov-2016 00:12:26.302 INFO [http-nio-8082-exec-47] org.apache.catalina.core.ApplicationContext.log Manager: list: Listing contexts for virtual host 'localhost'
25-Nov-2016 00:12:26.364 INFO [http-nio-8082-exec-35] org.apache.catalina.core.ApplicationContext.log Manager: list: Listing contexts for virtual host 'localhost'
25-Nov-2016 00:12:26.599 INFO [http-nio-8082-exec-37] org.apache.catalina.core.ApplicationContext.log Manager: restart: Reloading web application '/SGEM_with_base_de_dados_final'
25-Nov-2016 00:14:28.066 INFO [http-nio-8082-exec-55] org.apache.catalina.core.ApplicationContext.log Manager: list: Listing contexts for virtual host 'localhost'
25-Nov-2016 00:14:28.113 INFO [http-nio-8082-exec-59] org.apache.catalina.core.ApplicationContext.log Manager: restart: Reloading web application '/SGEM_with_base_de_dados_final'
25-Nov-2016 00:15:18.370 INFO [75] org.apache.catalina.core.ApplicationContext.log Manager: list: Listing contexts for virtual host 'localhost'
25-Nov-2016 00:15:18.386 INFO [http-nio-8082-exec-62] org.apache.catalina.core.ApplicationContext.log Manager: list: Listing contexts for virtual host 'localhost'
25-Nov-2016 00:15:18.730 INFO [http-nio-8082-exec-63] org.apache.catalina.core.ApplicationContext.log Manager: restart: Reloading web application '/SGEM_with_base_de_dados_final'
25-Nov-2016 00:16:53.822 INFO [http-nio-8082-exec-57] org.apache.catalina.core.ApplicationContext.log Manager: list: Listing contexts for virtual host 'localhost'
25-Nov-2016 00:16:53.884 INFO [http-nio-8082-exec-56] org.apache.catalina.core.ApplicationContext.log Manager: restart: Reloading web application '/SGEM_with_base_de_dados_final'
25-Nov-2016 00:17:57.659 INFO [http-nio-8082-exec-70] org.apache.catalina.core.ApplicationContext.log Manager: list: Listing contexts for virtual host 'localhost'
25-Nov-2016 00:39:19.601 INFO [http-nio-8089-exec-14] org.apache.catalina.core.ApplicationContext.log Manager: init: Associated with Deployer 'Catalina:type=Deployer,host=localhost'
25-Nov-2016 00:39:19.601 INFO [http-nio-8089-exec-14] org.apache.catalina.core.ApplicationContext.log Manager: init: Global resources are available
25-Nov-2016 00:39:19.601 INFO [http-nio-8089-exec-14] org.apache.catalina.core.ApplicationContext.log Manager: list: Listing contexts for virtual host 'localhost'
25-Nov-2016 00:39:19.648 INFO [http-nio-8089-exec-4] org.apache.catalina.core.ApplicationContext.log Manager: list: Listing contexts for virtual host 'localhost'
25-Nov-2016 00:39:19.789 INFO [http-nio-8089-exec-12] org.apache.catalina.core.ApplicationContext.log Manager: undeploy: Undeploying web application at '/SGEM_with_base_de_dados_final'
25-Nov-2016 00:39:20.352 INFO [http-nio-8089-exec-14] org.apache.catalina.core.ApplicationContext.log Manager: install: Installing context configuration at 'file:/C:/Users/Migueljr/AppData/Local/Temp/context1718955991457405590.xml'
25-Nov-2016 00:39:25.741 INFO [http-nio-8089-exec-6] org.apache.catalina.core.ApplicationContext.log Manager: start: Starting web application '/SGEM_with_base_de_dados_final'
25-Nov-2016 00:40:20.002 INFO [http-nio-8089-exec-1] org.apache.catalina.core.ApplicationContext.log Manager: list: Listing contexts for virtual host 'localhost'
25-Nov-2016 00:40:20.049 INFO [http-nio-8089-exec-19] org.apache.catalina.core.ApplicationContext.log Manager: restart: Reloading web application '/SGEM_with_base_de_dados_final'
25-Nov-2016 02:49:09.544 INFO [http-nio-8089-exec-13] org.apache.catalina.core.ApplicationContext.log Manager: init: Associated with Deployer 'Catalina:type=Deployer,host=localhost'
25-Nov-2016 02:49:09.544 INFO [http-nio-8089-exec-13] org.apache.catalina.core.ApplicationContext.log Manager: init: Global resources are available
25-Nov-2016 02:49:09.544 INFO [http-nio-8089-exec-13] org.apache.catalina.core.ApplicationContext.log Manager: list: Listing contexts for virtual host 'localhost'
25-Nov-2016 02:49:09.591 INFO [http-nio-8089-exec-3] org.apache.catalina.core.ApplicationContext.log Manager: list: Listing contexts for virtual host 'localhost'
25-Nov-2016 02:49:09.779 INFO [http-nio-8089-exec-4] org.apache.catalina.core.ApplicationContext.log Manager: restart: Reloading web application '/SGEM_with_base_de_dados_final'
