08-Nov-2016 07:14:33.677 INFO [http-nio-1022-exec-33] org.apache.catalina.core.ApplicationContext.log Manager: init: Associated with Deployer 'Catalina:type=Deployer,host=localhost'
08-Nov-2016 07:14:33.677 INFO [http-nio-1022-exec-33] org.apache.catalina.core.ApplicationContext.log Manager: init: Global resources are available
08-Nov-2016 07:14:33.677 INFO [http-nio-1022-exec-33] org.apache.catalina.core.ApplicationContext.log Manager: list: Listing contexts for virtual host 'localhost'
08-Nov-2016 07:14:33.786 INFO [http-nio-1022-exec-6] org.apache.catalina.core.ApplicationContext.log Manager: list: Listing contexts for virtual host 'localhost'
08-Nov-2016 07:14:34.083 INFO [http-nio-1022-exec-23] org.apache.catalina.core.ApplicationContext.log Manager: restart: Reloading web application '/SGEM_with_base_de_dados_final'
08-Nov-2016 11:32:24.364 INFO [http-nio-1022-exec-39] org.apache.catalina.core.ApplicationContext.log Manager: list: Listing contexts for virtual host 'localhost'
08-Nov-2016 11:32:24.608 INFO [http-nio-1022-exec-44] org.apache.catalina.core.ApplicationContext.log Manager: stop: Stopping web application '/SGEM_with_base_de_dados_final'
08-Nov-2016 11:32:24.835 INFO [http-nio-1022-exec-47] org.apache.catalina.core.ApplicationContext.log Manager: start: Starting web application '/SGEM_with_base_de_dados_final'
08-Nov-2016 11:33:03.951 INFO [http-nio-1022-exec-43] org.apache.catalina.core.ApplicationContext.log Manager: list: Listing contexts for virtual host 'localhost'
08-Nov-2016 11:34:44.415 INFO [http-nio-1022-exec-45] org.apache.catalina.core.ApplicationContext.log Manager: list: Listing contexts for virtual host 'localhost'
08-Nov-2016 11:46:45.335 INFO [http-nio-1022-exec-48] org.apache.catalina.core.ApplicationContext.log Manager: list: Listing contexts for virtual host 'localhost'
08-Nov-2016 11:47:11.085 INFO [http-nio-1022-exec-49] org.apache.catalina.core.ApplicationContext.log Manager: list: Listing contexts for virtual host 'localhost'
08-Nov-2016 11:47:11.153 INFO [http-nio-1022-exec-50] org.apache.catalina.core.ApplicationContext.log Manager: list: Listing contexts for virtual host 'localhost'
08-Nov-2016 11:47:11.294 INFO [http-nio-1022-exec-51] org.apache.catalina.core.ApplicationContext.log Manager: stop: Stopping web application '/SGEM_with_base_de_dados_final'
08-Nov-2016 11:47:11.369 INFO [http-nio-1022-exec-57] org.apache.catalina.core.ApplicationContext.log Manager: start: Starting web application '/SGEM_with_base_de_dados_final'
08-Nov-2016 11:48:35.165 INFO [http-nio-1022-exec-8] org.apache.catalina.core.ApplicationContext.log Manager: init: Associated with Deployer 'Catalina:type=Deployer,host=localhost'
08-Nov-2016 11:48:35.165 INFO [http-nio-1022-exec-8] org.apache.catalina.core.ApplicationContext.log Manager: init: Global resources are available
08-Nov-2016 11:48:35.167 INFO [http-nio-1022-exec-8] org.apache.catalina.core.ApplicationContext.log Manager: list: Listing contexts for virtual host 'localhost'
08-Nov-2016 11:48:35.176 INFO [http-nio-1022-exec-15] org.apache.catalina.core.ApplicationContext.log Manager: list: Listing contexts for virtual host 'localhost'
08-Nov-2016 11:54:30.631 INFO [http-nio-1022-exec-9] org.apache.catalina.core.ApplicationContext.log Manager: init: Associated with Deployer 'Catalina:type=Deployer,host=localhost'
08-Nov-2016 11:54:30.631 INFO [http-nio-1022-exec-9] org.apache.catalina.core.ApplicationContext.log Manager: init: Global resources are available
08-Nov-2016 11:54:30.634 INFO [http-nio-1022-exec-9] org.apache.catalina.core.ApplicationContext.log Manager: list: Listing contexts for virtual host 'localhost'
08-Nov-2016 11:54:30.663 INFO [http-nio-1022-exec-14] org.apache.catalina.core.ApplicationContext.log Manager: list: Listing contexts for virtual host 'localhost'
08-Nov-2016 11:55:12.029 INFO [http-nio-1022-exec-10] org.apache.catalina.core.ApplicationContext.log Manager: list: Listing contexts for virtual host 'localhost'
08-Nov-2016 11:55:41.019 INFO [http-nio-1022-exec-10] org.apache.catalina.core.ApplicationContext.log Manager: list: Listing contexts for virtual host 'localhost'
08-Nov-2016 11:58:30.970 INFO [http-nio-1022-exec-11] org.apache.catalina.core.ApplicationContext.log Manager: list: Listing contexts for virtual host 'localhost'
08-Nov-2016 11:58:30.992 INFO [http-nio-1022-exec-8] org.apache.catalina.core.ApplicationContext.log Manager: list: Listing contexts for virtual host 'localhost'
08-Nov-2016 12:00:35.032 INFO [http-nio-1022-exec-4] org.apache.catalina.core.ApplicationContext.log Manager: init: Associated with Deployer 'Catalina:type=Deployer,host=localhost'
08-Nov-2016 12:00:35.032 INFO [http-nio-1022-exec-4] org.apache.catalina.core.ApplicationContext.log Manager: init: Global resources are available
08-Nov-2016 12:00:35.033 INFO [http-nio-1022-exec-4] org.apache.catalina.core.ApplicationContext.log Manager: list: Listing contexts for virtual host 'localhost'
08-Nov-2016 12:00:35.042 INFO [http-nio-1022-exec-6] org.apache.catalina.core.ApplicationContext.log Manager: list: Listing contexts for virtual host 'localhost'
08-Nov-2016 12:02:03.184 INFO [http-nio-1022-exec-6] org.apache.catalina.core.ApplicationContext.log Manager: list: Listing contexts for virtual host 'localhost'
08-Nov-2016 12:02:03.222 INFO [http-nio-1022-exec-5] org.apache.catalina.core.ApplicationContext.log Manager: stop: Stopping web application '/SGEM_with_base_de_dados_final'
08-Nov-2016 12:02:03.421 INFO [http-nio-1022-exec-2] org.apache.catalina.core.ApplicationContext.log Manager: start: Starting web application '/SGEM_with_base_de_dados_final'
08-Nov-2016 12:03:29.679 INFO [http-nio-1022-exec-11] org.apache.catalina.core.ApplicationContext.log Manager: list: Listing contexts for virtual host 'localhost'
08-Nov-2016 12:03:29.686 INFO [http-nio-1022-exec-20] org.apache.catalina.core.ApplicationContext.log Manager: list: Listing contexts for virtual host 'localhost'
08-Nov-2016 12:03:29.751 INFO [http-nio-1022-exec-15] org.apache.catalina.core.ApplicationContext.log Manager: stop: Stopping web application '/SGEM_with_base_de_dados_final'
08-Nov-2016 12:03:29.786 INFO [http-nio-1022-exec-19] org.apache.catalina.core.ApplicationContext.log Manager: start: Starting web application '/SGEM_with_base_de_dados_final'
08-Nov-2016 12:08:20.942 INFO [http-nio-1022-exec-29] org.apache.catalina.core.ApplicationContext.log Manager: list: Listing contexts for virtual host 'localhost'
08-Nov-2016 12:08:20.949 INFO [http-nio-1022-exec-15] org.apache.catalina.core.ApplicationContext.log Manager: list: Listing contexts for virtual host 'localhost'
08-Nov-2016 12:10:05.685 INFO [http-nio-1022-exec-22] org.apache.catalina.core.ApplicationContext.log Manager: list: Listing contexts for virtual host 'localhost'
08-Nov-2016 12:10:05.694 INFO [http-nio-1022-exec-31] org.apache.catalina.core.ApplicationContext.log Manager: list: Listing contexts for virtual host 'localhost'
08-Nov-2016 12:11:13.594 INFO [http-nio-1022-exec-9] org.apache.catalina.core.ApplicationContext.log Manager: init: Associated with Deployer 'Catalina:type=Deployer,host=localhost'
08-Nov-2016 12:11:13.595 INFO [http-nio-1022-exec-9] org.apache.catalina.core.ApplicationContext.log Manager: init: Global resources are available
08-Nov-2016 12:11:13.597 INFO [http-nio-1022-exec-9] org.apache.catalina.core.ApplicationContext.log Manager: list: Listing contexts for virtual host 'localhost'
08-Nov-2016 12:11:13.608 INFO [http-nio-1022-exec-14] org.apache.catalina.core.ApplicationContext.log Manager: list: Listing contexts for virtual host 'localhost'
08-Nov-2016 12:13:15.426 INFO [http-nio-1022-exec-14] org.apache.catalina.core.ApplicationContext.log Manager: list: Listing contexts for virtual host 'localhost'
08-Nov-2016 12:13:15.461 INFO [http-nio-1022-exec-1] org.apache.catalina.core.ApplicationContext.log Manager: stop: Stopping web application '/SGEM_with_base_de_dados_final'
08-Nov-2016 12:13:15.525 INFO [http-nio-1022-exec-4] org.apache.catalina.core.ApplicationContext.log Manager: start: Starting web application '/SGEM_with_base_de_dados_final'
08-Nov-2016 12:13:25.609 INFO [http-nio-1022-exec-10] org.apache.catalina.core.ApplicationContext.log Manager: list: Listing contexts for virtual host 'localhost'
08-Nov-2016 12:13:25.618 INFO [http-nio-1022-exec-3] org.apache.catalina.core.ApplicationContext.log Manager: list: Listing contexts for virtual host 'localhost'
08-Nov-2016 12:13:25.685 INFO [http-nio-1022-exec-5] org.apache.catalina.core.ApplicationContext.log Manager: stop: Stopping web application '/SGEM_with_base_de_dados_final'
08-Nov-2016 12:13:28.264 INFO [http-nio-1022-exec-17] org.apache.catalina.core.ApplicationContext.log Manager: start: Starting web application '/SGEM_with_base_de_dados_final'
08-Nov-2016 12:16:10.047 INFO [http-nio-1022-exec-15] org.apache.catalina.core.ApplicationContext.log Manager: list: Listing contexts for virtual host 'localhost'
08-Nov-2016 12:16:10.055 INFO [http-nio-1022-exec-24] org.apache.catalina.core.ApplicationContext.log Manager: list: Listing contexts for virtual host 'localhost'
08-Nov-2016 12:21:02.930 INFO [http-nio-1022-exec-23] org.apache.catalina.core.ApplicationContext.log Manager: list: Listing contexts for virtual host 'localhost'
08-Nov-2016 12:21:02.957 INFO [http-nio-1022-exec-25] org.apache.catalina.core.ApplicationContext.log Manager: stop: Stopping web application '/SGEM_with_base_de_dados_final'
08-Nov-2016 12:21:03.013 INFO [http-nio-1022-exec-21] org.apache.catalina.core.ApplicationContext.log Manager: start: Starting web application '/SGEM_with_base_de_dados_final'
08-Nov-2016 12:21:11.418 INFO [http-nio-1022-exec-19] org.apache.catalina.core.ApplicationContext.log Manager: list: Listing contexts for virtual host 'localhost'
08-Nov-2016 12:21:11.432 INFO [http-nio-1022-exec-26] org.apache.catalina.core.ApplicationContext.log Manager: stop: Stopping web application '/SGEM_with_base_de_dados_final'
08-Nov-2016 12:21:14.928 SEVERE [http-nio-1022-exec-26] org.apache.catalina.core.ApplicationContext.log Manager: ManagerServlet.stop[/SGEM_with_base_de_dados_final]
 org.apache.catalina.LifecycleException: An invalid Lifecycle transition was attempted ([before_stop]) for component [StandardEngine[Catalina].StandardHost[localhost].StandardContext[/SGEM_with_base_de_dados_final]] in state [STARTING_PREP]
	at org.apache.catalina.util.LifecycleBase.invalidTransition(LifecycleBase.java:409)
	at org.apache.catalina.util.LifecycleBase.stop(LifecycleBase.java:219)
	at org.apache.catalina.manager.ManagerServlet.stop(ManagerServlet.java:1315)
	at org.apache.catalina.manager.ManagerServlet.doGet(ManagerServlet.java:359)
	at javax.servlet.http.HttpServlet.service(HttpServlet.java:618)
	at javax.servlet.http.HttpServlet.service(HttpServlet.java:725)
	at org.apache.catalina.core.ApplicationFilterChain.internalDoFilter(ApplicationFilterChain.java:291)
	at org.apache.catalina.core.ApplicationFilterChain.doFilter(ApplicationFilterChain.java:206)
	at org.apache.tomcat.websocket.server.WsFilter.doFilter(WsFilter.java:52)
	at org.apache.catalina.core.ApplicationFilterChain.internalDoFilter(ApplicationFilterChain.java:239)
	at org.apache.catalina.core.ApplicationFilterChain.doFilter(ApplicationFilterChain.java:206)
	at org.apache.catalina.filters.SetCharacterEncodingFilter.doFilter(SetCharacterEncodingFilter.java:108)
	at org.apache.catalina.core.ApplicationFilterChain.internalDoFilter(ApplicationFilterChain.java:239)
	at org.apache.catalina.core.ApplicationFilterChain.doFilter(ApplicationFilterChain.java:206)
	at org.apache.catalina.core.StandardWrapperValve.invoke(StandardWrapperValve.java:219)
	at org.apache.catalina.core.StandardContextValve.invoke(StandardContextValve.java:106)
	at org.apache.catalina.authenticator.AuthenticatorBase.invoke(AuthenticatorBase.java:613)
	at org.apache.catalina.core.StandardHostValve.invoke(StandardHostValve.java:142)
	at org.apache.catalina.valves.ErrorReportValve.invoke(ErrorReportValve.java:79)
	at org.apache.catalina.valves.AbstractAccessLogValve.invoke(AbstractAccessLogValve.java:610)
	at org.apache.catalina.core.StandardEngineValve.invoke(StandardEngineValve.java:88)
	at org.apache.catalina.connector.CoyoteAdapter.service(CoyoteAdapter.java:537)
	at org.apache.coyote.http11.AbstractHttp11Processor.process(AbstractHttp11Processor.java:1085)
	at org.apache.coyote.AbstractProtocol$AbstractConnectionHandler.process(AbstractProtocol.java:658)
	at org.apache.coyote.http11.Http11NioProtocol$Http11ConnectionHandler.process(Http11NioProtocol.java:222)
	at org.apache.tomcat.util.net.NioEndpoint$SocketProcessor.doRun(NioEndpoint.java:1556)
	at org.apache.tomcat.util.net.NioEndpoint$SocketProcessor.run(NioEndpoint.java:1513)
	at java.util.concurrent.ThreadPoolExecutor.runWorker(ThreadPoolExecutor.java:1145)
	at java.util.concurrent.ThreadPoolExecutor$Worker.run(ThreadPoolExecutor.java:615)
	at org.apache.tomcat.util.threads.TaskThread$WrappingRunnable.run(TaskThread.java:61)
	at java.lang.Thread.run(Thread.java:745)

08-Nov-2016 12:21:15.125 INFO [http-nio-1022-exec-23] org.apache.catalina.core.ApplicationContext.log Manager: start: Starting web application '/SGEM_with_base_de_dados_final'
08-Nov-2016 12:21:31.607 INFO [http-nio-1022-exec-32] org.apache.catalina.core.ApplicationContext.log Manager: list: Listing contexts for virtual host 'localhost'
08-Nov-2016 12:21:31.628 INFO [http-nio-1022-exec-23] org.apache.catalina.core.ApplicationContext.log Manager: list: Listing contexts for virtual host 'localhost'
08-Nov-2016 12:21:31.693 INFO [http-nio-1022-exec-30] org.apache.catalina.core.ApplicationContext.log Manager: stop: Stopping web application '/SGEM_with_base_de_dados_final'
08-Nov-2016 12:21:31.693 SEVERE [http-nio-1022-exec-30] org.apache.catalina.core.ApplicationContext.log Manager: ManagerServlet.stop[/SGEM_with_base_de_dados_final]
 org.apache.catalina.LifecycleException: An invalid Lifecycle transition was attempted ([before_stop]) for component [StandardEngine[Catalina].StandardHost[localhost].StandardContext[/SGEM_with_base_de_dados_final]] in state [STARTING_PREP]
	at org.apache.catalina.util.LifecycleBase.invalidTransition(LifecycleBase.java:409)
	at org.apache.catalina.util.LifecycleBase.stop(LifecycleBase.java:219)
	at org.apache.catalina.manager.ManagerServlet.stop(ManagerServlet.java:1315)
	at org.apache.catalina.manager.ManagerServlet.doGet(ManagerServlet.java:359)
	at javax.servlet.http.HttpServlet.service(HttpServlet.java:618)
	at javax.servlet.http.HttpServlet.service(HttpServlet.java:725)
	at org.apache.catalina.core.ApplicationFilterChain.internalDoFilter(ApplicationFilterChain.java:291)
	at org.apache.catalina.core.ApplicationFilterChain.doFilter(ApplicationFilterChain.java:206)
	at org.apache.tomcat.websocket.server.WsFilter.doFilter(WsFilter.java:52)
	at org.apache.catalina.core.ApplicationFilterChain.internalDoFilter(ApplicationFilterChain.java:239)
	at org.apache.catalina.core.ApplicationFilterChain.doFilter(ApplicationFilterChain.java:206)
	at org.apache.catalina.filters.SetCharacterEncodingFilter.doFilter(SetCharacterEncodingFilter.java:108)
	at org.apache.catalina.core.ApplicationFilterChain.internalDoFilter(ApplicationFilterChain.java:239)
	at org.apache.catalina.core.ApplicationFilterChain.doFilter(ApplicationFilterChain.java:206)
	at org.apache.catalina.core.StandardWrapperValve.invoke(StandardWrapperValve.java:219)
	at org.apache.catalina.core.StandardContextValve.invoke(StandardContextValve.java:106)
	at org.apache.catalina.authenticator.AuthenticatorBase.invoke(AuthenticatorBase.java:613)
	at org.apache.catalina.core.StandardHostValve.invoke(StandardHostValve.java:142)
	at org.apache.catalina.valves.ErrorReportValve.invoke(ErrorReportValve.java:79)
	at org.apache.catalina.valves.AbstractAccessLogValve.invoke(AbstractAccessLogValve.java:610)
	at org.apache.catalina.core.StandardEngineValve.invoke(StandardEngineValve.java:88)
	at org.apache.catalina.connector.CoyoteAdapter.service(CoyoteAdapter.java:537)
	at org.apache.coyote.http11.AbstractHttp11Processor.process(AbstractHttp11Processor.java:1085)
	at org.apache.coyote.AbstractProtocol$AbstractConnectionHandler.process(AbstractProtocol.java:658)
	at org.apache.coyote.http11.Http11NioProtocol$Http11ConnectionHandler.process(Http11NioProtocol.java:222)
	at org.apache.tomcat.util.net.NioEndpoint$SocketProcessor.doRun(NioEndpoint.java:1556)
	at org.apache.tomcat.util.net.NioEndpoint$SocketProcessor.run(NioEndpoint.java:1513)
	at java.util.concurrent.ThreadPoolExecutor.runWorker(ThreadPoolExecutor.java:1145)
	at java.util.concurrent.ThreadPoolExecutor$Worker.run(ThreadPoolExecutor.java:615)
	at org.apache.tomcat.util.threads.TaskThread$WrappingRunnable.run(TaskThread.java:61)
	at java.lang.Thread.run(Thread.java:745)

08-Nov-2016 12:21:31.699 INFO [http-nio-1022-exec-33] org.apache.catalina.core.ApplicationContext.log Manager: start: Starting web application '/SGEM_with_base_de_dados_final'
08-Nov-2016 12:21:47.683 INFO [http-nio-1022-exec-30] org.apache.catalina.core.ApplicationContext.log Manager: list: Listing contexts for virtual host 'localhost'
08-Nov-2016 12:21:47.691 INFO [http-nio-1022-exec-33] org.apache.catalina.core.ApplicationContext.log Manager: list: Listing contexts for virtual host 'localhost'
08-Nov-2016 12:21:47.779 INFO [http-nio-1022-exec-31] org.apache.catalina.core.ApplicationContext.log Manager: stop: Stopping web application '/SGEM_with_base_de_dados_final'
08-Nov-2016 12:21:47.779 SEVERE [http-nio-1022-exec-31] org.apache.catalina.core.ApplicationContext.log Manager: ManagerServlet.stop[/SGEM_with_base_de_dados_final]
 org.apache.catalina.LifecycleException: An invalid Lifecycle transition was attempted ([before_stop]) for component [StandardEngine[Catalina].StandardHost[localhost].StandardContext[/SGEM_with_base_de_dados_final]] in state [STARTING_PREP]
	at org.apache.catalina.util.LifecycleBase.invalidTransition(LifecycleBase.java:409)
	at org.apache.catalina.util.LifecycleBase.stop(LifecycleBase.java:219)
	at org.apache.catalina.manager.ManagerServlet.stop(ManagerServlet.java:1315)
	at org.apache.catalina.manager.ManagerServlet.doGet(ManagerServlet.java:359)
	at javax.servlet.http.HttpServlet.service(HttpServlet.java:618)
	at javax.servlet.http.HttpServlet.service(HttpServlet.java:725)
	at org.apache.catalina.core.ApplicationFilterChain.internalDoFilter(ApplicationFilterChain.java:291)
	at org.apache.catalina.core.ApplicationFilterChain.doFilter(ApplicationFilterChain.java:206)
	at org.apache.tomcat.websocket.server.WsFilter.doFilter(WsFilter.java:52)
	at org.apache.catalina.core.ApplicationFilterChain.internalDoFilter(ApplicationFilterChain.java:239)
	at org.apache.catalina.core.ApplicationFilterChain.doFilter(ApplicationFilterChain.java:206)
	at org.apache.catalina.filters.SetCharacterEncodingFilter.doFilter(SetCharacterEncodingFilter.java:108)
	at org.apache.catalina.core.ApplicationFilterChain.internalDoFilter(ApplicationFilterChain.java:239)
	at org.apache.catalina.core.ApplicationFilterChain.doFilter(ApplicationFilterChain.java:206)
	at org.apache.catalina.core.StandardWrapperValve.invoke(StandardWrapperValve.java:219)
	at org.apache.catalina.core.StandardContextValve.invoke(StandardContextValve.java:106)
	at org.apache.catalina.authenticator.AuthenticatorBase.invoke(AuthenticatorBase.java:613)
	at org.apache.catalina.core.StandardHostValve.invoke(StandardHostValve.java:142)
	at org.apache.catalina.valves.ErrorReportValve.invoke(ErrorReportValve.java:79)
	at org.apache.catalina.valves.AbstractAccessLogValve.invoke(AbstractAccessLogValve.java:610)
	at org.apache.catalina.core.StandardEngineValve.invoke(StandardEngineValve.java:88)
	at org.apache.catalina.connector.CoyoteAdapter.service(CoyoteAdapter.java:537)
	at org.apache.coyote.http11.AbstractHttp11Processor.process(AbstractHttp11Processor.java:1085)
	at org.apache.coyote.AbstractProtocol$AbstractConnectionHandler.process(AbstractProtocol.java:658)
	at org.apache.coyote.http11.Http11NioProtocol$Http11ConnectionHandler.process(Http11NioProtocol.java:222)
	at org.apache.tomcat.util.net.NioEndpoint$SocketProcessor.doRun(NioEndpoint.java:1556)
	at org.apache.tomcat.util.net.NioEndpoint$SocketProcessor.run(NioEndpoint.java:1513)
	at java.util.concurrent.ThreadPoolExecutor.runWorker(ThreadPoolExecutor.java:1145)
	at java.util.concurrent.ThreadPoolExecutor$Worker.run(ThreadPoolExecutor.java:615)
	at org.apache.tomcat.util.threads.TaskThread$WrappingRunnable.run(TaskThread.java:61)
	at java.lang.Thread.run(Thread.java:745)

08-Nov-2016 12:21:47.786 INFO [http-nio-1022-exec-35] org.apache.catalina.core.ApplicationContext.log Manager: start: Starting web application '/SGEM_with_base_de_dados_final'
08-Nov-2016 12:22:48.727 INFO [http-nio-1022-exec-8] org.apache.catalina.core.ApplicationContext.log Manager: init: Associated with Deployer 'Catalina:type=Deployer,host=localhost'
08-Nov-2016 12:22:48.727 INFO [http-nio-1022-exec-8] org.apache.catalina.core.ApplicationContext.log Manager: init: Global resources are available
08-Nov-2016 12:22:48.728 INFO [http-nio-1022-exec-8] org.apache.catalina.core.ApplicationContext.log Manager: list: Listing contexts for virtual host 'localhost'
08-Nov-2016 12:22:48.737 INFO [http-nio-1022-exec-12] org.apache.catalina.core.ApplicationContext.log Manager: list: Listing contexts for virtual host 'localhost'
08-Nov-2016 12:22:48.810 INFO [http-nio-1022-exec-9] org.apache.catalina.core.ApplicationContext.log Manager: stop: Stopping web application '/SGEM_with_base_de_dados_final'
08-Nov-2016 12:22:48.845 INFO [http-nio-1022-exec-1] org.apache.catalina.core.ApplicationContext.log Manager: start: Starting web application '/SGEM_with_base_de_dados_final'
08-Nov-2016 12:34:18.960 INFO [http-nio-1022-exec-14] org.apache.catalina.core.ApplicationContext.log Manager: init: Associated with Deployer 'Catalina:type=Deployer,host=localhost'
08-Nov-2016 12:34:18.960 INFO [http-nio-1022-exec-14] org.apache.catalina.core.ApplicationContext.log Manager: init: Global resources are available
08-Nov-2016 12:34:18.960 INFO [http-nio-1022-exec-14] org.apache.catalina.core.ApplicationContext.log Manager: list: Listing contexts for virtual host 'localhost'
08-Nov-2016 12:34:19.007 INFO [http-nio-1022-exec-16] org.apache.catalina.core.ApplicationContext.log Manager: list: Listing contexts for virtual host 'localhost'
08-Nov-2016 12:36:14.731 INFO [http-nio-1022-exec-2] org.apache.catalina.core.ApplicationContext.log Manager: list: Listing contexts for virtual host 'localhost'
08-Nov-2016 12:36:14.747 INFO [http-nio-1022-exec-13] org.apache.catalina.core.ApplicationContext.log Manager: list: Listing contexts for virtual host 'localhost'
08-Nov-2016 12:36:49.602 INFO [http-nio-1022-exec-11] org.apache.catalina.core.ApplicationContext.log Manager: list: Listing contexts for virtual host 'localhost'
08-Nov-2016 12:36:49.633 INFO [http-nio-1022-exec-2] org.apache.catalina.core.ApplicationContext.log Manager: stop: Stopping web application '/SGEM_with_base_de_dados_final'
08-Nov-2016 12:36:49.680 INFO [http-nio-1022-exec-9] org.apache.catalina.core.ApplicationContext.log Manager: start: Starting web application '/SGEM_with_base_de_dados_final'
08-Nov-2016 12:37:03.308 INFO [http-nio-1022-exec-4] org.apache.catalina.core.ApplicationContext.log Manager: list: Listing contexts for virtual host 'localhost'
08-Nov-2016 12:37:03.324 INFO [http-nio-1022-exec-7] org.apache.catalina.core.ApplicationContext.log Manager: list: Listing contexts for virtual host 'localhost'
08-Nov-2016 12:37:03.396 INFO [http-nio-1022-exec-19] org.apache.catalina.core.ApplicationContext.log Manager: stop: Stopping web application '/SGEM_with_base_de_dados_final'
08-Nov-2016 12:37:03.418 INFO [http-nio-1022-exec-7] org.apache.catalina.core.ApplicationContext.log Manager: start: Starting web application '/SGEM_with_base_de_dados_final'
08-Nov-2016 12:39:26.315 INFO [http-nio-1022-exec-4] org.apache.catalina.core.ApplicationContext.log Manager: list: Listing contexts for virtual host 'localhost'
08-Nov-2016 12:39:49.209 INFO [http-nio-1022-exec-25] org.apache.catalina.core.ApplicationContext.log Manager: list: Listing contexts for virtual host 'localhost'
08-Nov-2016 12:39:49.224 INFO [http-nio-1022-exec-4] org.apache.catalina.core.ApplicationContext.log Manager: stop: Stopping web application '/SGEM_with_base_de_dados_final'
08-Nov-2016 12:39:49.271 INFO [http-nio-1022-exec-26] org.apache.catalina.core.ApplicationContext.log Manager: start: Starting web application '/SGEM_with_base_de_dados_final'
08-Nov-2016 12:39:59.913 INFO [http-nio-1022-exec-22] org.apache.catalina.core.ApplicationContext.log Manager: list: Listing contexts for virtual host 'localhost'
08-Nov-2016 12:39:59.913 INFO [http-nio-1022-exec-20] org.apache.catalina.core.ApplicationContext.log Manager: list: Listing contexts for virtual host 'localhost'
08-Nov-2016 12:39:59.991 INFO [http-nio-1022-exec-25] org.apache.catalina.core.ApplicationContext.log Manager: stop: Stopping web application '/SGEM_with_base_de_dados_final'
08-Nov-2016 12:40:00.866 INFO [http-nio-1022-exec-29] org.apache.catalina.core.ApplicationContext.log Manager: start: Starting web application '/SGEM_with_base_de_dados_final'
08-Nov-2016 12:40:06.336 INFO [http-nio-1022-exec-27] org.apache.catalina.core.ApplicationContext.log Manager: start: Starting web application '/SGEM_with_base_de_dados_final'
08-Nov-2016 12:41:05.356 INFO [http-nio-1022-exec-1] org.apache.catalina.core.ApplicationContext.log Manager: init: Associated with Deployer 'Catalina:type=Deployer,host=localhost'
08-Nov-2016 12:41:05.356 INFO [http-nio-1022-exec-1] org.apache.catalina.core.ApplicationContext.log Manager: init: Global resources are available
08-Nov-2016 12:41:05.356 INFO [http-nio-1022-exec-1] org.apache.catalina.core.ApplicationContext.log Manager: list: Listing contexts for virtual host 'localhost'
08-Nov-2016 12:41:05.356 INFO [http-nio-1022-exec-12] org.apache.catalina.core.ApplicationContext.log Manager: list: Listing contexts for virtual host 'localhost'
08-Nov-2016 12:41:05.434 INFO [http-nio-1022-exec-8] org.apache.catalina.core.ApplicationContext.log Manager: stop: Stopping web application '/SGEM_with_base_de_dados_final'
08-Nov-2016 12:41:05.465 INFO [http-nio-1022-exec-11] org.apache.catalina.core.ApplicationContext.log Manager: start: Starting web application '/SGEM_with_base_de_dados_final'
08-Nov-2016 12:41:42.912 INFO [http-nio-1022-exec-1] org.apache.catalina.core.ApplicationContext.log Manager: list: Listing contexts for virtual host 'localhost'
08-Nov-2016 12:42:15.061 INFO [http-nio-1022-exec-7] org.apache.catalina.core.ApplicationContext.log Manager: list: Listing contexts for virtual host 'localhost'
08-Nov-2016 12:42:15.092 INFO [http-nio-1022-exec-2] org.apache.catalina.core.ApplicationContext.log Manager: stop: Stopping web application '/SGEM_with_base_de_dados_final'
08-Nov-2016 12:42:15.124 INFO [http-nio-1022-exec-18] org.apache.catalina.core.ApplicationContext.log Manager: start: Starting web application '/SGEM_with_base_de_dados_final'
08-Nov-2016 12:42:37.801 INFO [http-nio-1022-exec-1] org.apache.catalina.core.ApplicationContext.log Manager: list: Listing contexts for virtual host 'localhost'
08-Nov-2016 12:42:37.817 INFO [http-nio-1022-exec-19] org.apache.catalina.core.ApplicationContext.log Manager: list: Listing contexts for virtual host 'localhost'
08-Nov-2016 12:42:37.895 INFO [http-nio-1022-exec-13] org.apache.catalina.core.ApplicationContext.log Manager: stop: Stopping web application '/SGEM_with_base_de_dados_final'
08-Nov-2016 12:42:37.926 INFO [http-nio-1022-exec-2] org.apache.catalina.core.ApplicationContext.log Manager: start: Starting web application '/SGEM_with_base_de_dados_final'
08-Nov-2016 12:44:21.611 INFO [http-nio-1022-exec-24] org.apache.catalina.core.ApplicationContext.log Manager: list: Listing contexts for virtual host 'localhost'
08-Nov-2016 12:44:21.611 INFO [http-nio-1022-exec-25] org.apache.catalina.core.ApplicationContext.log Manager: list: Listing contexts for virtual host 'localhost'
08-Nov-2016 12:47:41.378 INFO [http-nio-1022-exec-1] org.apache.catalina.core.ApplicationContext.log Manager: init: Associated with Deployer 'Catalina:type=Deployer,host=localhost'
08-Nov-2016 12:47:41.378 INFO [http-nio-1022-exec-1] org.apache.catalina.core.ApplicationContext.log Manager: init: Global resources are available
08-Nov-2016 12:47:41.378 INFO [http-nio-1022-exec-1] org.apache.catalina.core.ApplicationContext.log Manager: list: Listing contexts for virtual host 'localhost'
08-Nov-2016 12:47:41.394 INFO [http-nio-1022-exec-11] org.apache.catalina.core.ApplicationContext.log Manager: list: Listing contexts for virtual host 'localhost'
08-Nov-2016 12:49:13.646 INFO [http-nio-1022-exec-6] org.apache.catalina.core.ApplicationContext.log Manager: list: Listing contexts for virtual host 'localhost'
08-Nov-2016 12:49:13.662 INFO [http-nio-1022-exec-7] org.apache.catalina.core.ApplicationContext.log Manager: list: Listing contexts for virtual host 'localhost'
08-Nov-2016 12:50:42.707 INFO [http-nio-1022-exec-5] org.apache.catalina.core.ApplicationContext.log Manager: init: Associated with Deployer 'Catalina:type=Deployer,host=localhost'
08-Nov-2016 12:50:42.707 INFO [http-nio-1022-exec-5] org.apache.catalina.core.ApplicationContext.log Manager: init: Global resources are available
08-Nov-2016 12:50:42.708 INFO [http-nio-1022-exec-5] org.apache.catalina.core.ApplicationContext.log Manager: list: Listing contexts for virtual host 'localhost'
08-Nov-2016 12:50:42.716 INFO [http-nio-1022-exec-3] org.apache.catalina.core.ApplicationContext.log Manager: list: Listing contexts for virtual host 'localhost'
08-Nov-2016 13:05:56.461 INFO [http-nio-1022-exec-4] org.apache.catalina.core.ApplicationContext.log Manager: init: Associated with Deployer 'Catalina:type=Deployer,host=localhost'
08-Nov-2016 13:05:56.461 INFO [http-nio-1022-exec-4] org.apache.catalina.core.ApplicationContext.log Manager: init: Global resources are available
08-Nov-2016 13:05:56.461 INFO [http-nio-1022-exec-4] org.apache.catalina.core.ApplicationContext.log Manager: list: Listing contexts for virtual host 'localhost'
08-Nov-2016 13:05:56.476 INFO [http-nio-1022-exec-3] org.apache.catalina.core.ApplicationContext.log Manager: list: Listing contexts for virtual host 'localhost'
08-Nov-2016 13:05:56.570 INFO [http-nio-1022-exec-5] org.apache.catalina.core.ApplicationContext.log Manager: stop: Stopping web application '/SGEM_with_base_de_dados_final'
08-Nov-2016 13:05:56.601 INFO [http-nio-1022-exec-6] org.apache.catalina.core.ApplicationContext.log Manager: start: Starting web application '/SGEM_with_base_de_dados_final'
08-Nov-2016 13:08:16.069 INFO [29] org.apache.catalina.core.ApplicationContext.log Manager: list: Listing contexts for virtual host 'localhost'
08-Nov-2016 13:08:30.448 INFO [http-nio-1022-exec-3] org.apache.catalina.core.ApplicationContext.log Manager: list: Listing contexts for virtual host 'localhost'
08-Nov-2016 13:09:05.835 INFO [http-nio-1022-exec-20] org.apache.catalina.core.ApplicationContext.log Manager: list: Listing contexts for virtual host 'localhost'
08-Nov-2016 13:09:05.835 INFO [http-nio-1022-exec-19] org.apache.catalina.core.ApplicationContext.log Manager: list: Listing contexts for virtual host 'localhost'
08-Nov-2016 13:16:15.232 INFO [http-nio-1022-exec-17] org.apache.catalina.core.ApplicationContext.log Manager: list: Listing contexts for virtual host 'localhost'
08-Nov-2016 13:16:15.247 INFO [http-nio-1022-exec-20] org.apache.catalina.core.ApplicationContext.log Manager: stop: Stopping web application '/SGEM_with_base_de_dados_final'
08-Nov-2016 13:16:15.325 INFO [http-nio-1022-exec-21] org.apache.catalina.core.ApplicationContext.log Manager: start: Starting web application '/SGEM_with_base_de_dados_final'
08-Nov-2016 13:18:35.283 INFO [http-nio-1022-exec-17] org.apache.catalina.core.ApplicationContext.log Manager: list: Listing contexts for virtual host 'localhost'
08-Nov-2016 13:18:40.299 INFO [http-nio-1022-exec-14] org.apache.catalina.core.ApplicationContext.log Manager: list: Listing contexts for virtual host 'localhost'
08-Nov-2016 13:18:40.299 INFO [http-nio-1022-exec-22] org.apache.catalina.core.ApplicationContext.log Manager: list: Listing contexts for virtual host 'localhost'
08-Nov-2016 13:18:40.377 INFO [http-nio-1022-exec-27] org.apache.catalina.core.ApplicationContext.log Manager: stop: Stopping web application '/SGEM_with_base_de_dados_final'
08-Nov-2016 13:18:40.408 INFO [http-nio-1022-exec-23] org.apache.catalina.core.ApplicationContext.log Manager: start: Starting web application '/SGEM_with_base_de_dados_final'
08-Nov-2016 13:19:16.583 INFO [http-nio-1022-exec-14] org.apache.catalina.core.ApplicationContext.log Manager: list: Listing contexts for virtual host 'localhost'
08-Nov-2016 13:19:33.300 INFO [http-nio-1022-exec-35] org.apache.catalina.core.ApplicationContext.log Manager: list: Listing contexts for virtual host 'localhost'
08-Nov-2016 13:30:46.162 INFO [http-nio-1023-exec-5] org.apache.catalina.core.ApplicationContext.log Manager: init: Associated with Deployer 'Catalina:type=Deployer,host=localhost'
08-Nov-2016 13:30:46.162 INFO [http-nio-1023-exec-5] org.apache.catalina.core.ApplicationContext.log Manager: init: Global resources are available
08-Nov-2016 13:30:46.162 INFO [http-nio-1023-exec-5] org.apache.catalina.core.ApplicationContext.log Manager: list: Listing contexts for virtual host 'localhost'
08-Nov-2016 13:31:02.856 INFO [http-nio-1023-exec-6] org.apache.catalina.core.ApplicationContext.log Manager: list: Listing contexts for virtual host 'localhost'
08-Nov-2016 13:31:02.871 INFO [http-nio-1023-exec-23] org.apache.catalina.core.ApplicationContext.log Manager: list: Listing contexts for virtual host 'localhost'
08-Nov-2016 13:31:03.043 INFO [http-nio-1023-exec-2] org.apache.catalina.core.ApplicationContext.log Manager: undeploy: Undeploying web application at '/SGEM_with_base_de_dados_final'
08-Nov-2016 13:31:03.700 INFO [http-nio-1023-exec-15] org.apache.catalina.core.ApplicationContext.log Manager: install: Installing context configuration at 'file:/C:/Users/Migueljr/AppData/Local/Temp/context5314926212171740667.xml'
08-Nov-2016 13:31:14.157 INFO [http-nio-1023-exec-4] org.apache.catalina.core.ApplicationContext.log Manager: start: Starting web application '/SGEM_with_base_de_dados_final'
08-Nov-2016 13:31:52.039 INFO [http-nio-1023-exec-9] org.apache.catalina.core.ApplicationContext.log Manager: list: Listing contexts for virtual host 'localhost'
08-Nov-2016 13:31:52.039 INFO [http-nio-1023-exec-10] org.apache.catalina.core.ApplicationContext.log Manager: list: Listing contexts for virtual host 'localhost'
08-Nov-2016 13:32:57.656 INFO [http-nio-1023-exec-38] org.apache.catalina.core.ApplicationContext.log Manager: list: Listing contexts for virtual host 'localhost'
08-Nov-2016 13:33:28.265 INFO [http-nio-1023-exec-32] org.apache.catalina.core.ApplicationContext.log Manager: list: Listing contexts for virtual host 'localhost'
08-Nov-2016 13:33:47.125 INFO [http-nio-1023-exec-40] org.apache.catalina.core.ApplicationContext.log Manager: list: Listing contexts for virtual host 'localhost'
08-Nov-2016 13:34:28.183 INFO [http-nio-1023-exec-27] org.apache.catalina.core.ApplicationContext.log Manager: list: Listing contexts for virtual host 'localhost'
